WebAuthn IT (firefox)	Run WebAuthn IT	2024-08-15T15:27:20.4391941Z ##[group]Run TESTS=`testsuite/integration-arquillian/tests/base/testsuites/suite.sh webauthn`
WebAuthn IT (firefox)	Run WebAuthn IT	2024-08-15T15:27:20.4392943Z [36;1mTESTS=`testsuite/integration-arquillian/tests/base/testsuites/suite.sh webauthn`[0m
WebAuthn IT (firefox)	Run WebAuthn IT	2024-08-15T15:27:20.4393633Z [36;1mecho "Tests: $TESTS"[0m
WebAuthn IT (firefox)	Run WebAuthn IT	2024-08-15T15:27:20.4395251Z [36;1m./mvnw test -Dsurefire.rerunFailingTestsCount=2 -Pauth-server-quarkus -Dtest=$TESTS -Dbrowser=firefox "-Dwebdriver.chrome.driver=$CHROMEWEBDRIVER/chromedriver" "-Dwebdriver.gecko.driver=$GECKOWEBDRIVER/geckodriver" -pl testsuite/integration-arquillian/tests/base 2>&1 | misc/log/trimmer.sh[0m
WebAuthn IT (firefox)	Run WebAuthn IT	2024-08-15T15:27:20.4460338Z shell: /usr/bin/bash --noprofile --norc -e -o pipefail {0}
WebAuthn IT (firefox)	Run WebAuthn IT	2024-08-15T15:27:20.4460851Z env:
WebAuthn IT (firefox)	Run WebAuthn IT	2024-08-15T15:27:20.4461297Z   MAVEN_ARGS: -B -nsu -Daether.connector.http.connectionMaxTtl=25
WebAuthn IT (firefox)	Run WebAuthn IT	2024-08-15T15:27:20.4461981Z   SUREFIRE_RERUN_FAILING_COUNT: 2
WebAuthn IT (firefox)	Run WebAuthn IT	2024-08-15T15:27:20.4462493Z   SUREFIRE_RETRY: -Dsurefire.rerunFailingTestsCount=2
WebAuthn IT (firefox)	Run WebAuthn IT	2024-08-15T15:27:20.4463241Z   JAVA_HOME: /opt/hostedtoolcache/Java_Temurin-Hotspot_jdk/21.0.4-7/x64
WebAuthn IT (firefox)	Run WebAuthn IT	2024-08-15T15:27:20.4464074Z   JAVA_HOME_21_X64: /opt/hostedtoolcache/Java_Temurin-Hotspot_jdk/21.0.4-7/x64
WebAuthn IT (firefox)	Run WebAuthn IT	2024-08-15T15:27:20.4464969Z ##[endgroup]
WebAuthn IT (firefox)	Run WebAuthn IT	2024-08-15T15:27:20.4629199Z Tests: org.keycloak.testsuite.webauthn.**
WebAuthn IT (firefox)	Run WebAuthn IT	2024-08-15T15:27:22.7042074Z -- [INFO] Loading cache configuration from /home/runner/work/keycloak/keycloak/.mvn/maven-build-cache-config.xml
WebAuthn IT (firefox)	Run WebAuthn IT	2024-08-15T15:27:22.7161495Z -- [INFO] Scanning for projects...
WebAuthn IT (firefox)	Run WebAuthn IT	2024-08-15T15:27:23.5027172Z -- [INFO] 
WebAuthn IT (firefox)	Run WebAuthn IT	2024-08-15T15:27:23.5029053Z -- [INFO] ------< org.keycloak.testsuite:integration-arquillian-tests-base >------
WebAuthn IT (firefox)	Run WebAuthn IT	2024-08-15T15:27:23.5030335Z -- [INFO] Building Base TestSuite 999.0.0-SNAPSHOT
WebAuthn IT (firefox)	Run WebAuthn IT	2024-08-15T15:27:23.5031285Z -- [INFO]   from pom.xml
WebAuthn IT (firefox)	Run WebAuthn IT	2024-08-15T15:27:23.5033798Z -- [INFO] --------------------------------[ jar ]---------------------------------
WebAuthn IT (firefox)	Run WebAuthn IT	2024-08-15T15:27:23.5656181Z -- [WARNING] Parameter 'overWriteIfNewer' is unknown for plugin 'maven-resources-plugin:3.0.1:copy-resources (example-realms)'
WebAuthn IT (firefox)	Run WebAuthn IT	2024-08-15T15:27:24.1606037Z -- [INFO] Artifact org.jboss:jboss-parent:pom:34 is present in the local repository, but cached from a remote repository ID that is unavailable in current build context, verifying that is downloadable from [central (https://repo.maven.apache.org/maven2, default, releases), public-jboss (https://repository.jboss.org/nexus/content/groups/public-jboss/, default, releases+snapshots)]
WebAuthn IT (firefox)	Run WebAuthn IT	2024-08-15T15:27:24.1628810Z -- [INFO] Artifact org.jboss:jboss-parent:pom:34 is present in the local repository, but cached from a remote repository ID that is unavailable in current build context, verifying that is downloadable from [central (https://repo.maven.apache.org/maven2, default, releases), public-jboss (https://repository.jboss.org/nexus/content/groups/public-jboss/, default, releases+snapshots)]
WebAuthn IT (firefox)	Run WebAuthn IT	2024-08-15T15:27:24.4653286Z -- [INFO] Downloading from central: https://repo.maven.apache.org/maven2/org/jboss/jboss-parent/34/jboss-parent-34.pom
WebAuthn IT (firefox)	Run WebAuthn IT	2024-08-15T15:27:24.7751596Z -- [INFO] Downloaded from central: https://repo.maven.apache.org/maven2/org/jboss/jboss-parent/34/jboss-parent-34.pom (0 B at 0 B/s)
WebAuthn IT (firefox)	Run WebAuthn IT	2024-08-15T15:27:24.8180291Z -- [INFO] Artifact org.jboss:jboss-parent:pom:36 is present in the local repository, but cached from a remote repository ID that is unavailable in current build context, verifying that is downloadable from [central (https://repo.maven.apache.org/maven2, default, releases)]
WebAuthn IT (firefox)	Run WebAuthn IT	2024-08-15T15:27:24.8185283Z -- [INFO] Artifact org.jboss:jboss-parent:pom:36 is present in the local repository, but cached from a remote repository ID that is unavailable in current build context, verifying that is downloadable from [central (https://repo.maven.apache.org/maven2, default, releases)]
WebAuthn IT (firefox)	Run WebAuthn IT	2024-08-15T15:27:24.8195463Z -- [INFO] Downloading from central: https://repo.maven.apache.org/maven2/org/jboss/jboss-parent/36/jboss-parent-36.pom
WebAuthn IT (firefox)	Run WebAuthn IT	2024-08-15T15:27:24.8265546Z -- [INFO] Downloaded from central: https://repo.maven.apache.org/maven2/org/jboss/jboss-parent/36/jboss-parent-36.pom (0 B at 0 B/s)
WebAuthn IT (firefox)	Run WebAuthn IT	2024-08-15T15:27:25.3748017Z -- [INFO] Artifact org.jboss:jboss-parent:pom:44 is present in the local repository, but cached from a remote repository ID that is unavailable in current build context, verifying that is downloadable from [central (https://repo.maven.apache.org/maven2, default, releases)]
WebAuthn IT (firefox)	Run WebAuthn IT	2024-08-15T15:27:25.3752467Z -- [INFO] Artifact org.jboss:jboss-parent:pom:44 is present in the local repository, but cached from a remote repository ID that is unavailable in current build context, verifying that is downloadable from [central (https://repo.maven.apache.org/maven2, default, releases)]
WebAuthn IT (firefox)	Run WebAuthn IT	2024-08-15T15:27:25.3755881Z -- [INFO] Downloading from central: https://repo.maven.apache.org/maven2/org/jboss/jboss-parent/44/jboss-parent-44.pom
WebAuthn IT (firefox)	Run WebAuthn IT	2024-08-15T15:27:25.3823356Z -- [INFO] Downloaded from central: https://repo.maven.apache.org/maven2/org/jboss/jboss-parent/44/jboss-parent-44.pom (0 B at 0 B/s)
WebAuthn IT (firefox)	Run WebAuthn IT	2024-08-15T15:27:25.9717916Z -- [INFO] 
WebAuthn IT (firefox)	Run WebAuthn IT	2024-08-15T15:27:25.9719593Z -- [INFO] --- enforcer:3.0.0-M3:enforce (enforce-java-version) @ integration-arquillian-tests-base ---
WebAuthn IT (firefox)	Run WebAuthn IT	2024-08-15T15:27:26.1179968Z -- [INFO] 
WebAuthn IT (firefox)	Run WebAuthn IT	2024-08-15T15:27:26.1181609Z -- [INFO] --- enforcer:3.0.0-M3:enforce (enforce-maven-version) @ integration-arquillian-tests-base ---
WebAuthn IT (firefox)	Run WebAuthn IT	2024-08-15T15:27:26.1197888Z -- [INFO] 
WebAuthn IT (firefox)	Run WebAuthn IT	2024-08-15T15:27:26.1199814Z -- [INFO] --- enforcer:3.0.0-M3:enforce (enforce-maven) @ integration-arquillian-tests-base ---
WebAuthn IT (firefox)	Run WebAuthn IT	2024-08-15T15:27:26.1207008Z -- [INFO] 
WebAuthn IT (firefox)	Run WebAuthn IT	2024-08-15T15:27:26.1209230Z -- [INFO] --- buildnumber:1.4:create (get-scm-revision) @ integration-arquillian-tests-base ---
WebAuthn IT (firefox)	Run WebAuthn IT	2024-08-15T15:27:26.3255528Z -- [INFO] Executing: /bin/sh -c cd '/home/runner/work/keycloak/keycloak/testsuite/integration-arquillian/tests/base' && 'git' 'rev-parse' '--verify' 'HEAD'
WebAuthn IT (firefox)	Run WebAuthn IT	2024-08-15T15:27:26.3258610Z -- [INFO] Working directory: /home/runner/work/keycloak/keycloak/testsuite/integration-arquillian/tests/base
WebAuthn IT (firefox)	Run WebAuthn IT	2024-08-15T15:27:26.3616821Z -- [INFO] Storing buildNumber: 4dc4c4698444938659b082e701f6431a39a976e8 at timestamp: 1723735646285
WebAuthn IT (firefox)	Run WebAuthn IT	2024-08-15T15:27:26.3690537Z -- [WARNING] Cannot get the branch information from the git repository: 
WebAuthn IT (firefox)	Run WebAuthn IT	2024-08-15T15:27:26.3692191Z -- Detecting the current branch failed: fatal: ref HEAD is not a symbolic ref
WebAuthn IT (firefox)	Run WebAuthn IT	2024-08-15T15:27:26.3693326Z -- 
WebAuthn IT (firefox)	Run WebAuthn IT	2024-08-15T15:27:26.3695139Z -- [INFO] Executing: /bin/sh -c cd '/home/runner/work/keycloak/keycloak/testsuite/integration-arquillian/tests/base' && 'git' 'rev-parse' '--verify' 'HEAD'
WebAuthn IT (firefox)	Run WebAuthn IT	2024-08-15T15:27:26.3783701Z -- [INFO] Working directory: /home/runner/work/keycloak/keycloak/testsuite/integration-arquillian/tests/base
WebAuthn IT (firefox)	Run WebAuthn IT	2024-08-15T15:27:26.3868340Z -- [INFO] Storing buildScmBranch: UNKNOWN
WebAuthn IT (firefox)	Run WebAuthn IT	2024-08-15T15:27:26.3869336Z -- [INFO] 
WebAuthn IT (firefox)	Run WebAuthn IT	2024-08-15T15:27:26.3870581Z -- [INFO] --- resources:3.0.1:copy-resources (copy-truststore) @ integration-arquillian-tests-base ---
WebAuthn IT (firefox)	Run WebAuthn IT	2024-08-15T15:27:26.4827181Z -- [INFO] Using 'UTF-8' encoding to copy filtered resources.
WebAuthn IT (firefox)	Run WebAuthn IT	2024-08-15T15:27:26.5004850Z -- [INFO] Copying 3 resources
WebAuthn IT (firefox)	Run WebAuthn IT	2024-08-15T15:27:26.5075621Z -- [INFO] 
WebAuthn IT (firefox)	Run WebAuthn IT	2024-08-15T15:27:26.5077601Z -- [INFO] --- resources:3.0.1:copy-resources (copy-common-dependencies) @ integration-arquillian-tests-base ---
WebAuthn IT (firefox)	Run WebAuthn IT	2024-08-15T15:27:26.5095218Z -- [INFO] Using 'UTF-8' encoding to copy filtered resources.
WebAuthn IT (firefox)	Run WebAuthn IT	2024-08-15T15:27:26.5177277Z -- [INFO] Copying 13 resources
WebAuthn IT (firefox)	Run WebAuthn IT	2024-08-15T15:27:26.5208279Z -- [INFO] 
WebAuthn IT (firefox)	Run WebAuthn IT	2024-08-15T15:27:26.5209611Z -- [INFO] --- resources:3.0.1:resources (default-resources) @ integration-arquillian-tests-base ---
WebAuthn IT (firefox)	Run WebAuthn IT	2024-08-15T15:27:26.5239670Z -- [INFO] Using 'UTF-8' encoding to copy filtered resources.
WebAuthn IT (firefox)	Run WebAuthn IT	2024-08-15T15:27:26.5253219Z -- [INFO] Copying 2 resources
WebAuthn IT (firefox)	Run WebAuthn IT	2024-08-15T15:27:26.5258536Z -- [INFO] 
WebAuthn IT (firefox)	Run WebAuthn IT	2024-08-15T15:27:26.5260178Z -- [INFO] --- resources:3.0.1:copy-resources (copy-admin-user-json-file) @ integration-arquillian-tests-base ---
WebAuthn IT (firefox)	Run WebAuthn IT	2024-08-15T15:27:26.5272291Z -- [INFO] Using 'UTF-8' encoding to copy filtered resources.
WebAuthn IT (firefox)	Run WebAuthn IT	2024-08-15T15:27:26.5339411Z -- [INFO] Copying 1 resource
WebAuthn IT (firefox)	Run WebAuthn IT	2024-08-15T15:27:26.5403565Z -- [INFO] 
WebAuthn IT (firefox)	Run WebAuthn IT	2024-08-15T15:27:26.5405125Z -- [INFO] --- xml:1.0.1:transform (arquillian-default-protocol) @ integration-arquillian-tests-base ---
WebAuthn IT (firefox)	Run WebAuthn IT	2024-08-15T15:27:27.2257113Z -- [INFO] Transforming file: /home/runner/work/keycloak/keycloak/testsuite/integration-arquillian/tests/base/src/test/resources/arquillian.xml
WebAuthn IT (firefox)	Run WebAuthn IT	2024-08-15T15:27:27.3470509Z -- [INFO] Transformed 1 file(s).
WebAuthn IT (firefox)	Run WebAuthn IT	2024-08-15T15:27:27.3471489Z -- [INFO] 
WebAuthn IT (firefox)	Run WebAuthn IT	2024-08-15T15:27:27.3472428Z -- [INFO] --- compiler:3.8.1:compile (default-compile) @ integration-arquillian-tests-base ---
WebAuthn IT (firefox)	Run WebAuthn IT	2024-08-15T15:27:27.4823471Z -- [INFO] Changes detected - recompiling the module!
WebAuthn IT (firefox)	Run WebAuthn IT	2024-08-15T15:27:27.4855460Z -- [INFO] Compiling 369 source files to /home/runner/work/keycloak/keycloak/testsuite/integration-arquillian/tests/base/target/classes
WebAuthn IT (firefox)	Run WebAuthn IT	2024-08-15T15:27:32.6936341Z -- [INFO] Annotation processing is enabled because one or more processors were found
WebAuthn IT (firefox)	Run WebAuthn IT	2024-08-15T15:27:32.6938142Z --   on the class path. A future release of javac may disable annotation processing
WebAuthn IT (firefox)	Run WebAuthn IT	2024-08-15T15:27:32.6939648Z --   unless at least one processor is specified by name (-processor), or a search
WebAuthn IT (firefox)	Run WebAuthn IT	2024-08-15T15:27:32.6941188Z --   path is specified (--processor-path, --processor-module-path), or annotation
WebAuthn IT (firefox)	Run WebAuthn IT	2024-08-15T15:27:32.6942494Z --   processing is enabled explicitly (-proc:only, -proc:full).
WebAuthn IT (firefox)	Run WebAuthn IT	2024-08-15T15:27:32.6943548Z --   Use -Xlint:-options to suppress this message.
WebAuthn IT (firefox)	Run WebAuthn IT	2024-08-15T15:27:32.6944761Z --   Use -proc:none to disable annotation processing.
WebAuthn IT (firefox)	Run WebAuthn IT	2024-08-15T15:27:32.6947311Z -- [WARNING] /home/runner/work/keycloak/keycloak/testsuite/integration-arquillian/tests/base/src/main/java/org/keycloak/testsuite/updaters/ServerResourceUpdater.java:[89,20] unchecked cast
WebAuthn IT (firefox)	Run WebAuthn IT	2024-08-15T15:27:32.6949612Z --   required: T
WebAuthn IT (firefox)	Run WebAuthn IT	2024-08-15T15:27:32.7028366Z --   found:    org.keycloak.testsuite.updaters.ServerResourceUpdater<T,Res,Rep>
WebAuthn IT (firefox)	Run WebAuthn IT	2024-08-15T15:27:32.7031322Z -- [WARNING] /home/runner/work/keycloak/keycloak/testsuite/integration-arquillian/tests/base/src/main/java/org/keycloak/testsuite/updaters/ServerResourceUpdater.java:[103,20] unchecked cast
WebAuthn IT (firefox)	Run WebAuthn IT	2024-08-15T15:27:32.7033674Z --   required: T
WebAuthn IT (firefox)	Run WebAuthn IT	2024-08-15T15:27:32.7034691Z --   found:    org.keycloak.testsuite.updaters.ServerResourceUpdater<T,Res,Rep>
WebAuthn IT (firefox)	Run WebAuthn IT	2024-08-15T15:27:32.7037490Z -- [WARNING] /home/runner/work/keycloak/keycloak/testsuite/integration-arquillian/tests/base/src/main/java/org/keycloak/testsuite/updaters/ServerResourceUpdater.java:[140,52] unchecked conversion
WebAuthn IT (firefox)	Run WebAuthn IT	2024-08-15T15:27:32.7039828Z --   required: java.util.Set<V>
WebAuthn IT (firefox)	Run WebAuthn IT	2024-08-15T15:27:32.7040546Z --   found:    java.util.Set
WebAuthn IT (firefox)	Run WebAuthn IT	2024-08-15T15:27:32.7042974Z -- [WARNING] /home/runner/work/keycloak/keycloak/testsuite/integration-arquillian/tests/base/src/main/java/org/keycloak/testsuite/updaters/ServerResourceUpdater.java:[141,51] unchecked conversion
WebAuthn IT (firefox)	Run WebAuthn IT	2024-08-15T15:27:32.7045306Z --   required: java.util.Set<V>
WebAuthn IT (firefox)	Run WebAuthn IT	2024-08-15T15:27:32.7046005Z --   found:    java.util.Set
WebAuthn IT (firefox)	Run WebAuthn IT	2024-08-15T15:27:32.7049281Z -- [WARNING] /home/runner/work/keycloak/keycloak/testsuite/integration-arquillian/tests/base/src/main/java/org/keycloak/testsuite/page/AbstractPatternFlyAlert.java:[71,96] unchecked method invocation: method until in class org.openqa.selenium.support.ui.FluentWait is applied to given types
WebAuthn IT (firefox)	Run WebAuthn IT	2024-08-15T15:27:32.7053039Z --   required: java.util.function.Function<? super T,V>
WebAuthn IT (firefox)	Run WebAuthn IT	2024-08-15T15:27:32.7054167Z --   found:    org.openqa.selenium.support.ui.ExpectedCondition
WebAuthn IT (firefox)	Run WebAuthn IT	2024-08-15T15:27:32.7056899Z -- [WARNING] /home/runner/work/keycloak/keycloak/testsuite/integration-arquillian/tests/base/src/main/java/org/keycloak/testsuite/page/AbstractPatternFlyAlert.java:[71,97] unchecked conversion
WebAuthn IT (firefox)	Run WebAuthn IT	2024-08-15T15:27:32.7059388Z --   required: java.util.function.Function<? super T,V>
WebAuthn IT (firefox)	Run WebAuthn IT	2024-08-15T15:27:32.7060479Z --   found:    org.openqa.selenium.support.ui.ExpectedCondition
WebAuthn IT (firefox)	Run WebAuthn IT	2024-08-15T15:27:32.7063596Z -- [WARNING] /home/runner/work/keycloak/keycloak/testsuite/integration-arquillian/tests/base/src/main/java/org/keycloak/testsuite/arquillian/ModelTestExecutor.java:[51,33] TestResult() in org.jboss.arquillian.test.spi.TestResult has been deprecated
WebAuthn IT (firefox)	Run WebAuthn IT	2024-08-15T15:27:32.7069272Z -- [WARNING] /home/runner/work/keycloak/keycloak/testsuite/integration-arquillian/tests/base/src/main/java/org/keycloak/testsuite/arquillian/ModelTestExecutor.java:[59,23] setStatus(org.jboss.arquillian.test.spi.TestResult.Status) in org.jboss.arquillian.test.spi.TestResult has been deprecated
WebAuthn IT (firefox)	Run WebAuthn IT	2024-08-15T15:27:32.7075535Z -- [WARNING] /home/runner/work/keycloak/keycloak/testsuite/integration-arquillian/tests/base/src/main/java/org/keycloak/testsuite/arquillian/ModelTestExecutor.java:[61,23] setStatus(org.jboss.arquillian.test.spi.TestResult.Status) in org.jboss.arquillian.test.spi.TestResult has been deprecated
WebAuthn IT (firefox)	Run WebAuthn IT	2024-08-15T15:27:32.7080381Z -- [WARNING] /home/runner/work/keycloak/keycloak/testsuite/integration-arquillian/tests/base/src/main/java/org/keycloak/testsuite/arquillian/ModelTestExecutor.java:[70,109] unchecked cast
WebAuthn IT (firefox)	Run WebAuthn IT	2024-08-15T15:27:32.7083320Z --   required: org.jboss.arquillian.core.api.InstanceProducer<org.jboss.arquillian.test.spi.TestResult>
WebAuthn IT (firefox)	Run WebAuthn IT	2024-08-15T15:27:32.7084705Z --   found:    java.lang.Object
WebAuthn IT (firefox)	Run WebAuthn IT	2024-08-15T15:27:32.7087256Z -- [WARNING] /home/runner/work/keycloak/keycloak/testsuite/integration-arquillian/tests/base/src/main/java/org/keycloak/testsuite/util/javascript/XMLHttpRequest.java:[75,67] unchecked cast
WebAuthn IT (firefox)	Run WebAuthn IT	2024-08-15T15:27:32.7090595Z --   required: java.util.Map<java.lang.String,java.lang.Object>
WebAuthn IT (firefox)	Run WebAuthn IT	2024-08-15T15:27:32.7091786Z --   found:    java.lang.Object
WebAuthn IT (firefox)	Run WebAuthn IT	2024-08-15T15:27:32.7095721Z -- [WARNING] /home/runner/work/keycloak/keycloak/testsuite/integration-arquillian/tests/base/src/main/java/org/keycloak/testsuite/util/javascript/JavascriptTestExecutor.java:[40,35] setScriptTimeout(long,java.util.concurrent.TimeUnit) in org.openqa.selenium.WebDriver.Timeouts has been deprecated
WebAuthn IT (firefox)	Run WebAuthn IT	2024-08-15T15:27:32.7102111Z -- [WARNING] /home/runner/work/keycloak/keycloak/testsuite/integration-arquillian/tests/base/src/main/java/org/keycloak/testsuite/updaters/Creator.java:[63,16] unchecked call to Creator(java.lang.String,T,java.lang.Runnable) as a member of the raw type org.keycloak.testsuite.updaters.Creator
WebAuthn IT (firefox)	Run WebAuthn IT	2024-08-15T15:27:32.7107109Z -- [WARNING] /home/runner/work/keycloak/keycloak/testsuite/integration-arquillian/tests/base/src/main/java/org/keycloak/testsuite/updaters/Creator.java:[63,16] unchecked conversion
WebAuthn IT (firefox)	Run WebAuthn IT	2024-08-15T15:27:32.7110457Z --   required: org.keycloak.testsuite.updaters.Creator<org.keycloak.admin.client.resource.RealmResource>
WebAuthn IT (firefox)	Run WebAuthn IT	2024-08-15T15:27:32.7112119Z --   found:    org.keycloak.testsuite.updaters.Creator
WebAuthn IT (firefox)	Run WebAuthn IT	2024-08-15T15:27:32.7116342Z -- [WARNING] /home/runner/work/keycloak/keycloak/testsuite/integration-arquillian/tests/base/src/main/java/org/keycloak/testsuite/updaters/Creator.java:[72,20] unchecked call to Creator(java.lang.String,T,java.lang.Runnable) as a member of the raw type org.keycloak.testsuite.updaters.Creator
WebAuthn IT (firefox)	Run WebAuthn IT	2024-08-15T15:27:32.7121321Z -- [WARNING] /home/runner/work/keycloak/keycloak/testsuite/integration-arquillian/tests/base/src/main/java/org/keycloak/testsuite/updaters/Creator.java:[72,20] unchecked conversion
WebAuthn IT (firefox)	Run WebAuthn IT	2024-08-15T15:27:32.7124595Z --   required: org.keycloak.testsuite.updaters.Creator<org.keycloak.admin.client.resource.GroupResource>
WebAuthn IT (firefox)	Run WebAuthn IT	2024-08-15T15:27:32.7126515Z --   found:    org.keycloak.testsuite.updaters.Creator
WebAuthn IT (firefox)	Run WebAuthn IT	2024-08-15T15:27:32.7130362Z -- [WARNING] /home/runner/work/keycloak/keycloak/testsuite/integration-arquillian/tests/base/src/main/java/org/keycloak/testsuite/updaters/Creator.java:[82,20] unchecked call to Creator(java.lang.String,T,java.lang.Runnable) as a member of the raw type org.keycloak.testsuite.updaters.Creator
WebAuthn IT (firefox)	Run WebAuthn IT	2024-08-15T15:27:32.7135117Z -- [WARNING] /home/runner/work/keycloak/keycloak/testsuite/integration-arquillian/tests/base/src/main/java/org/keycloak/testsuite/updaters/Creator.java:[82,20] unchecked conversion
WebAuthn IT (firefox)	Run WebAuthn IT	2024-08-15T15:27:32.7139224Z --   required: org.keycloak.testsuite.updaters.Creator<org.keycloak.admin.client.resource.ClientResource>
WebAuthn IT (firefox)	Run WebAuthn IT	2024-08-15T15:27:32.7140590Z --   found:    org.keycloak.testsuite.updaters.Creator
WebAuthn IT (firefox)	Run WebAuthn IT	2024-08-15T15:27:32.7143941Z -- [WARNING] /home/runner/work/keycloak/keycloak/testsuite/integration-arquillian/tests/base/src/main/java/org/keycloak/testsuite/updaters/Creator.java:[92,20] unchecked call to Creator(java.lang.String,T,java.lang.Runnable) as a member of the raw type org.keycloak.testsuite.updaters.Creator
WebAuthn IT (firefox)	Run WebAuthn IT	2024-08-15T15:27:32.7149078Z -- [WARNING] /home/runner/work/keycloak/keycloak/testsuite/integration-arquillian/tests/base/src/main/java/org/keycloak/testsuite/updaters/Creator.java:[92,20] unchecked conversion
WebAuthn IT (firefox)	Run WebAuthn IT	2024-08-15T15:27:32.7151721Z --   required: org.keycloak.testsuite.updaters.Creator<org.keycloak.admin.client.resource.UserResource>
WebAuthn IT (firefox)	Run WebAuthn IT	2024-08-15T15:27:32.7153147Z --   found:    org.keycloak.testsuite.updaters.Creator
WebAuthn IT (firefox)	Run WebAuthn IT	2024-08-15T15:27:32.7156538Z -- [WARNING] /home/runner/work/keycloak/keycloak/testsuite/integration-arquillian/tests/base/src/main/java/org/keycloak/testsuite/updaters/Creator.java:[102,20] unchecked call to Creator(java.lang.String,T,java.lang.Runnable) as a member of the raw type org.keycloak.testsuite.updaters.Creator
WebAuthn IT (firefox)	Run WebAuthn IT	2024-08-15T15:27:32.7161153Z -- [WARNING] /home/runner/work/keycloak/keycloak/testsuite/integration-arquillian/tests/base/src/main/java/org/keycloak/testsuite/updaters/Creator.java:[102,20] unchecked conversion
WebAuthn IT (firefox)	Run WebAuthn IT	2024-08-15T15:27:32.7163913Z --   required: org.keycloak.testsuite.updaters.Creator<org.keycloak.admin.client.resource.ComponentResource>
WebAuthn IT (firefox)	Run WebAuthn IT	2024-08-15T15:27:32.7165385Z --   found:    org.keycloak.testsuite.updaters.Creator
WebAuthn IT (firefox)	Run WebAuthn IT	2024-08-15T15:27:32.7168784Z -- [WARNING] /home/runner/work/keycloak/keycloak/testsuite/integration-arquillian/tests/base/src/main/java/org/keycloak/testsuite/updaters/Creator.java:[122,20] unchecked call to Creator(java.lang.String,T,java.lang.Runnable) as a member of the raw type org.keycloak.testsuite.updaters.Creator
WebAuthn IT (firefox)	Run WebAuthn IT	2024-08-15T15:27:32.7173442Z -- [WARNING] /home/runner/work/keycloak/keycloak/testsuite/integration-arquillian/tests/base/src/main/java/org/keycloak/testsuite/updaters/Creator.java:[122,20] unchecked conversion
WebAuthn IT (firefox)	Run WebAuthn IT	2024-08-15T15:27:32.7176353Z --   required: org.keycloak.testsuite.updaters.Creator<org.keycloak.admin.client.resource.IdentityProviderResource>
WebAuthn IT (firefox)	Run WebAuthn IT	2024-08-15T15:27:32.7177915Z --   found:    org.keycloak.testsuite.updaters.Creator
WebAuthn IT (firefox)	Run WebAuthn IT	2024-08-15T15:27:32.7181348Z -- [WARNING] /home/runner/work/keycloak/keycloak/testsuite/integration-arquillian/tests/base/src/main/java/org/keycloak/testsuite/updaters/Creator.java:[134,20] unchecked call to Creator(java.lang.String,T,java.lang.Runnable) as a member of the raw type org.keycloak.testsuite.updaters.Creator
WebAuthn IT (firefox)	Run WebAuthn IT	2024-08-15T15:27:32.7186148Z -- [WARNING] /home/runner/work/keycloak/keycloak/testsuite/integration-arquillian/tests/base/src/main/java/org/keycloak/testsuite/updaters/Creator.java:[134,20] unchecked conversion
WebAuthn IT (firefox)	Run WebAuthn IT	2024-08-15T15:27:32.7189450Z --   required: org.keycloak.testsuite.updaters.Creator<org.keycloak.admin.client.resource.IdentityProviderResource>
WebAuthn IT (firefox)	Run WebAuthn IT	2024-08-15T15:27:32.7190997Z --   found:    org.keycloak.testsuite.updaters.Creator
WebAuthn IT (firefox)	Run WebAuthn IT	2024-08-15T15:27:32.7194354Z -- [WARNING] /home/runner/work/keycloak/keycloak/testsuite/integration-arquillian/tests/base/src/main/java/org/keycloak/testsuite/arquillian/containers/SecurityActions.java:[54,16] java.security.AccessController in java.security has been deprecated and marked for removal
WebAuthn IT (firefox)	Run WebAuthn IT	2024-08-15T15:27:32.7200117Z -- [WARNING] /home/runner/work/keycloak/keycloak/testsuite/integration-arquillian/tests/base/src/main/java/org/keycloak/testsuite/arquillian/containers/SecurityActions.java:[148,20] java.security.AccessController in java.security has been deprecated and marked for removal
WebAuthn IT (firefox)	Run WebAuthn IT	2024-08-15T15:27:32.7205701Z -- [WARNING] /home/runner/work/keycloak/keycloak/testsuite/integration-arquillian/tests/base/src/main/java/org/keycloak/testsuite/arquillian/containers/SecurityActions.java:[182,13] java.security.AccessController in java.security has been deprecated and marked for removal
WebAuthn IT (firefox)	Run WebAuthn IT	2024-08-15T15:27:32.7211063Z -- [WARNING] /home/runner/work/keycloak/keycloak/testsuite/integration-arquillian/tests/base/src/main/java/org/keycloak/testsuite/arquillian/containers/SecurityActions.java:[221,39] isAccessible() in java.lang.reflect.AccessibleObject has been deprecated
WebAuthn IT (firefox)	Run WebAuthn IT	2024-08-15T15:27:32.7216488Z -- [WARNING] /home/runner/work/keycloak/keycloak/testsuite/integration-arquillian/tests/base/src/main/java/org/keycloak/testsuite/arquillian/containers/SecurityActions.java:[213,48] java.security.AccessController in java.security has been deprecated and marked for removal
WebAuthn IT (firefox)	Run WebAuthn IT	2024-08-15T15:27:32.7222111Z -- [WARNING] /home/runner/work/keycloak/keycloak/testsuite/integration-arquillian/tests/base/src/main/java/org/keycloak/testsuite/arquillian/containers/SecurityActions.java:[245,40] isAccessible() in java.lang.reflect.AccessibleObject has been deprecated
WebAuthn IT (firefox)	Run WebAuthn IT	2024-08-15T15:27:32.7227686Z -- [WARNING] /home/runner/work/keycloak/keycloak/testsuite/integration-arquillian/tests/base/src/main/java/org/keycloak/testsuite/arquillian/containers/SecurityActions.java:[237,50] java.security.AccessController in java.security has been deprecated and marked for removal
WebAuthn IT (firefox)	Run WebAuthn IT	2024-08-15T15:27:32.7233287Z -- [WARNING] /home/runner/work/keycloak/keycloak/testsuite/integration-arquillian/tests/base/src/main/java/org/keycloak/testsuite/arquillian/containers/SecurityActions.java:[261,28] java.security.AccessController in java.security has been deprecated and marked for removal
WebAuthn IT (firefox)	Run WebAuthn IT	2024-08-15T15:27:32.7239130Z -- [WARNING] /home/runner/work/keycloak/keycloak/testsuite/integration-arquillian/tests/base/src/main/java/org/keycloak/testsuite/drone/KeycloakDronePostSetup.java:[89,35] implicitlyWait(long,java.util.concurrent.TimeUnit) in org.openqa.selenium.WebDriver.Timeouts has been deprecated
WebAuthn IT (firefox)	Run WebAuthn IT	2024-08-15T15:27:32.7244896Z -- [WARNING] /home/runner/work/keycloak/keycloak/testsuite/integration-arquillian/tests/base/src/main/java/org/keycloak/testsuite/drone/KeycloakDronePostSetup.java:[90,35] pageLoadTimeout(long,java.util.concurrent.TimeUnit) in org.openqa.selenium.WebDriver.Timeouts has been deprecated
WebAuthn IT (firefox)	Run WebAuthn IT	2024-08-15T15:27:32.7250709Z -- [WARNING] /home/runner/work/keycloak/keycloak/testsuite/integration-arquillian/tests/base/src/main/java/org/keycloak/testsuite/drone/KeycloakWebDriverConfigurator.java:[56,89] getBrowser() in org.jboss.arquillian.drone.webdriver.configuration.WebDriverConfiguration has been deprecated
WebAuthn IT (firefox)	Run WebAuthn IT	2024-08-15T15:27:32.7256829Z -- [WARNING] /home/runner/work/keycloak/keycloak/testsuite/integration-arquillian/tests/base/src/main/java/org/keycloak/testsuite/drone/KeycloakWebDriverConfigurator.java:[67,26] getBrowser() in org.jboss.arquillian.drone.webdriver.configuration.WebDriverConfiguration has been deprecated
WebAuthn IT (firefox)	Run WebAuthn IT	2024-08-15T15:27:32.7262607Z -- [WARNING] /home/runner/work/keycloak/keycloak/testsuite/integration-arquillian/tests/base/src/main/java/org/keycloak/testsuite/arquillian/CrossDCTestEnricher.java:[430,46] unchecked method invocation: method isAnnotationPresent in class java.lang.Class is applied to given types
WebAuthn IT (firefox)	Run WebAuthn IT	2024-08-15T15:27:32.7266169Z --   required: java.lang.Class<? extends java.lang.annotation.Annotation>
WebAuthn IT (firefox)	Run WebAuthn IT	2024-08-15T15:27:32.7267154Z --   found:    java.lang.Class
WebAuthn IT (firefox)	Run WebAuthn IT	2024-08-15T15:27:32.7269623Z -- [WARNING] /home/runner/work/keycloak/keycloak/testsuite/integration-arquillian/tests/base/src/main/java/org/keycloak/testsuite/arquillian/CrossDCTestEnricher.java:[430,47] unchecked conversion
WebAuthn IT (firefox)	Run WebAuthn IT	2024-08-15T15:27:32.7272592Z --   required: java.lang.Class<? extends java.lang.annotation.Annotation>
WebAuthn IT (firefox)	Run WebAuthn IT	2024-08-15T15:27:32.7273570Z --   found:    java.lang.Class
WebAuthn IT (firefox)	Run WebAuthn IT	2024-08-15T15:27:32.7276906Z -- [WARNING] /home/runner/work/keycloak/keycloak/testsuite/integration-arquillian/tests/base/src/main/java/org/keycloak/testsuite/arquillian/AuthServerTestEnricher.java:[320,33] WildcardFileFilter(java.lang.String) in org.apache.commons.io.filefilter.WildcardFileFilter has been deprecated
WebAuthn IT (firefox)	Run WebAuthn IT	2024-08-15T15:27:32.7281981Z -- [WARNING] /home/runner/work/keycloak/keycloak/testsuite/integration-arquillian/tests/base/src/main/java/org/keycloak/testsuite/util/matchers/SamlStatusResponseTypeMatcher.java:[26,31] unchecked conversion
WebAuthn IT (firefox)	Run WebAuthn IT	2024-08-15T15:27:32.7284704Z --   required: java.util.List<org.hamcrest.Matcher<java.net.URI>>
WebAuthn IT (firefox)	Run WebAuthn IT	2024-08-15T15:27:32.7285590Z --   found:    java.util.ArrayList
WebAuthn IT (firefox)	Run WebAuthn IT	2024-08-15T15:27:32.7289087Z -- [WARNING] /home/runner/work/keycloak/keycloak/testsuite/integration-arquillian/tests/base/src/main/java/org/keycloak/testsuite/arquillian/KeycloakArquillianExtension.java:[63,61] org.keycloak.testsuite.arquillian.DeploymentArchiveProcessor in org.keycloak.testsuite.arquillian has been deprecated
WebAuthn IT (firefox)	Run WebAuthn IT	2024-08-15T15:27:32.7292621Z -- [INFO] 
WebAuthn IT (firefox)	Run WebAuthn IT	2024-08-15T15:27:32.7293667Z -- [INFO] --- resources:3.0.1:copy-resources (example-realms) @ integration-arquillian-tests-base ---
WebAuthn IT (firefox)	Run WebAuthn IT	2024-08-15T15:27:32.7294942Z -- [INFO] Skipping the execution.
WebAuthn IT (firefox)	Run WebAuthn IT	2024-08-15T15:27:32.7295539Z -- [INFO] 
WebAuthn IT (firefox)	Run WebAuthn IT	2024-08-15T15:27:32.7296583Z -- [INFO] --- dependency:3.1.2:unpack (unpack-undertow-server) @ integration-arquillian-tests-base ---
WebAuthn IT (firefox)	Run WebAuthn IT	2024-08-15T15:27:33.0713320Z -- [INFO] Skipping plugin execution
WebAuthn IT (firefox)	Run WebAuthn IT	2024-08-15T15:27:33.0714090Z -- [INFO] 
WebAuthn IT (firefox)	Run WebAuthn IT	2024-08-15T15:27:33.0715122Z -- [INFO] --- dependency:3.1.2:unpack (unpack-quarkus-server) @ integration-arquillian-tests-base ---
WebAuthn IT (firefox)	Run WebAuthn IT	2024-08-15T15:27:33.0726901Z -- [INFO] Configured Artifact: org.keycloak.testsuite:integration-arquillian-servers-auth-server-quarkus:999.0.0-SNAPSHOT:zip
WebAuthn IT (firefox)	Run WebAuthn IT	2024-08-15T15:27:33.0895460Z -- [INFO] Unpacking /home/runner/.m2/repository/org/keycloak/testsuite/integration-arquillian-servers-auth-server-quarkus/999.0.0-SNAPSHOT/integration-arquillian-servers-auth-server-quarkus-999.0.0-SNAPSHOT.zip to /home/runner/work/keycloak/keycloak/testsuite/integration-arquillian/tests/base/target/containers with includes "" and excludes ""
WebAuthn IT (firefox)	Run WebAuthn IT	2024-08-15T15:27:34.9556841Z -- [INFO] 
WebAuthn IT (firefox)	Run WebAuthn IT	2024-08-15T15:27:34.9557942Z -- [INFO] --- dependency:3.1.2:unpack (unpack-app-server) @ integration-arquillian-tests-base ---
WebAuthn IT (firefox)	Run WebAuthn IT	2024-08-15T15:27:34.9570504Z -- [INFO] Skipping plugin execution
WebAuthn IT (firefox)	Run WebAuthn IT	2024-08-15T15:27:34.9571553Z -- [INFO] 
WebAuthn IT (firefox)	Run WebAuthn IT	2024-08-15T15:27:34.9573073Z -- [INFO] --- dependency:3.1.2:unpack (unpack-client-cli-dist) @ integration-arquillian-tests-base ---
WebAuthn IT (firefox)	Run WebAuthn IT	2024-08-15T15:27:34.9583881Z -- [INFO] Configured Artifact: org.keycloak:keycloak-client-cli-dist:999.0.0-SNAPSHOT:zip
WebAuthn IT (firefox)	Run WebAuthn IT	2024-08-15T15:27:34.9669865Z -- [INFO] Unpacking /home/runner/.m2/repository/org/keycloak/keycloak-client-cli-dist/999.0.0-SNAPSHOT/keycloak-client-cli-dist-999.0.0-SNAPSHOT.zip to /home/runner/work/keycloak/keycloak/testsuite/integration-arquillian/tests/base/target/containers with includes "" and excludes ""
WebAuthn IT (firefox)	Run WebAuthn IT	2024-08-15T15:27:35.1325891Z -- [INFO] 
WebAuthn IT (firefox)	Run WebAuthn IT	2024-08-15T15:27:35.1327464Z -- [INFO] --- dependency:3.1.2:copy-dependencies (copy-testsuite-providers-to-base-testsuite) @ integration-arquillian-tests-base ---
WebAuthn IT (firefox)	Run WebAuthn IT	2024-08-15T15:27:35.1413566Z -- [INFO] Copying integration-arquillian-testsuite-providers-999.0.0-SNAPSHOT.jar to /home/runner/work/keycloak/keycloak/testsuite/integration-arquillian/tests/base/target/lib/integration-arquillian-testsuite-providers-999.0.0-SNAPSHOT.jar
WebAuthn IT (firefox)	Run WebAuthn IT	2024-08-15T15:27:35.1454390Z -- [INFO] 
WebAuthn IT (firefox)	Run WebAuthn IT	2024-08-15T15:27:35.1455763Z -- [INFO] --- resources:3.0.1:testResources (default-testResources) @ integration-arquillian-tests-base ---
WebAuthn IT (firefox)	Run WebAuthn IT	2024-08-15T15:27:35.1487225Z -- [INFO] Using 'UTF-8' encoding to copy filtered resources.
WebAuthn IT (firefox)	Run WebAuthn IT	2024-08-15T15:27:35.1550232Z -- [INFO] Copying 42 resources
WebAuthn IT (firefox)	Run WebAuthn IT	2024-08-15T15:27:35.4755789Z -- [INFO] Copying 241 resources
WebAuthn IT (firefox)	Run WebAuthn IT	2024-08-15T15:27:35.5264035Z -- [INFO] 
WebAuthn IT (firefox)	Run WebAuthn IT	2024-08-15T15:27:35.5266175Z -- [INFO] --- antrun:1.8:run (clean-second-cache-server-arquillian-bug-workaround) @ integration-arquillian-tests-base ---
WebAuthn IT (firefox)	Run WebAuthn IT	2024-08-15T15:27:35.5669157Z -- [INFO] Skipping Antrun execution
WebAuthn IT (firefox)	Run WebAuthn IT	2024-08-15T15:27:35.5677024Z -- [INFO] 
WebAuthn IT (firefox)	Run WebAuthn IT	2024-08-15T15:27:35.5714609Z -- [INFO] --- compiler:3.8.1:testCompile (default-testCompile) @ integration-arquillian-tests-base ---
WebAuthn IT (firefox)	Run WebAuthn IT	2024-08-15T15:27:35.6325128Z -- [INFO] Changes detected - recompiling the module!
WebAuthn IT (firefox)	Run WebAuthn IT	2024-08-15T15:27:35.6396591Z -- [INFO] Compiling 802 source files to /home/runner/work/keycloak/keycloak/testsuite/integration-arquillian/tests/base/target/test-classes
WebAuthn IT (firefox)	Run WebAuthn IT	2024-08-15T15:27:48.6061762Z -- [INFO] Annotation processing is enabled because one or more processors were found
WebAuthn IT (firefox)	Run WebAuthn IT	2024-08-15T15:27:48.6063636Z --   on the class path. A future release of javac may disable annotation processing
WebAuthn IT (firefox)	Run WebAuthn IT	2024-08-15T15:27:48.6065504Z --   unless at least one processor is specified by name (-processor), or a search
WebAuthn IT (firefox)	Run WebAuthn IT	2024-08-15T15:27:48.6067507Z --   path is specified (--processor-path, --processor-module-path), or annotation
WebAuthn IT (firefox)	Run WebAuthn IT	2024-08-15T15:27:48.6068974Z --   processing is enabled explicitly (-proc:only, -proc:full).
WebAuthn IT (firefox)	Run WebAuthn IT	2024-08-15T15:27:48.6417270Z --   Use -Xlint:-options to suppress this message.
WebAuthn IT (firefox)	Run WebAuthn IT	2024-08-15T15:27:48.6418237Z --   Use -proc:none to disable annotation processing.
WebAuthn IT (firefox)	Run WebAuthn IT	2024-08-15T15:27:48.6421488Z -- [WARNING] /home/runner/work/keycloak/keycloak/testsuite/integration-arquillian/tests/base/src/test/java/org/keycloak/testsuite/oid4vc/issuance/signing/JWTVCIssuerWellKnownProviderTest.java:[39,30] junit.framework.Assert in junit.framework has been deprecated
WebAuthn IT (firefox)	Run WebAuthn IT	2024-08-15T15:27:48.6427065Z -- [WARNING] /home/runner/work/keycloak/keycloak/testsuite/integration-arquillian/tests/base/src/test/java/org/keycloak/testsuite/oid4vc/issuance/signing/JWTVCIssuerWellKnownProviderTest.java:[39,30] junit.framework.Assert in junit.framework has been deprecated
WebAuthn IT (firefox)	Run WebAuthn IT	2024-08-15T15:27:48.6432367Z -- [WARNING] /home/runner/work/keycloak/keycloak/testsuite/integration-arquillian/tests/base/src/test/java/org/keycloak/testsuite/oid4vc/issuance/signing/JWTVCIssuerWellKnownProviderTest.java:[39,30] junit.framework.Assert in junit.framework has been deprecated
WebAuthn IT (firefox)	Run WebAuthn IT	2024-08-15T15:27:48.6436733Z -- [WARNING] /home/runner/work/keycloak/keycloak/testsuite/integration-arquillian/tests/base/src/test/java/org/keycloak/testsuite/util/AssertAdminEvents.java:[221,97] unchecked cast
WebAuthn IT (firefox)	Run WebAuthn IT	2024-08-15T15:27:48.6439150Z --   required: java.util.List<org.keycloak.representations.idm.RoleRepresentation>
WebAuthn IT (firefox)	Run WebAuthn IT	2024-08-15T15:27:48.6440133Z --   found:    java.lang.Object
WebAuthn IT (firefox)	Run WebAuthn IT	2024-08-15T15:27:48.6443354Z -- [WARNING] /home/runner/work/keycloak/keycloak/testsuite/integration-arquillian/tests/base/src/test/java/org/keycloak/testsuite/broker/BrokerRunOnServerUtil.java:[187,45] removeExpired(org.keycloak.models.RealmModel) in org.keycloak.sessions.AuthenticationSessionProvider has been deprecated
WebAuthn IT (firefox)	Run WebAuthn IT	2024-08-15T15:27:48.6449013Z -- [WARNING] /home/runner/work/keycloak/keycloak/testsuite/integration-arquillian/tests/base/src/test/java/org/keycloak/testsuite/broker/AbstractAdvancedBrokerTest.java:[302,35] pageLoadTimeout(long,java.util.concurrent.TimeUnit) in org.openqa.selenium.WebDriver.Timeouts has been deprecated
WebAuthn IT (firefox)	Run WebAuthn IT	2024-08-15T15:27:48.6453775Z -- [WARNING] /home/runner/work/keycloak/keycloak/testsuite/integration-arquillian/tests/base/src/test/java/org/keycloak/testsuite/client/ClientSecretRotationTest.java:[760,59] unchecked conversion
WebAuthn IT (firefox)	Run WebAuthn IT	2024-08-15T15:27:48.6456175Z --   required: java.util.Map<java.lang.String,java.lang.String>
WebAuthn IT (firefox)	Run WebAuthn IT	2024-08-15T15:27:48.6456961Z --   found:    java.util.Map
WebAuthn IT (firefox)	Run WebAuthn IT	2024-08-15T15:27:48.6459874Z -- [WARNING] /home/runner/work/keycloak/keycloak/testsuite/integration-arquillian/tests/base/src/test/java/org/keycloak/testsuite/oidc/flows/AbstractOIDCResponseTypeTest.java:[92,73] getSessionState() in org.keycloak.representations.IDToken has been deprecated
WebAuthn IT (firefox)	Run WebAuthn IT	2024-08-15T15:27:48.6465165Z -- [WARNING] /home/runner/work/keycloak/keycloak/testsuite/integration-arquillian/tests/base/src/test/java/org/keycloak/testsuite/oidc/flows/AbstractOIDCResponseTypeTest.java:[107,73] getSessionState() in org.keycloak.representations.IDToken has been deprecated
WebAuthn IT (firefox)	Run WebAuthn IT	2024-08-15T15:27:48.6470699Z -- [WARNING] /home/runner/work/keycloak/keycloak/testsuite/integration-arquillian/tests/base/src/test/java/org/keycloak/testsuite/oidc/flows/AbstractOIDCResponseTypeTest.java:[251,69] getSessionState() in org.keycloak.representations.IDToken has been deprecated
WebAuthn IT (firefox)	Run WebAuthn IT	2024-08-15T15:27:48.6476130Z -- [WARNING] /home/runner/work/keycloak/keycloak/testsuite/integration-arquillian/tests/base/src/test/java/org/keycloak/testsuite/client/policies/AbstractClientPoliciesTest.java:[573,42] org.apache.http.impl.client.DefaultHttpClient in org.apache.http.impl.client has been deprecated
WebAuthn IT (firefox)	Run WebAuthn IT	2024-08-15T15:27:48.6480962Z -- [WARNING] /home/runner/work/keycloak/keycloak/testsuite/integration-arquillian/tests/base/src/test/java/org/keycloak/testsuite/client/policies/AbstractClientPoliciesTest.java:[695,59] unchecked conversion
WebAuthn IT (firefox)	Run WebAuthn IT	2024-08-15T15:27:48.6483764Z --   required: java.util.Map<java.lang.String,java.lang.String>
WebAuthn IT (firefox)	Run WebAuthn IT	2024-08-15T15:27:48.6484554Z --   found:    java.util.Map
WebAuthn IT (firefox)	Run WebAuthn IT	2024-08-15T15:27:48.6486979Z -- [WARNING] /home/runner/work/keycloak/keycloak/testsuite/integration-arquillian/tests/base/src/test/java/org/keycloak/testsuite/client/policies/AbstractClientPoliciesTest.java:[753,55] unchecked conversion
WebAuthn IT (firefox)	Run WebAuthn IT	2024-08-15T15:27:48.6489499Z --   required: java.util.Map<java.lang.String,java.lang.String>
WebAuthn IT (firefox)	Run WebAuthn IT	2024-08-15T15:27:48.6490282Z --   found:    java.util.Map
WebAuthn IT (firefox)	Run WebAuthn IT	2024-08-15T15:27:48.6492661Z -- [WARNING] /home/runner/work/keycloak/keycloak/testsuite/integration-arquillian/tests/base/src/test/java/org/keycloak/testsuite/client/policies/AbstractClientPoliciesTest.java:[1088,104] unchecked cast
WebAuthn IT (firefox)	Run WebAuthn IT	2024-08-15T15:27:48.6495058Z --   required: java.util.Collection<java.lang.String>
WebAuthn IT (firefox)	Run WebAuthn IT	2024-08-15T15:27:48.6495762Z --   found:    java.util.List
WebAuthn IT (firefox)	Run WebAuthn IT	2024-08-15T15:27:48.6498746Z -- [WARNING] /home/runner/work/keycloak/keycloak/testsuite/integration-arquillian/tests/base/src/test/java/org/keycloak/testsuite/client/policies/AbstractClientPoliciesTest.java:[1514,38] getSessionState() in org.keycloak.representations.IDToken has been deprecated
WebAuthn IT (firefox)	Run WebAuthn IT	2024-08-15T15:27:48.6503924Z -- [WARNING] /home/runner/work/keycloak/keycloak/testsuite/integration-arquillian/tests/base/src/test/java/org/keycloak/testsuite/client/policies/AbstractClientPoliciesTest.java:[1519,45] getSessionState() in org.keycloak.representations.IDToken has been deprecated
WebAuthn IT (firefox)	Run WebAuthn IT	2024-08-15T15:27:48.6510286Z -- [WARNING] /home/runner/work/keycloak/keycloak/testsuite/integration-arquillian/tests/base/src/test/java/org/keycloak/testsuite/client/policies/AbstractClientPoliciesTest.java:[1528,47] getSessionState() in org.keycloak.representations.IDToken has been deprecated
WebAuthn IT (firefox)	Run WebAuthn IT	2024-08-15T15:27:48.6515474Z -- [WARNING] /home/runner/work/keycloak/keycloak/testsuite/integration-arquillian/tests/base/src/test/java/org/keycloak/testsuite/client/policies/AbstractClientPoliciesTest.java:[1529,54] getSessionState() in org.keycloak.representations.IDToken has been deprecated
WebAuthn IT (firefox)	Run WebAuthn IT	2024-08-15T15:27:48.6519800Z -- [WARNING] /home/runner/work/keycloak/keycloak/testsuite/integration-arquillian/tests/base/src/test/java/org/keycloak/testsuite/saml/BrokerTest.java:[340,63] unchecked conversion
WebAuthn IT (firefox)	Run WebAuthn IT	2024-08-15T15:27:48.6522320Z --   required: org.keycloak.saml.BaseSAML2BindingBuilder<org.keycloak.saml.BaseSAML2BindingBuilder>
WebAuthn IT (firefox)	Run WebAuthn IT	2024-08-15T15:27:48.6523590Z --   found:    org.keycloak.saml.BaseSAML2BindingBuilder
WebAuthn IT (firefox)	Run WebAuthn IT	2024-08-15T15:27:48.6526829Z -- [WARNING] /home/runner/work/keycloak/keycloak/testsuite/integration-arquillian/tests/base/src/test/java/org/keycloak/testsuite/authz/admin/AbstractAuthorizationTest.java:[134,25] defaultRoles(java.lang.String...) in org.keycloak.testsuite.util.ClientBuilder has been deprecated
WebAuthn IT (firefox)	Run WebAuthn IT	2024-08-15T15:27:48.6531933Z -- [WARNING] /home/runner/work/keycloak/keycloak/testsuite/integration-arquillian/tests/base/src/test/java/org/keycloak/testsuite/util/UserBuilder.java:[159,12] setTotp(java.lang.Boolean) in org.keycloak.representations.idm.UserRepresentation has been deprecated
WebAuthn IT (firefox)	Run WebAuthn IT	2024-08-15T15:27:48.6537154Z -- [WARNING] /home/runner/work/keycloak/keycloak/testsuite/integration-arquillian/tests/base/src/test/java/org/keycloak/testsuite/util/UserBuilder.java:[176,12] setTotp(java.lang.Boolean) in org.keycloak.representations.idm.UserRepresentation has been deprecated
WebAuthn IT (firefox)	Run WebAuthn IT	2024-08-15T15:27:48.6541966Z -- [WARNING] /home/runner/work/keycloak/keycloak/testsuite/integration-arquillian/tests/base/src/test/java/org/keycloak/testsuite/oauth/OfflineTokenTest.java:[273,67] getSessionState() in org.keycloak.representations.IDToken has been deprecated
WebAuthn IT (firefox)	Run WebAuthn IT	2024-08-15T15:27:48.6546675Z -- [WARNING] /home/runner/work/keycloak/keycloak/testsuite/integration-arquillian/tests/base/src/test/java/org/keycloak/testsuite/oauth/OfflineTokenTest.java:[347,31] getSessionState() in org.keycloak.representations.IDToken has been deprecated
WebAuthn IT (firefox)	Run WebAuthn IT	2024-08-15T15:27:48.6551287Z -- [WARNING] /home/runner/work/keycloak/keycloak/testsuite/integration-arquillian/tests/base/src/test/java/org/keycloak/testsuite/oauth/OfflineTokenTest.java:[361,83] getSessionState() in org.keycloak.representations.IDToken has been deprecated
WebAuthn IT (firefox)	Run WebAuthn IT	2024-08-15T15:27:48.6556279Z -- [WARNING] /home/runner/work/keycloak/keycloak/testsuite/integration-arquillian/tests/base/src/test/java/org/keycloak/testsuite/oauth/OfflineTokenTest.java:[364,83] getSessionState() in org.keycloak.representations.IDToken has been deprecated
WebAuthn IT (firefox)	Run WebAuthn IT	2024-08-15T15:27:48.6560989Z -- [WARNING] /home/runner/work/keycloak/keycloak/testsuite/integration-arquillian/tests/base/src/test/java/org/keycloak/testsuite/oauth/OfflineTokenTest.java:[382,31] getSessionState() in org.keycloak.representations.IDToken has been deprecated
WebAuthn IT (firefox)	Run WebAuthn IT	2024-08-15T15:27:48.6565686Z -- [WARNING] /home/runner/work/keycloak/keycloak/testsuite/integration-arquillian/tests/base/src/test/java/org/keycloak/testsuite/oauth/OfflineTokenTest.java:[396,112] getSessionState() in org.keycloak.representations.IDToken has been deprecated
WebAuthn IT (firefox)	Run WebAuthn IT	2024-08-15T15:27:48.6570259Z -- [WARNING] /home/runner/work/keycloak/keycloak/testsuite/integration-arquillian/tests/base/src/test/java/org/keycloak/testsuite/oauth/OfflineTokenTest.java:[402,57] getSessionState() in org.keycloak.representations.IDToken has been deprecated
WebAuthn IT (firefox)	Run WebAuthn IT	2024-08-15T15:27:48.6574914Z -- [WARNING] /home/runner/work/keycloak/keycloak/testsuite/integration-arquillian/tests/base/src/test/java/org/keycloak/testsuite/oauth/OfflineTokenTest.java:[412,66] getSessionState() in org.keycloak.representations.IDToken has been deprecated
WebAuthn IT (firefox)	Run WebAuthn IT	2024-08-15T15:27:48.6579448Z -- [WARNING] /home/runner/work/keycloak/keycloak/testsuite/integration-arquillian/tests/base/src/test/java/org/keycloak/testsuite/oauth/OfflineTokenTest.java:[435,31] getSessionState() in org.keycloak.representations.IDToken has been deprecated
WebAuthn IT (firefox)	Run WebAuthn IT	2024-08-15T15:27:48.6583854Z -- [WARNING] /home/runner/work/keycloak/keycloak/testsuite/integration-arquillian/tests/base/src/test/java/org/keycloak/testsuite/oauth/OfflineTokenTest.java:[445,83] getSessionState() in org.keycloak.representations.IDToken has been deprecated
WebAuthn IT (firefox)	Run WebAuthn IT	2024-08-15T15:27:48.6588571Z -- [WARNING] /home/runner/work/keycloak/keycloak/testsuite/integration-arquillian/tests/base/src/test/java/org/keycloak/testsuite/oauth/OfflineTokenTest.java:[457,32] getSessionState() in org.keycloak.representations.IDToken has been deprecated
WebAuthn IT (firefox)	Run WebAuthn IT	2024-08-15T15:27:48.6593101Z -- [WARNING] /home/runner/work/keycloak/keycloak/testsuite/integration-arquillian/tests/base/src/test/java/org/keycloak/testsuite/oauth/OfflineTokenTest.java:[465,83] getSessionState() in org.keycloak.representations.IDToken has been deprecated
WebAuthn IT (firefox)	Run WebAuthn IT	2024-08-15T15:27:48.6597636Z -- [WARNING] /home/runner/work/keycloak/keycloak/testsuite/integration-arquillian/tests/base/src/test/java/org/keycloak/testsuite/oauth/OfflineTokenTest.java:[466,87] getSessionState() in org.keycloak.representations.IDToken has been deprecated
WebAuthn IT (firefox)	Run WebAuthn IT	2024-08-15T15:27:48.6602299Z -- [WARNING] /home/runner/work/keycloak/keycloak/testsuite/integration-arquillian/tests/base/src/test/java/org/keycloak/testsuite/oauth/OfflineTokenTest.java:[561,31] getSessionState() in org.keycloak.representations.IDToken has been deprecated
WebAuthn IT (firefox)	Run WebAuthn IT	2024-08-15T15:27:48.6607287Z -- [WARNING] /home/runner/work/keycloak/keycloak/testsuite/integration-arquillian/tests/base/src/test/java/org/keycloak/testsuite/oauth/OfflineTokenTest.java:[683,111] getSessionState() in org.keycloak.representations.IDToken has been deprecated
WebAuthn IT (firefox)	Run WebAuthn IT	2024-08-15T15:27:48.6611814Z -- [WARNING] /home/runner/work/keycloak/keycloak/testsuite/integration-arquillian/tests/base/src/test/java/org/keycloak/testsuite/oauth/OfflineTokenTest.java:[711,55] getSessionState() in org.keycloak.representations.IDToken has been deprecated
WebAuthn IT (firefox)	Run WebAuthn IT	2024-08-15T15:27:48.6616456Z -- [WARNING] /home/runner/work/keycloak/keycloak/testsuite/integration-arquillian/tests/base/src/test/java/org/keycloak/testsuite/oauth/OfflineTokenTest.java:[720,37] getSessionState() in org.keycloak.representations.IDToken has been deprecated
WebAuthn IT (firefox)	Run WebAuthn IT	2024-08-15T15:27:48.6621089Z -- [WARNING] /home/runner/work/keycloak/keycloak/testsuite/integration-arquillian/tests/base/src/test/java/org/keycloak/testsuite/oauth/OfflineTokenTest.java:[720,70] getSessionState() in org.keycloak.representations.IDToken has been deprecated
WebAuthn IT (firefox)	Run WebAuthn IT	2024-08-15T15:27:48.6626085Z -- [WARNING] /home/runner/work/keycloak/keycloak/testsuite/integration-arquillian/tests/base/src/test/java/org/keycloak/testsuite/oauth/OfflineTokenTest.java:[972,31] getSessionState() in org.keycloak.representations.IDToken has been deprecated
WebAuthn IT (firefox)	Run WebAuthn IT	2024-08-15T15:27:48.6630673Z -- [WARNING] /home/runner/work/keycloak/keycloak/testsuite/integration-arquillian/tests/base/src/test/java/org/keycloak/testsuite/oauth/OfflineTokenTest.java:[982,83] getSessionState() in org.keycloak.representations.IDToken has been deprecated
WebAuthn IT (firefox)	Run WebAuthn IT	2024-08-15T15:27:48.6635222Z -- [WARNING] /home/runner/work/keycloak/keycloak/testsuite/integration-arquillian/tests/base/src/test/java/org/keycloak/testsuite/oauth/OfflineTokenTest.java:[994,32] getSessionState() in org.keycloak.representations.IDToken has been deprecated
WebAuthn IT (firefox)	Run WebAuthn IT	2024-08-15T15:27:48.6639777Z -- [WARNING] /home/runner/work/keycloak/keycloak/testsuite/integration-arquillian/tests/base/src/test/java/org/keycloak/testsuite/oauth/OfflineTokenTest.java:[1002,83] getSessionState() in org.keycloak.representations.IDToken has been deprecated
WebAuthn IT (firefox)	Run WebAuthn IT	2024-08-15T15:27:48.6644547Z -- [WARNING] /home/runner/work/keycloak/keycloak/testsuite/integration-arquillian/tests/base/src/test/java/org/keycloak/testsuite/oauth/OfflineTokenTest.java:[1003,87] getSessionState() in org.keycloak.representations.IDToken has been deprecated
WebAuthn IT (firefox)	Run WebAuthn IT	2024-08-15T15:27:48.6649235Z -- [WARNING] /home/runner/work/keycloak/keycloak/testsuite/integration-arquillian/tests/base/src/test/java/org/keycloak/testsuite/oauth/OfflineTokenTest.java:[1044,31] getSessionState() in org.keycloak.representations.IDToken has been deprecated
WebAuthn IT (firefox)	Run WebAuthn IT	2024-08-15T15:27:48.6654262Z -- [WARNING] /home/runner/work/keycloak/keycloak/testsuite/integration-arquillian/tests/base/src/test/java/org/keycloak/testsuite/cluster/AbstractInvalidationClusterTest.java:[179,41] unchecked method invocation: method sort in class java.util.Collections is applied to given types
WebAuthn IT (firefox)	Run WebAuthn IT	2024-08-15T15:27:48.6657221Z --   required: java.util.List<T>
WebAuthn IT (firefox)	Run WebAuthn IT	2024-08-15T15:27:48.6657907Z --   found:    java.util.List
WebAuthn IT (firefox)	Run WebAuthn IT	2024-08-15T15:27:48.6660426Z -- [WARNING] /home/runner/work/keycloak/keycloak/testsuite/integration-arquillian/tests/base/src/test/java/org/keycloak/testsuite/cluster/AbstractInvalidationClusterTest.java:[179,42] unchecked conversion
WebAuthn IT (firefox)	Run WebAuthn IT	2024-08-15T15:27:48.6662790Z --   required: java.util.List<T>
WebAuthn IT (firefox)	Run WebAuthn IT	2024-08-15T15:27:48.6663396Z --   found:    java.util.List
WebAuthn IT (firefox)	Run WebAuthn IT	2024-08-15T15:27:48.6666528Z -- [WARNING] /home/runner/work/keycloak/keycloak/testsuite/integration-arquillian/tests/base/src/test/java/org/keycloak/testsuite/oidc/OIDCAdvancedRequestParamsTest.java:[406,39] getSessionState() in org.keycloak.representations.IDToken has been deprecated
WebAuthn IT (firefox)	Run WebAuthn IT	2024-08-15T15:27:48.6671640Z -- [WARNING] /home/runner/work/keycloak/keycloak/testsuite/integration-arquillian/tests/base/src/test/java/org/keycloak/testsuite/oidc/OIDCAdvancedRequestParamsTest.java:[406,69] getSessionState() in org.keycloak.representations.IDToken has been deprecated
WebAuthn IT (firefox)	Run WebAuthn IT	2024-08-15T15:27:48.6677437Z -- [WARNING] /home/runner/work/keycloak/keycloak/testsuite/integration-arquillian/tests/base/src/test/java/org/keycloak/testsuite/oidc/OIDCAdvancedRequestParamsTest.java:[1445,58] getKeysForUse(org.keycloak.jose.jwk.JSONWebKeySet,org.keycloak.jose.jwk.JWK.Use) in org.keycloak.util.JWKSUtils has been deprecated
WebAuthn IT (firefox)	Run WebAuthn IT	2024-08-15T15:27:48.6683152Z -- [WARNING] /home/runner/work/keycloak/keycloak/testsuite/integration-arquillian/tests/base/src/test/java/org/keycloak/testsuite/oidc/OIDCAdvancedRequestParamsTest.java:[1532,58] getKeysForUse(org.keycloak.jose.jwk.JSONWebKeySet,org.keycloak.jose.jwk.JWK.Use) in org.keycloak.util.JWKSUtils has been deprecated
WebAuthn IT (firefox)	Run WebAuthn IT	2024-08-15T15:27:48.6687730Z -- [WARNING] /home/runner/work/keycloak/keycloak/testsuite/integration-arquillian/tests/base/src/test/java/org/keycloak/testsuite/authz/admin/GenericPolicyManagementTest.java:[147,25] unchecked call to ArrayList(java.util.Collection<? extends E>) as a member of the raw type java.util.ArrayList
WebAuthn IT (firefox)	Run WebAuthn IT	2024-08-15T15:27:48.6694053Z -- [WARNING] /home/runner/work/keycloak/keycloak/testsuite/integration-arquillian/tests/base/src/test/java/org/keycloak/testsuite/adapter/AbstractAdapterClusteredTest.java:[102,23] ProxyHandler(io.undertow.server.handlers.proxy.ProxyClient,int,io.undertow.server.HttpHandler) in io.undertow.server.handlers.proxy.ProxyHandler has been deprecated
WebAuthn IT (firefox)	Run WebAuthn IT	2024-08-15T15:27:48.6700283Z -- [WARNING] /home/runner/work/keycloak/keycloak/testsuite/integration-arquillian/tests/base/src/test/java/org/keycloak/testsuite/federation/storage/ClientStorageTest.java:[469,31] getSessionState() in org.keycloak.representations.IDToken has been deprecated
WebAuthn IT (firefox)	Run WebAuthn IT	2024-08-15T15:27:48.6705707Z -- [WARNING] /home/runner/work/keycloak/keycloak/testsuite/integration-arquillian/tests/base/src/test/java/org/keycloak/testsuite/federation/storage/ClientStorageTest.java:[483,83] getSessionState() in org.keycloak.representations.IDToken has been deprecated
WebAuthn IT (firefox)	Run WebAuthn IT	2024-08-15T15:27:48.6711234Z -- [WARNING] /home/runner/work/keycloak/keycloak/testsuite/integration-arquillian/tests/base/src/test/java/org/keycloak/testsuite/federation/storage/ClientStorageTest.java:[486,83] getSessionState() in org.keycloak.representations.IDToken has been deprecated
WebAuthn IT (firefox)	Run WebAuthn IT	2024-08-15T15:27:48.6716431Z -- [WARNING] /home/runner/work/keycloak/keycloak/testsuite/integration-arquillian/tests/base/src/test/java/org/keycloak/testsuite/federation/storage/ClientStorageTest.java:[516,111] getSessionState() in org.keycloak.representations.IDToken has been deprecated
WebAuthn IT (firefox)	Run WebAuthn IT	2024-08-15T15:27:48.6721588Z -- [WARNING] /home/runner/work/keycloak/keycloak/testsuite/integration-arquillian/tests/base/src/test/java/org/keycloak/testsuite/federation/storage/ClientStorageTest.java:[519,65] getSessionState() in org.keycloak.representations.IDToken has been deprecated
WebAuthn IT (firefox)	Run WebAuthn IT	2024-08-15T15:27:48.6726872Z -- [WARNING] /home/runner/work/keycloak/keycloak/testsuite/integration-arquillian/tests/base/src/test/java/org/keycloak/testsuite/composites/CompositeRoleTest.java:[119,17] defaultRoles(java.lang.String...) in org.keycloak.testsuite.util.ClientBuilder has been deprecated
WebAuthn IT (firefox)	Run WebAuthn IT	2024-08-15T15:27:48.6732303Z -- [WARNING] /home/runner/work/keycloak/keycloak/testsuite/integration-arquillian/tests/base/src/test/java/org/keycloak/testsuite/composites/CompositeRoleTest.java:[139,17] defaultRoles(java.lang.String...) in org.keycloak.testsuite.util.ClientBuilder has been deprecated
WebAuthn IT (firefox)	Run WebAuthn IT	2024-08-15T15:27:48.6737965Z -- [WARNING] /home/runner/work/keycloak/keycloak/testsuite/integration-arquillian/tests/base/src/test/java/org/keycloak/testsuite/forms/LevelOfAssuranceFlowTest.java:[666,91] STORE_IN_USER_SESSION in org.keycloak.authentication.authenticators.conditional.ConditionalLoaAuthenticator has been deprecated
WebAuthn IT (firefox)	Run WebAuthn IT	2024-08-15T15:27:48.6744155Z -- [WARNING] /home/runner/work/keycloak/keycloak/testsuite/integration-arquillian/tests/base/src/test/java/org/keycloak/testsuite/forms/LevelOfAssuranceFlowTest.java:[678,91] STORE_IN_USER_SESSION in org.keycloak.authentication.authenticators.conditional.ConditionalLoaAuthenticator has been deprecated
WebAuthn IT (firefox)	Run WebAuthn IT	2024-08-15T15:27:48.6750991Z -- [WARNING] /home/runner/work/keycloak/keycloak/testsuite/integration-arquillian/tests/base/src/test/java/org/keycloak/testsuite/forms/LevelOfAssuranceFlowTest.java:[690,91] STORE_IN_USER_SESSION in org.keycloak.authentication.authenticators.conditional.ConditionalLoaAuthenticator has been deprecated
WebAuthn IT (firefox)	Run WebAuthn IT	2024-08-15T15:27:48.6756619Z -- [WARNING] /home/runner/work/keycloak/keycloak/testsuite/integration-arquillian/tests/base/src/test/java/org/keycloak/testsuite/federation/kerberos/AbstractKerberosTest.java:[224,16] unchecked call to put(K,V) as a member of the raw type java.util.Hashtable
WebAuthn IT (firefox)	Run WebAuthn IT	2024-08-15T15:27:48.6761970Z -- [WARNING] /home/runner/work/keycloak/keycloak/testsuite/integration-arquillian/tests/base/src/test/java/org/keycloak/testsuite/federation/kerberos/AbstractKerberosTest.java:[225,16] unchecked call to put(K,V) as a member of the raw type java.util.Hashtable
WebAuthn IT (firefox)	Run WebAuthn IT	2024-08-15T15:27:48.6767307Z -- [WARNING] /home/runner/work/keycloak/keycloak/testsuite/integration-arquillian/tests/base/src/test/java/org/keycloak/testsuite/federation/kerberos/AbstractKerberosTest.java:[228,20] unchecked call to put(K,V) as a member of the raw type java.util.Hashtable
WebAuthn IT (firefox)	Run WebAuthn IT	2024-08-15T15:27:48.6772925Z -- [WARNING] /home/runner/work/keycloak/keycloak/testsuite/integration-arquillian/tests/base/src/test/java/org/keycloak/testsuite/federation/kerberos/AbstractKerberosTest.java:[229,20] unchecked call to put(K,V) as a member of the raw type java.util.Hashtable
WebAuthn IT (firefox)	Run WebAuthn IT	2024-08-15T15:27:48.6778214Z -- [WARNING] /home/runner/work/keycloak/keycloak/testsuite/integration-arquillian/tests/base/src/test/java/org/keycloak/testsuite/broker/KcOidcBrokerTransientSessionsTest.java:[632,71] getSessionState() in org.keycloak.representations.IDToken has been deprecated
WebAuthn IT (firefox)	Run WebAuthn IT	2024-08-15T15:27:48.6783494Z -- [WARNING] /home/runner/work/keycloak/keycloak/testsuite/integration-arquillian/tests/base/src/test/java/org/keycloak/testsuite/oauth/AbstractClientAuthSignedJWTTest.java:[348,41] getSessionState() in org.keycloak.representations.IDToken has been deprecated
WebAuthn IT (firefox)	Run WebAuthn IT	2024-08-15T15:27:48.6789093Z -- [WARNING] /home/runner/work/keycloak/keycloak/testsuite/integration-arquillian/tests/base/src/test/java/org/keycloak/testsuite/oauth/AbstractClientAuthSignedJWTTest.java:[416,37] getSessionState() in org.keycloak.representations.IDToken has been deprecated
WebAuthn IT (firefox)	Run WebAuthn IT	2024-08-15T15:27:48.6794380Z -- [WARNING] /home/runner/work/keycloak/keycloak/testsuite/integration-arquillian/tests/base/src/test/java/org/keycloak/testsuite/oauth/AbstractClientAuthSignedJWTTest.java:[576,37] getSessionState() in org.keycloak.representations.IDToken has been deprecated
WebAuthn IT (firefox)	Run WebAuthn IT	2024-08-15T15:27:48.6799853Z -- [WARNING] /home/runner/work/keycloak/keycloak/testsuite/integration-arquillian/tests/base/src/test/java/org/keycloak/testsuite/oauth/AbstractClientAuthSignedJWTTest.java:[713,42] org.apache.http.impl.client.DefaultHttpClient in org.apache.http.impl.client has been deprecated
WebAuthn IT (firefox)	Run WebAuthn IT	2024-08-15T15:27:48.6806233Z -- [WARNING] /home/runner/work/keycloak/keycloak/testsuite/integration-arquillian/tests/base/src/test/java/org/keycloak/testsuite/admin/PermissionsTest.java:[381,35] testLDAPConnection(java.lang.String,java.lang.String,java.lang.String,java.lang.String,java.lang.String,java.lang.String) in org.keycloak.admin.client.resource.RealmResource has been deprecated
WebAuthn IT (firefox)	Run WebAuthn IT	2024-08-15T15:27:48.6812954Z -- [WARNING] /home/runner/work/keycloak/keycloak/testsuite/integration-arquillian/tests/base/src/test/java/org/keycloak/testsuite/admin/PermissionsTest.java:[668,83] unchecked method invocation: method createMapper in interface org.keycloak.admin.client.resource.ProtocolMappersResource is applied to given types
WebAuthn IT (firefox)	Run WebAuthn IT	2024-08-15T15:27:48.6816653Z --   required: java.util.List<org.keycloak.representations.idm.ProtocolMapperRepresentation>
WebAuthn IT (firefox)	Run WebAuthn IT	2024-08-15T15:27:48.6817769Z --   found:    java.util.List
WebAuthn IT (firefox)	Run WebAuthn IT	2024-08-15T15:27:48.6819744Z -- [WARNING] /home/runner/work/keycloak/keycloak/testsuite/integration-arquillian/tests/base/src/test/java/org/keycloak/testsuite/admin/PermissionsTest.java:[668,95] unchecked conversion
WebAuthn IT (firefox)	Run WebAuthn IT	2024-08-15T15:27:48.6822812Z --   required: java.util.List<org.keycloak.representations.idm.ProtocolMapperRepresentation>
WebAuthn IT (firefox)	Run WebAuthn IT	2024-08-15T15:27:48.6823967Z --   found:    java.util.List
WebAuthn IT (firefox)	Run WebAuthn IT	2024-08-15T15:27:48.6827575Z -- [WARNING] /home/runner/work/keycloak/keycloak/testsuite/integration-arquillian/tests/base/src/test/java/org/keycloak/testsuite/admin/PermissionsTest.java:[1814,64] getRealmLocalizationTexts(java.lang.String,java.lang.Boolean) in org.keycloak.admin.client.resource.RealmLocalizationResource has been deprecated
WebAuthn IT (firefox)	Run WebAuthn IT	2024-08-15T15:27:48.6833291Z -- [WARNING] /home/runner/work/keycloak/keycloak/testsuite/integration-arquillian/tests/base/src/test/java/org/keycloak/testsuite/oidc/AuthenticationMethodReferenceTest.java:[481,43] getSessionState() in org.keycloak.representations.IDToken has been deprecated
WebAuthn IT (firefox)	Run WebAuthn IT	2024-08-15T15:27:48.6837975Z -- [WARNING] /home/runner/work/keycloak/keycloak/testsuite/integration-arquillian/tests/base/src/test/java/org/keycloak/testsuite/oidc/AuthenticationMethodReferenceTest.java:[528,69] unchecked cast
WebAuthn IT (firefox)	Run WebAuthn IT	2024-08-15T15:27:48.6840694Z --   required: java.util.List<java.lang.String>
WebAuthn IT (firefox)	Run WebAuthn IT	2024-08-15T15:27:48.6841424Z --   found:    java.lang.Object
WebAuthn IT (firefox)	Run WebAuthn IT	2024-08-15T15:27:48.6844733Z -- [WARNING] /home/runner/work/keycloak/keycloak/testsuite/integration-arquillian/tests/base/src/test/java/org/keycloak/testsuite/authz/admin/AbstractPolicyManagementTest.java:[74,25] defaultRoles(java.lang.String...) in org.keycloak.testsuite.util.ClientBuilder has been deprecated
WebAuthn IT (firefox)	Run WebAuthn IT	2024-08-15T15:27:48.6850186Z -- [WARNING] /home/runner/work/keycloak/keycloak/testsuite/integration-arquillian/tests/base/src/test/java/org/keycloak/testsuite/admin/concurrency/ConcurrentLoginTest.java:[443,40] getSessionState() in org.keycloak.representations.IDToken has been deprecated
WebAuthn IT (firefox)	Run WebAuthn IT	2024-08-15T15:27:48.6854717Z -- [WARNING] /home/runner/work/keycloak/keycloak/testsuite/integration-arquillian/tests/base/src/test/java/org/keycloak/testsuite/crossdc/AbstractAdminCrossDCTest.java:[97,50] unchecked cast
WebAuthn IT (firefox)	Run WebAuthn IT	2024-08-15T15:27:48.6856869Z --   required: T
WebAuthn IT (firefox)	Run WebAuthn IT	2024-08-15T15:27:48.6857402Z --   found:    java.lang.Comparable
WebAuthn IT (firefox)	Run WebAuthn IT	2024-08-15T15:27:48.6859714Z -- [WARNING] /home/runner/work/keycloak/keycloak/testsuite/integration-arquillian/tests/base/src/test/java/org/keycloak/testsuite/crossdc/AbstractAdminCrossDCTest.java:[101,54] unchecked cast
WebAuthn IT (firefox)	Run WebAuthn IT	2024-08-15T15:27:48.6861892Z --   required: T
WebAuthn IT (firefox)	Run WebAuthn IT	2024-08-15T15:27:48.6862385Z --   found:    java.lang.Comparable
WebAuthn IT (firefox)	Run WebAuthn IT	2024-08-15T15:27:48.6865576Z -- [WARNING] /home/runner/work/keycloak/keycloak/testsuite/integration-arquillian/tests/base/src/test/java/org/keycloak/testsuite/crossdc/SessionExpirationCrossDCTest.java:[577,80] getSessionState() in org.keycloak.representations.IDToken has been deprecated
WebAuthn IT (firefox)	Run WebAuthn IT	2024-08-15T15:27:48.6870703Z -- [WARNING] /home/runner/work/keycloak/keycloak/testsuite/integration-arquillian/tests/base/src/test/java/org/keycloak/testsuite/crossdc/SessionExpirationCrossDCTest.java:[607,80] getSessionState() in org.keycloak.representations.IDToken has been deprecated
WebAuthn IT (firefox)	Run WebAuthn IT	2024-08-15T15:27:48.6876343Z -- [WARNING] /home/runner/work/keycloak/keycloak/testsuite/integration-arquillian/tests/base/src/test/java/org/keycloak/testsuite/organization/admin/OrganizationInvitationLinkTest.java:[220,35] pageLoadTimeout(long,java.util.concurrent.TimeUnit) in org.openqa.selenium.WebDriver.Timeouts has been deprecated
WebAuthn IT (firefox)	Run WebAuthn IT	2024-08-15T15:27:48.6882359Z -- [WARNING] /home/runner/work/keycloak/keycloak/testsuite/integration-arquillian/tests/base/src/test/java/org/keycloak/testsuite/admin/event/EventConfigTest.java:[59,37] unchecked method invocation: method setEventsListeners in class org.keycloak.representations.idm.RealmEventsConfigRepresentation is applied to given types
WebAuthn IT (firefox)	Run WebAuthn IT	2024-08-15T15:27:48.6885801Z --   required: java.util.List<java.lang.String>
WebAuthn IT (firefox)	Run WebAuthn IT	2024-08-15T15:27:48.6886506Z --   found:    java.util.List
WebAuthn IT (firefox)	Run WebAuthn IT	2024-08-15T15:27:48.6888758Z -- [WARNING] /home/runner/work/keycloak/keycloak/testsuite/integration-arquillian/tests/base/src/test/java/org/keycloak/testsuite/admin/event/EventConfigTest.java:[59,49] unchecked conversion
WebAuthn IT (firefox)	Run WebAuthn IT	2024-08-15T15:27:48.6891608Z --   required: java.util.List<java.lang.String>
WebAuthn IT (firefox)	Run WebAuthn IT	2024-08-15T15:27:48.6892309Z --   found:    java.util.List
WebAuthn IT (firefox)	Run WebAuthn IT	2024-08-15T15:27:48.6896008Z -- [WARNING] /home/runner/work/keycloak/keycloak/testsuite/integration-arquillian/tests/base/src/test/java/org/keycloak/testsuite/admin/event/EventConfigTest.java:[87,39] unchecked method invocation: method setEnabledEventTypes in class org.keycloak.representations.idm.RealmEventsConfigRepresentation is applied to given types
WebAuthn IT (firefox)	Run WebAuthn IT	2024-08-15T15:27:48.6899499Z --   required: java.util.List<java.lang.String>
WebAuthn IT (firefox)	Run WebAuthn IT	2024-08-15T15:27:48.6900217Z --   found:    java.util.List
WebAuthn IT (firefox)	Run WebAuthn IT	2024-08-15T15:27:48.6902507Z -- [WARNING] /home/runner/work/keycloak/keycloak/testsuite/integration-arquillian/tests/base/src/test/java/org/keycloak/testsuite/admin/event/EventConfigTest.java:[87,51] unchecked conversion
WebAuthn IT (firefox)	Run WebAuthn IT	2024-08-15T15:27:48.6905033Z --   required: java.util.List<java.lang.String>
WebAuthn IT (firefox)	Run WebAuthn IT	2024-08-15T15:27:48.6905763Z --   found:    java.util.List
WebAuthn IT (firefox)	Run WebAuthn IT	2024-08-15T15:27:48.6909165Z -- [WARNING] /home/runner/work/keycloak/keycloak/testsuite/integration-arquillian/tests/base/src/test/java/org/keycloak/testsuite/oauth/ClientAuthSecretSignedJWTTest.java:[383,42] org.apache.http.impl.client.DefaultHttpClient in org.apache.http.impl.client has been deprecated
WebAuthn IT (firefox)	Run WebAuthn IT	2024-08-15T15:27:48.6913921Z -- [WARNING] /home/runner/work/keycloak/keycloak/testsuite/integration-arquillian/tests/base/src/test/java/org/keycloak/testsuite/oauth/ClientAuthSecretSignedJWTTest.java:[482,59] unchecked conversion
WebAuthn IT (firefox)	Run WebAuthn IT	2024-08-15T15:27:48.6916478Z --   required: java.util.Map<java.lang.String,java.lang.String>
WebAuthn IT (firefox)	Run WebAuthn IT	2024-08-15T15:27:48.6917310Z --   found:    java.util.Map
WebAuthn IT (firefox)	Run WebAuthn IT	2024-08-15T15:27:48.6920296Z -- [WARNING] /home/runner/work/keycloak/keycloak/testsuite/integration-arquillian/tests/base/src/test/java/org/keycloak/testsuite/oauth/OAuthProofKeyForCodeExchangeTest.java:[478,38] getSessionState() in org.keycloak.representations.IDToken has been deprecated
WebAuthn IT (firefox)	Run WebAuthn IT	2024-08-15T15:27:48.6925493Z -- [WARNING] /home/runner/work/keycloak/keycloak/testsuite/integration-arquillian/tests/base/src/test/java/org/keycloak/testsuite/oauth/OAuthProofKeyForCodeExchangeTest.java:[488,38] getSessionState() in org.keycloak.representations.IDToken has been deprecated
WebAuthn IT (firefox)	Run WebAuthn IT	2024-08-15T15:27:48.6930681Z -- [WARNING] /home/runner/work/keycloak/keycloak/testsuite/integration-arquillian/tests/base/src/test/java/org/keycloak/testsuite/oauth/OAuthProofKeyForCodeExchangeTest.java:[499,45] getSessionState() in org.keycloak.representations.IDToken has been deprecated
WebAuthn IT (firefox)	Run WebAuthn IT	2024-08-15T15:27:48.6935954Z -- [WARNING] /home/runner/work/keycloak/keycloak/testsuite/integration-arquillian/tests/base/src/test/java/org/keycloak/testsuite/oauth/OAuthProofKeyForCodeExchangeTest.java:[509,47] getSessionState() in org.keycloak.representations.IDToken has been deprecated
WebAuthn IT (firefox)	Run WebAuthn IT	2024-08-15T15:27:48.6941162Z -- [WARNING] /home/runner/work/keycloak/keycloak/testsuite/integration-arquillian/tests/base/src/test/java/org/keycloak/testsuite/oauth/OAuthProofKeyForCodeExchangeTest.java:[510,54] getSessionState() in org.keycloak.representations.IDToken has been deprecated
WebAuthn IT (firefox)	Run WebAuthn IT	2024-08-15T15:27:48.6946501Z -- [WARNING] /home/runner/work/keycloak/keycloak/testsuite/integration-arquillian/tests/base/src/test/java/org/keycloak/testsuite/federation/ldap/LDAPRoleMapperTest.java:[164,28] updateClient() in org.keycloak.models.ClientModel has been deprecated
WebAuthn IT (firefox)	Run WebAuthn IT	2024-08-15T15:27:48.6951837Z -- [WARNING] /home/runner/work/keycloak/keycloak/testsuite/integration-arquillian/tests/base/src/test/java/org/keycloak/testsuite/forms/PasswordHashingTest.java:[109,46] org.keycloak.credential.hash.Pbkdf2PasswordHashProviderFactory in org.keycloak.credential.hash has been deprecated
WebAuthn IT (firefox)	Run WebAuthn IT	2024-08-15T15:27:48.6957507Z -- [WARNING] /home/runner/work/keycloak/keycloak/testsuite/integration-arquillian/tests/base/src/test/java/org/keycloak/testsuite/forms/PasswordHashingTest.java:[116,22] org.keycloak.credential.hash.Pbkdf2PasswordHashProviderFactory in org.keycloak.credential.hash has been deprecated
WebAuthn IT (firefox)	Run WebAuthn IT	2024-08-15T15:27:48.6962827Z -- [INFO] /home/runner/work/keycloak/keycloak/testsuite/integration-arquillian/tests/base/src/test/java/org/keycloak/testsuite/forms/PasswordHashingTest.java: Some input files additionally use or override a deprecated API.
WebAuthn IT (firefox)	Run WebAuthn IT	2024-08-15T15:27:48.6967440Z -- [INFO] /home/runner/work/keycloak/keycloak/testsuite/integration-arquillian/tests/base/src/test/java/org/keycloak/testsuite/oauth/TokenEndpointCorsTest.java: Some input files additionally use unchecked or unsafe operations.
WebAuthn IT (firefox)	Run WebAuthn IT	2024-08-15T15:27:48.6969895Z -- [INFO] 
WebAuthn IT (firefox)	Run WebAuthn IT	2024-08-15T15:27:48.6971060Z -- [INFO] --- shrinkwrap-resolver:3.2.1:propagate-execution-context (default) @ integration-arquillian-tests-base ---
WebAuthn IT (firefox)	Run WebAuthn IT	2024-08-15T15:27:48.7385250Z -- [INFO] 
WebAuthn IT (firefox)	Run WebAuthn IT	2024-08-15T15:27:48.7386937Z -- [INFO] --- docker:0.40.3:start (start-db-container) @ integration-arquillian-tests-base ---
WebAuthn IT (firefox)	Run WebAuthn IT	2024-08-15T15:27:48.9990773Z -- [INFO] 
WebAuthn IT (firefox)	Run WebAuthn IT	2024-08-15T15:27:48.9991769Z -- [INFO] --- surefire:3.0.0-M7:test (default-test) @ integration-arquillian-tests-base ---
WebAuthn IT (firefox)	Run WebAuthn IT	2024-08-15T15:27:49.1402856Z -- [INFO] Using auto detected provider org.apache.maven.surefire.junit4.JUnit4Provider
WebAuthn IT (firefox)	Run WebAuthn IT	2024-08-15T15:27:49.2341551Z -- [INFO] Downloading from jboss-public-repository: https://repository.jboss.org/nexus/content/groups/public/org/apache/maven/surefire/surefire-junit4/3.0.0-M7/surefire-junit4-3.0.0-M7.jar
WebAuthn IT (firefox)	Run WebAuthn IT	2024-08-15T15:27:49.7417420Z -- [INFO] Downloading from central: https://repo.maven.apache.org/maven2/org/apache/maven/surefire/surefire-junit4/3.0.0-M7/surefire-junit4-3.0.0-M7.jar
WebAuthn IT (firefox)	Run WebAuthn IT	2024-08-15T15:27:49.7738088Z -- [INFO] Downloaded from central: https://repo.maven.apache.org/maven2/org/apache/maven/surefire/surefire-junit4/3.0.0-M7/surefire-junit4-3.0.0-M7.jar (18 kB at 551 kB/s)
WebAuthn IT (firefox)	Run WebAuthn IT	2024-08-15T15:27:49.7754564Z -- [INFO] Downloading from jboss-public-repository: https://repository.jboss.org/nexus/content/groups/public/org/apache/maven/surefire/surefire-junit4/3.0.0-M7/surefire-junit4-3.0.0-M7.pom
WebAuthn IT (firefox)	Run WebAuthn IT	2024-08-15T15:27:49.8693470Z -- [INFO] Downloading from central: https://repo.maven.apache.org/maven2/org/apache/maven/surefire/surefire-junit4/3.0.0-M7/surefire-junit4-3.0.0-M7.pom
WebAuthn IT (firefox)	Run WebAuthn IT	2024-08-15T15:27:49.8794220Z -- [INFO] Downloaded from central: https://repo.maven.apache.org/maven2/org/apache/maven/surefire/surefire-junit4/3.0.0-M7/surefire-junit4-3.0.0-M7.pom (2.9 kB at 265 kB/s)
WebAuthn IT (firefox)	Run WebAuthn IT	2024-08-15T15:27:49.8812867Z -- [INFO] Downloading from jboss-public-repository: https://repository.jboss.org/nexus/content/groups/public/org/apache/maven/surefire/surefire-providers/3.0.0-M7/surefire-providers-3.0.0-M7.pom
WebAuthn IT (firefox)	Run WebAuthn IT	2024-08-15T15:27:49.9355719Z -- [INFO] Downloading from central: https://repo.maven.apache.org/maven2/org/apache/maven/surefire/surefire-providers/3.0.0-M7/surefire-providers-3.0.0-M7.pom
WebAuthn IT (firefox)	Run WebAuthn IT	2024-08-15T15:27:49.9439979Z -- [INFO] Downloaded from central: https://repo.maven.apache.org/maven2/org/apache/maven/surefire/surefire-providers/3.0.0-M7/surefire-providers-3.0.0-M7.pom (2.5 kB at 317 kB/s)
WebAuthn IT (firefox)	Run WebAuthn IT	2024-08-15T15:27:49.9516051Z -- [INFO] Downloading from jboss-public-repository: https://repository.jboss.org/nexus/content/groups/public/junit/junit/4.0/junit-4.0.pom
WebAuthn IT (firefox)	Run WebAuthn IT	2024-08-15T15:27:50.0237051Z -- [INFO] Downloading from central: https://repo.maven.apache.org/maven2/junit/junit/4.0/junit-4.0.pom
WebAuthn IT (firefox)	Run WebAuthn IT	2024-08-15T15:27:50.0315182Z -- [INFO] Downloaded from central: https://repo.maven.apache.org/maven2/junit/junit/4.0/junit-4.0.pom (210 B at 26 kB/s)
WebAuthn IT (firefox)	Run WebAuthn IT	2024-08-15T15:27:50.0335291Z -- [INFO] Downloading from jboss-public-repository: https://repository.jboss.org/nexus/content/groups/public/org/apache/maven/surefire/common-junit4/3.0.0-M7/common-junit4-3.0.0-M7.pom
WebAuthn IT (firefox)	Run WebAuthn IT	2024-08-15T15:27:50.0862409Z -- [INFO] Downloading from central: https://repo.maven.apache.org/maven2/org/apache/maven/surefire/common-junit4/3.0.0-M7/common-junit4-3.0.0-M7.pom
WebAuthn IT (firefox)	Run WebAuthn IT	2024-08-15T15:27:50.0946829Z -- [INFO] Downloaded from central: https://repo.maven.apache.org/maven2/org/apache/maven/surefire/common-junit4/3.0.0-M7/common-junit4-3.0.0-M7.pom (3.0 kB at 333 kB/s)
WebAuthn IT (firefox)	Run WebAuthn IT	2024-08-15T15:27:50.1031834Z -- [INFO] Downloading from jboss-public-repository: https://repository.jboss.org/nexus/content/groups/public/org/apache/maven/surefire/common-junit3/3.0.0-M7/common-junit3-3.0.0-M7.pom
WebAuthn IT (firefox)	Run WebAuthn IT	2024-08-15T15:27:50.1552979Z -- [INFO] Downloading from central: https://repo.maven.apache.org/maven2/org/apache/maven/surefire/common-junit3/3.0.0-M7/common-junit3-3.0.0-M7.pom
WebAuthn IT (firefox)	Run WebAuthn IT	2024-08-15T15:27:50.1638045Z -- [INFO] Downloaded from central: https://repo.maven.apache.org/maven2/org/apache/maven/surefire/common-junit3/3.0.0-M7/common-junit3-3.0.0-M7.pom (2.7 kB at 295 kB/s)
WebAuthn IT (firefox)	Run WebAuthn IT	2024-08-15T15:27:50.1722985Z -- [INFO] Downloading from jboss-public-repository: https://repository.jboss.org/nexus/content/groups/public/org/apache/maven/surefire/common-java5/3.0.0-M7/common-java5-3.0.0-M7.pom
WebAuthn IT (firefox)	Run WebAuthn IT	2024-08-15T15:27:50.2972480Z -- [INFO] Downloading from central: https://repo.maven.apache.org/maven2/org/apache/maven/surefire/common-java5/3.0.0-M7/common-java5-3.0.0-M7.pom
WebAuthn IT (firefox)	Run WebAuthn IT	2024-08-15T15:27:50.3050764Z -- [INFO] Downloaded from central: https://repo.maven.apache.org/maven2/org/apache/maven/surefire/common-java5/3.0.0-M7/common-java5-3.0.0-M7.pom (2.7 kB at 337 kB/s)
WebAuthn IT (firefox)	Run WebAuthn IT	2024-08-15T15:27:50.3138010Z -- [INFO] Downloading from jboss-public-repository: https://repository.jboss.org/nexus/content/groups/public/org/hamcrest/hamcrest-library/1.3/hamcrest-library-1.3.pom
WebAuthn IT (firefox)	Run WebAuthn IT	2024-08-15T15:27:50.4001196Z -- [INFO] Downloading from central: https://repo.maven.apache.org/maven2/org/hamcrest/hamcrest-library/1.3/hamcrest-library-1.3.pom
WebAuthn IT (firefox)	Run WebAuthn IT	2024-08-15T15:27:50.4079541Z -- [INFO] Downloaded from central: https://repo.maven.apache.org/maven2/org/hamcrest/hamcrest-library/1.3/hamcrest-library-1.3.pom (820 B at 102 kB/s)
WebAuthn IT (firefox)	Run WebAuthn IT	2024-08-15T15:27:50.4112855Z -- [INFO] Downloading from jboss-public-repository: https://repository.jboss.org/nexus/content/groups/public/org/assertj/assertj-core/3.22.0/assertj-core-3.22.0.pom
WebAuthn IT (firefox)	Run WebAuthn IT	2024-08-15T15:27:50.4648110Z -- [INFO] Downloading from central: https://repo.maven.apache.org/maven2/org/assertj/assertj-core/3.22.0/assertj-core-3.22.0.pom
WebAuthn IT (firefox)	Run WebAuthn IT	2024-08-15T15:27:50.4750335Z -- [INFO] Downloaded from central: https://repo.maven.apache.org/maven2/org/assertj/assertj-core/3.22.0/assertj-core-3.22.0.pom (31 kB at 3.1 MB/s)
WebAuthn IT (firefox)	Run WebAuthn IT	2024-08-15T15:27:50.4766847Z -- [INFO] Downloading from jboss-public-repository: https://repository.jboss.org/nexus/content/groups/public/org/assertj/assertj-parent-pom/2.2.14/assertj-parent-pom-2.2.14.pom
WebAuthn IT (firefox)	Run WebAuthn IT	2024-08-15T15:27:50.5358475Z -- [INFO] Downloading from central: https://repo.maven.apache.org/maven2/org/assertj/assertj-parent-pom/2.2.14/assertj-parent-pom-2.2.14.pom
WebAuthn IT (firefox)	Run WebAuthn IT	2024-08-15T15:27:50.5453540Z -- [INFO] Downloaded from central: https://repo.maven.apache.org/maven2/org/assertj/assertj-parent-pom/2.2.14/assertj-parent-pom-2.2.14.pom (25 kB at 2.7 MB/s)
WebAuthn IT (firefox)	Run WebAuthn IT	2024-08-15T15:27:50.5473516Z -- [INFO] Downloading from jboss-public-repository: https://repository.jboss.org/nexus/content/groups/public/org/junit/junit-bom/5.8.2/junit-bom-5.8.2.pom
WebAuthn IT (firefox)	Run WebAuthn IT	2024-08-15T15:27:50.6040248Z -- [INFO] Downloading from central: https://repo.maven.apache.org/maven2/org/junit/junit-bom/5.8.2/junit-bom-5.8.2.pom
WebAuthn IT (firefox)	Run WebAuthn IT	2024-08-15T15:27:50.6117115Z -- [INFO] Downloaded from central: https://repo.maven.apache.org/maven2/org/junit/junit-bom/5.8.2/junit-bom-5.8.2.pom (5.6 kB at 704 kB/s)
WebAuthn IT (firefox)	Run WebAuthn IT	2024-08-15T15:27:50.6140717Z -- [INFO] Downloading from jboss-public-repository: https://repository.jboss.org/nexus/content/groups/public/org/junit/junit-bom/5.8.0/junit-bom-5.8.0.pom
WebAuthn IT (firefox)	Run WebAuthn IT	2024-08-15T15:27:50.7198342Z -- [INFO] Downloading from central: https://repo.maven.apache.org/maven2/org/junit/junit-bom/5.8.0/junit-bom-5.8.0.pom
WebAuthn IT (firefox)	Run WebAuthn IT	2024-08-15T15:27:50.7277452Z -- [INFO] Downloaded from central: https://repo.maven.apache.org/maven2/org/junit/junit-bom/5.8.0/junit-bom-5.8.0.pom (5.6 kB at 704 kB/s)
WebAuthn IT (firefox)	Run WebAuthn IT	2024-08-15T15:27:50.7299802Z -- [INFO] Downloading from jboss-public-repository: https://repository.jboss.org/nexus/content/groups/public/org/apache/maven/surefire/common-junit4/3.0.0-M7/common-junit4-3.0.0-M7.jar
WebAuthn IT (firefox)	Run WebAuthn IT	2024-08-15T15:27:50.7308520Z -- [INFO] Downloading from jboss-public-repository: https://repository.jboss.org/nexus/content/groups/public/org/apache/maven/surefire/common-java5/3.0.0-M7/common-java5-3.0.0-M7.jar
WebAuthn IT (firefox)	Run WebAuthn IT	2024-08-15T15:27:50.7313249Z -- [INFO] Downloading from jboss-public-repository: https://repository.jboss.org/nexus/content/groups/public/org/apache/maven/surefire/common-junit3/3.0.0-M7/common-junit3-3.0.0-M7.jar
WebAuthn IT (firefox)	Run WebAuthn IT	2024-08-15T15:27:50.7590481Z -- [INFO] Downloading from central: https://repo.maven.apache.org/maven2/org/apache/maven/surefire/common-junit4/3.0.0-M7/common-junit4-3.0.0-M7.jar
WebAuthn IT (firefox)	Run WebAuthn IT	2024-08-15T15:27:50.7675668Z -- [INFO] Downloaded from central: https://repo.maven.apache.org/maven2/org/apache/maven/surefire/common-junit4/3.0.0-M7/common-junit4-3.0.0-M7.jar (26 kB at 2.8 MB/s)
WebAuthn IT (firefox)	Run WebAuthn IT	2024-08-15T15:27:50.8198473Z -- [INFO] Downloading from central: https://repo.maven.apache.org/maven2/org/apache/maven/surefire/common-junit3/3.0.0-M7/common-junit3-3.0.0-M7.jar
WebAuthn IT (firefox)	Run WebAuthn IT	2024-08-15T15:27:50.8282175Z -- [INFO] Downloaded from central: https://repo.maven.apache.org/maven2/org/apache/maven/surefire/common-junit3/3.0.0-M7/common-junit3-3.0.0-M7.jar (12 kB at 1.5 MB/s)
WebAuthn IT (firefox)	Run WebAuthn IT	2024-08-15T15:27:50.8801820Z -- [INFO] Downloading from central: https://repo.maven.apache.org/maven2/org/apache/maven/surefire/common-java5/3.0.0-M7/common-java5-3.0.0-M7.jar
WebAuthn IT (firefox)	Run WebAuthn IT	2024-08-15T15:27:50.8883303Z -- [INFO] Downloaded from central: https://repo.maven.apache.org/maven2/org/apache/maven/surefire/common-java5/3.0.0-M7/common-java5-3.0.0-M7.jar (17 kB at 2.2 MB/s)
WebAuthn IT (firefox)	Run WebAuthn IT	2024-08-15T15:27:50.8973171Z -- [INFO] 
WebAuthn IT (firefox)	Run WebAuthn IT	2024-08-15T15:27:50.8974029Z -- [INFO] -------------------------------------------------------
WebAuthn IT (firefox)	Run WebAuthn IT	2024-08-15T15:27:50.8975357Z -- [INFO]  T E S T S
WebAuthn IT (firefox)	Run WebAuthn IT	2024-08-15T15:27:50.8976437Z -- [INFO] -------------------------------------------------------
WebAuthn IT (firefox)	Run WebAuthn IT	2024-08-15T15:27:51.5624059Z -- 15:27:51,555 INFO  [org.keycloak.testsuite.util.NonIDERunListener] Setting keycloak.logging.level to off. Keycloak server logging will be disabled
WebAuthn IT (firefox)	Run WebAuthn IT	2024-08-15T15:27:51.5646196Z [INFO] Running org.keycloak.testsuite.webauthn.AppInitiatedActionWebAuthnTest
WebAuthn IT (firefox)	Run WebAuthn IT	2024-08-15T15:28:27.6386542Z [WARNING] Tests run: 3, Failures: 0, Errors: 0, Skipped: 2, Time elapsed: 36.027 s - in org.keycloak.testsuite.webauthn.AppInitiatedActionWebAuthnTest
WebAuthn IT (firefox)	Run WebAuthn IT	2024-08-15T15:28:27.6398939Z [INFO] Running org.keycloak.testsuite.webauthn.VirtualAuthenticatorsManagerTest
WebAuthn IT (firefox)	Run WebAuthn IT	2024-08-15T15:28:32.4074391Z [WARNING] Tests run: 4, Failures: 0, Errors: 0, Skipped: 4, Time elapsed: 4.747 s - in org.keycloak.testsuite.webauthn.VirtualAuthenticatorsManagerTest
WebAuthn IT (firefox)	Run WebAuthn IT	2024-08-15T15:28:32.4082215Z [INFO] Running org.keycloak.testsuite.webauthn.WebAuthnFeatureTest
WebAuthn IT (firefox)	Run WebAuthn IT	2024-08-15T15:28:38.9329195Z [INFO] Tests run: 2, Failures: 0, Errors: 0, Skipped: 0, Time elapsed: 6.508 s - in org.keycloak.testsuite.webauthn.WebAuthnFeatureTest
WebAuthn IT (firefox)	Run WebAuthn IT	2024-08-15T15:28:38.9331318Z [INFO] Running org.keycloak.testsuite.webauthn.WebAuthnIdlessTest
WebAuthn IT (firefox)	Run WebAuthn IT	2024-08-15T15:28:41.6429339Z [WARNING] Tests run: 4, Failures: 0, Errors: 0, Skipped: 4, Time elapsed: 2.693 s - in org.keycloak.testsuite.webauthn.WebAuthnIdlessTest
WebAuthn IT (firefox)	Run WebAuthn IT	2024-08-15T15:28:41.6438341Z [INFO] Running org.keycloak.testsuite.webauthn.WebAuthnPropertyTest
WebAuthn IT (firefox)	Run WebAuthn IT	2024-08-15T15:28:44.0340565Z [WARNING] Tests run: 4, Failures: 0, Errors: 0, Skipped: 4, Time elapsed: 2.375 s - in org.keycloak.testsuite.webauthn.WebAuthnPropertyTest
WebAuthn IT (firefox)	Run WebAuthn IT	2024-08-15T15:28:44.0352768Z [INFO] Running org.keycloak.testsuite.webauthn.WebAuthnRegisterAndLoginTest
WebAuthn IT (firefox)	Run WebAuthn IT	2024-08-15T15:28:50.0486309Z [WARNING] Tests run: 3, Failures: 0, Errors: 0, Skipped: 2, Time elapsed: 5.998 s - in org.keycloak.testsuite.webauthn.WebAuthnRegisterAndLoginTest
WebAuthn IT (firefox)	Run WebAuthn IT	2024-08-15T15:28:50.0489349Z [INFO] Running org.keycloak.testsuite.webauthn.WebAuthnTransportsTest
WebAuthn IT (firefox)	Run WebAuthn IT	2024-08-15T15:28:52.4152577Z [WARNING] Tests run: 4, Failures: 0, Errors: 0, Skipped: 4, Time elapsed: 2.351 s - in org.keycloak.testsuite.webauthn.WebAuthnTransportsTest
WebAuthn IT (firefox)	Run WebAuthn IT	2024-08-15T15:28:52.4158371Z [INFO] Running org.keycloak.testsuite.webauthn.account.WebAuthnErrorTest
WebAuthn IT (firefox)	Run WebAuthn IT	2024-08-15T15:29:04.5747045Z --------- org.keycloak.testsuite.webauthn.account.WebAuthnErrorTest output start ---------
WebAuthn IT (firefox)	Run WebAuthn IT	2024-08-15T15:29:04.5749088Z WebAuthnErrorTest ++ 15:28:52,402 INFO  [org.keycloak.testsuite.arquillian.AppServerTestEnricher] 
WebAuthn IT (firefox)	Run WebAuthn IT	2024-08-15T15:29:04.5762030Z WebAuthnErrorTest ++ 
WebAuthn IT (firefox)	Run WebAuthn IT	2024-08-15T15:29:04.5763495Z WebAuthnErrorTest ++ TEST CONTEXT: org.keycloak.testsuite.webauthn.account.WebAuthnErrorTest
WebAuthn IT (firefox)	Run WebAuthn IT	2024-08-15T15:29:04.5764635Z WebAuthnErrorTest ++ 
WebAuthn IT (firefox)	Run WebAuthn IT	2024-08-15T15:29:04.5766069Z WebAuthnErrorTest ++ 15:28:52,403 INFO  [org.keycloak.testsuite.webauthn.account.WebAuthnErrorTest] [WebAuthnErrorTest] errorPageWithTimeout() STARTED
WebAuthn IT (firefox)	Run WebAuthn IT	2024-08-15T15:29:04.5767967Z WebAuthnErrorTest ++ 1723735732411	geckodriver	INFO	Listening on 127.0.0.1:22550
WebAuthn IT (firefox)	Run WebAuthn IT	2024-08-15T15:29:04.5776010Z WebAuthnErrorTest ++ 1723735732417	mozrunner::runner	INFO	Running command: MOZ_CRASHREPORTER="1" MOZ_CRASHREPORTER_NO_REPORT="1" MOZ_CRASHREPORTER_SHUTDOWN="1" MOZ_NO_REMOTE="1" "/usr ... s" "http://127.0.0.1:21698/,http://localhost:21698/,http://[::1]:21698/" "-no-remote" "-profile" "/tmp/rust_mozprofileRWXidj"
WebAuthn IT (firefox)	Run WebAuthn IT	2024-08-15T15:29:04.5778799Z WebAuthnErrorTest ++ *** You are running in headless mode.
WebAuthn IT (firefox)	Run WebAuthn IT	2024-08-15T15:29:04.5780224Z WebAuthnErrorTest ++ console.warn: services.settings: Ignoring preference override of remote settings server
WebAuthn IT (firefox)	Run WebAuthn IT	2024-08-15T15:29:04.5782535Z WebAuthnErrorTest ++ console.warn: services.settings: Allow by setting MOZ_REMOTE_SETTINGS_DEVTOOLS=1 in the environment
WebAuthn IT (firefox)	Run WebAuthn IT	2024-08-15T15:29:04.5784267Z WebAuthnErrorTest ++ [GFX1-]: glxtest: Unable to open a connection to the X server
WebAuthn IT (firefox)	Run WebAuthn IT	2024-08-15T15:29:04.5785575Z WebAuthnErrorTest ++ 1723735732653	Marionette	INFO	Marionette enabled
WebAuthn IT (firefox)	Run WebAuthn IT	2024-08-15T15:29:04.5786590Z WebAuthnErrorTest ++ 1723735732737	Marionette	INFO	Listening on port 37749
WebAuthn IT (firefox)	Run WebAuthn IT	2024-08-15T15:29:04.5787658Z WebAuthnErrorTest ++ WebDriver BiDi listening on ws://127.0.0.1:21698
WebAuthn IT (firefox)	Run WebAuthn IT	2024-08-15T15:29:04.5788581Z WebAuthnErrorTest ++ Read port: 37749
WebAuthn IT (firefox)	Run WebAuthn IT	2024-08-15T15:29:04.5789734Z WebAuthnErrorTest ++ 1723735732889	RemoteAgent	WARN	TLS certificate errors will be ignored for this session
WebAuthn IT (firefox)	Run WebAuthn IT	2024-08-15T15:29:04.5791502Z WebAuthnErrorTest ++ [GFX1-]: RenderCompositorSWGL failed mapping default framebuffer, no dt
WebAuthn IT (firefox)	Run WebAuthn IT	2024-08-15T15:29:04.5792714Z WebAuthnErrorTest ++ console.error: ({})
WebAuthn IT (firefox)	Run WebAuthn IT	2024-08-15T15:29:04.5794031Z WebAuthnErrorTest ++ 15:28:53,822 INFO  [org.keycloak.testsuite.drone.KeycloakDronePostSetup] Detected browser: firefox 129.0
WebAuthn IT (firefox)	Run WebAuthn IT	2024-08-15T15:29:04.5796351Z WebAuthnErrorTest ++ 15:28:53,823 INFO  [org.keycloak.testsuite.drone.KeycloakDronePostSetup] Configuring driver settings. implicitWait=2000, pageLoadTimeout=10000
WebAuthn IT (firefox)	Run WebAuthn IT	2024-08-15T15:29:04.5798573Z WebAuthnErrorTest ++ 15:28:53,991 DEBUG [org.keycloak.testsuite.webauthn.account.WebAuthnErrorTest] loading test realms
WebAuthn IT (firefox)	Run WebAuthn IT	2024-08-15T15:29:04.5800459Z WebAuthnErrorTest ++ 15:28:53,991 INFO  [org.keycloak.testsuite.webauthn.account.WebAuthnErrorTest] importing test realms
WebAuthn IT (firefox)	Run WebAuthn IT	2024-08-15T15:29:04.5802596Z WebAuthnErrorTest ++ 15:28:53,991 DEBUG [org.keycloak.testsuite.webauthn.account.WebAuthnErrorTest] Modifying login theme to keycloak.v2
WebAuthn IT (firefox)	Run WebAuthn IT	2024-08-15T15:29:04.5804808Z WebAuthnErrorTest ++ 15:28:53,991 DEBUG [org.keycloak.testsuite.webauthn.account.WebAuthnErrorTest] --importing realm: test
WebAuthn IT (firefox)	Run WebAuthn IT	2024-08-15T15:29:04.5805836Z WebAuthnErrorTest ++ 15:28:54,651 INFO  [org.keycloak.testsuite.util.URLUtils] starting navigation
WebAuthn IT (firefox)	Run WebAuthn IT	2024-08-15T15:29:04.5806722Z WebAuthnErrorTest ++ 15:28:54,654 INFO  [org.keycloak.testsuite.util.URLUtils] current URL:  about:blank
WebAuthn IT (firefox)	Run WebAuthn IT	2024-08-15T15:29:04.5807821Z WebAuthnErrorTest ++ 15:28:54,654 INFO  [org.keycloak.testsuite.util.URLUtils] navigating to https://localhost:8543/auth/realms/master/testing/blank
WebAuthn IT (firefox)	Run WebAuthn IT	2024-08-15T15:29:04.5809118Z WebAuthnErrorTest ++ 15:28:55,263 INFO  [org.keycloak.testsuite.util.URLUtils] new current URL:  https://localhost:8543/auth/realms/master/testing/blank
WebAuthn IT (firefox)	Run WebAuthn IT	2024-08-15T15:29:04.5810158Z WebAuthnErrorTest ++ 15:28:55,263 INFO  [org.keycloak.testsuite.util.URLUtils] navigation complete
WebAuthn IT (firefox)	Run WebAuthn IT	2024-08-15T15:29:04.5811280Z WebAuthnErrorTest ++ 15:28:55,263 INFO  [org.keycloak.testsuite.webauthn.account.WebAuthnErrorTest] deleting cookies in 'master' realm
WebAuthn IT (firefox)	Run WebAuthn IT	2024-08-15T15:29:04.5812412Z WebAuthnErrorTest ++ 15:28:55,317 DEBUG [org.keycloak.testsuite.webauthn.account.WebAuthnErrorTest] creating test user
WebAuthn IT (firefox)	Run WebAuthn IT	2024-08-15T15:29:04.5813620Z WebAuthnErrorTest ++ 15:28:55,487 INFO  [org.keycloak.testsuite.util.URLUtils] starting navigation
WebAuthn IT (firefox)	Run WebAuthn IT	2024-08-15T15:29:04.5814669Z WebAuthnErrorTest ++ 15:28:55,490 INFO  [org.keycloak.testsuite.util.URLUtils] current URL:  https://localhost:8543/auth/realms/master/testing/blank
WebAuthn IT (firefox)	Run WebAuthn IT	2024-08-15T15:29:04.5816134Z WebAuthnErrorTest ++ 15:28:55,490 INFO  [org.keycloak.testsuite.util.URLUtils] navigating to https://localhost:8543/auth/realms/test/account/account-security/signing-in
WebAuthn IT (firefox)	Run WebAuthn IT	2024-08-15T15:29:04.5817544Z WebAuthnErrorTest ++ 1723735735703	Marionette	WARN	Ignoring event 'DOMContentLoaded' because document has an invalid readyState of 'complete'.
WebAuthn IT (firefox)	Run WebAuthn IT	2024-08-15T15:29:04.5818610Z WebAuthnErrorTest ++ JavaScript error: , line 0: TypeError: NetworkError when attempting to fetch resource.
WebAuthn IT (firefox)	Run WebAuthn IT	2024-08-15T15:29:04.5819916Z WebAuthnErrorTest ++ 15:28:56,191 INFO  [org.keycloak.testsuite.util.URLUtils] new current URL:  https://localhost:8543/auth/realms/test/account/account-security/signing-in
WebAuthn IT (firefox)	Run WebAuthn IT	2024-08-15T15:29:04.5821058Z WebAuthnErrorTest ++ 15:28:56,191 INFO  [org.keycloak.testsuite.util.URLUtils] navigation complete
WebAuthn IT (firefox)	Run WebAuthn IT	2024-08-15T15:29:04.5822300Z WebAuthnErrorTest ++ 15:28:56,221 ERROR [org.keycloak.testsuite.webauthn.account.WebAuthnErrorTest] [WebAuthnErrorTest] errorPageWithTimeout() FAILED
WebAuthn IT (firefox)	Run WebAuthn IT	2024-08-15T15:29:04.5823624Z WebAuthnErrorTest ++ 15:28:56,221 INFO  [org.keycloak.testsuite.webauthn.account.WebAuthnErrorTest] [WebAuthnErrorTest] errorPageWithTimeout() FINISHED
WebAuthn IT (firefox)	Run WebAuthn IT	2024-08-15T15:29:04.5824451Z WebAuthnErrorTest ++ 
WebAuthn IT (firefox)	Run WebAuthn IT	2024-08-15T15:29:04.5825558Z WebAuthnErrorTest ++ 
WebAuthn IT (firefox)	Run WebAuthn IT	2024-08-15T15:29:04.5826327Z WebAuthnErrorTest ++ 15:28:56,221 INFO  [org.keycloak.testsuite.arquillian.AuthServerTestEnricher] removing test realms after test class
WebAuthn IT (firefox)	Run WebAuthn IT	2024-08-15T15:29:04.5827481Z WebAuthnErrorTest ++ 15:28:56,417 INFO  [org.keycloak.testsuite.arquillian.AuthServerTestEnricher] removed realms: test, 
WebAuthn IT (firefox)	Run WebAuthn IT	2024-08-15T15:29:04.5828380Z WebAuthnErrorTest ++ 1723735736421	Marionette	INFO	Stopped listening on port 37749
WebAuthn IT (firefox)	Run WebAuthn IT	2024-08-15T15:29:04.5829189Z WebAuthnErrorTest ++ 15:28:57,076 INFO  [org.keycloak.testsuite.arquillian.AppServerTestEnricher] 
WebAuthn IT (firefox)	Run WebAuthn IT	2024-08-15T15:29:04.5829812Z WebAuthnErrorTest ++ 
WebAuthn IT (firefox)	Run WebAuthn IT	2024-08-15T15:29:04.5830371Z WebAuthnErrorTest ++ TEST CONTEXT: org.keycloak.testsuite.webauthn.account.WebAuthnErrorTest
WebAuthn IT (firefox)	Run WebAuthn IT	2024-08-15T15:29:04.5830977Z WebAuthnErrorTest ++ 
WebAuthn IT (firefox)	Run WebAuthn IT	2024-08-15T15:29:04.5831766Z WebAuthnErrorTest ++ 15:28:57,077 INFO  [org.keycloak.testsuite.webauthn.account.WebAuthnErrorTest] [WebAuthnErrorTest] errorPageWithTimeout() STARTED
WebAuthn IT (firefox)	Run WebAuthn IT	2024-08-15T15:29:04.5832765Z WebAuthnErrorTest ++ 1723735737084	geckodriver	INFO	Listening on 127.0.0.1:19588
WebAuthn IT (firefox)	Run WebAuthn IT	2024-08-15T15:29:04.5834523Z WebAuthnErrorTest ++ 1723735737090	mozrunner::runner	INFO	Running command: MOZ_CRASHREPORTER="1" MOZ_CRASHREPORTER_NO_REPORT="1" MOZ_CRASHREPORTER_SHUTDOWN="1" MOZ_NO_REMOTE="1" "/usr ... gins" "http://127.0.0.1:4062/,http://localhost:4062/,http://[::1]:4062/" "-no-remote" "-profile" "/tmp/rust_mozprofiled6mWTL"
WebAuthn IT (firefox)	Run WebAuthn IT	2024-08-15T15:29:04.5835947Z WebAuthnErrorTest ++ *** You are running in headless mode.
WebAuthn IT (firefox)	Run WebAuthn IT	2024-08-15T15:29:04.5836685Z WebAuthnErrorTest ++ console.warn: services.settings: Ignoring preference override of remote settings server
WebAuthn IT (firefox)	Run WebAuthn IT	2024-08-15T15:29:04.5837663Z WebAuthnErrorTest ++ console.warn: services.settings: Allow by setting MOZ_REMOTE_SETTINGS_DEVTOOLS=1 in the environment
WebAuthn IT (firefox)	Run WebAuthn IT	2024-08-15T15:29:04.5838577Z WebAuthnErrorTest ++ [GFX1-]: glxtest: Unable to open a connection to the X server
WebAuthn IT (firefox)	Run WebAuthn IT	2024-08-15T15:29:04.5839222Z WebAuthnErrorTest ++ 1723735737319	Marionette	INFO	Marionette enabled
WebAuthn IT (firefox)	Run WebAuthn IT	2024-08-15T15:29:04.5839838Z WebAuthnErrorTest ++ 1723735737400	Marionette	INFO	Listening on port 44477
WebAuthn IT (firefox)	Run WebAuthn IT	2024-08-15T15:29:04.5840448Z WebAuthnErrorTest ++ WebDriver BiDi listening on ws://127.0.0.1:4062
WebAuthn IT (firefox)	Run WebAuthn IT	2024-08-15T15:29:04.5840937Z WebAuthnErrorTest ++ Read port: 44477
WebAuthn IT (firefox)	Run WebAuthn IT	2024-08-15T15:29:04.5841558Z WebAuthnErrorTest ++ 1723735737553	RemoteAgent	WARN	TLS certificate errors will be ignored for this session
WebAuthn IT (firefox)	Run WebAuthn IT	2024-08-15T15:29:04.5842480Z WebAuthnErrorTest ++ [GFX1-]: RenderCompositorSWGL failed mapping default framebuffer, no dt
WebAuthn IT (firefox)	Run WebAuthn IT	2024-08-15T15:29:04.5843268Z WebAuthnErrorTest ++ console.error: ({})
WebAuthn IT (firefox)	Run WebAuthn IT	2024-08-15T15:29:04.5844023Z WebAuthnErrorTest ++ 15:28:58,526 INFO  [org.keycloak.testsuite.drone.KeycloakDronePostSetup] Detected browser: firefox 129.0
WebAuthn IT (firefox)	Run WebAuthn IT	2024-08-15T15:29:04.5845282Z WebAuthnErrorTest ++ 15:28:58,526 INFO  [org.keycloak.testsuite.drone.KeycloakDronePostSetup] Configuring driver settings. implicitWait=2000, pageLoadTimeout=10000
WebAuthn IT (firefox)	Run WebAuthn IT	2024-08-15T15:29:04.5846529Z WebAuthnErrorTest ++ 15:28:58,640 DEBUG [org.keycloak.testsuite.webauthn.account.WebAuthnErrorTest] loading test realms
WebAuthn IT (firefox)	Run WebAuthn IT	2024-08-15T15:29:04.5847609Z WebAuthnErrorTest ++ 15:28:58,640 INFO  [org.keycloak.testsuite.webauthn.account.WebAuthnErrorTest] importing test realms
WebAuthn IT (firefox)	Run WebAuthn IT	2024-08-15T15:29:04.5848760Z WebAuthnErrorTest ++ 15:28:58,640 DEBUG [org.keycloak.testsuite.webauthn.account.WebAuthnErrorTest] Modifying login theme to keycloak.v2
WebAuthn IT (firefox)	Run WebAuthn IT	2024-08-15T15:29:04.5850012Z WebAuthnErrorTest ++ 15:28:58,640 DEBUG [org.keycloak.testsuite.webauthn.account.WebAuthnErrorTest] --importing realm: test
WebAuthn IT (firefox)	Run WebAuthn IT	2024-08-15T15:29:04.5851123Z WebAuthnErrorTest ++ 15:28:59,467 INFO  [org.keycloak.testsuite.util.URLUtils] starting navigation
WebAuthn IT (firefox)	Run WebAuthn IT	2024-08-15T15:29:04.5851991Z WebAuthnErrorTest ++ 15:28:59,470 INFO  [org.keycloak.testsuite.util.URLUtils] current URL:  about:blank
WebAuthn IT (firefox)	Run WebAuthn IT	2024-08-15T15:29:04.5853068Z WebAuthnErrorTest ++ 15:28:59,470 INFO  [org.keycloak.testsuite.util.URLUtils] navigating to https://localhost:8543/auth/realms/master/testing/blank
WebAuthn IT (firefox)	Run WebAuthn IT	2024-08-15T15:29:04.5854330Z WebAuthnErrorTest ++ 15:29:00,071 INFO  [org.keycloak.testsuite.util.URLUtils] new current URL:  https://localhost:8543/auth/realms/master/testing/blank
WebAuthn IT (firefox)	Run WebAuthn IT	2024-08-15T15:29:04.5855369Z WebAuthnErrorTest ++ 15:29:00,071 INFO  [org.keycloak.testsuite.util.URLUtils] navigation complete
WebAuthn IT (firefox)	Run WebAuthn IT	2024-08-15T15:29:04.5856478Z WebAuthnErrorTest ++ 15:29:00,071 INFO  [org.keycloak.testsuite.webauthn.account.WebAuthnErrorTest] deleting cookies in 'master' realm
WebAuthn IT (firefox)	Run WebAuthn IT	2024-08-15T15:29:04.5857597Z WebAuthnErrorTest ++ 15:29:00,128 DEBUG [org.keycloak.testsuite.webauthn.account.WebAuthnErrorTest] creating test user
WebAuthn IT (firefox)	Run WebAuthn IT	2024-08-15T15:29:04.5858537Z WebAuthnErrorTest ++ 15:29:00,292 INFO  [org.keycloak.testsuite.util.URLUtils] starting navigation
WebAuthn IT (firefox)	Run WebAuthn IT	2024-08-15T15:29:04.5859569Z WebAuthnErrorTest ++ 15:29:00,295 INFO  [org.keycloak.testsuite.util.URLUtils] current URL:  https://localhost:8543/auth/realms/master/testing/blank
WebAuthn IT (firefox)	Run WebAuthn IT	2024-08-15T15:29:04.5861004Z WebAuthnErrorTest ++ 15:29:00,295 INFO  [org.keycloak.testsuite.util.URLUtils] navigating to https://localhost:8543/auth/realms/test/account/account-security/signing-in
WebAuthn IT (firefox)	Run WebAuthn IT	2024-08-15T15:29:04.5862405Z WebAuthnErrorTest ++ 1723735740463	Marionette	WARN	Ignoring event 'DOMContentLoaded' because document has an invalid readyState of 'complete'.
WebAuthn IT (firefox)	Run WebAuthn IT	2024-08-15T15:29:04.5865953Z WebAuthnErrorTest ++ 15:29:01,446 INFO  [org.keycloak.testsuite.util.URLUtils] new current URL:  https://localhost:8543/auth/realms/test/protocol/openid-connect/auth?client_id=account-console&redirect_uri=https%3A%2F%2Flocalhost%3A8543%2Fauth%2Frealms%2Ftest%2Faccount%2Faccount-security%2Fsigning-in&state=0c56c191-db8f-4f13-8eb4-1c225b660401&response_mode=query&response_type=code&scope=openid&nonce=1dcfd167-b266-4ef2-9c91-9ce9e6b871db&code_challenge=OMXA6VK6lNjEemd6cmNW2ssIM0qT86hT9dsyHjMZhRk&code_challenge_method=S256
WebAuthn IT (firefox)	Run WebAuthn IT	2024-08-15T15:29:04.5868657Z WebAuthnErrorTest ++ 15:29:01,446 INFO  [org.keycloak.testsuite.util.URLUtils] navigation complete
WebAuthn IT (firefox)	Run WebAuthn IT	2024-08-15T15:29:04.5869592Z WebAuthnErrorTest ++ console.warn: LoginRecipes: "Falling back to a synchronous message for: https://localhost:8543."
WebAuthn IT (firefox)	Run WebAuthn IT	2024-08-15T15:29:04.5870605Z WebAuthnErrorTest ++ console.warn: LoginRecipes: "Falling back to a synchronous message for: https://localhost:8543."
WebAuthn IT (firefox)	Run WebAuthn IT	2024-08-15T15:29:04.5871807Z WebAuthnErrorTest ++ 1723735742158	Marionette	WARN	Ignoring event 'DOMContentLoaded' because document has an invalid readyState of 'complete'.
WebAuthn IT (firefox)	Run WebAuthn IT	2024-08-15T15:29:04.5873084Z WebAuthnErrorTest ++ 15:29:03,657 INFO  [org.keycloak.testsuite.webauthn.account.WebAuthnErrorTest] [WebAuthnErrorTest] errorPageWithTimeout() FINISHED
WebAuthn IT (firefox)	Run WebAuthn IT	2024-08-15T15:29:04.5874103Z WebAuthnErrorTest ++ 
WebAuthn IT (firefox)	Run WebAuthn IT	2024-08-15T15:29:04.5874386Z WebAuthnErrorTest ++ 
WebAuthn IT (firefox)	Run WebAuthn IT	2024-08-15T15:29:04.5875092Z WebAuthnErrorTest ++ 15:29:03,657 INFO  [org.keycloak.testsuite.arquillian.AuthServerTestEnricher] removing test realms after test class
WebAuthn IT (firefox)	Run WebAuthn IT	2024-08-15T15:29:04.5876228Z WebAuthnErrorTest ++ 15:29:03,869 INFO  [org.keycloak.testsuite.arquillian.AuthServerTestEnricher] removed realms: test, 
WebAuthn IT (firefox)	Run WebAuthn IT	2024-08-15T15:29:04.5877112Z WebAuthnErrorTest ++ 1723735743873	Marionette	INFO	Stopped listening on port 44477
WebAuthn IT (firefox)	Run WebAuthn IT	2024-08-15T15:29:04.5877532Z 
WebAuthn IT (firefox)	Run WebAuthn IT	2024-08-15T15:29:04.5877938Z --------- org.keycloak.testsuite.webauthn.account.WebAuthnErrorTest output end  ---------
WebAuthn IT (firefox)	Run WebAuthn IT	2024-08-15T15:29:04.5879091Z [ERROR] Tests run: 2, Failures: 1, Errors: 0, Skipped: 1, Time elapsed: 12.132 s <<< FAILURE! - in org.keycloak.testsuite.webauthn.account.WebAuthnErrorTest
WebAuthn IT (firefox)	Run WebAuthn IT	2024-08-15T15:29:04.5880442Z -- [ERROR] org.keycloak.testsuite.webauthn.account.WebAuthnErrorTest.errorPageWithTimeout  Time elapsed: 3.785 s  <<< FAILURE!
WebAuthn IT (firefox)	Run WebAuthn IT	2024-08-15T15:29:04.5881973Z -- java.lang.AssertionError: Expected OIDCLogin but was Account Management (https://localhost:8543/auth/realms/test/account/account-security/signing-in)
WebAuthn IT (firefox)	Run WebAuthn IT	2024-08-15T15:29:04.5882876Z -- 	at org.junit.Assert.fail(Assert.java:89)
WebAuthn IT (firefox)	Run WebAuthn IT	2024-08-15T15:29:04.5883346Z -- 	at org.junit.Assert.assertTrue(Assert.java:42)
WebAuthn IT (firefox)	Run WebAuthn IT	2024-08-15T15:29:04.5884026Z -- 	at org.keycloak.testsuite.page.AbstractPage.assertCurrent(AbstractPage.java:109)
WebAuthn IT (firefox)	Run WebAuthn IT	2024-08-15T15:29:04.5885004Z -- 	at java.base/jdk.internal.reflect.DirectMethodHandleAccessor.invoke(DirectMethodHandleAccessor.java:103)
WebAuthn IT (firefox)	Run WebAuthn IT	2024-08-15T15:29:04.5885843Z -- 	at java.base/java.lang.reflect.Method.invoke(Method.java:580)
WebAuthn IT (firefox)	Run WebAuthn IT	2024-08-15T15:29:04.5886710Z -- 	at org.jboss.arquillian.graphene.proxy.GrapheneProxyHandler.invokeReal(GrapheneProxyHandler.java:143)
WebAuthn IT (firefox)	Run WebAuthn IT	2024-08-15T15:29:04.5887821Z -- 	at org.jboss.arquillian.graphene.proxy.GrapheneContextualHandler$1.invoke(GrapheneContextualHandler.java:180)
WebAuthn IT (firefox)	Run WebAuthn IT	2024-08-15T15:29:04.5888954Z -- 	at org.jboss.arquillian.graphene.proxy.GrapheneContextualHandler$2.call(GrapheneContextualHandler.java:252)
WebAuthn IT (firefox)	Run WebAuthn IT	2024-08-15T15:29:04.5890111Z -- 	at org.jboss.arquillian.graphene.context.BrowserActions.performAction(BrowserActions.java:62)
WebAuthn IT (firefox)	Run WebAuthn IT	2024-08-15T15:29:04.5891180Z -- 	at org.jboss.arquillian.graphene.proxy.GrapheneContextualHandler.invoke(GrapheneContextualHandler.java:248)
WebAuthn IT (firefox)	Run WebAuthn IT	2024-08-15T15:29:04.5892289Z -- 	at org.jboss.arquillian.graphene.proxy.GrapheneProxyHandler.intercept(GrapheneProxyHandler.java:106)
WebAuthn IT (firefox)	Run WebAuthn IT	2024-08-15T15:29:04.5893358Z -- 	at org.jboss.arquillian.graphene.proxy.GrapheneProxyHandler.intercept(GrapheneProxyHandler.java:81)
WebAuthn IT (firefox)	Run WebAuthn IT	2024-08-15T15:29:04.5894462Z -- 	at org.jboss.arquillian.graphene.proxy.GrapheneContextualHandler.intercept(GrapheneContextualHandler.java:92)
WebAuthn IT (firefox)	Run WebAuthn IT	2024-08-15T15:29:04.5895501Z -- 	at org.keycloak.testsuite.auth.page.login.OIDCLogin_ByGraphene.assertCurrent(Unknown Source)
WebAuthn IT (firefox)	Run WebAuthn IT	2024-08-15T15:29:04.5896653Z -- 	at org.keycloak.testsuite.webauthn.account.AbstractWebAuthnAccountTest.loginToAccount(AbstractWebAuthnAccountTest.java:161)
WebAuthn IT (firefox)	Run WebAuthn IT	2024-08-15T15:29:04.5898072Z -- 	at org.keycloak.testsuite.webauthn.account.AbstractWebAuthnAccountTest.navigateBeforeTest(AbstractWebAuthnAccountTest.java:110)
WebAuthn IT (firefox)	Run WebAuthn IT	2024-08-15T15:29:04.5899414Z -- 	at java.base/jdk.internal.reflect.DirectMethodHandleAccessor.invoke(DirectMethodHandleAccessor.java:103)
WebAuthn IT (firefox)	Run WebAuthn IT	2024-08-15T15:29:04.5900259Z -- 	at java.base/java.lang.reflect.Method.invoke(Method.java:580)
WebAuthn IT (firefox)	Run WebAuthn IT	2024-08-15T15:29:04.5901018Z -- 	at org.junit.runners.model.FrameworkMethod$1.runReflectiveCall(FrameworkMethod.java:59)
WebAuthn IT (firefox)	Run WebAuthn IT	2024-08-15T15:29:04.5901932Z -- 	at org.junit.internal.runners.model.ReflectiveCallable.run(ReflectiveCallable.java:12)
WebAuthn IT (firefox)	Run WebAuthn IT	2024-08-15T15:29:04.5902823Z -- 	at org.junit.runners.model.FrameworkMethod.invokeExplosively(FrameworkMethod.java:56)
WebAuthn IT (firefox)	Run WebAuthn IT	2024-08-15T15:29:04.5903715Z -- 	at org.junit.internal.runners.statements.RunBefores.invokeMethod(RunBefores.java:33)
WebAuthn IT (firefox)	Run WebAuthn IT	2024-08-15T15:29:04.5904807Z -- 	at org.junit.internal.runners.statements.RunBefores.evaluate(RunBefores.java:24)
WebAuthn IT (firefox)	Run WebAuthn IT	2024-08-15T15:29:04.5905950Z -- 	at org.jboss.arquillian.junit.Arquillian$StatementLifecycleExecutor.invoke(Arquillian.java:372)
WebAuthn IT (firefox)	Run WebAuthn IT	2024-08-15T15:29:04.5907314Z -- 	at org.jboss.arquillian.container.test.impl.execution.ClientBeforeAfterLifecycleEventExecuter.execute(ClientBeforeAfterLifecycleEventExecuter.java:88)
WebAuthn IT (firefox)	Run WebAuthn IT	2024-08-15T15:29:04.5908950Z -- 	at org.jboss.arquillian.container.test.impl.execution.ClientBeforeAfterLifecycleEventExecuter.on(ClientBeforeAfterLifecycleEventExecuter.java:66)
WebAuthn IT (firefox)	Run WebAuthn IT	2024-08-15T15:29:04.5910288Z -- 	at java.base/jdk.internal.reflect.DirectMethodHandleAccessor.invoke(DirectMethodHandleAccessor.java:103)
WebAuthn IT (firefox)	Run WebAuthn IT	2024-08-15T15:29:04.5911127Z -- 	at java.base/java.lang.reflect.Method.invoke(Method.java:580)
WebAuthn IT (firefox)	Run WebAuthn IT	2024-08-15T15:29:04.5911833Z -- 	at org.jboss.arquillian.core.impl.ObserverImpl.invoke(ObserverImpl.java:86)
WebAuthn IT (firefox)	Run WebAuthn IT	2024-08-15T15:29:04.5912720Z -- 	at org.jboss.arquillian.core.impl.EventContextImpl.invokeObservers(EventContextImpl.java:103)
WebAuthn IT (firefox)	Run WebAuthn IT	2024-08-15T15:29:04.5913650Z -- 	at org.jboss.arquillian.core.impl.EventContextImpl.proceed(EventContextImpl.java:90)
WebAuthn IT (firefox)	Run WebAuthn IT	2024-08-15T15:29:04.5914929Z -- 	at org.jboss.arquillian.container.test.impl.client.ContainerEventController.createContext(ContainerEventController.java:128)
WebAuthn IT (firefox)	Run WebAuthn IT	2024-08-15T15:29:04.5916329Z -- 	at org.jboss.arquillian.container.test.impl.client.ContainerEventController.createBeforeContext(ContainerEventController.java:114)
WebAuthn IT (firefox)	Run WebAuthn IT	2024-08-15T15:29:04.5917576Z -- 	at java.base/jdk.internal.reflect.DirectMethodHandleAccessor.invoke(DirectMethodHandleAccessor.java:103)
WebAuthn IT (firefox)	Run WebAuthn IT	2024-08-15T15:29:04.5918410Z -- 	at java.base/java.lang.reflect.Method.invoke(Method.java:580)
WebAuthn IT (firefox)	Run WebAuthn IT	2024-08-15T15:29:04.5919114Z -- 	at org.jboss.arquillian.core.impl.ObserverImpl.invoke(ObserverImpl.java:86)
WebAuthn IT (firefox)	Run WebAuthn IT	2024-08-15T15:29:04.5919949Z -- 	at org.jboss.arquillian.core.impl.EventContextImpl.proceed(EventContextImpl.java:95)
WebAuthn IT (firefox)	Run WebAuthn IT	2024-08-15T15:29:04.5920911Z -- 	at org.jboss.arquillian.test.impl.TestContextHandler.createTestContext(TestContextHandler.java:116)
WebAuthn IT (firefox)	Run WebAuthn IT	2024-08-15T15:29:04.5921976Z -- 	at java.base/jdk.internal.reflect.DirectMethodHandleAccessor.invoke(DirectMethodHandleAccessor.java:103)
WebAuthn IT (firefox)	Run WebAuthn IT	2024-08-15T15:29:04.5922819Z -- 	at java.base/java.lang.reflect.Method.invoke(Method.java:580)
WebAuthn IT (firefox)	Run WebAuthn IT	2024-08-15T15:29:04.5923522Z -- 	at org.jboss.arquillian.core.impl.ObserverImpl.invoke(ObserverImpl.java:86)
WebAuthn IT (firefox)	Run WebAuthn IT	2024-08-15T15:29:04.5924357Z -- 	at org.jboss.arquillian.core.impl.EventContextImpl.proceed(EventContextImpl.java:95)
WebAuthn IT (firefox)	Run WebAuthn IT	2024-08-15T15:29:04.5925323Z -- 	at org.jboss.arquillian.test.impl.TestContextHandler.createClassContext(TestContextHandler.java:83)
WebAuthn IT (firefox)	Run WebAuthn IT	2024-08-15T15:29:04.5926389Z -- 	at java.base/jdk.internal.reflect.DirectMethodHandleAccessor.invoke(DirectMethodHandleAccessor.java:103)
WebAuthn IT (firefox)	Run WebAuthn IT	2024-08-15T15:29:04.5927228Z -- 	at java.base/java.lang.reflect.Method.invoke(Method.java:580)
WebAuthn IT (firefox)	Run WebAuthn IT	2024-08-15T15:29:04.5927927Z -- 	at org.jboss.arquillian.core.impl.ObserverImpl.invoke(ObserverImpl.java:86)
WebAuthn IT (firefox)	Run WebAuthn IT	2024-08-15T15:29:04.5928752Z -- 	at org.jboss.arquillian.core.impl.EventContextImpl.proceed(EventContextImpl.java:95)
WebAuthn IT (firefox)	Run WebAuthn IT	2024-08-15T15:29:04.5929725Z -- 	at org.jboss.arquillian.test.impl.TestContextHandler.createSuiteContext(TestContextHandler.java:69)
WebAuthn IT (firefox)	Run WebAuthn IT	2024-08-15T15:29:04.5930793Z -- 	at java.base/jdk.internal.reflect.DirectMethodHandleAccessor.invoke(DirectMethodHandleAccessor.java:103)
WebAuthn IT (firefox)	Run WebAuthn IT	2024-08-15T15:29:04.5931621Z -- 	at java.base/java.lang.reflect.Method.invoke(Method.java:580)
WebAuthn IT (firefox)	Run WebAuthn IT	2024-08-15T15:29:04.5932324Z -- 	at org.jboss.arquillian.core.impl.ObserverImpl.invoke(ObserverImpl.java:86)
WebAuthn IT (firefox)	Run WebAuthn IT	2024-08-15T15:29:04.5933145Z -- 	at org.jboss.arquillian.core.impl.EventContextImpl.proceed(EventContextImpl.java:95)
WebAuthn IT (firefox)	Run WebAuthn IT	2024-08-15T15:29:04.5933981Z -- 	at org.jboss.arquillian.core.impl.ManagerImpl.fire(ManagerImpl.java:133)
WebAuthn IT (firefox)	Run WebAuthn IT	2024-08-15T15:29:04.5934736Z -- 	at org.jboss.arquillian.core.impl.ManagerImpl.fire(ManagerImpl.java:105)
WebAuthn IT (firefox)	Run WebAuthn IT	2024-08-15T15:29:04.5935616Z -- 	at org.jboss.arquillian.test.impl.EventTestRunnerAdaptor.before(EventTestRunnerAdaptor.java:115)
WebAuthn IT (firefox)	Run WebAuthn IT	2024-08-15T15:29:04.5936467Z -- 	at org.jboss.arquillian.junit.Arquillian$4.evaluate(Arquillian.java:194)
WebAuthn IT (firefox)	Run WebAuthn IT	2024-08-15T15:29:04.5937324Z -- 	at org.jboss.arquillian.junit.Arquillian.multiExecute(Arquillian.java:344)
WebAuthn IT (firefox)	Run WebAuthn IT	2024-08-15T15:29:04.5938073Z -- 	at org.jboss.arquillian.junit.Arquillian.access$200(Arquillian.java:48)
WebAuthn IT (firefox)	Run WebAuthn IT	2024-08-15T15:29:04.5938785Z -- 	at org.jboss.arquillian.junit.Arquillian$5.evaluate(Arquillian.java:209)
WebAuthn IT (firefox)	Run WebAuthn IT	2024-08-15T15:29:04.5939477Z -- 	at org.jboss.arquillian.junit.Arquillian$7$1.invoke(Arquillian.java:273)
WebAuthn IT (firefox)	Run WebAuthn IT	2024-08-15T15:29:04.5940690Z -- 	at org.jboss.arquillian.container.test.impl.execution.ClientBeforeAfterLifecycleEventExecuter.execute(ClientBeforeAfterLifecycleEventExecuter.java:88)
WebAuthn IT (firefox)	Run WebAuthn IT	2024-08-15T15:29:04.5942326Z -- 	at org.jboss.arquillian.container.test.impl.execution.ClientBeforeAfterLifecycleEventExecuter.on(ClientBeforeAfterLifecycleEventExecuter.java:66)
WebAuthn IT (firefox)	Run WebAuthn IT	2024-08-15T15:29:04.5943642Z -- 	at java.base/jdk.internal.reflect.DirectMethodHandleAccessor.invoke(DirectMethodHandleAccessor.java:103)
WebAuthn IT (firefox)	Run WebAuthn IT	2024-08-15T15:29:04.5944477Z -- 	at java.base/java.lang.reflect.Method.invoke(Method.java:580)
WebAuthn IT (firefox)	Run WebAuthn IT	2024-08-15T15:29:04.5945478Z -- 	at org.jboss.arquillian.core.impl.ObserverImpl.invoke(ObserverImpl.java:86)
WebAuthn IT (firefox)	Run WebAuthn IT	2024-08-15T15:29:04.5946533Z -- 	at org.jboss.arquillian.core.impl.EventContextImpl.invokeObservers(EventContextImpl.java:103)
WebAuthn IT (firefox)	Run WebAuthn IT	2024-08-15T15:29:04.5947459Z -- 	at org.jboss.arquillian.core.impl.EventContextImpl.proceed(EventContextImpl.java:90)
WebAuthn IT (firefox)	Run WebAuthn IT	2024-08-15T15:29:04.5948588Z -- 	at org.jboss.arquillian.container.test.impl.client.ContainerEventController.createContext(ContainerEventController.java:128)
WebAuthn IT (firefox)	Run WebAuthn IT	2024-08-15T15:29:04.5949978Z -- 	at org.jboss.arquillian.container.test.impl.client.ContainerEventController.createBeforeContext(ContainerEventController.java:114)
WebAuthn IT (firefox)	Run WebAuthn IT	2024-08-15T15:29:04.5951222Z -- 	at java.base/jdk.internal.reflect.DirectMethodHandleAccessor.invoke(DirectMethodHandleAccessor.java:103)
WebAuthn IT (firefox)	Run WebAuthn IT	2024-08-15T15:29:04.5952053Z -- 	at java.base/java.lang.reflect.Method.invoke(Method.java:580)
WebAuthn IT (firefox)	Run WebAuthn IT	2024-08-15T15:29:04.5952760Z -- 	at org.jboss.arquillian.core.impl.ObserverImpl.invoke(ObserverImpl.java:86)
WebAuthn IT (firefox)	Run WebAuthn IT	2024-08-15T15:29:04.5953597Z -- 	at org.jboss.arquillian.core.impl.EventContextImpl.proceed(EventContextImpl.java:95)
WebAuthn IT (firefox)	Run WebAuthn IT	2024-08-15T15:29:04.5954571Z -- 	at org.jboss.arquillian.test.impl.TestContextHandler.createTestContext(TestContextHandler.java:116)
WebAuthn IT (firefox)	Run WebAuthn IT	2024-08-15T15:29:04.5955633Z -- 	at java.base/jdk.internal.reflect.DirectMethodHandleAccessor.invoke(DirectMethodHandleAccessor.java:103)
WebAuthn IT (firefox)	Run WebAuthn IT	2024-08-15T15:29:04.5956461Z -- 	at java.base/java.lang.reflect.Method.invoke(Method.java:580)
WebAuthn IT (firefox)	Run WebAuthn IT	2024-08-15T15:29:04.5957154Z -- 	at org.jboss.arquillian.core.impl.ObserverImpl.invoke(ObserverImpl.java:86)
WebAuthn IT (firefox)	Run WebAuthn IT	2024-08-15T15:29:04.5957981Z -- 	at org.jboss.arquillian.core.impl.EventContextImpl.proceed(EventContextImpl.java:95)
WebAuthn IT (firefox)	Run WebAuthn IT	2024-08-15T15:29:04.5958942Z -- 	at org.jboss.arquillian.test.impl.TestContextHandler.createClassContext(TestContextHandler.java:83)
WebAuthn IT (firefox)	Run WebAuthn IT	2024-08-15T15:29:04.5959989Z -- 	at java.base/jdk.internal.reflect.DirectMethodHandleAccessor.invoke(DirectMethodHandleAccessor.java:103)
WebAuthn IT (firefox)	Run WebAuthn IT	2024-08-15T15:29:04.5960825Z -- 	at java.base/java.lang.reflect.Method.invoke(Method.java:580)
WebAuthn IT (firefox)	Run WebAuthn IT	2024-08-15T15:29:04.5961542Z -- 	at org.jboss.arquillian.core.impl.ObserverImpl.invoke(ObserverImpl.java:86)
WebAuthn IT (firefox)	Run WebAuthn IT	2024-08-15T15:29:04.5962396Z -- 	at org.jboss.arquillian.core.impl.EventContextImpl.proceed(EventContextImpl.java:95)
WebAuthn IT (firefox)	Run WebAuthn IT	2024-08-15T15:29:04.5963398Z -- 	at org.jboss.arquillian.test.impl.TestContextHandler.createSuiteContext(TestContextHandler.java:69)
WebAuthn IT (firefox)	Run WebAuthn IT	2024-08-15T15:29:04.5964463Z -- 	at java.base/jdk.internal.reflect.DirectMethodHandleAccessor.invoke(DirectMethodHandleAccessor.java:103)
WebAuthn IT (firefox)	Run WebAuthn IT	2024-08-15T15:29:04.5965290Z -- 	at java.base/java.lang.reflect.Method.invoke(Method.java:580)
WebAuthn IT (firefox)	Run WebAuthn IT	2024-08-15T15:29:04.5965987Z -- 	at org.jboss.arquillian.core.impl.ObserverImpl.invoke(ObserverImpl.java:86)
WebAuthn IT (firefox)	Run WebAuthn IT	2024-08-15T15:29:04.5966817Z -- 	at org.jboss.arquillian.core.impl.EventContextImpl.proceed(EventContextImpl.java:95)
WebAuthn IT (firefox)	Run WebAuthn IT	2024-08-15T15:29:04.5967624Z -- 	at org.jboss.arquillian.core.impl.ManagerImpl.fire(ManagerImpl.java:133)
WebAuthn IT (firefox)	Run WebAuthn IT	2024-08-15T15:29:04.5968372Z -- 	at org.jboss.arquillian.core.impl.ManagerImpl.fire(ManagerImpl.java:105)
WebAuthn IT (firefox)	Run WebAuthn IT	2024-08-15T15:29:04.5969485Z -- 	at org.jboss.arquillian.test.impl.EventTestRunnerAdaptor.fireCustomLifecycle(EventTestRunnerAdaptor.java:159)
WebAuthn IT (firefox)	Run WebAuthn IT	2024-08-15T15:29:04.5970416Z -- 	at org.jboss.arquillian.junit.Arquillian$7.evaluate(Arquillian.java:267)
WebAuthn IT (firefox)	Run WebAuthn IT	2024-08-15T15:29:04.5971214Z -- 	at org.junit.runners.BlockJUnit4ClassRunner$1.evaluate(BlockJUnit4ClassRunner.java:100)
WebAuthn IT (firefox)	Run WebAuthn IT	2024-08-15T15:29:04.5971977Z -- 	at org.junit.runners.ParentRunner.runLeaf(ParentRunner.java:366)
WebAuthn IT (firefox)	Run WebAuthn IT	2024-08-15T15:29:04.5972756Z -- 	at org.junit.runners.BlockJUnit4ClassRunner.runChild(BlockJUnit4ClassRunner.java:103)
WebAuthn IT (firefox)	Run WebAuthn IT	2024-08-15T15:29:04.5973820Z -- 	at org.junit.runners.BlockJUnit4ClassRunner.runChild(BlockJUnit4ClassRunner.java:63)
WebAuthn IT (firefox)	Run WebAuthn IT	2024-08-15T15:29:04.5974758Z -- 	at org.junit.runners.ParentRunner$4.run(ParentRunner.java:331)
WebAuthn IT (firefox)	Run WebAuthn IT	2024-08-15T15:29:04.5975412Z -- 	at org.junit.runners.ParentRunner$1.schedule(ParentRunner.java:79)
WebAuthn IT (firefox)	Run WebAuthn IT	2024-08-15T15:29:04.5976105Z -- 	at org.junit.runners.ParentRunner.runChildren(ParentRunner.java:329)
WebAuthn IT (firefox)	Run WebAuthn IT	2024-08-15T15:29:04.5976943Z -- 	at org.junit.runners.ParentRunner.access$100(ParentRunner.java:66)
WebAuthn IT (firefox)	Run WebAuthn IT	2024-08-15T15:29:04.5977613Z -- 	at org.junit.runners.ParentRunner$2.evaluate(ParentRunner.java:293)
WebAuthn IT (firefox)	Run WebAuthn IT	2024-08-15T15:29:04.5978306Z -- 	at org.jboss.arquillian.junit.Arquillian$2.evaluate(Arquillian.java:160)
WebAuthn IT (firefox)	Run WebAuthn IT	2024-08-15T15:29:04.5979049Z -- 	at org.jboss.arquillian.junit.Arquillian.multiExecute(Arquillian.java:344)
WebAuthn IT (firefox)	Run WebAuthn IT	2024-08-15T15:29:04.5979788Z -- 	at org.jboss.arquillian.junit.Arquillian.access$200(Arquillian.java:48)
WebAuthn IT (firefox)	Run WebAuthn IT	2024-08-15T15:29:04.5980506Z -- 	at org.jboss.arquillian.junit.Arquillian$3.evaluate(Arquillian.java:171)
WebAuthn IT (firefox)	Run WebAuthn IT	2024-08-15T15:29:04.5981216Z -- 	at org.junit.rules.ExternalResource$1.evaluate(ExternalResource.java:54)
WebAuthn IT (firefox)	Run WebAuthn IT	2024-08-15T15:29:04.5981848Z -- 	at org.junit.rules.RunRules.evaluate(RunRules.java:20)
WebAuthn IT (firefox)	Run WebAuthn IT	2024-08-15T15:29:04.5982466Z -- 	at org.junit.runners.ParentRunner$3.evaluate(ParentRunner.java:306)
WebAuthn IT (firefox)	Run WebAuthn IT	2024-08-15T15:29:04.5983114Z -- 	at org.junit.runners.ParentRunner.run(ParentRunner.java:413)
WebAuthn IT (firefox)	Run WebAuthn IT	2024-08-15T15:29:04.5983766Z -- 	at org.jboss.arquillian.junit.Arquillian.run(Arquillian.java:109)
WebAuthn IT (firefox)	Run WebAuthn IT	2024-08-15T15:29:04.5984841Z -- 	at org.apache.maven.surefire.junit4.JUnit4Provider.execute(JUnit4Provider.java:377)
WebAuthn IT (firefox)	Run WebAuthn IT	2024-08-15T15:29:04.5985805Z -- 	at org.apache.maven.surefire.junit4.JUnit4Provider.executeWithRerun(JUnit4Provider.java:284)
WebAuthn IT (firefox)	Run WebAuthn IT	2024-08-15T15:29:04.5986764Z -- 	at org.apache.maven.surefire.junit4.JUnit4Provider.executeTestSet(JUnit4Provider.java:248)
WebAuthn IT (firefox)	Run WebAuthn IT	2024-08-15T15:29:04.5987654Z -- 	at org.apache.maven.surefire.junit4.JUnit4Provider.invoke(JUnit4Provider.java:167)
WebAuthn IT (firefox)	Run WebAuthn IT	2024-08-15T15:29:04.5988560Z -- 	at org.apache.maven.surefire.booter.ForkedBooter.runSuitesInProcess(ForkedBooter.java:456)
WebAuthn IT (firefox)	Run WebAuthn IT	2024-08-15T15:29:04.5989441Z -- 	at org.apache.maven.surefire.booter.ForkedBooter.execute(ForkedBooter.java:169)
WebAuthn IT (firefox)	Run WebAuthn IT	2024-08-15T15:29:04.5990247Z -- 	at org.apache.maven.surefire.booter.ForkedBooter.run(ForkedBooter.java:595)
WebAuthn IT (firefox)	Run WebAuthn IT	2024-08-15T15:29:04.5991031Z -- 	at org.apache.maven.surefire.booter.ForkedBooter.main(ForkedBooter.java:581)
WebAuthn IT (firefox)	Run WebAuthn IT	2024-08-15T15:29:04.5991570Z -- 
WebAuthn IT (firefox)	Run WebAuthn IT	2024-08-15T15:29:04.5991994Z [INFO] Running org.keycloak.testsuite.webauthn.account.WebAuthnSigningInTest
WebAuthn IT (firefox)	Run WebAuthn IT	2024-08-15T15:29:48.1875228Z [WARNING] Tests run: 13, Failures: 0, Errors: 0, Skipped: 9, Time elapsed: 43.597 s - in org.keycloak.testsuite.webauthn.account.WebAuthnSigningInTest
WebAuthn IT (firefox)	Run WebAuthn IT	2024-08-15T15:29:48.1890378Z [INFO] Running org.keycloak.testsuite.webauthn.account.WebAuthnTransportLocaleTest
WebAuthn IT (firefox)	Run WebAuthn IT	2024-08-15T15:29:55.3785458Z [WARNING] Tests run: 5, Failures: 0, Errors: 0, Skipped: 5, Time elapsed: 7.176 s - in org.keycloak.testsuite.webauthn.account.WebAuthnTransportLocaleTest
WebAuthn IT (firefox)	Run WebAuthn IT	2024-08-15T15:29:55.3787882Z [INFO] Running org.keycloak.testsuite.webauthn.passwordless.AppInitiatedActionPwdLessTest
WebAuthn IT (firefox)	Run WebAuthn IT	2024-08-15T15:30:10.0550747Z [WARNING] Tests run: 3, Failures: 0, Errors: 0, Skipped: 2, Time elapsed: 14.664 s - in org.keycloak.testsuite.webauthn.passwordless.AppInitiatedActionPwdLessTest
WebAuthn IT (firefox)	Run WebAuthn IT	2024-08-15T15:30:10.0560729Z [INFO] Running org.keycloak.testsuite.webauthn.passwordless.WebAuthnPwdLessPropertyTest
WebAuthn IT (firefox)	Run WebAuthn IT	2024-08-15T15:30:12.3320736Z [WARNING] Tests run: 4, Failures: 0, Errors: 0, Skipped: 4, Time elapsed: 2.264 s - in org.keycloak.testsuite.webauthn.passwordless.WebAuthnPwdLessPropertyTest
WebAuthn IT (firefox)	Run WebAuthn IT	2024-08-15T15:30:12.3331044Z [INFO] Running org.keycloak.testsuite.webauthn.registration.AttestationConveyanceRegisterTest
WebAuthn IT (firefox)	Run WebAuthn IT	2024-08-15T15:30:14.4825894Z [WARNING] Tests run: 4, Failures: 0, Errors: 0, Skipped: 4, Time elapsed: 2.139 s - in org.keycloak.testsuite.webauthn.registration.AttestationConveyanceRegisterTest
WebAuthn IT (firefox)	Run WebAuthn IT	2024-08-15T15:30:14.4828474Z [INFO] Running org.keycloak.testsuite.webauthn.registration.AuthAttachmentRegisterTest
WebAuthn IT (firefox)	Run WebAuthn IT	2024-08-15T15:30:16.7901395Z [WARNING] Tests run: 4, Failures: 0, Errors: 0, Skipped: 4, Time elapsed: 2.292 s - in org.keycloak.testsuite.webauthn.registration.AuthAttachmentRegisterTest
WebAuthn IT (firefox)	Run WebAuthn IT	2024-08-15T15:30:16.7905050Z [INFO] Running org.keycloak.testsuite.webauthn.registration.PolicyJsInjectionTest
WebAuthn IT (firefox)	Run WebAuthn IT	2024-08-15T15:30:25.6848867Z [WARNING] Tests run: 7, Failures: 0, Errors: 0, Skipped: 6, Time elapsed: 8.879 s - in org.keycloak.testsuite.webauthn.registration.PolicyJsInjectionTest
WebAuthn IT (firefox)	Run WebAuthn IT	2024-08-15T15:30:25.6851442Z [INFO] Running org.keycloak.testsuite.webauthn.registration.PubKeySignRegisterTest
WebAuthn IT (firefox)	Run WebAuthn IT	2024-08-15T15:30:28.0726210Z [WARNING] Tests run: 6, Failures: 0, Errors: 0, Skipped: 6, Time elapsed: 2.376 s - in org.keycloak.testsuite.webauthn.registration.PubKeySignRegisterTest
WebAuthn IT (firefox)	Run WebAuthn IT	2024-08-15T15:30:28.0745045Z [INFO] Running org.keycloak.testsuite.webauthn.registration.ResidentKeyRegisterTest
WebAuthn IT (firefox)	Run WebAuthn IT	2024-08-15T15:30:30.3892839Z [WARNING] Tests run: 4, Failures: 0, Errors: 0, Skipped: 4, Time elapsed: 2.3 s - in org.keycloak.testsuite.webauthn.registration.ResidentKeyRegisterTest
WebAuthn IT (firefox)	Run WebAuthn IT	2024-08-15T15:30:30.3894862Z [INFO] Running org.keycloak.testsuite.webauthn.registration.UserVerificationRegisterTest
WebAuthn IT (firefox)	Run WebAuthn IT	2024-08-15T15:30:32.9649321Z [WARNING] Tests run: 9, Failures: 0, Errors: 0, Skipped: 9, Time elapsed: 2.561 s - in org.keycloak.testsuite.webauthn.registration.UserVerificationRegisterTest
WebAuthn IT (firefox)	Run WebAuthn IT	2024-08-15T15:30:32.9652609Z [INFO] Running org.keycloak.testsuite.webauthn.registration.WebAuthnOtherSettingsTest
WebAuthn IT (firefox)	Run WebAuthn IT	2024-08-15T15:30:37.2309022Z [WARNING] Tests run: 4, Failures: 0, Errors: 0, Skipped: 3, Time elapsed: 4.251 s - in org.keycloak.testsuite.webauthn.registration.WebAuthnOtherSettingsTest
WebAuthn IT (firefox)	Run WebAuthn IT	2024-08-15T15:30:37.2311868Z [INFO] Running org.keycloak.testsuite.webauthn.registration.passwordless.PwdLessAttestationRegTest
WebAuthn IT (firefox)	Run WebAuthn IT	2024-08-15T15:30:39.3322694Z [WARNING] Tests run: 4, Failures: 0, Errors: 0, Skipped: 4, Time elapsed: 2.088 s - in org.keycloak.testsuite.webauthn.registration.passwordless.PwdLessAttestationRegTest
WebAuthn IT (firefox)	Run WebAuthn IT	2024-08-15T15:30:39.3325407Z [INFO] Running org.keycloak.testsuite.webauthn.registration.passwordless.PwdLessAuthAttachmentRegTest
WebAuthn IT (firefox)	Run WebAuthn IT	2024-08-15T15:30:41.5596242Z [WARNING] Tests run: 4, Failures: 0, Errors: 0, Skipped: 4, Time elapsed: 2.214 s - in org.keycloak.testsuite.webauthn.registration.passwordless.PwdLessAuthAttachmentRegTest
WebAuthn IT (firefox)	Run WebAuthn IT	2024-08-15T15:30:41.5598909Z [INFO] Running org.keycloak.testsuite.webauthn.registration.passwordless.PwdLessOtherSettingsTest
WebAuthn IT (firefox)	Run WebAuthn IT	2024-08-15T15:30:45.9034593Z [WARNING] Tests run: 4, Failures: 0, Errors: 0, Skipped: 3, Time elapsed: 4.332 s - in org.keycloak.testsuite.webauthn.registration.passwordless.PwdLessOtherSettingsTest
WebAuthn IT (firefox)	Run WebAuthn IT	2024-08-15T15:30:45.9038231Z [INFO] Running org.keycloak.testsuite.webauthn.registration.passwordless.PwdLessPolicyJsInjectionTest
WebAuthn IT (firefox)	Run WebAuthn IT	2024-08-15T15:30:54.3671882Z [WARNING] Tests run: 7, Failures: 0, Errors: 0, Skipped: 6, Time elapsed: 8.45 s - in org.keycloak.testsuite.webauthn.registration.passwordless.PwdLessPolicyJsInjectionTest
WebAuthn IT (firefox)	Run WebAuthn IT	2024-08-15T15:30:54.3678912Z [INFO] Running org.keycloak.testsuite.webauthn.registration.passwordless.PwdLessPubKeySignRegTest
WebAuthn IT (firefox)	Run WebAuthn IT	2024-08-15T15:30:56.7461916Z [WARNING] Tests run: 6, Failures: 0, Errors: 0, Skipped: 6, Time elapsed: 2.363 s - in org.keycloak.testsuite.webauthn.registration.passwordless.PwdLessPubKeySignRegTest
WebAuthn IT (firefox)	Run WebAuthn IT	2024-08-15T15:30:56.7466834Z [INFO] Running org.keycloak.testsuite.webauthn.registration.passwordless.PwdLessResidentKeyRegTest
WebAuthn IT (firefox)	Run WebAuthn IT	2024-08-15T15:30:59.0674705Z [WARNING] Tests run: 4, Failures: 0, Errors: 0, Skipped: 4, Time elapsed: 2.309 s - in org.keycloak.testsuite.webauthn.registration.passwordless.PwdLessResidentKeyRegTest
WebAuthn IT (firefox)	Run WebAuthn IT	2024-08-15T15:30:59.0687518Z [INFO] Running org.keycloak.testsuite.webauthn.registration.passwordless.PwdLessUserVerRegTest
WebAuthn IT (firefox)	Run WebAuthn IT	2024-08-15T15:31:01.6134391Z [WARNING] Tests run: 9, Failures: 0, Errors: 0, Skipped: 9, Time elapsed: 2.536 s - in org.keycloak.testsuite.webauthn.registration.passwordless.PwdLessUserVerRegTest
WebAuthn IT (firefox)	Run WebAuthn IT	2024-08-15T15:31:01.9519585Z -- [INFO] 
WebAuthn IT (firefox)	Run WebAuthn IT	2024-08-15T15:31:01.9524974Z -- [INFO] Results:
WebAuthn IT (firefox)	Run WebAuthn IT	2024-08-15T15:31:01.9525820Z -- [INFO] 
WebAuthn IT (firefox)	Run WebAuthn IT	2024-08-15T15:31:01.9526315Z -- [ERROR] Failures: 
WebAuthn IT (firefox)	Run WebAuthn IT	2024-08-15T15:31:01.9529937Z -- [ERROR] org.keycloak.testsuite.webauthn.account.WebAuthnErrorTest.errorPageWithTimeout
WebAuthn IT (firefox)	Run WebAuthn IT	2024-08-15T15:31:01.9534706Z -- [ERROR]   Run 1: WebAuthnErrorTest>AbstractWebAuthnAccountTest.navigateBeforeTest:110->AbstractWebAuthnAccountTest.loginToAccount:161 Expected OIDCLogin but was Account Management (https://localhost:8543/auth/realms/test/account/account-security/signing-in)
WebAuthn IT (firefox)	Run WebAuthn IT	2024-08-15T15:31:01.9538086Z -- [INFO]   Run 2: PASS
WebAuthn IT (firefox)	Run WebAuthn IT	2024-08-15T15:31:01.9538567Z -- [INFO] 
WebAuthn IT (firefox)	Run WebAuthn IT	2024-08-15T15:31:01.9538954Z -- [INFO] 
WebAuthn IT (firefox)	Run WebAuthn IT	2024-08-15T15:31:01.9539586Z -- [ERROR] Tests run: 126, Failures: 1, Errors: 0, Skipped: 112
WebAuthn IT (firefox)	Run WebAuthn IT	2024-08-15T15:31:01.9541575Z -- [INFO] 
WebAuthn IT (firefox)	Run WebAuthn IT	2024-08-15T15:31:01.9552944Z -- [INFO] ------------------------------------------------------------------------
WebAuthn IT (firefox)	Run WebAuthn IT	2024-08-15T15:31:01.9553765Z -- [INFO] BUILD FAILURE
WebAuthn IT (firefox)	Run WebAuthn IT	2024-08-15T15:31:01.9554242Z -- [INFO] ------------------------------------------------------------------------
WebAuthn IT (firefox)	Run WebAuthn IT	2024-08-15T15:31:01.9555133Z -- [INFO] Total time:  03:39 min
WebAuthn IT (firefox)	Run WebAuthn IT	2024-08-15T15:31:01.9557502Z -- [INFO] Finished at: 2024-08-15T15:31:01Z
WebAuthn IT (firefox)	Run WebAuthn IT	2024-08-15T15:31:01.9558807Z -- [INFO] ------------------------------------------------------------------------
WebAuthn IT (firefox)	Run WebAuthn IT	2024-08-15T15:31:01.9565252Z -- [ERROR] Failed to execute goal org.apache.maven.plugins:maven-surefire-plugin:3.0.0-M7:test (default-test) on project integration-arquillian-tests-base: There are test failures.
WebAuthn IT (firefox)	Run WebAuthn IT	2024-08-15T15:31:01.9567383Z -- [ERROR] 
WebAuthn IT (firefox)	Run WebAuthn IT	2024-08-15T15:31:01.9569436Z -- [ERROR] Please refer to /home/runner/work/keycloak/keycloak/testsuite/integration-arquillian/tests/base/target/surefire-reports for the individual test results.
WebAuthn IT (firefox)	Run WebAuthn IT	2024-08-15T15:31:01.9577071Z -- [ERROR] Please refer to dump files (if any exist) [date].dump, [date]-jvmRun[N].dump and [date].dumpstream.
WebAuthn IT (firefox)	Run WebAuthn IT	2024-08-15T15:31:01.9578244Z -- [ERROR] -> [Help 1]
WebAuthn IT (firefox)	Run WebAuthn IT	2024-08-15T15:31:01.9578721Z -- [ERROR] 
WebAuthn IT (firefox)	Run WebAuthn IT	2024-08-15T15:31:01.9579553Z -- [ERROR] To see the full stack trace of the errors, re-run Maven with the -e switch.
WebAuthn IT (firefox)	Run WebAuthn IT	2024-08-15T15:31:01.9580788Z -- [ERROR] Re-run Maven using the -X switch to enable full debug logging.
WebAuthn IT (firefox)	Run WebAuthn IT	2024-08-15T15:31:01.9581605Z -- [ERROR] 
WebAuthn IT (firefox)	Run WebAuthn IT	2024-08-15T15:31:01.9582498Z -- [ERROR] For more information about the errors and possible solutions, please read the following articles:
WebAuthn IT (firefox)	Run WebAuthn IT	2024-08-15T15:31:01.9583420Z -- [ERROR] [Help 1] http://cwiki.apache.org/confluence/display/MAVEN/MojoFailureException
WebAuthn IT (firefox)	Run WebAuthn IT	2024-08-15T15:31:01.9928071Z ##[error]Process completed with exit code 1.
Status Check - Keycloak CI	Run /./.github/actions/status-check	2024-08-15T16:05:03.3298410Z Prepare all required actions
Status Check - Keycloak CI	Run /./.github/actions/status-check	2024-08-15T16:05:03.3396374Z ##[group]Run ./.github/actions/status-check
Status Check - Keycloak CI	Run /./.github/actions/status-check	2024-08-15T16:05:03.3396964Z with:
Status Check - Keycloak CI	Run /./.github/actions/status-check	2024-08-15T16:05:03.3401743Z   jobs: {
Status Check - Keycloak CI	Run /./.github/actions/status-check	  "conditional": {
Status Check - Keycloak CI	Run /./.github/actions/status-check	    "result": "success",
Status Check - Keycloak CI	Run /./.github/actions/status-check	    "outputs": {
Status Check - Keycloak CI	Run /./.github/actions/status-check	      "ci": "true",
Status Check - Keycloak CI	Run /./.github/actions/status-check	      "ci-aurora": "false",
Status Check - Keycloak CI	Run /./.github/actions/status-check	      "ci-quarkus": "false",
Status Check - Keycloak CI	Run /./.github/actions/status-check	      "ci-sssd": "false",
Status Check - Keycloak CI	Run /./.github/actions/status-check	      "ci-store": "true",
Status Check - Keycloak CI	Run /./.github/actions/status-check	      "ci-test-poc": "false",
Status Check - Keycloak CI	Run /./.github/actions/status-check	      "ci-webauthn": "true"
Status Check - Keycloak CI	Run /./.github/actions/status-check	    }
Status Check - Keycloak CI	Run /./.github/actions/status-check	  },
Status Check - Keycloak CI	Run /./.github/actions/status-check	  "build": {
Status Check - Keycloak CI	Run /./.github/actions/status-check	    "result": "success",
Status Check - Keycloak CI	Run /./.github/actions/status-check	    "outputs": {}
Status Check - Keycloak CI	Run /./.github/actions/status-check	  },
Status Check - Keycloak CI	Run /./.github/actions/status-check	  "unit-tests": {
Status Check - Keycloak CI	Run /./.github/actions/status-check	    "result": "success",
Status Check - Keycloak CI	Run /./.github/actions/status-check	    "outputs": {}
Status Check - Keycloak CI	Run /./.github/actions/status-check	  },
Status Check - Keycloak CI	Run /./.github/actions/status-check	  "base-integration-tests": {
Status Check - Keycloak CI	Run /./.github/actions/status-check	    "result": "success",
Status Check - Keycloak CI	Run /./.github/actions/status-check	    "outputs": {}
Status Check - Keycloak CI	Run /./.github/actions/status-check	  },
Status Check - Keycloak CI	Run /./.github/actions/status-check	  "adapter-integration-tests": {
Status Check - Keycloak CI	Run /./.github/actions/status-check	    "result": "success",
Status Check - Keycloak CI	Run /./.github/actions/status-check	    "outputs": {}
Status Check - Keycloak CI	Run /./.github/actions/status-check	  },
Status Check - Keycloak CI	Run /./.github/actions/status-check	  "quarkus-unit-tests": {
Status Check - Keycloak CI	Run /./.github/actions/status-check	    "result": "skipped",
Status Check - Keycloak CI	Run /./.github/actions/status-check	    "outputs": {}
Status Check - Keycloak CI	Run /./.github/actions/status-check	  },
Status Check - Keycloak CI	Run /./.github/actions/status-check	  "quarkus-integration-tests": {
Status Check - Keycloak CI	Run /./.github/actions/status-check	    "result": "success",
Status Check - Keycloak CI	Run /./.github/actions/status-check	    "outputs": {}
Status Check - Keycloak CI	Run /./.github/actions/status-check	  },
Status Check - Keycloak CI	Run /./.github/actions/status-check	  "jdk-integration-tests": {
Status Check - Keycloak CI	Run /./.github/actions/status-check	    "result": "success",
Status Check - Keycloak CI	Run /./.github/actions/status-check	    "outputs": {}
Status Check - Keycloak CI	Run /./.github/actions/status-check	  },
Status Check - Keycloak CI	Run /./.github/actions/status-check	  "store-integration-tests": {
Status Check - Keycloak CI	Run /./.github/actions/status-check	    "result": "success",
Status Check - Keycloak CI	Run /./.github/actions/status-check	    "outputs": {}
Status Check - Keycloak CI	Run /./.github/actions/status-check	  },
Status Check - Keycloak CI	Run /./.github/actions/status-check	  "persistent-sessions-tests": {
Status Check - Keycloak CI	Run /./.github/actions/status-check	    "result": "success",
Status Check - Keycloak CI	Run /./.github/actions/status-check	    "outputs": {}
Status Check - Keycloak CI	Run /./.github/actions/status-check	  },
Status Check - Keycloak CI	Run /./.github/actions/status-check	  "store-model-tests": {
Status Check - Keycloak CI	Run /./.github/actions/status-check	    "result": "success",
Status Check - Keycloak CI	Run /./.github/actions/status-check	    "outputs": {}
Status Check - Keycloak CI	Run /./.github/actions/status-check	  },
Status Check - Keycloak CI	Run /./.github/actions/status-check	  "clustering-integration-tests": {
Status Check - Keycloak CI	Run /./.github/actions/status-check	    "result": "success",
Status Check - Keycloak CI	Run /./.github/actions/status-check	    "outputs": {}
Status Check - Keycloak CI	Run /./.github/actions/status-check	  },
Status Check - Keycloak CI	Run /./.github/actions/status-check	  "fips-unit-tests": {
Status Check - Keycloak CI	Run /./.github/actions/status-check	    "result": "success",
Status Check - Keycloak CI	Run /./.github/actions/status-check	    "outputs": {}
Status Check - Keycloak CI	Run /./.github/actions/status-check	  },
Status Check - Keycloak CI	Run /./.github/actions/status-check	  "fips-integration-tests": {
Status Check - Keycloak CI	Run /./.github/actions/status-check	    "result": "success",
Status Check - Keycloak CI	Run /./.github/actions/status-check	    "outputs": {}
Status Check - Keycloak CI	Run /./.github/actions/status-check	  },
Status Check - Keycloak CI	Run /./.github/actions/status-check	  "forms-integration-tests": {
Status Check - Keycloak CI	Run /./.github/actions/status-check	    "result": "success",
Status Check - Keycloak CI	Run /./.github/actions/status-check	    "outputs": {}
Status Check - Keycloak CI	Run /./.github/actions/status-check	  },
Status Check - Keycloak CI	Run /./.github/actions/status-check	  "webauthn-integration-tests": {
Status Check - Keycloak CI	Run /./.github/actions/status-check	    "result": "failure",
Status Check - Keycloak CI	Run /./.github/actions/status-check	    "outputs": {}
Status Check - Keycloak CI	Run /./.github/actions/status-check	  },
Status Check - Keycloak CI	Run /./.github/actions/status-check	  "sssd-unit-tests": {
Status Check - Keycloak CI	Run /./.github/actions/status-check	    "result": "skipped",
Status Check - Keycloak CI	Run /./.github/actions/status-check	    "outputs": {}
Status Check - Keycloak CI	Run /./.github/actions/status-check	  },
Status Check - Keycloak CI	Run /./.github/actions/status-check	  "migration-tests": {
Status Check - Keycloak CI	Run /./.github/actions/status-check	    "result": "success",
Status Check - Keycloak CI	Run /./.github/actions/status-check	    "outputs": {}
Status Check - Keycloak CI	Run /./.github/actions/status-check	  },
Status Check - Keycloak CI	Run /./.github/actions/status-check	  "external-infinispan-tests": {
Status Check - Keycloak CI	Run /./.github/actions/status-check	    "result": "success",
Status Check - Keycloak CI	Run /./.github/actions/status-check	    "outputs": {}
Status Check - Keycloak CI	Run /./.github/actions/status-check	  },
Status Check - Keycloak CI	Run /./.github/actions/status-check	  "test-poc": {
Status Check - Keycloak CI	Run /./.github/actions/status-check	    "result": "skipped",
Status Check - Keycloak CI	Run /./.github/actions/status-check	    "outputs": {}
Status Check - Keycloak CI	Run /./.github/actions/status-check	  }
Status Check - Keycloak CI	Run /./.github/actions/status-check	}
Status Check - Keycloak CI	Run /./.github/actions/status-check	2024-08-15T16:05:03.3407097Z env:
Status Check - Keycloak CI	Run /./.github/actions/status-check	2024-08-15T16:05:03.3407524Z   MAVEN_ARGS: -B -nsu -Daether.connector.http.connectionMaxTtl=25
Status Check - Keycloak CI	Run /./.github/actions/status-check	2024-08-15T16:05:03.3408152Z   SUREFIRE_RERUN_FAILING_COUNT: 2
Status Check - Keycloak CI	Run /./.github/actions/status-check	2024-08-15T16:05:03.3408652Z   SUREFIRE_RETRY: -Dsurefire.rerunFailingTestsCount=2
Status Check - Keycloak CI	Run /./.github/actions/status-check	2024-08-15T16:05:03.3409091Z ##[endgroup]
Status Check - Keycloak CI	Run /./.github/actions/status-check	2024-08-15T16:05:03.3672874Z ##[group]Run JOBS='{
Status Check - Keycloak CI	Run /./.github/actions/status-check	2024-08-15T16:05:03.3673882Z [36;1mJOBS='{[0m
Status Check - Keycloak CI	Run /./.github/actions/status-check	2024-08-15T16:05:03.3674269Z [36;1m  "conditional": {[0m
Status Check - Keycloak CI	Run /./.github/actions/status-check	2024-08-15T16:05:03.3674631Z [36;1m    "result": "success",[0m
Status Check - Keycloak CI	Run /./.github/actions/status-check	2024-08-15T16:05:03.3675204Z [36;1m    "outputs": {[0m
Status Check - Keycloak CI	Run /./.github/actions/status-check	2024-08-15T16:05:03.3675588Z [36;1m      "ci": "true",[0m
Status Check - Keycloak CI	Run /./.github/actions/status-check	2024-08-15T16:05:03.3675936Z [36;1m      "ci-aurora": "false",[0m
Status Check - Keycloak CI	Run /./.github/actions/status-check	2024-08-15T16:05:03.3676430Z [36;1m      "ci-quarkus": "false",[0m
Status Check - Keycloak CI	Run /./.github/actions/status-check	2024-08-15T16:05:03.3676857Z [36;1m      "ci-sssd": "false",[0m
Status Check - Keycloak CI	Run /./.github/actions/status-check	2024-08-15T16:05:03.3677237Z [36;1m      "ci-store": "true",[0m
Status Check - Keycloak CI	Run /./.github/actions/status-check	2024-08-15T16:05:03.3677714Z [36;1m      "ci-test-poc": "false",[0m
Status Check - Keycloak CI	Run /./.github/actions/status-check	2024-08-15T16:05:03.3678133Z [36;1m      "ci-webauthn": "true"[0m
Status Check - Keycloak CI	Run /./.github/actions/status-check	2024-08-15T16:05:03.3678503Z [36;1m    }[0m
Status Check - Keycloak CI	Run /./.github/actions/status-check	2024-08-15T16:05:03.3678902Z [36;1m  },[0m
Status Check - Keycloak CI	Run /./.github/actions/status-check	2024-08-15T16:05:03.3679214Z [36;1m  "build": {[0m
Status Check - Keycloak CI	Run /./.github/actions/status-check	2024-08-15T16:05:03.3679561Z [36;1m    "result": "success",[0m
Status Check - Keycloak CI	Run /./.github/actions/status-check	2024-08-15T16:05:03.3680082Z [36;1m    "outputs": {}[0m
Status Check - Keycloak CI	Run /./.github/actions/status-check	2024-08-15T16:05:03.3680437Z [36;1m  },[0m
Status Check - Keycloak CI	Run /./.github/actions/status-check	2024-08-15T16:05:03.3680734Z [36;1m  "unit-tests": {[0m
Status Check - Keycloak CI	Run /./.github/actions/status-check	2024-08-15T16:05:03.3681166Z [36;1m    "result": "success",[0m
Status Check - Keycloak CI	Run /./.github/actions/status-check	2024-08-15T16:05:03.3681567Z [36;1m    "outputs": {}[0m
Status Check - Keycloak CI	Run /./.github/actions/status-check	2024-08-15T16:05:03.3681910Z [36;1m  },[0m
Status Check - Keycloak CI	Run /./.github/actions/status-check	2024-08-15T16:05:03.3682323Z [36;1m  "base-integration-tests": {[0m
Status Check - Keycloak CI	Run /./.github/actions/status-check	2024-08-15T16:05:03.3682768Z [36;1m    "result": "success",[0m
Status Check - Keycloak CI	Run /./.github/actions/status-check	2024-08-15T16:05:03.3683125Z [36;1m    "outputs": {}[0m
Status Check - Keycloak CI	Run /./.github/actions/status-check	2024-08-15T16:05:03.3683818Z [36;1m  },[0m
Status Check - Keycloak CI	Run /./.github/actions/status-check	2024-08-15T16:05:03.3684202Z [36;1m  "adapter-integration-tests": {[0m
Status Check - Keycloak CI	Run /./.github/actions/status-check	2024-08-15T16:05:03.3684609Z [36;1m    "result": "success",[0m
Status Check - Keycloak CI	Run /./.github/actions/status-check	2024-08-15T16:05:03.3685137Z [36;1m    "outputs": {}[0m
Status Check - Keycloak CI	Run /./.github/actions/status-check	2024-08-15T16:05:03.3685504Z [36;1m  },[0m
Status Check - Keycloak CI	Run /./.github/actions/status-check	2024-08-15T16:05:03.3685796Z [36;1m  "quarkus-unit-tests": {[0m
Status Check - Keycloak CI	Run /./.github/actions/status-check	2024-08-15T16:05:03.3686291Z [36;1m    "result": "skipped",[0m
Status Check - Keycloak CI	Run /./.github/actions/status-check	2024-08-15T16:05:03.3686912Z [36;1m    "outputs": {}[0m
Status Check - Keycloak CI	Run /./.github/actions/status-check	2024-08-15T16:05:03.3687224Z [36;1m  },[0m
Status Check - Keycloak CI	Run /./.github/actions/status-check	2024-08-15T16:05:03.3687671Z [36;1m  "quarkus-integration-tests": {[0m
Status Check - Keycloak CI	Run /./.github/actions/status-check	2024-08-15T16:05:03.3688102Z [36;1m    "result": "success",[0m
Status Check - Keycloak CI	Run /./.github/actions/status-check	2024-08-15T16:05:03.3688564Z [36;1m    "outputs": {}[0m
Status Check - Keycloak CI	Run /./.github/actions/status-check	2024-08-15T16:05:03.3688881Z [36;1m  },[0m
Status Check - Keycloak CI	Run /./.github/actions/status-check	2024-08-15T16:05:03.3689213Z [36;1m  "jdk-integration-tests": {[0m
Status Check - Keycloak CI	Run /./.github/actions/status-check	2024-08-15T16:05:03.3689780Z [36;1m    "result": "success",[0m
Status Check - Keycloak CI	Run /./.github/actions/status-check	2024-08-15T16:05:03.3690133Z [36;1m    "outputs": {}[0m
Status Check - Keycloak CI	Run /./.github/actions/status-check	2024-08-15T16:05:03.3690482Z [36;1m  },[0m
Status Check - Keycloak CI	Run /./.github/actions/status-check	2024-08-15T16:05:03.3690930Z [36;1m  "store-integration-tests": {[0m
Status Check - Keycloak CI	Run /./.github/actions/status-check	2024-08-15T16:05:03.3691327Z [36;1m    "result": "success",[0m
Status Check - Keycloak CI	Run /./.github/actions/status-check	2024-08-15T16:05:03.3691713Z [36;1m    "outputs": {}[0m
Status Check - Keycloak CI	Run /./.github/actions/status-check	2024-08-15T16:05:03.3692136Z [36;1m  },[0m
Status Check - Keycloak CI	Run /./.github/actions/status-check	2024-08-15T16:05:03.3692452Z [36;1m  "persistent-sessions-tests": {[0m
Status Check - Keycloak CI	Run /./.github/actions/status-check	2024-08-15T16:05:03.3692884Z [36;1m    "result": "success",[0m
Status Check - Keycloak CI	Run /./.github/actions/status-check	2024-08-15T16:05:03.3693352Z [36;1m    "outputs": {}[0m
Status Check - Keycloak CI	Run /./.github/actions/status-check	2024-08-15T16:05:03.3693706Z [36;1m  },[0m
Status Check - Keycloak CI	Run /./.github/actions/status-check	2024-08-15T16:05:03.3693994Z [36;1m  "store-model-tests": {[0m
Status Check - Keycloak CI	Run /./.github/actions/status-check	2024-08-15T16:05:03.3694542Z [36;1m    "result": "success",[0m
Status Check - Keycloak CI	Run /./.github/actions/status-check	2024-08-15T16:05:03.3694928Z [36;1m    "outputs": {}[0m
Status Check - Keycloak CI	Run /./.github/actions/status-check	2024-08-15T16:05:03.3695256Z [36;1m  },[0m
Status Check - Keycloak CI	Run /./.github/actions/status-check	2024-08-15T16:05:03.3695673Z [36;1m  "clustering-integration-tests": {[0m
Status Check - Keycloak CI	Run /./.github/actions/status-check	2024-08-15T16:05:03.3696115Z [36;1m    "result": "success",[0m
Status Check - Keycloak CI	Run /./.github/actions/status-check	2024-08-15T16:05:03.3696476Z [36;1m    "outputs": {}[0m
Status Check - Keycloak CI	Run /./.github/actions/status-check	2024-08-15T16:05:03.3696882Z [36;1m  },[0m
Status Check - Keycloak CI	Run /./.github/actions/status-check	2024-08-15T16:05:03.3697206Z [36;1m  "fips-unit-tests": {[0m
Status Check - Keycloak CI	Run /./.github/actions/status-check	2024-08-15T16:05:03.3697576Z [36;1m    "result": "success",[0m
Status Check - Keycloak CI	Run /./.github/actions/status-check	2024-08-15T16:05:03.3698020Z [36;1m    "outputs": {}[0m
Status Check - Keycloak CI	Run /./.github/actions/status-check	2024-08-15T16:05:03.3698365Z [36;1m  },[0m
Status Check - Keycloak CI	Run /./.github/actions/status-check	2024-08-15T16:05:03.3698680Z [36;1m  "fips-integration-tests": {[0m
Status Check - Keycloak CI	Run /./.github/actions/status-check	2024-08-15T16:05:03.3699219Z [36;1m    "result": "success",[0m
Status Check - Keycloak CI	Run /./.github/actions/status-check	2024-08-15T16:05:03.3699618Z [36;1m    "outputs": {}[0m
Status Check - Keycloak CI	Run /./.github/actions/status-check	2024-08-15T16:05:03.3699922Z [36;1m  },[0m
Status Check - Keycloak CI	Run /./.github/actions/status-check	2024-08-15T16:05:03.3700322Z [36;1m  "forms-integration-tests": {[0m
Status Check - Keycloak CI	Run /./.github/actions/status-check	2024-08-15T16:05:03.3700759Z [36;1m    "result": "success",[0m
Status Check - Keycloak CI	Run /./.github/actions/status-check	2024-08-15T16:05:03.3701101Z [36;1m    "outputs": {}[0m
Status Check - Keycloak CI	Run /./.github/actions/status-check	2024-08-15T16:05:03.3701499Z [36;1m  },[0m
Status Check - Keycloak CI	Run /./.github/actions/status-check	2024-08-15T16:05:03.3701867Z [36;1m  "webauthn-integration-tests": {[0m
Status Check - Keycloak CI	Run /./.github/actions/status-check	2024-08-15T16:05:03.3702266Z [36;1m    "result": "failure",[0m
Status Check - Keycloak CI	Run /./.github/actions/status-check	2024-08-15T16:05:03.3702708Z [36;1m    "outputs": {}[0m
Status Check - Keycloak CI	Run /./.github/actions/status-check	2024-08-15T16:05:03.3703073Z [36;1m  },[0m
Status Check - Keycloak CI	Run /./.github/actions/status-check	2024-08-15T16:05:03.3703424Z [36;1m  "sssd-unit-tests": {[0m
Status Check - Keycloak CI	Run /./.github/actions/status-check	2024-08-15T16:05:03.3703872Z [36;1m    "result": "skipped",[0m
Status Check - Keycloak CI	Run /./.github/actions/status-check	2024-08-15T16:05:03.3704268Z [36;1m    "outputs": {}[0m
Status Check - Keycloak CI	Run /./.github/actions/status-check	2024-08-15T16:05:03.3704578Z [36;1m  },[0m
Status Check - Keycloak CI	Run /./.github/actions/status-check	2024-08-15T16:05:03.3704962Z [36;1m  "migration-tests": {[0m
Status Check - Keycloak CI	Run /./.github/actions/status-check	2024-08-15T16:05:03.3705363Z [36;1m    "result": "success",[0m
Status Check - Keycloak CI	Run /./.github/actions/status-check	2024-08-15T16:05:03.3705706Z [36;1m    "outputs": {}[0m
Status Check - Keycloak CI	Run /./.github/actions/status-check	2024-08-15T16:05:03.3706127Z [36;1m  },[0m
Status Check - Keycloak CI	Run /./.github/actions/status-check	2024-08-15T16:05:03.3706474Z [36;1m  "external-infinispan-tests": {[0m
Status Check - Keycloak CI	Run /./.github/actions/status-check	2024-08-15T16:05:03.3706865Z [36;1m    "result": "success",[0m
Status Check - Keycloak CI	Run /./.github/actions/status-check	2024-08-15T16:05:03.3707329Z [36;1m    "outputs": {}[0m
Status Check - Keycloak CI	Run /./.github/actions/status-check	2024-08-15T16:05:03.3707677Z [36;1m  },[0m
Status Check - Keycloak CI	Run /./.github/actions/status-check	2024-08-15T16:05:03.3707980Z [36;1m  "test-poc": {[0m
Status Check - Keycloak CI	Run /./.github/actions/status-check	2024-08-15T16:05:03.3708411Z [36;1m    "result": "skipped",[0m
Status Check - Keycloak CI	Run /./.github/actions/status-check	2024-08-15T16:05:03.3708797Z [36;1m    "outputs": {}[0m
Status Check - Keycloak CI	Run /./.github/actions/status-check	2024-08-15T16:05:03.3709102Z [36;1m  }[0m
Status Check - Keycloak CI	Run /./.github/actions/status-check	2024-08-15T16:05:03.3709472Z [36;1m}'[0m
Status Check - Keycloak CI	Run /./.github/actions/status-check	2024-08-15T16:05:03.3709772Z [36;1m[0m
Status Check - Keycloak CI	Run /./.github/actions/status-check	2024-08-15T16:05:03.3710046Z [36;1mecho "Job status:"[0m
Status Check - Keycloak CI	Run /./.github/actions/status-check	2024-08-15T16:05:03.3710651Z [36;1mecho $JOBS | jq -r 'to_entries[] | " - \(.key): \(.value.result)"'[0m
Status Check - Keycloak CI	Run /./.github/actions/status-check	2024-08-15T16:05:03.3711335Z [36;1m[0m
Status Check - Keycloak CI	Run /./.github/actions/status-check	2024-08-15T16:05:03.3711766Z [36;1mfor i in $(echo $JOBS | jq -r 'to_entries[] | .value.result'); do[0m
Status Check - Keycloak CI	Run /./.github/actions/status-check	2024-08-15T16:05:03.3712480Z [36;1m  if [ "$i" != "success" ] && [ "$i" != "skipped" ]; then[0m
Status Check - Keycloak CI	Run /./.github/actions/status-check	2024-08-15T16:05:03.3713004Z [36;1m    echo ""[0m
Status Check - Keycloak CI	Run /./.github/actions/status-check	2024-08-15T16:05:03.3713513Z [36;1m    echo "Status check not okay!"[0m
Status Check - Keycloak CI	Run /./.github/actions/status-check	2024-08-15T16:05:03.3714021Z [36;1m    exit 1[0m
Status Check - Keycloak CI	Run /./.github/actions/status-check	2024-08-15T16:05:03.3714594Z [36;1m  fi[0m
Status Check - Keycloak CI	Run /./.github/actions/status-check	2024-08-15T16:05:03.3714866Z [36;1mdone[0m
Status Check - Keycloak CI	Run /./.github/actions/status-check	2024-08-15T16:05:03.3952145Z shell: /usr/bin/bash --noprofile --norc -e -o pipefail {0}
Status Check - Keycloak CI	Run /./.github/actions/status-check	2024-08-15T16:05:03.3952696Z env:
Status Check - Keycloak CI	Run /./.github/actions/status-check	2024-08-15T16:05:03.3953710Z   MAVEN_ARGS: -B -nsu -Daether.connector.http.connectionMaxTtl=25
Status Check - Keycloak CI	Run /./.github/actions/status-check	2024-08-15T16:05:03.3954371Z   SUREFIRE_RERUN_FAILING_COUNT: 2
Status Check - Keycloak CI	Run /./.github/actions/status-check	2024-08-15T16:05:03.3954872Z   SUREFIRE_RETRY: -Dsurefire.rerunFailingTestsCount=2
Status Check - Keycloak CI	Run /./.github/actions/status-check	2024-08-15T16:05:03.3955519Z ##[endgroup]
Status Check - Keycloak CI	Run /./.github/actions/status-check	2024-08-15T16:05:03.4118849Z Job status:
Status Check - Keycloak CI	Run /./.github/actions/status-check	2024-08-15T16:05:03.6714687Z  - conditional: success
Status Check - Keycloak CI	Run /./.github/actions/status-check	2024-08-15T16:05:03.6715460Z  - build: success
Status Check - Keycloak CI	Run /./.github/actions/status-check	2024-08-15T16:05:03.6716016Z  - unit-tests: success
Status Check - Keycloak CI	Run /./.github/actions/status-check	2024-08-15T16:05:03.6716607Z  - base-integration-tests: success
Status Check - Keycloak CI	Run /./.github/actions/status-check	2024-08-15T16:05:03.6717165Z  - adapter-integration-tests: success
Status Check - Keycloak CI	Run /./.github/actions/status-check	2024-08-15T16:05:03.6717614Z  - quarkus-unit-tests: skipped
Status Check - Keycloak CI	Run /./.github/actions/status-check	2024-08-15T16:05:03.6718154Z  - quarkus-integration-tests: success
Status Check - Keycloak CI	Run /./.github/actions/status-check	2024-08-15T16:05:03.6718625Z  - jdk-integration-tests: success
Status Check - Keycloak CI	Run /./.github/actions/status-check	2024-08-15T16:05:03.6719106Z  - store-integration-tests: success
Status Check - Keycloak CI	Run /./.github/actions/status-check	2024-08-15T16:05:03.6720047Z  - persistent-sessions-tests: success
Status Check - Keycloak CI	Run /./.github/actions/status-check	2024-08-15T16:05:03.6720800Z  - store-model-tests: success
Status Check - Keycloak CI	Run /./.github/actions/status-check	2024-08-15T16:05:03.6721513Z  - clustering-integration-tests: success
Status Check - Keycloak CI	Run /./.github/actions/status-check	2024-08-15T16:05:03.6722433Z  - fips-unit-tests: success
Status Check - Keycloak CI	Run /./.github/actions/status-check	2024-08-15T16:05:03.6723186Z  - fips-integration-tests: success
Status Check - Keycloak CI	Run /./.github/actions/status-check	2024-08-15T16:05:03.6723889Z  - forms-integration-tests: success
Status Check - Keycloak CI	Run /./.github/actions/status-check	2024-08-15T16:05:03.6724818Z  - webauthn-integration-tests: failure
Status Check - Keycloak CI	Run /./.github/actions/status-check	2024-08-15T16:05:03.6725595Z  - sssd-unit-tests: skipped
Status Check - Keycloak CI	Run /./.github/actions/status-check	2024-08-15T16:05:03.6726203Z  - migration-tests: success
Status Check - Keycloak CI	Run /./.github/actions/status-check	2024-08-15T16:05:03.6727023Z  - external-infinispan-tests: success
Status Check - Keycloak CI	Run /./.github/actions/status-check	2024-08-15T16:05:03.6727753Z  - test-poc: skipped
Status Check - Keycloak CI	Run /./.github/actions/status-check	2024-08-15T16:05:03.6935496Z 
Status Check - Keycloak CI	Run /./.github/actions/status-check	2024-08-15T16:05:03.6936421Z Status check not okay!
Status Check - Keycloak CI	Run /./.github/actions/status-check	2024-08-15T16:05:03.6950147Z ##[error]Process completed with exit code 1.
