Base IT (2)	Run base tests	2024-11-21T10:17:19.6305350Z ##[group]Run TESTS=`testsuite/integration-arquillian/tests/base/testsuites/base-suite.sh 2`
Base IT (2)	Run base tests	2024-11-21T10:17:19.6306494Z [36;1mTESTS=`testsuite/integration-arquillian/tests/base/testsuites/base-suite.sh 2`[0m
Base IT (2)	Run base tests	2024-11-21T10:17:19.6307179Z [36;1mecho "Tests: $TESTS"[0m
Base IT (2)	Run base tests	2024-11-21T10:17:19.6308238Z [36;1m./mvnw test -Dsurefire.rerunFailingTestsCount=2 -Pauth-server-quarkus -Dtest=$TESTS -pl testsuite/integration-arquillian/tests/base 2>&1 | misc/log/trimmer.sh[0m
Base IT (2)	Run base tests	2024-11-21T10:17:19.6369621Z shell: /usr/bin/bash --noprofile --norc -e -o pipefail {0}
Base IT (2)	Run base tests	2024-11-21T10:17:19.6370171Z env:
Base IT (2)	Run base tests	2024-11-21T10:17:19.6370658Z   MAVEN_ARGS: -B -nsu -Daether.connector.http.connectionMaxTtl=25
Base IT (2)	Run base tests	2024-11-21T10:17:19.6371576Z   SUREFIRE_RERUN_FAILING_COUNT: 2
Base IT (2)	Run base tests	2024-11-21T10:17:19.6372120Z   SUREFIRE_RETRY: -Dsurefire.rerunFailingTestsCount=2
Base IT (2)	Run base tests	2024-11-21T10:17:19.6372783Z   JAVA_HOME: /opt/hostedtoolcache/Java_Temurin-Hotspot_jdk/21.0.5-11/x64
Base IT (2)	Run base tests	2024-11-21T10:17:19.6373612Z   JAVA_HOME_21_X64: /opt/hostedtoolcache/Java_Temurin-Hotspot_jdk/21.0.5-11/x64
Base IT (2)	Run base tests	2024-11-21T10:17:19.6374319Z ##[endgroup]
Base IT (2)	Run base tests	2024-11-21T10:17:19.9298871Z Tests: org.keycloak.testsuite.broker.**
Base IT (2)	Run base tests	2024-11-21T10:17:27.6806627Z -- [INFO] Loading cache configuration from /home/runner/work/keycloak/keycloak/.mvn/maven-build-cache-config.xml
Base IT (2)	Run base tests	2024-11-21T10:17:27.6814432Z -- [INFO] Scanning for projects...
Base IT (2)	Run base tests	2024-11-21T10:17:28.5882825Z -- [INFO] 
Base IT (2)	Run base tests	2024-11-21T10:17:28.5884774Z -- [INFO] ------< org.keycloak.testsuite:integration-arquillian-tests-base >------
Base IT (2)	Run base tests	2024-11-21T10:17:28.5886704Z -- [INFO] Building Base TestSuite 999.0.0-SNAPSHOT
Base IT (2)	Run base tests	2024-11-21T10:17:28.5902851Z -- [INFO]   from pom.xml
Base IT (2)	Run base tests	2024-11-21T10:17:28.5904054Z -- [INFO] --------------------------------[ jar ]---------------------------------
Base IT (2)	Run base tests	2024-11-21T10:17:28.6530805Z -- [WARNING] Parameter 'overWriteIfNewer' is unknown for plugin 'maven-resources-plugin:3.0.1:copy-resources (example-realms)'
Base IT (2)	Run base tests	2024-11-21T10:17:31.2374779Z -- [INFO] Downloading from central: https://repo.maven.apache.org/maven2/org/wildfly/extras/creaper/creaper-commands/2.0.3/creaper-commands-2.0.3.pom
Base IT (2)	Run base tests	2024-11-21T10:17:32.3652321Z -- [INFO] Downloaded from central: https://repo.maven.apache.org/maven2/org/wildfly/extras/creaper/creaper-commands/2.0.3/creaper-commands-2.0.3.pom (1.6 kB at 1.4 kB/s)
Base IT (2)	Run base tests	2024-11-21T10:17:32.4478937Z -- [INFO] Downloading from central: https://repo.maven.apache.org/maven2/org/wildfly/extras/creaper/creaper-parent/2.0.3/creaper-parent-2.0.3.pom
Base IT (2)	Run base tests	2024-11-21T10:17:32.5457420Z -- [INFO] Downloaded from central: https://repo.maven.apache.org/maven2/org/wildfly/extras/creaper/creaper-parent/2.0.3/creaper-parent-2.0.3.pom (26 kB at 263 kB/s)
Base IT (2)	Run base tests	2024-11-21T10:17:32.5509093Z -- [INFO] Downloading from central: https://repo.maven.apache.org/maven2/org/wildfly/extras/creaper/creaper-core/2.0.3/creaper-core-2.0.3.pom
Base IT (2)	Run base tests	2024-11-21T10:17:32.5597091Z -- [INFO] Downloaded from central: https://repo.maven.apache.org/maven2/org/wildfly/extras/creaper/creaper-core/2.0.3/creaper-core-2.0.3.pom (1.7 kB at 193 kB/s)
Base IT (2)	Run base tests	2024-11-21T10:17:32.5850400Z -- [INFO] Artifact org.jboss:jboss-parent:pom:44 is present in the local repository, but cached from a remote repository ID that is unavailable in current build context, verifying that is downloadable from [central (https://repo.maven.apache.org/maven2, default, releases)]
Base IT (2)	Run base tests	2024-11-21T10:17:32.5855453Z -- [INFO] Artifact org.jboss:jboss-parent:pom:44 is present in the local repository, but cached from a remote repository ID that is unavailable in current build context, verifying that is downloadable from [central (https://repo.maven.apache.org/maven2, default, releases)]
Base IT (2)	Run base tests	2024-11-21T10:17:32.5864427Z -- [INFO] Downloading from central: https://repo.maven.apache.org/maven2/org/jboss/jboss-parent/44/jboss-parent-44.pom
Base IT (2)	Run base tests	2024-11-21T10:17:32.5924238Z -- [INFO] Downloaded from central: https://repo.maven.apache.org/maven2/org/jboss/jboss-parent/44/jboss-parent-44.pom (0 B at 0 B/s)
Base IT (2)	Run base tests	2024-11-21T10:17:33.0681851Z -- [INFO] Downloading from central: https://repo.maven.apache.org/maven2/org/wildfly/extras/creaper/creaper-commands/2.0.3/creaper-commands-2.0.3.jar
Base IT (2)	Run base tests	2024-11-21T10:17:33.1885358Z -- [INFO] Downloaded from central: https://repo.maven.apache.org/maven2/org/wildfly/extras/creaper/creaper-commands/2.0.3/creaper-commands-2.0.3.jar (915 kB at 7.6 MB/s)
Base IT (2)	Run base tests	2024-11-21T10:17:33.2032481Z -- [INFO] Downloading from central: https://repo.maven.apache.org/maven2/org/wildfly/extras/creaper/creaper-core/2.0.3/creaper-core-2.0.3.jar
Base IT (2)	Run base tests	2024-11-21T10:17:33.2194472Z -- [INFO] Downloaded from central: https://repo.maven.apache.org/maven2/org/wildfly/extras/creaper/creaper-core/2.0.3/creaper-core-2.0.3.jar (138 kB at 4.4 MB/s)
Base IT (2)	Run base tests	2024-11-21T10:17:33.2358356Z -- [INFO] 
Base IT (2)	Run base tests	2024-11-21T10:17:33.2359832Z -- [INFO] --- enforcer:3.0.0-M3:enforce (enforce-java-version) @ integration-arquillian-tests-base ---
Base IT (2)	Run base tests	2024-11-21T10:17:33.4403121Z -- [INFO] 
Base IT (2)	Run base tests	2024-11-21T10:17:33.4405056Z -- [INFO] --- enforcer:3.0.0-M3:enforce (enforce-maven-version) @ integration-arquillian-tests-base ---
Base IT (2)	Run base tests	2024-11-21T10:17:33.4420301Z -- [INFO] 
Base IT (2)	Run base tests	2024-11-21T10:17:33.4421553Z -- [INFO] --- enforcer:3.0.0-M3:enforce (enforce-maven) @ integration-arquillian-tests-base ---
Base IT (2)	Run base tests	2024-11-21T10:17:33.4445348Z -- [INFO] 
Base IT (2)	Run base tests	2024-11-21T10:17:33.4446411Z -- [INFO] --- buildnumber:1.4:create (get-scm-revision) @ integration-arquillian-tests-base ---
Base IT (2)	Run base tests	2024-11-21T10:17:33.6181012Z -- [INFO] Executing: /bin/sh -c cd '/home/runner/work/keycloak/keycloak/testsuite/integration-arquillian/tests/base' && 'git' 'rev-parse' '--verify' 'HEAD'
Base IT (2)	Run base tests	2024-11-21T10:17:33.6183814Z -- [INFO] Working directory: /home/runner/work/keycloak/keycloak/testsuite/integration-arquillian/tests/base
Base IT (2)	Run base tests	2024-11-21T10:17:33.7254606Z -- [INFO] Storing buildNumber: fbddfe9bf14071c2a329be1ef6f369f8b480007e at timestamp: 1732184253600
Base IT (2)	Run base tests	2024-11-21T10:17:33.7530734Z -- [WARNING] Cannot get the branch information from the git repository: 
Base IT (2)	Run base tests	2024-11-21T10:17:33.7532787Z -- Detecting the current branch failed: fatal: ref HEAD is not a symbolic ref
Base IT (2)	Run base tests	2024-11-21T10:17:33.7533702Z -- 
Base IT (2)	Run base tests	2024-11-21T10:17:33.7534975Z -- [INFO] Executing: /bin/sh -c cd '/home/runner/work/keycloak/keycloak/testsuite/integration-arquillian/tests/base' && 'git' 'rev-parse' '--verify' 'HEAD'
Base IT (2)	Run base tests	2024-11-21T10:17:33.7536388Z -- [INFO] Working directory: /home/runner/work/keycloak/keycloak/testsuite/integration-arquillian/tests/base
Base IT (2)	Run base tests	2024-11-21T10:17:33.7568382Z -- [INFO] Storing buildScmBranch: UNKNOWN
Base IT (2)	Run base tests	2024-11-21T10:17:33.7571741Z -- [INFO] 
Base IT (2)	Run base tests	2024-11-21T10:17:33.7573157Z -- [INFO] --- resources:3.0.1:copy-resources (copy-truststore) @ integration-arquillian-tests-base ---
Base IT (2)	Run base tests	2024-11-21T10:17:33.8094720Z -- [INFO] Using 'UTF-8' encoding to copy filtered resources.
Base IT (2)	Run base tests	2024-11-21T10:17:33.8201351Z -- [INFO] Copying 3 resources
Base IT (2)	Run base tests	2024-11-21T10:17:33.8256130Z -- [INFO] 
Base IT (2)	Run base tests	2024-11-21T10:17:33.8257570Z -- [INFO] --- resources:3.0.1:copy-resources (copy-common-dependencies) @ integration-arquillian-tests-base ---
Base IT (2)	Run base tests	2024-11-21T10:17:33.8279281Z -- [INFO] Using 'UTF-8' encoding to copy filtered resources.
Base IT (2)	Run base tests	2024-11-21T10:17:33.8360353Z -- [INFO] Copying 13 resources
Base IT (2)	Run base tests	2024-11-21T10:17:33.8413216Z -- [INFO] 
Base IT (2)	Run base tests	2024-11-21T10:17:33.8414850Z -- [INFO] --- resources:3.0.1:resources (default-resources) @ integration-arquillian-tests-base ---
Base IT (2)	Run base tests	2024-11-21T10:17:33.8422345Z -- [INFO] Using 'UTF-8' encoding to copy filtered resources.
Base IT (2)	Run base tests	2024-11-21T10:17:33.8423546Z -- [INFO] Copying 2 resources
Base IT (2)	Run base tests	2024-11-21T10:17:33.8431223Z -- [INFO] 
Base IT (2)	Run base tests	2024-11-21T10:17:33.8432662Z -- [INFO] --- resources:3.0.1:copy-resources (copy-admin-user-json-file) @ integration-arquillian-tests-base ---
Base IT (2)	Run base tests	2024-11-21T10:17:33.8446236Z -- [INFO] Using 'UTF-8' encoding to copy filtered resources.
Base IT (2)	Run base tests	2024-11-21T10:17:33.8573351Z -- [INFO] Copying 1 resource
Base IT (2)	Run base tests	2024-11-21T10:17:33.8574288Z -- [INFO] 
Base IT (2)	Run base tests	2024-11-21T10:17:33.8575531Z -- [INFO] --- xml:1.0.1:transform (arquillian-default-protocol) @ integration-arquillian-tests-base ---
Base IT (2)	Run base tests	2024-11-21T10:17:35.7337676Z -- [INFO] Transforming file: /home/runner/work/keycloak/keycloak/testsuite/integration-arquillian/tests/base/src/test/resources/arquillian.xml
Base IT (2)	Run base tests	2024-11-21T10:17:36.0093165Z -- [INFO] Transformed 1 file(s).
Base IT (2)	Run base tests	2024-11-21T10:17:36.0095455Z -- [INFO] 
Base IT (2)	Run base tests	2024-11-21T10:17:36.0097059Z -- [INFO] --- compiler:3.8.1:compile (default-compile) @ integration-arquillian-tests-base ---
Base IT (2)	Run base tests	2024-11-21T10:17:36.1397012Z -- [INFO] Changes detected - recompiling the module!
Base IT (2)	Run base tests	2024-11-21T10:17:36.1632510Z -- [INFO] Compiling 368 source files to /home/runner/work/keycloak/keycloak/testsuite/integration-arquillian/tests/base/target/classes
Base IT (2)	Run base tests	2024-11-21T10:17:41.7912460Z -- [INFO] Annotation processing is enabled because one or more processors were found
Base IT (2)	Run base tests	2024-11-21T10:17:41.7914635Z --   on the class path. A future release of javac may disable annotation processing
Base IT (2)	Run base tests	2024-11-21T10:17:41.7916456Z --   unless at least one processor is specified by name (-processor), or a search
Base IT (2)	Run base tests	2024-11-21T10:17:41.7918368Z --   path is specified (--processor-path, --processor-module-path), or annotation
Base IT (2)	Run base tests	2024-11-21T10:17:41.7920130Z --   processing is enabled explicitly (-proc:only, -proc:full).
Base IT (2)	Run base tests	2024-11-21T10:17:41.8065926Z --   Use -Xlint:-options to suppress this message.
Base IT (2)	Run base tests	2024-11-21T10:17:41.8066984Z --   Use -proc:none to disable annotation processing.
Base IT (2)	Run base tests	2024-11-21T10:17:41.8070822Z -- [WARNING] /home/runner/work/keycloak/keycloak/testsuite/integration-arquillian/tests/base/src/main/java/org/keycloak/testsuite/arquillian/ServerTestEnricherUtil.java:[72,21] securityRealm(java.lang.String) in org.wildfly.extras.creaper.commands.undertow.AddUndertowListener.HttpsBuilder has been deprecated
Base IT (2)	Run base tests	2024-11-21T10:17:41.8076677Z -- [WARNING] /home/runner/work/keycloak/keycloak/testsuite/integration-arquillian/tests/base/src/main/java/org/keycloak/testsuite/arquillian/AppServerTestEnricher.java:[182,49] HTTP_REMOTING in org.wildfly.extras.creaper.core.online.ManagementProtocol has been deprecated
Base IT (2)	Run base tests	2024-11-21T10:17:41.8081472Z -- [WARNING] /home/runner/work/keycloak/keycloak/testsuite/integration-arquillian/tests/base/src/main/java/org/keycloak/testsuite/updaters/ServerResourceUpdater.java:[89,20] unchecked cast
Base IT (2)	Run base tests	2024-11-21T10:17:41.8083485Z --   required: T
Base IT (2)	Run base tests	2024-11-21T10:17:41.8084306Z --   found:    org.keycloak.testsuite.updaters.ServerResourceUpdater<T,Res,Rep>
Base IT (2)	Run base tests	2024-11-21T10:17:41.8087043Z -- [WARNING] /home/runner/work/keycloak/keycloak/testsuite/integration-arquillian/tests/base/src/main/java/org/keycloak/testsuite/updaters/ServerResourceUpdater.java:[103,20] unchecked cast
Base IT (2)	Run base tests	2024-11-21T10:17:41.8089189Z --   required: T
Base IT (2)	Run base tests	2024-11-21T10:17:41.8090141Z --   found:    org.keycloak.testsuite.updaters.ServerResourceUpdater<T,Res,Rep>
Base IT (2)	Run base tests	2024-11-21T10:17:41.8093247Z -- [WARNING] /home/runner/work/keycloak/keycloak/testsuite/integration-arquillian/tests/base/src/main/java/org/keycloak/testsuite/updaters/ServerResourceUpdater.java:[140,52] unchecked conversion
Base IT (2)	Run base tests	2024-11-21T10:17:41.8095557Z --   required: java.util.Set<V>
Base IT (2)	Run base tests	2024-11-21T10:17:41.8096219Z --   found:    java.util.Set
Base IT (2)	Run base tests	2024-11-21T10:17:41.8098611Z -- [WARNING] /home/runner/work/keycloak/keycloak/testsuite/integration-arquillian/tests/base/src/main/java/org/keycloak/testsuite/updaters/ServerResourceUpdater.java:[141,51] unchecked conversion
Base IT (2)	Run base tests	2024-11-21T10:17:41.8100917Z --   required: java.util.Set<V>
Base IT (2)	Run base tests	2024-11-21T10:17:41.8101581Z --   found:    java.util.Set
Base IT (2)	Run base tests	2024-11-21T10:17:41.8104694Z -- [WARNING] /home/runner/work/keycloak/keycloak/testsuite/integration-arquillian/tests/base/src/main/java/org/keycloak/testsuite/page/AbstractPatternFlyAlert.java:[71,96] unchecked method invocation: method until in class org.openqa.selenium.support.ui.FluentWait is applied to given types
Base IT (2)	Run base tests	2024-11-21T10:17:41.8107877Z --   required: java.util.function.Function<? super T,V>
Base IT (2)	Run base tests	2024-11-21T10:17:41.8108934Z --   found:    org.openqa.selenium.support.ui.ExpectedCondition
Base IT (2)	Run base tests	2024-11-21T10:17:41.8111479Z -- [WARNING] /home/runner/work/keycloak/keycloak/testsuite/integration-arquillian/tests/base/src/main/java/org/keycloak/testsuite/page/AbstractPatternFlyAlert.java:[71,97] unchecked conversion
Base IT (2)	Run base tests	2024-11-21T10:17:41.8113846Z --   required: java.util.function.Function<? super T,V>
Base IT (2)	Run base tests	2024-11-21T10:17:41.8114938Z --   found:    org.openqa.selenium.support.ui.ExpectedCondition
Base IT (2)	Run base tests	2024-11-21T10:17:41.8118623Z -- [WARNING] /home/runner/work/keycloak/keycloak/testsuite/integration-arquillian/tests/base/src/main/java/org/keycloak/testsuite/arquillian/ModelTestExecutor.java:[51,33] TestResult() in org.jboss.arquillian.test.spi.TestResult has been deprecated
Base IT (2)	Run base tests	2024-11-21T10:17:41.8124406Z -- [WARNING] /home/runner/work/keycloak/keycloak/testsuite/integration-arquillian/tests/base/src/main/java/org/keycloak/testsuite/arquillian/ModelTestExecutor.java:[59,23] setStatus(org.jboss.arquillian.test.spi.TestResult.Status) in org.jboss.arquillian.test.spi.TestResult has been deprecated
Base IT (2)	Run base tests	2024-11-21T10:17:41.8130265Z -- [WARNING] /home/runner/work/keycloak/keycloak/testsuite/integration-arquillian/tests/base/src/main/java/org/keycloak/testsuite/arquillian/ModelTestExecutor.java:[61,23] setStatus(org.jboss.arquillian.test.spi.TestResult.Status) in org.jboss.arquillian.test.spi.TestResult has been deprecated
Base IT (2)	Run base tests	2024-11-21T10:17:41.8136408Z -- [WARNING] /home/runner/work/keycloak/keycloak/testsuite/integration-arquillian/tests/base/src/main/java/org/keycloak/testsuite/arquillian/ModelTestExecutor.java:[70,109] unchecked cast
Base IT (2)	Run base tests	2024-11-21T10:17:41.8139314Z --   required: org.jboss.arquillian.core.api.InstanceProducer<org.jboss.arquillian.test.spi.TestResult>
Base IT (2)	Run base tests	2024-11-21T10:17:41.8140622Z --   found:    java.lang.Object
Base IT (2)	Run base tests	2024-11-21T10:17:41.8142937Z -- [WARNING] /home/runner/work/keycloak/keycloak/testsuite/integration-arquillian/tests/base/src/main/java/org/keycloak/testsuite/util/javascript/XMLHttpRequest.java:[75,67] unchecked cast
Base IT (2)	Run base tests	2024-11-21T10:17:41.8145396Z --   required: java.util.Map<java.lang.String,java.lang.Object>
Base IT (2)	Run base tests	2024-11-21T10:17:41.8146286Z --   found:    java.lang.Object
Base IT (2)	Run base tests	2024-11-21T10:17:41.8149731Z -- [WARNING] /home/runner/work/keycloak/keycloak/testsuite/integration-arquillian/tests/base/src/main/java/org/keycloak/testsuite/util/javascript/JavascriptTestExecutor.java:[40,35] setScriptTimeout(long,java.util.concurrent.TimeUnit) in org.openqa.selenium.WebDriver.Timeouts has been deprecated
Base IT (2)	Run base tests	2024-11-21T10:17:41.8155553Z -- [WARNING] /home/runner/work/keycloak/keycloak/testsuite/integration-arquillian/tests/base/src/main/java/org/keycloak/testsuite/updaters/Creator.java:[63,16] unchecked call to Creator(java.lang.String,T,java.lang.Runnable) as a member of the raw type org.keycloak.testsuite.updaters.Creator
Base IT (2)	Run base tests	2024-11-21T10:17:41.8165691Z -- [WARNING] /home/runner/work/keycloak/keycloak/testsuite/integration-arquillian/tests/base/src/main/java/org/keycloak/testsuite/updaters/Creator.java:[63,16] unchecked conversion
Base IT (2)	Run base tests	2024-11-21T10:17:41.8168476Z --   required: org.keycloak.testsuite.updaters.Creator<org.keycloak.admin.client.resource.RealmResource>
Base IT (2)	Run base tests	2024-11-21T10:17:41.8169906Z --   found:    org.keycloak.testsuite.updaters.Creator
Base IT (2)	Run base tests	2024-11-21T10:17:41.8173586Z -- [WARNING] /home/runner/work/keycloak/keycloak/testsuite/integration-arquillian/tests/base/src/main/java/org/keycloak/testsuite/updaters/Creator.java:[72,20] unchecked call to Creator(java.lang.String,T,java.lang.Runnable) as a member of the raw type org.keycloak.testsuite.updaters.Creator
Base IT (2)	Run base tests	2024-11-21T10:17:41.8178135Z -- [WARNING] /home/runner/work/keycloak/keycloak/testsuite/integration-arquillian/tests/base/src/main/java/org/keycloak/testsuite/updaters/Creator.java:[72,20] unchecked conversion
Base IT (2)	Run base tests	2024-11-21T10:17:41.8180995Z --   required: org.keycloak.testsuite.updaters.Creator<org.keycloak.admin.client.resource.GroupResource>
Base IT (2)	Run base tests	2024-11-21T10:17:41.8182501Z --   found:    org.keycloak.testsuite.updaters.Creator
Base IT (2)	Run base tests	2024-11-21T10:17:41.8185880Z -- [WARNING] /home/runner/work/keycloak/keycloak/testsuite/integration-arquillian/tests/base/src/main/java/org/keycloak/testsuite/updaters/Creator.java:[82,20] unchecked call to Creator(java.lang.String,T,java.lang.Runnable) as a member of the raw type org.keycloak.testsuite.updaters.Creator
Base IT (2)	Run base tests	2024-11-21T10:17:41.8190402Z -- [WARNING] /home/runner/work/keycloak/keycloak/testsuite/integration-arquillian/tests/base/src/main/java/org/keycloak/testsuite/updaters/Creator.java:[82,20] unchecked conversion
Base IT (2)	Run base tests	2024-11-21T10:17:41.8193184Z --   required: org.keycloak.testsuite.updaters.Creator<org.keycloak.admin.client.resource.ClientResource>
Base IT (2)	Run base tests	2024-11-21T10:17:41.8195354Z --   found:    org.keycloak.testsuite.updaters.Creator
Base IT (2)	Run base tests	2024-11-21T10:17:41.8198732Z -- [WARNING] /home/runner/work/keycloak/keycloak/testsuite/integration-arquillian/tests/base/src/main/java/org/keycloak/testsuite/updaters/Creator.java:[92,20] unchecked call to Creator(java.lang.String,T,java.lang.Runnable) as a member of the raw type org.keycloak.testsuite.updaters.Creator
Base IT (2)	Run base tests	2024-11-21T10:17:41.8203237Z -- [WARNING] /home/runner/work/keycloak/keycloak/testsuite/integration-arquillian/tests/base/src/main/java/org/keycloak/testsuite/updaters/Creator.java:[92,20] unchecked conversion
Base IT (2)	Run base tests	2024-11-21T10:17:41.8205980Z --   required: org.keycloak.testsuite.updaters.Creator<org.keycloak.admin.client.resource.UserResource>
Base IT (2)	Run base tests	2024-11-21T10:17:41.8207429Z --   found:    org.keycloak.testsuite.updaters.Creator
Base IT (2)	Run base tests	2024-11-21T10:17:41.8210857Z -- [WARNING] /home/runner/work/keycloak/keycloak/testsuite/integration-arquillian/tests/base/src/main/java/org/keycloak/testsuite/updaters/Creator.java:[102,20] unchecked call to Creator(java.lang.String,T,java.lang.Runnable) as a member of the raw type org.keycloak.testsuite.updaters.Creator
Base IT (2)	Run base tests	2024-11-21T10:17:41.8215743Z -- [WARNING] /home/runner/work/keycloak/keycloak/testsuite/integration-arquillian/tests/base/src/main/java/org/keycloak/testsuite/updaters/Creator.java:[102,20] unchecked conversion
Base IT (2)	Run base tests	2024-11-21T10:17:41.8218616Z --   required: org.keycloak.testsuite.updaters.Creator<org.keycloak.admin.client.resource.ComponentResource>
Base IT (2)	Run base tests	2024-11-21T10:17:41.8220218Z --   found:    org.keycloak.testsuite.updaters.Creator
Base IT (2)	Run base tests	2024-11-21T10:17:41.8223717Z -- [WARNING] /home/runner/work/keycloak/keycloak/testsuite/integration-arquillian/tests/base/src/main/java/org/keycloak/testsuite/updaters/Creator.java:[122,20] unchecked call to Creator(java.lang.String,T,java.lang.Runnable) as a member of the raw type org.keycloak.testsuite.updaters.Creator
Base IT (2)	Run base tests	2024-11-21T10:17:41.8228215Z -- [WARNING] /home/runner/work/keycloak/keycloak/testsuite/integration-arquillian/tests/base/src/main/java/org/keycloak/testsuite/updaters/Creator.java:[122,20] unchecked conversion
Base IT (2)	Run base tests	2024-11-21T10:17:41.8231202Z --   required: org.keycloak.testsuite.updaters.Creator<org.keycloak.admin.client.resource.IdentityProviderResource>
Base IT (2)	Run base tests	2024-11-21T10:17:41.8232809Z --   found:    org.keycloak.testsuite.updaters.Creator
Base IT (2)	Run base tests	2024-11-21T10:17:41.8236382Z -- [WARNING] /home/runner/work/keycloak/keycloak/testsuite/integration-arquillian/tests/base/src/main/java/org/keycloak/testsuite/updaters/Creator.java:[134,20] unchecked call to Creator(java.lang.String,T,java.lang.Runnable) as a member of the raw type org.keycloak.testsuite.updaters.Creator
Base IT (2)	Run base tests	2024-11-21T10:17:41.8240942Z -- [WARNING] /home/runner/work/keycloak/keycloak/testsuite/integration-arquillian/tests/base/src/main/java/org/keycloak/testsuite/updaters/Creator.java:[134,20] unchecked conversion
Base IT (2)	Run base tests	2024-11-21T10:17:41.8243785Z --   required: org.keycloak.testsuite.updaters.Creator<org.keycloak.admin.client.resource.IdentityProviderResource>
Base IT (2)	Run base tests	2024-11-21T10:17:41.8245383Z --   found:    org.keycloak.testsuite.updaters.Creator
Base IT (2)	Run base tests	2024-11-21T10:17:41.8248946Z -- [WARNING] /home/runner/work/keycloak/keycloak/testsuite/integration-arquillian/tests/base/src/main/java/org/keycloak/testsuite/arquillian/containers/SecurityActions.java:[54,16] java.security.AccessController in java.security has been deprecated and marked for removal
Base IT (2)	Run base tests	2024-11-21T10:17:41.8254732Z -- [WARNING] /home/runner/work/keycloak/keycloak/testsuite/integration-arquillian/tests/base/src/main/java/org/keycloak/testsuite/arquillian/containers/SecurityActions.java:[148,20] java.security.AccessController in java.security has been deprecated and marked for removal
Base IT (2)	Run base tests	2024-11-21T10:17:41.8260249Z -- [WARNING] /home/runner/work/keycloak/keycloak/testsuite/integration-arquillian/tests/base/src/main/java/org/keycloak/testsuite/arquillian/containers/SecurityActions.java:[182,13] java.security.AccessController in java.security has been deprecated and marked for removal
Base IT (2)	Run base tests	2024-11-21T10:17:41.8266164Z -- [WARNING] /home/runner/work/keycloak/keycloak/testsuite/integration-arquillian/tests/base/src/main/java/org/keycloak/testsuite/arquillian/containers/SecurityActions.java:[221,39] isAccessible() in java.lang.reflect.AccessibleObject has been deprecated
Base IT (2)	Run base tests	2024-11-21T10:17:41.8271491Z -- [WARNING] /home/runner/work/keycloak/keycloak/testsuite/integration-arquillian/tests/base/src/main/java/org/keycloak/testsuite/arquillian/containers/SecurityActions.java:[213,48] java.security.AccessController in java.security has been deprecated and marked for removal
Base IT (2)	Run base tests	2024-11-21T10:17:41.8276762Z -- [WARNING] /home/runner/work/keycloak/keycloak/testsuite/integration-arquillian/tests/base/src/main/java/org/keycloak/testsuite/arquillian/containers/SecurityActions.java:[245,40] isAccessible() in java.lang.reflect.AccessibleObject has been deprecated
Base IT (2)	Run base tests	2024-11-21T10:17:41.8282191Z -- [WARNING] /home/runner/work/keycloak/keycloak/testsuite/integration-arquillian/tests/base/src/main/java/org/keycloak/testsuite/arquillian/containers/SecurityActions.java:[237,50] java.security.AccessController in java.security has been deprecated and marked for removal
Base IT (2)	Run base tests	2024-11-21T10:17:41.8537635Z -- [WARNING] /home/runner/work/keycloak/keycloak/testsuite/integration-arquillian/tests/base/src/main/java/org/keycloak/testsuite/arquillian/containers/SecurityActions.java:[261,28] java.security.AccessController in java.security has been deprecated and marked for removal
Base IT (2)	Run base tests	2024-11-21T10:17:41.8543745Z -- [WARNING] /home/runner/work/keycloak/keycloak/testsuite/integration-arquillian/tests/base/src/main/java/org/keycloak/testsuite/drone/KeycloakDronePostSetup.java:[89,35] implicitlyWait(long,java.util.concurrent.TimeUnit) in org.openqa.selenium.WebDriver.Timeouts has been deprecated
Base IT (2)	Run base tests	2024-11-21T10:17:41.8549528Z -- [WARNING] /home/runner/work/keycloak/keycloak/testsuite/integration-arquillian/tests/base/src/main/java/org/keycloak/testsuite/drone/KeycloakDronePostSetup.java:[90,35] pageLoadTimeout(long,java.util.concurrent.TimeUnit) in org.openqa.selenium.WebDriver.Timeouts has been deprecated
Base IT (2)	Run base tests	2024-11-21T10:17:41.8555462Z -- [WARNING] /home/runner/work/keycloak/keycloak/testsuite/integration-arquillian/tests/base/src/main/java/org/keycloak/testsuite/drone/KeycloakWebDriverConfigurator.java:[56,89] getBrowser() in org.jboss.arquillian.drone.webdriver.configuration.WebDriverConfiguration has been deprecated
Base IT (2)	Run base tests	2024-11-21T10:17:41.8561408Z -- [WARNING] /home/runner/work/keycloak/keycloak/testsuite/integration-arquillian/tests/base/src/main/java/org/keycloak/testsuite/drone/KeycloakWebDriverConfigurator.java:[67,26] getBrowser() in org.jboss.arquillian.drone.webdriver.configuration.WebDriverConfiguration has been deprecated
Base IT (2)	Run base tests	2024-11-21T10:17:41.8567569Z -- [WARNING] /home/runner/work/keycloak/keycloak/testsuite/integration-arquillian/tests/base/src/main/java/org/keycloak/testsuite/util/AdminClientUtil.java:[231,66] org.jboss.resteasy.client.jaxrs.engines.ClientHttpEngineBuilder43 in org.jboss.resteasy.client.jaxrs.engines has been deprecated and marked for removal
Base IT (2)	Run base tests	2024-11-21T10:17:41.8575172Z -- [WARNING] /home/runner/work/keycloak/keycloak/testsuite/integration-arquillian/tests/base/src/main/java/org/keycloak/testsuite/util/AdminClientUtil.java:[231,66] org.jboss.resteasy.client.jaxrs.engines.ClientHttpEngineBuilder43 in org.jboss.resteasy.client.jaxrs.engines has been deprecated and marked for removal
Base IT (2)	Run base tests	2024-11-21T10:17:41.8581601Z -- [WARNING] /home/runner/work/keycloak/keycloak/testsuite/integration-arquillian/tests/base/src/main/java/org/keycloak/testsuite/util/AdminClientUtil.java:[231,66] org.jboss.resteasy.client.jaxrs.engines.ClientHttpEngineBuilder43 in org.jboss.resteasy.client.jaxrs.engines has been deprecated and marked for removal
Base IT (2)	Run base tests	2024-11-21T10:17:41.8587542Z -- [WARNING] /home/runner/work/keycloak/keycloak/testsuite/integration-arquillian/tests/base/src/main/java/org/keycloak/testsuite/arquillian/CrossDCTestEnricher.java:[430,46] unchecked method invocation: method isAnnotationPresent in class java.lang.Class is applied to given types
Base IT (2)	Run base tests	2024-11-21T10:17:41.8593490Z --   required: java.lang.Class<? extends java.lang.annotation.Annotation>
Base IT (2)	Run base tests	2024-11-21T10:17:41.8594499Z --   found:    java.lang.Class
Base IT (2)	Run base tests	2024-11-21T10:17:41.8596936Z -- [WARNING] /home/runner/work/keycloak/keycloak/testsuite/integration-arquillian/tests/base/src/main/java/org/keycloak/testsuite/arquillian/CrossDCTestEnricher.java:[430,47] unchecked conversion
Base IT (2)	Run base tests	2024-11-21T10:17:41.8602557Z --   required: java.lang.Class<? extends java.lang.annotation.Annotation>
Base IT (2)	Run base tests	2024-11-21T10:17:41.8603557Z --   found:    java.lang.Class
Base IT (2)	Run base tests	2024-11-21T10:17:41.8606832Z -- [WARNING] /home/runner/work/keycloak/keycloak/testsuite/integration-arquillian/tests/base/src/main/java/org/keycloak/testsuite/arquillian/AuthServerTestEnricher.java:[322,33] WildcardFileFilter(java.lang.String) in org.apache.commons.io.filefilter.WildcardFileFilter has been deprecated
Base IT (2)	Run base tests	2024-11-21T10:17:41.8612255Z -- [WARNING] /home/runner/work/keycloak/keycloak/testsuite/integration-arquillian/tests/base/src/main/java/org/keycloak/testsuite/util/matchers/SamlStatusResponseTypeMatcher.java:[26,31] unchecked conversion
Base IT (2)	Run base tests	2024-11-21T10:17:41.8615061Z --   required: java.util.List<org.hamcrest.Matcher<java.net.URI>>
Base IT (2)	Run base tests	2024-11-21T10:17:41.8616023Z --   found:    java.util.ArrayList
Base IT (2)	Run base tests	2024-11-21T10:17:41.8619491Z -- [WARNING] /home/runner/work/keycloak/keycloak/testsuite/integration-arquillian/tests/base/src/main/java/org/keycloak/testsuite/arquillian/KeycloakArquillianExtension.java:[63,61] org.keycloak.testsuite.arquillian.DeploymentArchiveProcessor in org.keycloak.testsuite.arquillian has been deprecated
Base IT (2)	Run base tests	2024-11-21T10:17:41.8622667Z -- [INFO] 
Base IT (2)	Run base tests	2024-11-21T10:17:41.8623752Z -- [INFO] --- resources:3.0.1:copy-resources (example-realms) @ integration-arquillian-tests-base ---
Base IT (2)	Run base tests	2024-11-21T10:17:41.8625015Z -- [INFO] Skipping the execution.
Base IT (2)	Run base tests	2024-11-21T10:17:41.8625652Z -- [INFO] 
Base IT (2)	Run base tests	2024-11-21T10:17:41.8626715Z -- [INFO] --- dependency:3.1.2:unpack (unpack-undertow-server) @ integration-arquillian-tests-base ---
Base IT (2)	Run base tests	2024-11-21T10:17:42.1906572Z -- [INFO] Skipping plugin execution
Base IT (2)	Run base tests	2024-11-21T10:17:42.1907716Z -- [INFO] 
Base IT (2)	Run base tests	2024-11-21T10:17:42.1909176Z -- [INFO] --- dependency:3.1.2:unpack (unpack-quarkus-server) @ integration-arquillian-tests-base ---
Base IT (2)	Run base tests	2024-11-21T10:17:42.1920547Z -- [INFO] Configured Artifact: org.keycloak.testsuite:integration-arquillian-servers-auth-server-quarkus:999.0.0-SNAPSHOT:zip
Base IT (2)	Run base tests	2024-11-21T10:17:42.2076187Z -- [INFO] Unpacking /home/runner/.m2/repository/org/keycloak/testsuite/integration-arquillian-servers-auth-server-quarkus/999.0.0-SNAPSHOT/integration-arquillian-servers-auth-server-quarkus-999.0.0-SNAPSHOT.zip to /home/runner/work/keycloak/keycloak/testsuite/integration-arquillian/tests/base/target/containers with includes "" and excludes ""
Base IT (2)	Run base tests	2024-11-21T10:17:44.0243253Z -- [INFO] 
Base IT (2)	Run base tests	2024-11-21T10:17:44.0244956Z -- [INFO] --- dependency:3.1.2:unpack (unpack-app-server) @ integration-arquillian-tests-base ---
Base IT (2)	Run base tests	2024-11-21T10:17:44.0256155Z -- [INFO] Skipping plugin execution
Base IT (2)	Run base tests	2024-11-21T10:17:44.0257258Z -- [INFO] 
Base IT (2)	Run base tests	2024-11-21T10:17:44.0258657Z -- [INFO] --- dependency:3.1.2:unpack (unpack-client-cli-dist) @ integration-arquillian-tests-base ---
Base IT (2)	Run base tests	2024-11-21T10:17:44.0265997Z -- [INFO] Configured Artifact: org.keycloak:keycloak-client-cli-dist:999.0.0-SNAPSHOT:zip
Base IT (2)	Run base tests	2024-11-21T10:17:44.0346634Z -- [INFO] Unpacking /home/runner/.m2/repository/org/keycloak/keycloak-client-cli-dist/999.0.0-SNAPSHOT/keycloak-client-cli-dist-999.0.0-SNAPSHOT.zip to /home/runner/work/keycloak/keycloak/testsuite/integration-arquillian/tests/base/target/containers with includes "" and excludes ""
Base IT (2)	Run base tests	2024-11-21T10:17:44.1992129Z -- [INFO] 
Base IT (2)	Run base tests	2024-11-21T10:17:44.1994124Z -- [INFO] --- dependency:3.1.2:copy-dependencies (copy-testsuite-providers-to-base-testsuite) @ integration-arquillian-tests-base ---
Base IT (2)	Run base tests	2024-11-21T10:17:44.2075068Z -- [INFO] Copying integration-arquillian-testsuite-providers-999.0.0-SNAPSHOT.jar to /home/runner/work/keycloak/keycloak/testsuite/integration-arquillian/tests/base/target/lib/integration-arquillian-testsuite-providers-999.0.0-SNAPSHOT.jar
Base IT (2)	Run base tests	2024-11-21T10:17:44.2215855Z -- [INFO] 
Base IT (2)	Run base tests	2024-11-21T10:17:44.2218101Z -- [INFO] --- resources:3.0.1:testResources (default-testResources) @ integration-arquillian-tests-base ---
Base IT (2)	Run base tests	2024-11-21T10:17:44.2241008Z -- [INFO] Using 'UTF-8' encoding to copy filtered resources.
Base IT (2)	Run base tests	2024-11-21T10:17:44.2298761Z -- [INFO] Copying 24 resources
Base IT (2)	Run base tests	2024-11-21T10:17:44.6047522Z -- [INFO] Copying 225 resources
Base IT (2)	Run base tests	2024-11-21T10:17:44.6583836Z -- [INFO] 
Base IT (2)	Run base tests	2024-11-21T10:17:44.6585428Z -- [INFO] --- antrun:1.8:run (clean-second-cache-server-arquillian-bug-workaround) @ integration-arquillian-tests-base ---
Base IT (2)	Run base tests	2024-11-21T10:17:44.6792898Z -- [INFO] Skipping Antrun execution
Base IT (2)	Run base tests	2024-11-21T10:17:44.6799762Z -- [INFO] 
Base IT (2)	Run base tests	2024-11-21T10:17:44.6801195Z -- [INFO] --- compiler:3.8.1:testCompile (default-testCompile) @ integration-arquillian-tests-base ---
Base IT (2)	Run base tests	2024-11-21T10:17:44.7311063Z -- [INFO] Changes detected - recompiling the module!
Base IT (2)	Run base tests	2024-11-21T10:17:44.7352567Z -- [INFO] Compiling 794 source files to /home/runner/work/keycloak/keycloak/testsuite/integration-arquillian/tests/base/target/test-classes
Base IT (2)	Run base tests	2024-11-21T10:17:57.5351641Z -- [INFO] Annotation processing is enabled because one or more processors were found
Base IT (2)	Run base tests	2024-11-21T10:17:57.5353710Z --   on the class path. A future release of javac may disable annotation processing
Base IT (2)	Run base tests	2024-11-21T10:17:57.5356102Z --   unless at least one processor is specified by name (-processor), or a search
Base IT (2)	Run base tests	2024-11-21T10:17:57.5357715Z --   path is specified (--processor-path, --processor-module-path), or annotation
Base IT (2)	Run base tests	2024-11-21T10:17:57.5359796Z --   processing is enabled explicitly (-proc:only, -proc:full).
Base IT (2)	Run base tests	2024-11-21T10:17:57.5360833Z --   Use -Xlint:-options to suppress this message.
Base IT (2)	Run base tests	2024-11-21T10:17:57.5361757Z --   Use -proc:none to disable annotation processing.
Base IT (2)	Run base tests	2024-11-21T10:17:57.5364958Z -- [WARNING] /home/runner/work/keycloak/keycloak/testsuite/integration-arquillian/tests/base/src/test/java/org/keycloak/testsuite/oid4vc/issuance/signing/JWTVCIssuerWellKnownProviderTest.java:[39,30] junit.framework.Assert in junit.framework has been deprecated
Base IT (2)	Run base tests	2024-11-21T10:17:57.5372348Z -- [WARNING] /home/runner/work/keycloak/keycloak/testsuite/integration-arquillian/tests/base/src/test/java/org/keycloak/testsuite/oid4vc/issuance/signing/JWTVCIssuerWellKnownProviderTest.java:[39,30] junit.framework.Assert in junit.framework has been deprecated
Base IT (2)	Run base tests	2024-11-21T10:17:57.5378077Z -- [WARNING] /home/runner/work/keycloak/keycloak/testsuite/integration-arquillian/tests/base/src/test/java/org/keycloak/testsuite/oid4vc/issuance/signing/JWTVCIssuerWellKnownProviderTest.java:[39,30] junit.framework.Assert in junit.framework has been deprecated
Base IT (2)	Run base tests	2024-11-21T10:17:57.5383824Z -- [WARNING] /home/runner/work/keycloak/keycloak/testsuite/integration-arquillian/tests/base/src/test/java/org/keycloak/testsuite/broker/BrokerRunOnServerUtil.java:[187,45] removeExpired(org.keycloak.models.RealmModel) in org.keycloak.sessions.AuthenticationSessionProvider has been deprecated
Base IT (2)	Run base tests	2024-11-21T10:17:57.5388639Z -- [WARNING] /home/runner/work/keycloak/keycloak/testsuite/integration-arquillian/tests/base/src/test/java/org/keycloak/testsuite/util/AssertAdminEvents.java:[223,97] unchecked cast
Base IT (2)	Run base tests	2024-11-21T10:17:57.5391243Z --   required: java.util.List<org.keycloak.representations.idm.RoleRepresentation>
Base IT (2)	Run base tests	2024-11-21T10:17:57.5392379Z --   found:    java.lang.Object
Base IT (2)	Run base tests	2024-11-21T10:17:57.5395742Z -- [WARNING] /home/runner/work/keycloak/keycloak/testsuite/integration-arquillian/tests/base/src/test/java/org/keycloak/testsuite/broker/AbstractAdvancedBrokerTest.java:[301,35] pageLoadTimeout(long,java.util.concurrent.TimeUnit) in org.openqa.selenium.WebDriver.Timeouts has been deprecated
Base IT (2)	Run base tests	2024-11-21T10:17:57.5400630Z -- [WARNING] /home/runner/work/keycloak/keycloak/testsuite/integration-arquillian/tests/base/src/test/java/org/keycloak/testsuite/client/ClientSecretRotationTest.java:[760,59] unchecked conversion
Base IT (2)	Run base tests	2024-11-21T10:17:57.5403174Z --   required: java.util.Map<java.lang.String,java.lang.String>
Base IT (2)	Run base tests	2024-11-21T10:17:57.5404041Z --   found:    java.util.Map
Base IT (2)	Run base tests	2024-11-21T10:17:57.5407091Z -- [WARNING] /home/runner/work/keycloak/keycloak/testsuite/integration-arquillian/tests/base/src/test/java/org/keycloak/testsuite/oidc/flows/AbstractOIDCResponseTypeTest.java:[92,73] getSessionState() in org.keycloak.representations.IDToken has been deprecated
Base IT (2)	Run base tests	2024-11-21T10:17:57.5414615Z -- [WARNING] /home/runner/work/keycloak/keycloak/testsuite/integration-arquillian/tests/base/src/test/java/org/keycloak/testsuite/oidc/flows/AbstractOIDCResponseTypeTest.java:[107,73] getSessionState() in org.keycloak.representations.IDToken has been deprecated
Base IT (2)	Run base tests	2024-11-21T10:17:57.5420015Z -- [WARNING] /home/runner/work/keycloak/keycloak/testsuite/integration-arquillian/tests/base/src/test/java/org/keycloak/testsuite/oidc/flows/AbstractOIDCResponseTypeTest.java:[251,69] getSessionState() in org.keycloak.representations.IDToken has been deprecated
Base IT (2)	Run base tests	2024-11-21T10:17:57.5425662Z -- [WARNING] /home/runner/work/keycloak/keycloak/testsuite/integration-arquillian/tests/base/src/test/java/org/keycloak/testsuite/client/policies/AbstractClientPoliciesTest.java:[573,42] org.apache.http.impl.client.DefaultHttpClient in org.apache.http.impl.client has been deprecated
Base IT (2)	Run base tests	2024-11-21T10:17:57.5430827Z -- [WARNING] /home/runner/work/keycloak/keycloak/testsuite/integration-arquillian/tests/base/src/test/java/org/keycloak/testsuite/client/policies/AbstractClientPoliciesTest.java:[695,59] unchecked conversion
Base IT (2)	Run base tests	2024-11-21T10:17:57.5433503Z --   required: java.util.Map<java.lang.String,java.lang.String>
Base IT (2)	Run base tests	2024-11-21T10:17:57.5434392Z --   found:    java.util.Map
Base IT (2)	Run base tests	2024-11-21T10:17:57.5436906Z -- [WARNING] /home/runner/work/keycloak/keycloak/testsuite/integration-arquillian/tests/base/src/test/java/org/keycloak/testsuite/client/policies/AbstractClientPoliciesTest.java:[753,55] unchecked conversion
Base IT (2)	Run base tests	2024-11-21T10:17:57.5439583Z --   required: java.util.Map<java.lang.String,java.lang.String>
Base IT (2)	Run base tests	2024-11-21T10:17:57.5440456Z --   found:    java.util.Map
Base IT (2)	Run base tests	2024-11-21T10:17:57.5442880Z -- [WARNING] /home/runner/work/keycloak/keycloak/testsuite/integration-arquillian/tests/base/src/test/java/org/keycloak/testsuite/client/policies/AbstractClientPoliciesTest.java:[1088,104] unchecked cast
Base IT (2)	Run base tests	2024-11-21T10:17:57.5445398Z --   required: java.util.Collection<java.lang.String>
Base IT (2)	Run base tests	2024-11-21T10:17:57.5446173Z --   found:    java.util.List
Base IT (2)	Run base tests	2024-11-21T10:17:57.5449225Z -- [WARNING] /home/runner/work/keycloak/keycloak/testsuite/integration-arquillian/tests/base/src/test/java/org/keycloak/testsuite/client/policies/AbstractClientPoliciesTest.java:[1514,38] getSessionState() in org.keycloak.representations.IDToken has been deprecated
Base IT (2)	Run base tests	2024-11-21T10:17:57.5454857Z -- [WARNING] /home/runner/work/keycloak/keycloak/testsuite/integration-arquillian/tests/base/src/test/java/org/keycloak/testsuite/client/policies/AbstractClientPoliciesTest.java:[1519,45] getSessionState() in org.keycloak.representations.IDToken has been deprecated
Base IT (2)	Run base tests	2024-11-21T10:17:57.5460162Z -- [WARNING] /home/runner/work/keycloak/keycloak/testsuite/integration-arquillian/tests/base/src/test/java/org/keycloak/testsuite/client/policies/AbstractClientPoliciesTest.java:[1528,47] getSessionState() in org.keycloak.representations.IDToken has been deprecated
Base IT (2)	Run base tests	2024-11-21T10:17:57.5465601Z -- [WARNING] /home/runner/work/keycloak/keycloak/testsuite/integration-arquillian/tests/base/src/test/java/org/keycloak/testsuite/client/policies/AbstractClientPoliciesTest.java:[1529,54] getSessionState() in org.keycloak.representations.IDToken has been deprecated
Base IT (2)	Run base tests	2024-11-21T10:17:57.5470098Z -- [WARNING] /home/runner/work/keycloak/keycloak/testsuite/integration-arquillian/tests/base/src/test/java/org/keycloak/testsuite/saml/BrokerTest.java:[340,63] unchecked conversion
Base IT (2)	Run base tests	2024-11-21T10:17:57.5472889Z --   required: org.keycloak.saml.BaseSAML2BindingBuilder<org.keycloak.saml.BaseSAML2BindingBuilder>
Base IT (2)	Run base tests	2024-11-21T10:17:57.5474333Z --   found:    org.keycloak.saml.BaseSAML2BindingBuilder
Base IT (2)	Run base tests	2024-11-21T10:17:57.5477760Z -- [WARNING] /home/runner/work/keycloak/keycloak/testsuite/integration-arquillian/tests/base/src/test/java/org/keycloak/testsuite/authz/admin/AbstractAuthorizationTest.java:[134,25] defaultRoles(java.lang.String...) in org.keycloak.testsuite.util.ClientBuilder has been deprecated
Base IT (2)	Run base tests	2024-11-21T10:17:57.5483821Z -- [WARNING] /home/runner/work/keycloak/keycloak/testsuite/integration-arquillian/tests/base/src/test/java/org/keycloak/testsuite/util/UserBuilder.java:[159,12] setTotp(java.lang.Boolean) in org.keycloak.representations.idm.UserRepresentation has been deprecated
Base IT (2)	Run base tests	2024-11-21T10:17:57.5489011Z -- [WARNING] /home/runner/work/keycloak/keycloak/testsuite/integration-arquillian/tests/base/src/test/java/org/keycloak/testsuite/util/UserBuilder.java:[176,12] setTotp(java.lang.Boolean) in org.keycloak.representations.idm.UserRepresentation has been deprecated
Base IT (2)	Run base tests	2024-11-21T10:17:57.5494101Z -- [WARNING] /home/runner/work/keycloak/keycloak/testsuite/integration-arquillian/tests/base/src/test/java/org/keycloak/testsuite/oauth/OfflineTokenTest.java:[278,67] getSessionState() in org.keycloak.representations.IDToken has been deprecated
Base IT (2)	Run base tests	2024-11-21T10:17:57.5498656Z -- [WARNING] /home/runner/work/keycloak/keycloak/testsuite/integration-arquillian/tests/base/src/test/java/org/keycloak/testsuite/oauth/OfflineTokenTest.java:[461,31] getSessionState() in org.keycloak.representations.IDToken has been deprecated
Base IT (2)	Run base tests	2024-11-21T10:17:57.5503283Z -- [WARNING] /home/runner/work/keycloak/keycloak/testsuite/integration-arquillian/tests/base/src/test/java/org/keycloak/testsuite/oauth/OfflineTokenTest.java:[475,112] getSessionState() in org.keycloak.representations.IDToken has been deprecated
Base IT (2)	Run base tests	2024-11-21T10:17:57.5507830Z -- [WARNING] /home/runner/work/keycloak/keycloak/testsuite/integration-arquillian/tests/base/src/test/java/org/keycloak/testsuite/oauth/OfflineTokenTest.java:[481,57] getSessionState() in org.keycloak.representations.IDToken has been deprecated
Base IT (2)	Run base tests	2024-11-21T10:17:57.5512396Z -- [WARNING] /home/runner/work/keycloak/keycloak/testsuite/integration-arquillian/tests/base/src/test/java/org/keycloak/testsuite/oauth/OfflineTokenTest.java:[491,66] getSessionState() in org.keycloak.representations.IDToken has been deprecated
Base IT (2)	Run base tests	2024-11-21T10:17:57.5516999Z -- [WARNING] /home/runner/work/keycloak/keycloak/testsuite/integration-arquillian/tests/base/src/test/java/org/keycloak/testsuite/oauth/OfflineTokenTest.java:[646,31] getSessionState() in org.keycloak.representations.IDToken has been deprecated
Base IT (2)	Run base tests	2024-11-21T10:17:57.5521700Z -- [WARNING] /home/runner/work/keycloak/keycloak/testsuite/integration-arquillian/tests/base/src/test/java/org/keycloak/testsuite/oauth/OfflineTokenTest.java:[768,111] getSessionState() in org.keycloak.representations.IDToken has been deprecated
Base IT (2)	Run base tests	2024-11-21T10:17:57.5526383Z -- [WARNING] /home/runner/work/keycloak/keycloak/testsuite/integration-arquillian/tests/base/src/test/java/org/keycloak/testsuite/oauth/OfflineTokenTest.java:[796,55] getSessionState() in org.keycloak.representations.IDToken has been deprecated
Base IT (2)	Run base tests	2024-11-21T10:17:57.5531106Z -- [WARNING] /home/runner/work/keycloak/keycloak/testsuite/integration-arquillian/tests/base/src/test/java/org/keycloak/testsuite/oauth/OfflineTokenTest.java:[805,37] getSessionState() in org.keycloak.representations.IDToken has been deprecated
Base IT (2)	Run base tests	2024-11-21T10:17:57.5537733Z -- [WARNING] /home/runner/work/keycloak/keycloak/testsuite/integration-arquillian/tests/base/src/test/java/org/keycloak/testsuite/oauth/OfflineTokenTest.java:[805,70] getSessionState() in org.keycloak.representations.IDToken has been deprecated
Base IT (2)	Run base tests	2024-11-21T10:17:57.5542429Z -- [WARNING] /home/runner/work/keycloak/keycloak/testsuite/integration-arquillian/tests/base/src/test/java/org/keycloak/testsuite/oauth/OfflineTokenTest.java:[1070,31] getSessionState() in org.keycloak.representations.IDToken has been deprecated
Base IT (2)	Run base tests	2024-11-21T10:17:57.5547031Z -- [WARNING] /home/runner/work/keycloak/keycloak/testsuite/integration-arquillian/tests/base/src/test/java/org/keycloak/testsuite/oauth/OfflineTokenTest.java:[1080,83] getSessionState() in org.keycloak.representations.IDToken has been deprecated
Base IT (2)	Run base tests	2024-11-21T10:17:57.5551471Z -- [WARNING] /home/runner/work/keycloak/keycloak/testsuite/integration-arquillian/tests/base/src/test/java/org/keycloak/testsuite/oauth/OfflineTokenTest.java:[1092,32] getSessionState() in org.keycloak.representations.IDToken has been deprecated
Base IT (2)	Run base tests	2024-11-21T10:17:57.5556573Z -- [WARNING] /home/runner/work/keycloak/keycloak/testsuite/integration-arquillian/tests/base/src/test/java/org/keycloak/testsuite/oauth/OfflineTokenTest.java:[1100,83] getSessionState() in org.keycloak.representations.IDToken has been deprecated
Base IT (2)	Run base tests	2024-11-21T10:17:57.5561289Z -- [WARNING] /home/runner/work/keycloak/keycloak/testsuite/integration-arquillian/tests/base/src/test/java/org/keycloak/testsuite/oauth/OfflineTokenTest.java:[1101,87] getSessionState() in org.keycloak.representations.IDToken has been deprecated
Base IT (2)	Run base tests	2024-11-21T10:17:57.5565955Z -- [WARNING] /home/runner/work/keycloak/keycloak/testsuite/integration-arquillian/tests/base/src/test/java/org/keycloak/testsuite/oauth/OfflineTokenTest.java:[1142,31] getSessionState() in org.keycloak.representations.IDToken has been deprecated
Base IT (2)	Run base tests	2024-11-21T10:17:57.5571028Z -- [WARNING] /home/runner/work/keycloak/keycloak/testsuite/integration-arquillian/tests/base/src/test/java/org/keycloak/testsuite/cluster/AbstractInvalidationClusterTest.java:[179,41] unchecked method invocation: method sort in class java.util.Collections is applied to given types
Base IT (2)	Run base tests	2024-11-21T10:17:57.5574108Z --   required: java.util.List<T>
Base IT (2)	Run base tests	2024-11-21T10:17:57.5574693Z --   found:    java.util.List
Base IT (2)	Run base tests	2024-11-21T10:17:57.5577048Z -- [WARNING] /home/runner/work/keycloak/keycloak/testsuite/integration-arquillian/tests/base/src/test/java/org/keycloak/testsuite/cluster/AbstractInvalidationClusterTest.java:[179,42] unchecked conversion
Base IT (2)	Run base tests	2024-11-21T10:17:57.5579326Z --   required: java.util.List<T>
Base IT (2)	Run base tests	2024-11-21T10:17:57.5579913Z --   found:    java.util.List
Base IT (2)	Run base tests	2024-11-21T10:17:57.5582649Z -- [WARNING] /home/runner/work/keycloak/keycloak/testsuite/integration-arquillian/tests/base/src/test/java/org/keycloak/testsuite/oidc/OIDCAdvancedRequestParamsTest.java:[406,39] getSessionState() in org.keycloak.representations.IDToken has been deprecated
Base IT (2)	Run base tests	2024-11-21T10:17:57.5587626Z -- [WARNING] /home/runner/work/keycloak/keycloak/testsuite/integration-arquillian/tests/base/src/test/java/org/keycloak/testsuite/oidc/OIDCAdvancedRequestParamsTest.java:[406,69] getSessionState() in org.keycloak.representations.IDToken has been deprecated
Base IT (2)	Run base tests	2024-11-21T10:17:57.5593133Z -- [WARNING] /home/runner/work/keycloak/keycloak/testsuite/integration-arquillian/tests/base/src/test/java/org/keycloak/testsuite/oidc/OIDCAdvancedRequestParamsTest.java:[1445,58] getKeysForUse(org.keycloak.jose.jwk.JSONWebKeySet,org.keycloak.jose.jwk.JWK.Use) in org.keycloak.util.JWKSUtils has been deprecated
Base IT (2)	Run base tests	2024-11-21T10:17:57.5599005Z -- [WARNING] /home/runner/work/keycloak/keycloak/testsuite/integration-arquillian/tests/base/src/test/java/org/keycloak/testsuite/oidc/OIDCAdvancedRequestParamsTest.java:[1532,58] getKeysForUse(org.keycloak.jose.jwk.JSONWebKeySet,org.keycloak.jose.jwk.JWK.Use) in org.keycloak.util.JWKSUtils has been deprecated
Base IT (2)	Run base tests	2024-11-21T10:17:57.5604586Z -- [WARNING] /home/runner/work/keycloak/keycloak/testsuite/integration-arquillian/tests/base/src/test/java/org/keycloak/testsuite/actions/RequiredActionMultipleActionsTest.java:[91,90] UPDATE_PASSWORD in org.keycloak.events.EventType has been deprecated
Base IT (2)	Run base tests	2024-11-21T10:17:57.5610109Z -- [WARNING] /home/runner/work/keycloak/keycloak/testsuite/integration-arquillian/tests/base/src/test/java/org/keycloak/testsuite/authz/admin/GenericPolicyManagementTest.java:[147,25] unchecked call to ArrayList(java.util.Collection<? extends E>) as a member of the raw type java.util.ArrayList
Base IT (2)	Run base tests	2024-11-21T10:17:57.5615867Z -- [WARNING] /home/runner/work/keycloak/keycloak/testsuite/integration-arquillian/tests/base/src/test/java/org/keycloak/testsuite/migration/AbstractMigrationTest.java:[1359,69] LEGACY_HIDE_ON_LOGIN_ATTR in org.keycloak.models.IdentityProviderModel has been deprecated
Base IT (2)	Run base tests	2024-11-21T10:17:57.5620811Z -- [WARNING] /home/runner/work/keycloak/keycloak/testsuite/integration-arquillian/tests/base/src/test/java/org/keycloak/testsuite/account/AccountRestServiceTest.java:[885,32] REMOVE_TOTP in org.keycloak.events.EventType has been deprecated
Base IT (2)	Run base tests	2024-11-21T10:17:57.5627391Z -- [WARNING] /home/runner/work/keycloak/keycloak/testsuite/integration-arquillian/tests/base/src/test/java/org/keycloak/testsuite/adapter/AbstractAdapterClusteredTest.java:[102,23] ProxyHandler(io.undertow.server.handlers.proxy.ProxyClient,int,io.undertow.server.HttpHandler) in io.undertow.server.handlers.proxy.ProxyHandler has been deprecated
Base IT (2)	Run base tests	2024-11-21T10:17:57.5633428Z -- [WARNING] /home/runner/work/keycloak/keycloak/testsuite/integration-arquillian/tests/base/src/test/java/org/keycloak/testsuite/federation/storage/ClientStorageTest.java:[469,31] getSessionState() in org.keycloak.representations.IDToken has been deprecated
Base IT (2)	Run base tests	2024-11-21T10:17:57.5638603Z -- [WARNING] /home/runner/work/keycloak/keycloak/testsuite/integration-arquillian/tests/base/src/test/java/org/keycloak/testsuite/federation/storage/ClientStorageTest.java:[483,83] getSessionState() in org.keycloak.representations.IDToken has been deprecated
Base IT (2)	Run base tests	2024-11-21T10:17:57.5643817Z -- [WARNING] /home/runner/work/keycloak/keycloak/testsuite/integration-arquillian/tests/base/src/test/java/org/keycloak/testsuite/federation/storage/ClientStorageTest.java:[486,83] getSessionState() in org.keycloak.representations.IDToken has been deprecated
Base IT (2)	Run base tests	2024-11-21T10:17:57.5648980Z -- [WARNING] /home/runner/work/keycloak/keycloak/testsuite/integration-arquillian/tests/base/src/test/java/org/keycloak/testsuite/federation/storage/ClientStorageTest.java:[516,111] getSessionState() in org.keycloak.representations.IDToken has been deprecated
Base IT (2)	Run base tests	2024-11-21T10:17:57.5654541Z -- [WARNING] /home/runner/work/keycloak/keycloak/testsuite/integration-arquillian/tests/base/src/test/java/org/keycloak/testsuite/federation/storage/ClientStorageTest.java:[519,65] getSessionState() in org.keycloak.representations.IDToken has been deprecated
Base IT (2)	Run base tests	2024-11-21T10:17:57.5659796Z -- [WARNING] /home/runner/work/keycloak/keycloak/testsuite/integration-arquillian/tests/base/src/test/java/org/keycloak/testsuite/composites/CompositeRoleTest.java:[119,17] defaultRoles(java.lang.String...) in org.keycloak.testsuite.util.ClientBuilder has been deprecated
Base IT (2)	Run base tests	2024-11-21T10:17:57.5665096Z -- [WARNING] /home/runner/work/keycloak/keycloak/testsuite/integration-arquillian/tests/base/src/test/java/org/keycloak/testsuite/composites/CompositeRoleTest.java:[139,17] defaultRoles(java.lang.String...) in org.keycloak.testsuite.util.ClientBuilder has been deprecated
Base IT (2)	Run base tests	2024-11-21T10:17:57.5670551Z -- [WARNING] /home/runner/work/keycloak/keycloak/testsuite/integration-arquillian/tests/base/src/test/java/org/keycloak/testsuite/actions/AppInitiatedActionDeleteCredentialTest.java:[126,36] REMOVE_TOTP in org.keycloak.events.EventType has been deprecated
Base IT (2)	Run base tests	2024-11-21T10:17:57.5675618Z -- [WARNING] /home/runner/work/keycloak/keycloak/testsuite/integration-arquillian/tests/base/src/test/java/org/keycloak/testsuite/actions/AppInitiatedActionDeleteCredentialTest.java:[271,32] REMOVE_TOTP in org.keycloak.events.EventType has been deprecated
Base IT (2)	Run base tests	2024-11-21T10:17:57.5681604Z -- [WARNING] /home/runner/work/keycloak/keycloak/testsuite/integration-arquillian/tests/base/src/test/java/org/keycloak/testsuite/forms/LevelOfAssuranceFlowTest.java:[701,91] STORE_IN_USER_SESSION in org.keycloak.authentication.authenticators.conditional.ConditionalLoaAuthenticator has been deprecated
Base IT (2)	Run base tests	2024-11-21T10:17:57.5687959Z -- [WARNING] /home/runner/work/keycloak/keycloak/testsuite/integration-arquillian/tests/base/src/test/java/org/keycloak/testsuite/forms/LevelOfAssuranceFlowTest.java:[713,91] STORE_IN_USER_SESSION in org.keycloak.authentication.authenticators.conditional.ConditionalLoaAuthenticator has been deprecated
Base IT (2)	Run base tests	2024-11-21T10:17:57.5694360Z -- [WARNING] /home/runner/work/keycloak/keycloak/testsuite/integration-arquillian/tests/base/src/test/java/org/keycloak/testsuite/forms/LevelOfAssuranceFlowTest.java:[725,91] STORE_IN_USER_SESSION in org.keycloak.authentication.authenticators.conditional.ConditionalLoaAuthenticator has been deprecated
Base IT (2)	Run base tests	2024-11-21T10:17:57.5699537Z -- [WARNING] /home/runner/work/keycloak/keycloak/testsuite/integration-arquillian/tests/base/src/test/java/org/keycloak/testsuite/forms/LevelOfAssuranceFlowTest.java:[792,46] UPDATE_TOTP in org.keycloak.events.EventType has been deprecated
Base IT (2)	Run base tests	2024-11-21T10:17:57.5704608Z -- [WARNING] /home/runner/work/keycloak/keycloak/testsuite/integration-arquillian/tests/base/src/test/java/org/keycloak/testsuite/forms/LevelOfAssuranceFlowTest.java:[842,46] UPDATE_TOTP in org.keycloak.events.EventType has been deprecated
Base IT (2)	Run base tests	2024-11-21T10:17:57.5709170Z -- [WARNING] /home/runner/work/keycloak/keycloak/testsuite/integration-arquillian/tests/base/src/test/java/org/keycloak/testsuite/forms/LevelOfAssuranceFlowTest.java:[858,46] REMOVE_TOTP in org.keycloak.events.EventType has been deprecated
Base IT (2)	Run base tests	2024-11-21T10:17:57.5713600Z -- [WARNING] /home/runner/work/keycloak/keycloak/testsuite/integration-arquillian/tests/base/src/test/java/org/keycloak/testsuite/forms/LevelOfAssuranceFlowTest.java:[882,50] REMOVE_TOTP in org.keycloak.events.EventType has been deprecated
Base IT (2)	Run base tests	2024-11-21T10:17:57.5718251Z -- [WARNING] /home/runner/work/keycloak/keycloak/testsuite/integration-arquillian/tests/base/src/test/java/org/keycloak/testsuite/forms/LevelOfAssuranceFlowTest.java:[892,50] UPDATE_TOTP in org.keycloak.events.EventType has been deprecated
Base IT (2)	Run base tests	2024-11-21T10:17:57.5723037Z -- [WARNING] /home/runner/work/keycloak/keycloak/testsuite/integration-arquillian/tests/base/src/test/java/org/keycloak/testsuite/federation/kerberos/AbstractKerberosTest.java:[225,16] unchecked call to put(K,V) as a member of the raw type java.util.Hashtable
Base IT (2)	Run base tests	2024-11-21T10:17:57.5728017Z -- [WARNING] /home/runner/work/keycloak/keycloak/testsuite/integration-arquillian/tests/base/src/test/java/org/keycloak/testsuite/federation/kerberos/AbstractKerberosTest.java:[226,16] unchecked call to put(K,V) as a member of the raw type java.util.Hashtable
Base IT (2)	Run base tests	2024-11-21T10:17:57.5733373Z -- [WARNING] /home/runner/work/keycloak/keycloak/testsuite/integration-arquillian/tests/base/src/test/java/org/keycloak/testsuite/federation/kerberos/AbstractKerberosTest.java:[229,20] unchecked call to put(K,V) as a member of the raw type java.util.Hashtable
Base IT (2)	Run base tests	2024-11-21T10:17:57.5738388Z -- [WARNING] /home/runner/work/keycloak/keycloak/testsuite/integration-arquillian/tests/base/src/test/java/org/keycloak/testsuite/federation/kerberos/AbstractKerberosTest.java:[230,20] unchecked call to put(K,V) as a member of the raw type java.util.Hashtable
Base IT (2)	Run base tests	2024-11-21T10:17:57.5744279Z -- [WARNING] /home/runner/work/keycloak/keycloak/testsuite/integration-arquillian/tests/base/src/test/java/org/keycloak/testsuite/federation/kerberos/AbstractKerberosTest.java:[282,9] org.jboss.resteasy.client.jaxrs.engines.ApacheHttpClient43Engine in org.jboss.resteasy.client.jaxrs.engines has been deprecated and marked for removal
Base IT (2)	Run base tests	2024-11-21T10:17:57.5750765Z -- [WARNING] /home/runner/work/keycloak/keycloak/testsuite/integration-arquillian/tests/base/src/test/java/org/keycloak/testsuite/federation/kerberos/AbstractKerberosTest.java:[282,47] org.jboss.resteasy.client.jaxrs.engines.ApacheHttpClient43Engine in org.jboss.resteasy.client.jaxrs.engines has been deprecated and marked for removal
Base IT (2)	Run base tests	2024-11-21T10:17:57.5756373Z -- [WARNING] /home/runner/work/keycloak/keycloak/testsuite/integration-arquillian/tests/base/src/test/java/org/keycloak/testsuite/oauth/AbstractClientAuthSignedJWTTest.java:[349,41] getSessionState() in org.keycloak.representations.IDToken has been deprecated
Base IT (2)	Run base tests	2024-11-21T10:17:57.5761552Z -- [WARNING] /home/runner/work/keycloak/keycloak/testsuite/integration-arquillian/tests/base/src/test/java/org/keycloak/testsuite/oauth/AbstractClientAuthSignedJWTTest.java:[417,37] getSessionState() in org.keycloak.representations.IDToken has been deprecated
Base IT (2)	Run base tests	2024-11-21T10:17:57.5766594Z -- [WARNING] /home/runner/work/keycloak/keycloak/testsuite/integration-arquillian/tests/base/src/test/java/org/keycloak/testsuite/oauth/AbstractClientAuthSignedJWTTest.java:[582,37] getSessionState() in org.keycloak.representations.IDToken has been deprecated
Base IT (2)	Run base tests	2024-11-21T10:17:57.5772353Z -- [WARNING] /home/runner/work/keycloak/keycloak/testsuite/integration-arquillian/tests/base/src/test/java/org/keycloak/testsuite/oauth/AbstractClientAuthSignedJWTTest.java:[719,42] org.apache.http.impl.client.DefaultHttpClient in org.apache.http.impl.client has been deprecated
Base IT (2)	Run base tests	2024-11-21T10:17:57.5777849Z -- [WARNING] /home/runner/work/keycloak/keycloak/testsuite/integration-arquillian/tests/base/src/test/java/org/keycloak/testsuite/broker/KcOidcBrokerTransientSessionsTest.java:[632,71] getSessionState() in org.keycloak.representations.IDToken has been deprecated
Base IT (2)	Run base tests	2024-11-21T10:17:57.5783899Z -- [WARNING] /home/runner/work/keycloak/keycloak/testsuite/integration-arquillian/tests/base/src/test/java/org/keycloak/testsuite/admin/PermissionsTest.java:[381,35] testLDAPConnection(java.lang.String,java.lang.String,java.lang.String,java.lang.String,java.lang.String,java.lang.String) in org.keycloak.admin.client.resource.RealmResource has been deprecated
Base IT (2)	Run base tests	2024-11-21T10:17:57.5790753Z -- [WARNING] /home/runner/work/keycloak/keycloak/testsuite/integration-arquillian/tests/base/src/test/java/org/keycloak/testsuite/admin/PermissionsTest.java:[669,83] unchecked method invocation: method createMapper in interface org.keycloak.admin.client.resource.ProtocolMappersResource is applied to given types
Base IT (2)	Run base tests	2024-11-21T10:17:57.5794541Z --   required: java.util.List<org.keycloak.representations.idm.ProtocolMapperRepresentation>
Base IT (2)	Run base tests	2024-11-21T10:17:57.5795662Z --   found:    java.util.List
Base IT (2)	Run base tests	2024-11-21T10:17:57.5797836Z -- [WARNING] /home/runner/work/keycloak/keycloak/testsuite/integration-arquillian/tests/base/src/test/java/org/keycloak/testsuite/admin/PermissionsTest.java:[669,95] unchecked conversion
Base IT (2)	Run base tests	2024-11-21T10:17:57.5800467Z --   required: java.util.List<org.keycloak.representations.idm.ProtocolMapperRepresentation>
Base IT (2)	Run base tests	2024-11-21T10:17:57.5801580Z --   found:    java.util.List
Base IT (2)	Run base tests	2024-11-21T10:17:57.5804667Z -- [WARNING] /home/runner/work/keycloak/keycloak/testsuite/integration-arquillian/tests/base/src/test/java/org/keycloak/testsuite/admin/PermissionsTest.java:[1815,64] getRealmLocalizationTexts(java.lang.String,java.lang.Boolean) in org.keycloak.admin.client.resource.RealmLocalizationResource has been deprecated
Base IT (2)	Run base tests	2024-11-21T10:17:57.5810245Z -- [WARNING] /home/runner/work/keycloak/keycloak/testsuite/integration-arquillian/tests/base/src/test/java/org/keycloak/testsuite/oidc/AuthenticationMethodReferenceTest.java:[481,43] getSessionState() in org.keycloak.representations.IDToken has been deprecated
Base IT (2)	Run base tests	2024-11-21T10:17:57.5814918Z -- [WARNING] /home/runner/work/keycloak/keycloak/testsuite/integration-arquillian/tests/base/src/test/java/org/keycloak/testsuite/oidc/AuthenticationMethodReferenceTest.java:[528,69] unchecked cast
Base IT (2)	Run base tests	2024-11-21T10:17:57.5817341Z --   required: java.util.List<java.lang.String>
Base IT (2)	Run base tests	2024-11-21T10:17:57.5818083Z --   found:    java.lang.Object
Base IT (2)	Run base tests	2024-11-21T10:17:57.5820411Z -- [WARNING] /home/runner/work/keycloak/keycloak/testsuite/integration-arquillian/tests/base/src/test/java/org/keycloak/testsuite/crossdc/AbstractAdminCrossDCTest.java:[97,50] unchecked cast
Base IT (2)	Run base tests	2024-11-21T10:17:57.5822634Z --   required: T
Base IT (2)	Run base tests	2024-11-21T10:17:57.5823154Z --   found:    java.lang.Comparable
Base IT (2)	Run base tests	2024-11-21T10:17:57.5825438Z -- [WARNING] /home/runner/work/keycloak/keycloak/testsuite/integration-arquillian/tests/base/src/test/java/org/keycloak/testsuite/crossdc/AbstractAdminCrossDCTest.java:[101,54] unchecked cast
Base IT (2)	Run base tests	2024-11-21T10:17:57.5831698Z --   required: T
Base IT (2)	Run base tests	2024-11-21T10:17:57.5832241Z --   found:    java.lang.Comparable
Base IT (2)	Run base tests	2024-11-21T10:17:57.5835179Z -- [WARNING] /home/runner/work/keycloak/keycloak/testsuite/integration-arquillian/tests/base/src/test/java/org/keycloak/testsuite/admin/concurrency/ConcurrentLoginTest.java:[443,40] getSessionState() in org.keycloak.representations.IDToken has been deprecated
Base IT (2)	Run base tests	2024-11-21T10:17:57.5840540Z -- [WARNING] /home/runner/work/keycloak/keycloak/testsuite/integration-arquillian/tests/base/src/test/java/org/keycloak/testsuite/authz/admin/AbstractPolicyManagementTest.java:[74,25] defaultRoles(java.lang.String...) in org.keycloak.testsuite.util.ClientBuilder has been deprecated
Base IT (2)	Run base tests	2024-11-21T10:17:57.5846368Z -- [WARNING] /home/runner/work/keycloak/keycloak/testsuite/integration-arquillian/tests/base/src/test/java/org/keycloak/testsuite/crossdc/SessionExpirationCrossDCTest.java:[577,80] getSessionState() in org.keycloak.representations.IDToken has been deprecated
Base IT (2)	Run base tests	2024-11-21T10:17:57.5851823Z -- [WARNING] /home/runner/work/keycloak/keycloak/testsuite/integration-arquillian/tests/base/src/test/java/org/keycloak/testsuite/crossdc/SessionExpirationCrossDCTest.java:[607,80] getSessionState() in org.keycloak.representations.IDToken has been deprecated
Base IT (2)	Run base tests	2024-11-21T10:17:57.5857530Z -- [WARNING] /home/runner/work/keycloak/keycloak/testsuite/integration-arquillian/tests/base/src/test/java/org/keycloak/testsuite/admin/event/EventConfigTest.java:[59,37] unchecked method invocation: method setEventsListeners in class org.keycloak.representations.idm.RealmEventsConfigRepresentation is applied to given types
Base IT (2)	Run base tests	2024-11-21T10:17:57.5860954Z --   required: java.util.List<java.lang.String>
Base IT (2)	Run base tests	2024-11-21T10:17:57.5861613Z --   found:    java.util.List
Base IT (2)	Run base tests	2024-11-21T10:17:57.5863830Z -- [WARNING] /home/runner/work/keycloak/keycloak/testsuite/integration-arquillian/tests/base/src/test/java/org/keycloak/testsuite/admin/event/EventConfigTest.java:[59,49] unchecked conversion
Base IT (2)	Run base tests	2024-11-21T10:17:57.5866080Z --   required: java.util.List<java.lang.String>
Base IT (2)	Run base tests	2024-11-21T10:17:57.5866772Z --   found:    java.util.List
Base IT (2)	Run base tests	2024-11-21T10:17:57.5870075Z -- [WARNING] /home/runner/work/keycloak/keycloak/testsuite/integration-arquillian/tests/base/src/test/java/org/keycloak/testsuite/admin/event/EventConfigTest.java:[87,39] unchecked method invocation: method setEnabledEventTypes in class org.keycloak.representations.idm.RealmEventsConfigRepresentation is applied to given types
Base IT (2)	Run base tests	2024-11-21T10:17:57.5873406Z --   required: java.util.List<java.lang.String>
Base IT (2)	Run base tests	2024-11-21T10:17:57.5874098Z --   found:    java.util.List
Base IT (2)	Run base tests	2024-11-21T10:17:57.5876309Z -- [WARNING] /home/runner/work/keycloak/keycloak/testsuite/integration-arquillian/tests/base/src/test/java/org/keycloak/testsuite/admin/event/EventConfigTest.java:[87,51] unchecked conversion
Base IT (2)	Run base tests	2024-11-21T10:17:57.5878505Z --   required: java.util.List<java.lang.String>
Base IT (2)	Run base tests	2024-11-21T10:17:57.5879187Z --   found:    java.util.List
Base IT (2)	Run base tests	2024-11-21T10:17:57.5882274Z -- [WARNING] /home/runner/work/keycloak/keycloak/testsuite/integration-arquillian/tests/base/src/test/java/org/keycloak/testsuite/oauth/ClientAuthSecretSignedJWTTest.java:[383,42] org.apache.http.impl.client.DefaultHttpClient in org.apache.http.impl.client has been deprecated
Base IT (2)	Run base tests	2024-11-21T10:17:57.5886946Z -- [WARNING] /home/runner/work/keycloak/keycloak/testsuite/integration-arquillian/tests/base/src/test/java/org/keycloak/testsuite/oauth/ClientAuthSecretSignedJWTTest.java:[482,59] unchecked conversion
Base IT (2)	Run base tests	2024-11-21T10:17:57.5889407Z --   required: java.util.Map<java.lang.String,java.lang.String>
Base IT (2)	Run base tests	2024-11-21T10:17:57.5890221Z --   found:    java.util.Map
Base IT (2)	Run base tests	2024-11-21T10:17:57.5894076Z -- [WARNING] /home/runner/work/keycloak/keycloak/testsuite/integration-arquillian/tests/base/src/test/java/org/keycloak/testsuite/oauth/OAuthProofKeyForCodeExchangeTest.java:[478,38] getSessionState() in org.keycloak.representations.IDToken has been deprecated
Base IT (2)	Run base tests	2024-11-21T10:17:57.5899221Z -- [WARNING] /home/runner/work/keycloak/keycloak/testsuite/integration-arquillian/tests/base/src/test/java/org/keycloak/testsuite/oauth/OAuthProofKeyForCodeExchangeTest.java:[488,38] getSessionState() in org.keycloak.representations.IDToken has been deprecated
Base IT (2)	Run base tests	2024-11-21T10:17:57.5904383Z -- [WARNING] /home/runner/work/keycloak/keycloak/testsuite/integration-arquillian/tests/base/src/test/java/org/keycloak/testsuite/oauth/OAuthProofKeyForCodeExchangeTest.java:[499,45] getSessionState() in org.keycloak.representations.IDToken has been deprecated
Base IT (2)	Run base tests	2024-11-21T10:17:57.5909467Z -- [WARNING] /home/runner/work/keycloak/keycloak/testsuite/integration-arquillian/tests/base/src/test/java/org/keycloak/testsuite/oauth/OAuthProofKeyForCodeExchangeTest.java:[509,47] getSessionState() in org.keycloak.representations.IDToken has been deprecated
Base IT (2)	Run base tests	2024-11-21T10:17:57.5915269Z -- [WARNING] /home/runner/work/keycloak/keycloak/testsuite/integration-arquillian/tests/base/src/test/java/org/keycloak/testsuite/oauth/OAuthProofKeyForCodeExchangeTest.java:[510,54] getSessionState() in org.keycloak.representations.IDToken has been deprecated
Base IT (2)	Run base tests	2024-11-21T10:17:57.5919821Z -- [INFO] /home/runner/work/keycloak/keycloak/testsuite/integration-arquillian/tests/base/src/test/java/org/keycloak/testsuite/federation/ldap/LDAPRoleMapperTest.java: Some input files additionally use or override a deprecated API.
Base IT (2)	Run base tests	2024-11-21T10:17:57.5925807Z -- [INFO] /home/runner/work/keycloak/keycloak/testsuite/integration-arquillian/tests/base/src/test/java/org/keycloak/testsuite/i18n/LoginPageTest.java: /home/runner/work/keycloak/keycloak/testsuite/integration-arquillian/tests/base/src/test/java/org/keycloak/testsuite/i18n/LoginPageTest.java uses or overrides a deprecated API that is marked for removal.
Base IT (2)	Run base tests	2024-11-21T10:17:57.5931854Z -- [INFO] /home/runner/work/keycloak/keycloak/testsuite/integration-arquillian/tests/base/src/test/java/org/keycloak/testsuite/oauth/TokenEndpointCorsTest.java: Some input files additionally use unchecked or unsafe operations.
Base IT (2)	Run base tests	2024-11-21T10:17:57.5934294Z -- [INFO] 
Base IT (2)	Run base tests	2024-11-21T10:17:57.5935424Z -- [INFO] --- shrinkwrap-resolver:3.2.1:propagate-execution-context (default) @ integration-arquillian-tests-base ---
Base IT (2)	Run base tests	2024-11-21T10:17:57.7226873Z -- [INFO] 
Base IT (2)	Run base tests	2024-11-21T10:17:57.7228488Z -- [INFO] --- docker:0.40.3:start (start-db-container) @ integration-arquillian-tests-base ---
Base IT (2)	Run base tests	2024-11-21T10:17:57.9993075Z -- [INFO] 
Base IT (2)	Run base tests	2024-11-21T10:17:57.9995112Z -- [INFO] --- surefire:3.0.0-M7:test (default-test) @ integration-arquillian-tests-base ---
Base IT (2)	Run base tests	2024-11-21T10:17:58.1473327Z -- [INFO] Using auto detected provider org.apache.maven.surefire.junit4.JUnit4Provider
Base IT (2)	Run base tests	2024-11-21T10:17:58.2636193Z -- [INFO] Downloading from jboss-public-repository: https://repository.jboss.org/nexus/content/groups/public/org/apache/maven/surefire/surefire-junit4/3.0.0-M7/surefire-junit4-3.0.0-M7.jar
Base IT (2)	Run base tests	2024-11-21T10:17:58.6309287Z -- [INFO] Downloading from central: https://repo.maven.apache.org/maven2/org/apache/maven/surefire/surefire-junit4/3.0.0-M7/surefire-junit4-3.0.0-M7.jar
Base IT (2)	Run base tests	2024-11-21T10:17:58.6539438Z -- [INFO] Downloaded from central: https://repo.maven.apache.org/maven2/org/apache/maven/surefire/surefire-junit4/3.0.0-M7/surefire-junit4-3.0.0-M7.jar (18 kB at 766 kB/s)
Base IT (2)	Run base tests	2024-11-21T10:17:58.6552513Z -- [INFO] Downloading from jboss-public-repository: https://repository.jboss.org/nexus/content/groups/public/org/apache/maven/surefire/surefire-junit4/3.0.0-M7/surefire-junit4-3.0.0-M7.pom
Base IT (2)	Run base tests	2024-11-21T10:17:58.7102104Z -- [INFO] Downloading from central: https://repo.maven.apache.org/maven2/org/apache/maven/surefire/surefire-junit4/3.0.0-M7/surefire-junit4-3.0.0-M7.pom
Base IT (2)	Run base tests	2024-11-21T10:17:58.7180283Z -- [INFO] Downloaded from central: https://repo.maven.apache.org/maven2/org/apache/maven/surefire/surefire-junit4/3.0.0-M7/surefire-junit4-3.0.0-M7.pom (2.9 kB at 365 kB/s)
Base IT (2)	Run base tests	2024-11-21T10:17:58.7197516Z -- [INFO] Downloading from jboss-public-repository: https://repository.jboss.org/nexus/content/groups/public/org/apache/maven/surefire/surefire-providers/3.0.0-M7/surefire-providers-3.0.0-M7.pom
Base IT (2)	Run base tests	2024-11-21T10:17:58.7933291Z -- [INFO] Downloading from central: https://repo.maven.apache.org/maven2/org/apache/maven/surefire/surefire-providers/3.0.0-M7/surefire-providers-3.0.0-M7.pom
Base IT (2)	Run base tests	2024-11-21T10:17:58.8004348Z -- [INFO] Downloaded from central: https://repo.maven.apache.org/maven2/org/apache/maven/surefire/surefire-providers/3.0.0-M7/surefire-providers-3.0.0-M7.pom (2.5 kB at 362 kB/s)
Base IT (2)	Run base tests	2024-11-21T10:17:58.8079286Z -- [INFO] Downloading from jboss-public-repository: https://repository.jboss.org/nexus/content/groups/public/junit/junit/4.0/junit-4.0.pom
Base IT (2)	Run base tests	2024-11-21T10:17:58.8709710Z -- [INFO] Downloading from central: https://repo.maven.apache.org/maven2/junit/junit/4.0/junit-4.0.pom
Base IT (2)	Run base tests	2024-11-21T10:17:58.8784208Z -- [INFO] Downloaded from central: https://repo.maven.apache.org/maven2/junit/junit/4.0/junit-4.0.pom (210 B at 26 kB/s)
Base IT (2)	Run base tests	2024-11-21T10:17:58.8802411Z -- [INFO] Downloading from jboss-public-repository: https://repository.jboss.org/nexus/content/groups/public/org/apache/maven/surefire/common-junit4/3.0.0-M7/common-junit4-3.0.0-M7.pom
Base IT (2)	Run base tests	2024-11-21T10:17:58.9422812Z -- [INFO] Downloading from central: https://repo.maven.apache.org/maven2/org/apache/maven/surefire/common-junit4/3.0.0-M7/common-junit4-3.0.0-M7.pom
Base IT (2)	Run base tests	2024-11-21T10:17:58.9493639Z -- [INFO] Downloaded from central: https://repo.maven.apache.org/maven2/org/apache/maven/surefire/common-junit4/3.0.0-M7/common-junit4-3.0.0-M7.pom (3.0 kB at 428 kB/s)
Base IT (2)	Run base tests	2024-11-21T10:17:58.9582565Z -- [INFO] Downloading from jboss-public-repository: https://repository.jboss.org/nexus/content/groups/public/org/apache/maven/surefire/common-junit3/3.0.0-M7/common-junit3-3.0.0-M7.pom
Base IT (2)	Run base tests	2024-11-21T10:17:59.0088023Z -- [INFO] Downloading from central: https://repo.maven.apache.org/maven2/org/apache/maven/surefire/common-junit3/3.0.0-M7/common-junit3-3.0.0-M7.pom
Base IT (2)	Run base tests	2024-11-21T10:17:59.0166112Z -- [INFO] Downloaded from central: https://repo.maven.apache.org/maven2/org/apache/maven/surefire/common-junit3/3.0.0-M7/common-junit3-3.0.0-M7.pom (2.7 kB at 332 kB/s)
Base IT (2)	Run base tests	2024-11-21T10:17:59.0327962Z -- [INFO] Downloading from jboss-public-repository: https://repository.jboss.org/nexus/content/groups/public/org/apache/maven/surefire/common-java5/3.0.0-M7/common-java5-3.0.0-M7.pom
Base IT (2)	Run base tests	2024-11-21T10:17:59.0855187Z -- [INFO] Downloading from central: https://repo.maven.apache.org/maven2/org/apache/maven/surefire/common-java5/3.0.0-M7/common-java5-3.0.0-M7.pom
Base IT (2)	Run base tests	2024-11-21T10:17:59.0935171Z -- [INFO] Downloaded from central: https://repo.maven.apache.org/maven2/org/apache/maven/surefire/common-java5/3.0.0-M7/common-java5-3.0.0-M7.pom (2.7 kB at 337 kB/s)
Base IT (2)	Run base tests	2024-11-21T10:17:59.1025801Z -- [INFO] Downloading from jboss-public-repository: https://repository.jboss.org/nexus/content/groups/public/org/hamcrest/hamcrest-library/1.3/hamcrest-library-1.3.pom
Base IT (2)	Run base tests	2024-11-21T10:17:59.1624148Z -- [INFO] Downloading from central: https://repo.maven.apache.org/maven2/org/hamcrest/hamcrest-library/1.3/hamcrest-library-1.3.pom
Base IT (2)	Run base tests	2024-11-21T10:17:59.1695835Z -- [INFO] Downloaded from central: https://repo.maven.apache.org/maven2/org/hamcrest/hamcrest-library/1.3/hamcrest-library-1.3.pom (820 B at 102 kB/s)
Base IT (2)	Run base tests	2024-11-21T10:17:59.1728119Z -- [INFO] Downloading from jboss-public-repository: https://repository.jboss.org/nexus/content/groups/public/org/assertj/assertj-core/3.22.0/assertj-core-3.22.0.pom
Base IT (2)	Run base tests	2024-11-21T10:17:59.2714528Z -- [INFO] Downloading from central: https://repo.maven.apache.org/maven2/org/assertj/assertj-core/3.22.0/assertj-core-3.22.0.pom
Base IT (2)	Run base tests	2024-11-21T10:17:59.2805257Z -- [INFO] Downloaded from central: https://repo.maven.apache.org/maven2/org/assertj/assertj-core/3.22.0/assertj-core-3.22.0.pom (31 kB at 3.1 MB/s)
Base IT (2)	Run base tests	2024-11-21T10:17:59.2820973Z -- [INFO] Downloading from jboss-public-repository: https://repository.jboss.org/nexus/content/groups/public/org/assertj/assertj-parent-pom/2.2.14/assertj-parent-pom-2.2.14.pom
Base IT (2)	Run base tests	2024-11-21T10:17:59.3340769Z -- [INFO] Downloading from central: https://repo.maven.apache.org/maven2/org/assertj/assertj-parent-pom/2.2.14/assertj-parent-pom-2.2.14.pom
Base IT (2)	Run base tests	2024-11-21T10:17:59.3414812Z -- [INFO] Downloaded from central: https://repo.maven.apache.org/maven2/org/assertj/assertj-parent-pom/2.2.14/assertj-parent-pom-2.2.14.pom (25 kB at 3.1 MB/s)
Base IT (2)	Run base tests	2024-11-21T10:17:59.3441599Z -- [INFO] Downloading from jboss-public-repository: https://repository.jboss.org/nexus/content/groups/public/org/junit/junit-bom/5.8.2/junit-bom-5.8.2.pom
Base IT (2)	Run base tests	2024-11-21T10:17:59.3972714Z -- [INFO] Downloading from central: https://repo.maven.apache.org/maven2/org/junit/junit-bom/5.8.2/junit-bom-5.8.2.pom
Base IT (2)	Run base tests	2024-11-21T10:17:59.4044165Z -- [INFO] Downloaded from central: https://repo.maven.apache.org/maven2/org/junit/junit-bom/5.8.2/junit-bom-5.8.2.pom (5.6 kB at 804 kB/s)
Base IT (2)	Run base tests	2024-11-21T10:17:59.4070811Z -- [INFO] Downloading from jboss-public-repository: https://repository.jboss.org/nexus/content/groups/public/org/junit/junit-bom/5.8.0/junit-bom-5.8.0.pom
Base IT (2)	Run base tests	2024-11-21T10:17:59.4568944Z -- [INFO] Downloading from central: https://repo.maven.apache.org/maven2/org/junit/junit-bom/5.8.0/junit-bom-5.8.0.pom
Base IT (2)	Run base tests	2024-11-21T10:17:59.4640026Z -- [INFO] Downloaded from central: https://repo.maven.apache.org/maven2/org/junit/junit-bom/5.8.0/junit-bom-5.8.0.pom (5.6 kB at 804 kB/s)
Base IT (2)	Run base tests	2024-11-21T10:17:59.4670847Z -- [INFO] Downloading from jboss-public-repository: https://repository.jboss.org/nexus/content/groups/public/org/apache/maven/surefire/common-junit3/3.0.0-M7/common-junit3-3.0.0-M7.jar
Base IT (2)	Run base tests	2024-11-21T10:17:59.4674328Z -- [INFO] Downloading from jboss-public-repository: https://repository.jboss.org/nexus/content/groups/public/org/apache/maven/surefire/common-java5/3.0.0-M7/common-java5-3.0.0-M7.jar
Base IT (2)	Run base tests	2024-11-21T10:17:59.4676819Z -- [INFO] Downloading from jboss-public-repository: https://repository.jboss.org/nexus/content/groups/public/org/apache/maven/surefire/common-junit4/3.0.0-M7/common-junit4-3.0.0-M7.jar
Base IT (2)	Run base tests	2024-11-21T10:17:59.4869605Z -- [INFO] Downloading from central: https://repo.maven.apache.org/maven2/org/apache/maven/surefire/common-junit3/3.0.0-M7/common-junit3-3.0.0-M7.jar
Base IT (2)	Run base tests	2024-11-21T10:17:59.4935587Z -- [INFO] Downloaded from central: https://repo.maven.apache.org/maven2/org/apache/maven/surefire/common-junit3/3.0.0-M7/common-junit3-3.0.0-M7.jar (12 kB at 1.7 MB/s)
Base IT (2)	Run base tests	2024-11-21T10:17:59.4939841Z -- [INFO] Downloading from central: https://repo.maven.apache.org/maven2/org/apache/maven/surefire/common-java5/3.0.0-M7/common-java5-3.0.0-M7.jar
Base IT (2)	Run base tests	2024-11-21T10:17:59.4991743Z -- [INFO] Downloading from central: https://repo.maven.apache.org/maven2/org/apache/maven/surefire/common-junit4/3.0.0-M7/common-junit4-3.0.0-M7.jar
Base IT (2)	Run base tests	2024-11-21T10:17:59.5017212Z -- [INFO] Downloaded from central: https://repo.maven.apache.org/maven2/org/apache/maven/surefire/common-java5/3.0.0-M7/common-java5-3.0.0-M7.jar (17 kB at 2.2 MB/s)
Base IT (2)	Run base tests	2024-11-21T10:17:59.5210071Z -- [INFO] Downloaded from central: https://repo.maven.apache.org/maven2/org/apache/maven/surefire/common-junit4/3.0.0-M7/common-junit4-3.0.0-M7.jar (26 kB at 1.2 MB/s)
Base IT (2)	Run base tests	2024-11-21T10:17:59.5528633Z -- [INFO] 
Base IT (2)	Run base tests	2024-11-21T10:17:59.5529375Z -- [INFO] -------------------------------------------------------
Base IT (2)	Run base tests	2024-11-21T10:17:59.5530147Z -- [INFO]  T E S T S
Base IT (2)	Run base tests	2024-11-21T10:17:59.5530799Z -- [INFO] -------------------------------------------------------
Base IT (2)	Run base tests	2024-11-21T10:18:00.5656094Z -- 10:18:00,558 INFO  [org.keycloak.testsuite.util.NonIDERunListener] Setting keycloak.logging.level to off. Keycloak server logging will be disabled
Base IT (2)	Run base tests	2024-11-21T10:18:00.5670157Z [INFO] Running org.keycloak.testsuite.broker.AccountLinkTest
Base IT (2)	Run base tests	2024-11-21T10:18:32.6162351Z [WARNING] Tests run: 4, Failures: 0, Errors: 0, Skipped: 1, Time elapsed: 31.982 s - in org.keycloak.testsuite.broker.AccountLinkTest
Base IT (2)	Run base tests	2024-11-21T10:18:32.6173252Z [INFO] Running org.keycloak.testsuite.broker.AttributeToRoleMapperTest
Base IT (2)	Run base tests	2024-11-21T10:18:54.0407835Z [INFO] Tests run: 8, Failures: 0, Errors: 0, Skipped: 0, Time elapsed: 21.397 s - in org.keycloak.testsuite.broker.AttributeToRoleMapperTest
Base IT (2)	Run base tests	2024-11-21T10:18:54.0421513Z [INFO] Running org.keycloak.testsuite.broker.BrokerWithLegacyIdTest
Base IT (2)	Run base tests	2024-11-21T10:18:56.7308239Z [INFO] Tests run: 1, Failures: 0, Errors: 0, Skipped: 0, Time elapsed: 2.665 s - in org.keycloak.testsuite.broker.BrokerWithLegacyIdTest
Base IT (2)	Run base tests	2024-11-21T10:18:56.7456410Z [INFO] Running org.keycloak.testsuite.broker.ExternalKeycloakRoleToRoleMapperTest
Base IT (2)	Run base tests	2024-11-21T10:19:18.8632155Z [INFO] Tests run: 10, Failures: 0, Errors: 0, Skipped: 0, Time elapsed: 22.096 s - in org.keycloak.testsuite.broker.ExternalKeycloakRoleToRoleMapperTest
Base IT (2)	Run base tests	2024-11-21T10:19:18.8639217Z [INFO] Running org.keycloak.testsuite.broker.HardcodedRoleMapperTest
Base IT (2)	Run base tests	2024-11-21T10:19:38.6476523Z [INFO] Tests run: 10, Failures: 0, Errors: 0, Skipped: 0, Time elapsed: 19.757 s - in org.keycloak.testsuite.broker.HardcodedRoleMapperTest
Base IT (2)	Run base tests	2024-11-21T10:19:38.6485085Z [INFO] Running org.keycloak.testsuite.broker.HardcodedUserAttributeMapperTest
Base IT (2)	Run base tests	2024-11-21T10:19:48.1882089Z [INFO] Tests run: 5, Failures: 0, Errors: 0, Skipped: 0, Time elapsed: 9.521 s - in org.keycloak.testsuite.broker.HardcodedUserAttributeMapperTest
Base IT (2)	Run base tests	2024-11-21T10:19:48.1892431Z [INFO] Running org.keycloak.testsuite.broker.JsonUserAttributeMapperTest
Base IT (2)	Run base tests	2024-11-21T10:20:00.1986952Z [INFO] Tests run: 6, Failures: 0, Errors: 0, Skipped: 0, Time elapsed: 11.985 s - in org.keycloak.testsuite.broker.JsonUserAttributeMapperTest
Base IT (2)	Run base tests	2024-11-21T10:20:00.1991521Z [INFO] Running org.keycloak.testsuite.broker.KcCustomOidcBrokerTest
Base IT (2)	Run base tests	2024-11-21T10:20:02.2884652Z [INFO] Tests run: 1, Failures: 0, Errors: 0, Skipped: 0, Time elapsed: 2.074 s - in org.keycloak.testsuite.broker.KcCustomOidcBrokerTest
Base IT (2)	Run base tests	2024-11-21T10:20:02.2889657Z [INFO] Running org.keycloak.testsuite.broker.KcOIDCBrokerWithSignatureTest
Base IT (2)	Run base tests	2024-11-21T10:20:32.2238805Z [INFO] Tests run: 11, Failures: 0, Errors: 0, Skipped: 0, Time elapsed: 29.92 s - in org.keycloak.testsuite.broker.KcOIDCBrokerWithSignatureTest
Base IT (2)	Run base tests	2024-11-21T10:20:32.2246032Z [INFO] Running org.keycloak.testsuite.broker.KcOidcAccessTokenOnlyClaimsUserAttributeMapperTest
Base IT (2)	Run base tests	2024-11-21T10:20:51.0018259Z [INFO] Tests run: 10, Failures: 0, Errors: 0, Skipped: 0, Time elapsed: 18.761 s - in org.keycloak.testsuite.broker.KcOidcAccessTokenOnlyClaimsUserAttributeMapperTest
Base IT (2)	Run base tests	2024-11-21T10:20:51.0022913Z [INFO] Running org.keycloak.testsuite.broker.KcOidcBrokerAcrParameterTest
Base IT (2)	Run base tests	2024-11-21T10:20:54.7593007Z [INFO] Tests run: 2, Failures: 0, Errors: 0, Skipped: 0, Time elapsed: 3.741 s - in org.keycloak.testsuite.broker.KcOidcBrokerAcrParameterTest
Base IT (2)	Run base tests	2024-11-21T10:20:54.7612642Z [INFO] Running org.keycloak.testsuite.broker.KcOidcBrokerClientSecretBasicAuthTest
Base IT (2)	Run base tests	2024-11-21T10:20:58.2590850Z [INFO] Tests run: 2, Failures: 0, Errors: 0, Skipped: 0, Time elapsed: 3.485 s - in org.keycloak.testsuite.broker.KcOidcBrokerClientSecretBasicAuthTest
Base IT (2)	Run base tests	2024-11-21T10:20:58.2592677Z [INFO] Running org.keycloak.testsuite.broker.KcOidcBrokerClientSecretJwtCustomSignAlgTest
Base IT (2)	Run base tests	2024-11-21T10:21:01.9944851Z [INFO] Tests run: 2, Failures: 0, Errors: 0, Skipped: 0, Time elapsed: 3.722 s - in org.keycloak.testsuite.broker.KcOidcBrokerClientSecretJwtCustomSignAlgTest
Base IT (2)	Run base tests	2024-11-21T10:21:01.9948574Z [INFO] Running org.keycloak.testsuite.broker.KcOidcBrokerClientSecretJwtTest
Base IT (2)	Run base tests	2024-11-21T10:21:05.9516051Z [INFO] Tests run: 2, Failures: 0, Errors: 0, Skipped: 0, Time elapsed: 3.941 s - in org.keycloak.testsuite.broker.KcOidcBrokerClientSecretJwtTest
Base IT (2)	Run base tests	2024-11-21T10:21:05.9517772Z [INFO] Running org.keycloak.testsuite.broker.KcOidcBrokerEventTest
Base IT (2)	Run base tests	2024-11-21T10:21:13.8571122Z [INFO] Tests run: 4, Failures: 0, Errors: 0, Skipped: 0, Time elapsed: 7.896 s - in org.keycloak.testsuite.broker.KcOidcBrokerEventTest
Base IT (2)	Run base tests	2024-11-21T10:21:13.8574675Z [INFO] Running org.keycloak.testsuite.broker.KcOidcBrokerFrontendUrlTest
Base IT (2)	Run base tests	2024-11-21T10:21:29.1225431Z --------- org.keycloak.testsuite.broker.KcOidcBrokerFrontendUrlTest output start ---------
Base IT (2)	Run base tests	2024-11-21T10:21:29.1229061Z KcOidcBrokerFrontendUrlTest ++ 10:21:13,848 INFO  [org.keycloak.testsuite.arquillian.AppServerTestEnricher] 
Base IT (2)	Run base tests	2024-11-21T10:21:29.1230563Z KcOidcBrokerFrontendUrlTest ++ 
Base IT (2)	Run base tests	2024-11-21T10:21:29.1231782Z KcOidcBrokerFrontendUrlTest ++ TEST CONTEXT: org.keycloak.testsuite.broker.KcOidcBrokerFrontendUrlTest
Base IT (2)	Run base tests	2024-11-21T10:21:29.1232968Z KcOidcBrokerFrontendUrlTest ++ 
Base IT (2)	Run base tests	2024-11-21T10:21:29.1396777Z KcOidcBrokerFrontendUrlTest ++ 10:21:13,849 WARN  [org.keycloak.testsuite.broker.KcOidcBrokerFrontendUrlTest] [KcOidcBrokerFrontendUrlTest] loginWithExistingUser() IGNORED
Base IT (2)	Run base tests	2024-11-21T10:21:29.1398552Z KcOidcBrokerFrontendUrlTest ++ 
Base IT (2)	Run base tests	2024-11-21T10:21:29.1399144Z KcOidcBrokerFrontendUrlTest ++ 
Base IT (2)	Run base tests	2024-11-21T10:21:29.1400779Z KcOidcBrokerFrontendUrlTest ++ 10:21:13,849 INFO  [org.keycloak.testsuite.broker.KcOidcBrokerFrontendUrlTest] [KcOidcBrokerFrontendUrlTest] testLogInAsUserInIDP() STARTED
Base IT (2)	Run base tests	2024-11-21T10:21:29.1403602Z KcOidcBrokerFrontendUrlTest ++ 10:21:13,850 INFO  [org.keycloak.testsuite.arquillian.undertow.lb.SimpleUndertowLoadBalancer] Keycloak nodes: {node1=http://localhost:8180/auth}
Base IT (2)	Run base tests	2024-11-21T10:21:29.1406149Z KcOidcBrokerFrontendUrlTest ++ Nov 21, 2024 10:21:13 AM org.jboss.arquillian.drone.webdriver.factory.HtmlUnitDriverFactory setClientOptions
Base IT (2)	Run base tests	2024-11-21T10:21:29.1408958Z KcOidcBrokerFrontendUrlTest ++ INFO: Setting HtmlDriver web client options: {htmlunitCssEnabled=false, htmlunitHistoryPageCacheLimit=1}
Base IT (2)	Run base tests	2024-11-21T10:21:29.1411537Z KcOidcBrokerFrontendUrlTest ++ 10:21:13,880 INFO  [org.keycloak.testsuite.drone.KeycloakDronePostSetup] Configuring driver settings. implicitWait=2000, pageLoadTimeout=10000
Base IT (2)	Run base tests	2024-11-21T10:21:29.1459346Z KcOidcBrokerFrontendUrlTest ++ 10:21:13,880 INFO  [org.keycloak.testsuite.drone.KeycloakDronePostSetup] Check HtmlUnit driver TLS settings
Base IT (2)	Run base tests	2024-11-21T10:21:29.1461683Z KcOidcBrokerFrontendUrlTest ++ 10:21:13,915 INFO  [io.undertow] starting server: Undertow - 2.3.2.Final
Base IT (2)	Run base tests	2024-11-21T10:21:29.1463409Z KcOidcBrokerFrontendUrlTest ++ 10:21:28,938 INFO  [io.undertow] stopping server: Undertow - 2.3.2.Final
Base IT (2)	Run base tests	2024-11-21T10:21:29.1465595Z KcOidcBrokerFrontendUrlTest ++ 10:21:28,949 ERROR [org.keycloak.testsuite.broker.KcOidcBrokerFrontendUrlTest] [KcOidcBrokerFrontendUrlTest] testLogInAsUserInIDP() FAILED
Base IT (2)	Run base tests	2024-11-21T10:21:29.1468408Z KcOidcBrokerFrontendUrlTest ++ 10:21:28,949 INFO  [org.keycloak.testsuite.broker.KcOidcBrokerFrontendUrlTest] [KcOidcBrokerFrontendUrlTest] testLogInAsUserInIDP() FINISHED
Base IT (2)	Run base tests	2024-11-21T10:21:29.1470138Z KcOidcBrokerFrontendUrlTest ++ 
Base IT (2)	Run base tests	2024-11-21T10:21:29.1470741Z KcOidcBrokerFrontendUrlTest ++ 
Base IT (2)	Run base tests	2024-11-21T10:21:29.1471894Z KcOidcBrokerFrontendUrlTest ++ 10:21:28,958 INFO  [org.keycloak.testsuite.arquillian.AppServerTestEnricher] 
Base IT (2)	Run base tests	2024-11-21T10:21:29.1473102Z KcOidcBrokerFrontendUrlTest ++ 
Base IT (2)	Run base tests	2024-11-21T10:21:29.1474227Z KcOidcBrokerFrontendUrlTest ++ TEST CONTEXT: org.keycloak.testsuite.broker.KcOidcBrokerFrontendUrlTest
Base IT (2)	Run base tests	2024-11-21T10:21:29.1475408Z KcOidcBrokerFrontendUrlTest ++ 
Base IT (2)	Run base tests	2024-11-21T10:21:29.1477052Z KcOidcBrokerFrontendUrlTest ++ 10:21:28,958 INFO  [org.keycloak.testsuite.broker.KcOidcBrokerFrontendUrlTest] [KcOidcBrokerFrontendUrlTest] testLogInAsUserInIDP() STARTED
Base IT (2)	Run base tests	2024-11-21T10:21:29.1479932Z KcOidcBrokerFrontendUrlTest ++ 10:21:28,958 INFO  [org.keycloak.testsuite.arquillian.undertow.lb.SimpleUndertowLoadBalancer] Keycloak nodes: {node1=http://localhost:8180/auth}
Base IT (2)	Run base tests	2024-11-21T10:21:29.1482530Z KcOidcBrokerFrontendUrlTest ++ Nov 21, 2024 10:21:28 AM org.jboss.arquillian.drone.webdriver.factory.HtmlUnitDriverFactory setClientOptions
Base IT (2)	Run base tests	2024-11-21T10:21:29.1484726Z KcOidcBrokerFrontendUrlTest ++ INFO: Setting HtmlDriver web client options: {htmlunitCssEnabled=false, htmlunitHistoryPageCacheLimit=1}
Base IT (2)	Run base tests	2024-11-21T10:21:29.1487095Z KcOidcBrokerFrontendUrlTest ++ 10:21:28,998 INFO  [org.keycloak.testsuite.drone.KeycloakDronePostSetup] Configuring driver settings. implicitWait=2000, pageLoadTimeout=10000
Base IT (2)	Run base tests	2024-11-21T10:21:29.1489587Z KcOidcBrokerFrontendUrlTest ++ 10:21:28,998 INFO  [org.keycloak.testsuite.drone.KeycloakDronePostSetup] Check HtmlUnit driver TLS settings
Base IT (2)	Run base tests	2024-11-21T10:21:29.1493841Z KcOidcBrokerFrontendUrlTest ++ 10:21:29,021 INFO  [io.undertow] starting server: Undertow - 2.3.2.Final
Base IT (2)	Run base tests	2024-11-21T10:21:29.1495542Z KcOidcBrokerFrontendUrlTest ++ 10:21:29,023 INFO  [io.undertow] stopping server: Undertow - 2.3.2.Final
Base IT (2)	Run base tests	2024-11-21T10:21:29.1497717Z KcOidcBrokerFrontendUrlTest ++ 10:21:29,025 ERROR [org.keycloak.testsuite.broker.KcOidcBrokerFrontendUrlTest] [KcOidcBrokerFrontendUrlTest] testLogInAsUserInIDP() FAILED
Base IT (2)	Run base tests	2024-11-21T10:21:29.1500501Z KcOidcBrokerFrontendUrlTest ++ 10:21:29,025 INFO  [org.keycloak.testsuite.broker.KcOidcBrokerFrontendUrlTest] [KcOidcBrokerFrontendUrlTest] testLogInAsUserInIDP() FINISHED
Base IT (2)	Run base tests	2024-11-21T10:21:29.1502250Z KcOidcBrokerFrontendUrlTest ++ 
Base IT (2)	Run base tests	2024-11-21T10:21:29.1502897Z KcOidcBrokerFrontendUrlTest ++ 
Base IT (2)	Run base tests	2024-11-21T10:21:29.1504067Z KcOidcBrokerFrontendUrlTest ++ 10:21:29,030 INFO  [org.keycloak.testsuite.arquillian.AppServerTestEnricher] 
Base IT (2)	Run base tests	2024-11-21T10:21:29.1505280Z KcOidcBrokerFrontendUrlTest ++ 
Base IT (2)	Run base tests	2024-11-21T10:21:29.1506424Z KcOidcBrokerFrontendUrlTest ++ TEST CONTEXT: org.keycloak.testsuite.broker.KcOidcBrokerFrontendUrlTest
Base IT (2)	Run base tests	2024-11-21T10:21:29.1507645Z KcOidcBrokerFrontendUrlTest ++ 
Base IT (2)	Run base tests	2024-11-21T10:21:29.1509995Z KcOidcBrokerFrontendUrlTest ++ 10:21:29,030 INFO  [org.keycloak.testsuite.broker.KcOidcBrokerFrontendUrlTest] [KcOidcBrokerFrontendUrlTest] testLogInAsUserInIDP() STARTED
Base IT (2)	Run base tests	2024-11-21T10:21:29.1512795Z KcOidcBrokerFrontendUrlTest ++ 10:21:29,030 INFO  [org.keycloak.testsuite.arquillian.undertow.lb.SimpleUndertowLoadBalancer] Keycloak nodes: {node1=http://localhost:8180/auth}
Base IT (2)	Run base tests	2024-11-21T10:21:29.1515380Z KcOidcBrokerFrontendUrlTest ++ Nov 21, 2024 10:21:29 AM org.jboss.arquillian.drone.webdriver.factory.HtmlUnitDriverFactory setClientOptions
Base IT (2)	Run base tests	2024-11-21T10:21:29.1517573Z KcOidcBrokerFrontendUrlTest ++ INFO: Setting HtmlDriver web client options: {htmlunitCssEnabled=false, htmlunitHistoryPageCacheLimit=1}
Base IT (2)	Run base tests	2024-11-21T10:21:29.1519967Z KcOidcBrokerFrontendUrlTest ++ 10:21:29,061 INFO  [org.keycloak.testsuite.drone.KeycloakDronePostSetup] Configuring driver settings. implicitWait=2000, pageLoadTimeout=10000
Base IT (2)	Run base tests	2024-11-21T10:21:29.1522463Z KcOidcBrokerFrontendUrlTest ++ 10:21:29,061 INFO  [org.keycloak.testsuite.drone.KeycloakDronePostSetup] Check HtmlUnit driver TLS settings
Base IT (2)	Run base tests	2024-11-21T10:21:29.1524530Z KcOidcBrokerFrontendUrlTest ++ 10:21:29,084 INFO  [io.undertow] starting server: Undertow - 2.3.2.Final
Base IT (2)	Run base tests	2024-11-21T10:21:29.1526209Z KcOidcBrokerFrontendUrlTest ++ 10:21:29,086 INFO  [io.undertow] stopping server: Undertow - 2.3.2.Final
Base IT (2)	Run base tests	2024-11-21T10:21:29.1528392Z KcOidcBrokerFrontendUrlTest ++ 10:21:29,087 ERROR [org.keycloak.testsuite.broker.KcOidcBrokerFrontendUrlTest] [KcOidcBrokerFrontendUrlTest] testLogInAsUserInIDP() FAILED
Base IT (2)	Run base tests	2024-11-21T10:21:29.1531407Z KcOidcBrokerFrontendUrlTest ++ 10:21:29,087 INFO  [org.keycloak.testsuite.broker.KcOidcBrokerFrontendUrlTest] [KcOidcBrokerFrontendUrlTest] testLogInAsUserInIDP() FINISHED
Base IT (2)	Run base tests	2024-11-21T10:21:29.1533154Z KcOidcBrokerFrontendUrlTest ++ 
Base IT (2)	Run base tests	2024-11-21T10:21:29.1533739Z KcOidcBrokerFrontendUrlTest ++ 
Base IT (2)	Run base tests	2024-11-21T10:21:29.1534124Z 
Base IT (2)	Run base tests	2024-11-21T10:21:29.1534857Z --------- org.keycloak.testsuite.broker.KcOidcBrokerFrontendUrlTest output end  ---------
Base IT (2)	Run base tests	2024-11-21T10:21:29.1540128Z [ERROR] Tests run: 4, Failures: 0, Errors: 3, Skipped: 1, Time elapsed: 15.238 s <<< FAILURE! - in org.keycloak.testsuite.broker.KcOidcBrokerFrontendUrlTest
Base IT (2)	Run base tests	2024-11-21T10:21:29.1542523Z -- [ERROR] org.keycloak.testsuite.broker.KcOidcBrokerFrontendUrlTest.testLogInAsUserInIDP  Time elapsed: 15.086 s  <<< ERROR!
Base IT (2)	Run base tests	2024-11-21T10:21:29.1545268Z -- java.lang.RuntimeException: java.lang.RuntimeException: java.lang.RuntimeException: java.net.UnknownHostException: proxy.kc.127.0.0.1.nip.io: Temporary failure in name resolution
Base IT (2)	Run base tests	2024-11-21T10:21:29.1547488Z -- 	at org.keycloak.testsuite.util.ReverseProxy$1.evaluate(ReverseProxy.java:42)
Base IT (2)	Run base tests	2024-11-21T10:21:29.1548862Z -- 	at org.jboss.arquillian.junit.Arquillian$7$1.invoke(Arquillian.java:273)
Base IT (2)	Run base tests	2024-11-21T10:21:29.1551111Z -- 	at org.jboss.arquillian.container.test.impl.execution.ClientBeforeAfterLifecycleEventExecuter.execute(ClientBeforeAfterLifecycleEventExecuter.java:88)
Base IT (2)	Run base tests	2024-11-21T10:21:29.1554031Z -- 	at org.jboss.arquillian.container.test.impl.execution.ClientBeforeAfterLifecycleEventExecuter.on(ClientBeforeAfterLifecycleEventExecuter.java:66)
Base IT (2)	Run base tests	2024-11-21T10:21:29.1556974Z -- 	at java.base/jdk.internal.reflect.DirectMethodHandleAccessor.invoke(DirectMethodHandleAccessor.java:103)
Base IT (2)	Run base tests	2024-11-21T10:21:29.1558538Z -- 	at java.base/java.lang.reflect.Method.invoke(Method.java:580)
Base IT (2)	Run base tests	2024-11-21T10:21:29.1559857Z -- 	at org.jboss.arquillian.core.impl.ObserverImpl.invoke(ObserverImpl.java:86)
Base IT (2)	Run base tests	2024-11-21T10:21:29.1561477Z -- 	at org.jboss.arquillian.core.impl.EventContextImpl.invokeObservers(EventContextImpl.java:103)
Base IT (2)	Run base tests	2024-11-21T10:21:29.1566253Z -- 	at org.jboss.arquillian.core.impl.EventContextImpl.proceed(EventContextImpl.java:90)
Base IT (2)	Run base tests	2024-11-21T10:21:29.1568347Z -- 	at org.jboss.arquillian.container.test.impl.client.ContainerEventController.createContext(ContainerEventController.java:128)
Base IT (2)	Run base tests	2024-11-21T10:21:29.1570934Z -- 	at org.jboss.arquillian.container.test.impl.client.ContainerEventController.createBeforeContext(ContainerEventController.java:114)
Base IT (2)	Run base tests	2024-11-21T10:21:29.1573958Z -- 	at java.base/jdk.internal.reflect.DirectMethodHandleAccessor.invoke(DirectMethodHandleAccessor.java:103)
Base IT (2)	Run base tests	2024-11-21T10:21:29.1575748Z -- 	at java.base/java.lang.reflect.Method.invoke(Method.java:580)
Base IT (2)	Run base tests	2024-11-21T10:21:29.1577016Z -- 	at org.jboss.arquillian.core.impl.ObserverImpl.invoke(ObserverImpl.java:86)
Base IT (2)	Run base tests	2024-11-21T10:21:29.1578533Z -- 	at org.jboss.arquillian.core.impl.EventContextImpl.proceed(EventContextImpl.java:95)
Base IT (2)	Run base tests	2024-11-21T10:21:29.1580293Z -- 	at org.jboss.arquillian.test.impl.TestContextHandler.createTestContext(TestContextHandler.java:116)
Base IT (2)	Run base tests	2024-11-21T10:21:29.1582240Z -- 	at java.base/jdk.internal.reflect.DirectMethodHandleAccessor.invoke(DirectMethodHandleAccessor.java:103)
Base IT (2)	Run base tests	2024-11-21T10:21:29.1583748Z -- 	at java.base/java.lang.reflect.Method.invoke(Method.java:580)
Base IT (2)	Run base tests	2024-11-21T10:21:29.1585018Z -- 	at org.jboss.arquillian.core.impl.ObserverImpl.invoke(ObserverImpl.java:86)
Base IT (2)	Run base tests	2024-11-21T10:21:29.1586526Z -- 	at org.jboss.arquillian.core.impl.EventContextImpl.proceed(EventContextImpl.java:95)
Base IT (2)	Run base tests	2024-11-21T10:21:29.1588303Z -- 	at org.jboss.arquillian.test.impl.TestContextHandler.createClassContext(TestContextHandler.java:83)
Base IT (2)	Run base tests	2024-11-21T10:21:29.1590250Z -- 	at java.base/jdk.internal.reflect.DirectMethodHandleAccessor.invoke(DirectMethodHandleAccessor.java:103)
Base IT (2)	Run base tests	2024-11-21T10:21:29.1591767Z -- 	at java.base/java.lang.reflect.Method.invoke(Method.java:580)
Base IT (2)	Run base tests	2024-11-21T10:21:29.1593019Z -- 	at org.jboss.arquillian.core.impl.ObserverImpl.invoke(ObserverImpl.java:86)
Base IT (2)	Run base tests	2024-11-21T10:21:29.1594527Z -- 	at org.jboss.arquillian.core.impl.EventContextImpl.proceed(EventContextImpl.java:95)
Base IT (2)	Run base tests	2024-11-21T10:21:29.1596291Z -- 	at org.jboss.arquillian.test.impl.TestContextHandler.createSuiteContext(TestContextHandler.java:69)
Base IT (2)	Run base tests	2024-11-21T10:21:29.1598246Z -- 	at java.base/jdk.internal.reflect.DirectMethodHandleAccessor.invoke(DirectMethodHandleAccessor.java:103)
Base IT (2)	Run base tests	2024-11-21T10:21:29.1599756Z -- 	at java.base/java.lang.reflect.Method.invoke(Method.java:580)
Base IT (2)	Run base tests	2024-11-21T10:21:29.1601007Z -- 	at org.jboss.arquillian.core.impl.ObserverImpl.invoke(ObserverImpl.java:86)
Base IT (2)	Run base tests	2024-11-21T10:21:29.1602521Z -- 	at org.jboss.arquillian.core.impl.EventContextImpl.proceed(EventContextImpl.java:95)
Base IT (2)	Run base tests	2024-11-21T10:21:29.1604011Z -- 	at org.jboss.arquillian.core.impl.ManagerImpl.fire(ManagerImpl.java:133)
Base IT (2)	Run base tests	2024-11-21T10:21:29.1605352Z -- 	at org.jboss.arquillian.core.impl.ManagerImpl.fire(ManagerImpl.java:105)
Base IT (2)	Run base tests	2024-11-21T10:21:29.1607110Z -- 	at org.jboss.arquillian.test.impl.EventTestRunnerAdaptor.fireCustomLifecycle(EventTestRunnerAdaptor.java:159)
Base IT (2)	Run base tests	2024-11-21T10:21:29.1608782Z -- 	at org.jboss.arquillian.junit.Arquillian$7.evaluate(Arquillian.java:267)
Base IT (2)	Run base tests	2024-11-21T10:21:29.1610251Z -- 	at org.junit.runners.BlockJUnit4ClassRunner$1.evaluate(BlockJUnit4ClassRunner.java:100)
Base IT (2)	Run base tests	2024-11-21T10:21:29.1611897Z -- 	at org.junit.runners.ParentRunner.runLeaf(ParentRunner.java:366)
Base IT (2)	Run base tests	2024-11-21T10:21:29.1613343Z -- 	at org.junit.runners.BlockJUnit4ClassRunner.runChild(BlockJUnit4ClassRunner.java:103)
Base IT (2)	Run base tests	2024-11-21T10:21:29.1614958Z -- 	at org.junit.runners.BlockJUnit4ClassRunner.runChild(BlockJUnit4ClassRunner.java:63)
Base IT (2)	Run base tests	2024-11-21T10:21:29.1616332Z -- 	at org.junit.runners.ParentRunner$4.run(ParentRunner.java:331)
Base IT (2)	Run base tests	2024-11-21T10:21:29.1617509Z -- 	at org.junit.runners.ParentRunner$1.schedule(ParentRunner.java:79)
Base IT (2)	Run base tests	2024-11-21T10:21:29.1618759Z -- 	at org.junit.runners.ParentRunner.runChildren(ParentRunner.java:329)
Base IT (2)	Run base tests	2024-11-21T10:21:29.1619984Z -- 	at org.junit.runners.ParentRunner.access$100(ParentRunner.java:66)
Base IT (2)	Run base tests	2024-11-21T10:21:29.1621168Z -- 	at org.junit.runners.ParentRunner$2.evaluate(ParentRunner.java:293)
Base IT (2)	Run base tests	2024-11-21T10:21:29.1622413Z -- 	at org.jboss.arquillian.junit.Arquillian$2.evaluate(Arquillian.java:160)
Base IT (2)	Run base tests	2024-11-21T10:21:29.1623779Z -- 	at org.jboss.arquillian.junit.Arquillian.multiExecute(Arquillian.java:344)
Base IT (2)	Run base tests	2024-11-21T10:21:29.1625114Z -- 	at org.jboss.arquillian.junit.Arquillian.access$200(Arquillian.java:48)
Base IT (2)	Run base tests	2024-11-21T10:21:29.1626484Z -- 	at org.jboss.arquillian.junit.Arquillian$3.evaluate(Arquillian.java:171)
Base IT (2)	Run base tests	2024-11-21T10:21:29.1628057Z -- 	at org.junit.rules.ExternalResource$1.evaluate(ExternalResource.java:54)
Base IT (2)	Run base tests	2024-11-21T10:21:29.1629409Z -- 	at org.junit.rules.RunRules.evaluate(RunRules.java:20)
Base IT (2)	Run base tests	2024-11-21T10:21:29.1630513Z -- 	at org.junit.runners.ParentRunner$3.evaluate(ParentRunner.java:306)
Base IT (2)	Run base tests	2024-11-21T10:21:29.1631700Z -- 	at org.junit.runners.ParentRunner.run(ParentRunner.java:413)
Base IT (2)	Run base tests	2024-11-21T10:21:29.1632880Z -- 	at org.jboss.arquillian.junit.Arquillian.run(Arquillian.java:109)
Base IT (2)	Run base tests	2024-11-21T10:21:29.1634280Z -- 	at org.apache.maven.surefire.junit4.JUnit4Provider.execute(JUnit4Provider.java:377)
Base IT (2)	Run base tests	2024-11-21T10:21:29.1635960Z -- 	at org.apache.maven.surefire.junit4.JUnit4Provider.executeWithRerun(JUnit4Provider.java:284)
Base IT (2)	Run base tests	2024-11-21T10:21:29.1637703Z -- 	at org.apache.maven.surefire.junit4.JUnit4Provider.executeTestSet(JUnit4Provider.java:248)
Base IT (2)	Run base tests	2024-11-21T10:21:29.1639314Z -- 	at org.apache.maven.surefire.junit4.JUnit4Provider.invoke(JUnit4Provider.java:167)
Base IT (2)	Run base tests	2024-11-21T10:21:29.1640970Z -- 	at org.apache.maven.surefire.booter.ForkedBooter.runSuitesInProcess(ForkedBooter.java:456)
Base IT (2)	Run base tests	2024-11-21T10:21:29.1642594Z -- 	at org.apache.maven.surefire.booter.ForkedBooter.execute(ForkedBooter.java:169)
Base IT (2)	Run base tests	2024-11-21T10:21:29.1644035Z -- 	at org.apache.maven.surefire.booter.ForkedBooter.run(ForkedBooter.java:595)
Base IT (2)	Run base tests	2024-11-21T10:21:29.1645430Z -- 	at org.apache.maven.surefire.booter.ForkedBooter.main(ForkedBooter.java:581)
Base IT (2)	Run base tests	2024-11-21T10:21:29.1647581Z -- Caused by: java.lang.RuntimeException: java.lang.RuntimeException: java.net.UnknownHostException: proxy.kc.127.0.0.1.nip.io: Temporary failure in name resolution
Base IT (2)	Run base tests	2024-11-21T10:21:29.1650130Z -- 	at org.keycloak.testsuite.arquillian.undertow.lb.SimpleUndertowLoadBalancer.start(SimpleUndertowLoadBalancer.java:121)
Base IT (2)	Run base tests	2024-11-21T10:21:29.1652319Z -- 	at org.keycloak.testsuite.util.ReverseProxy$1.evaluate(ReverseProxy.java:38)
Base IT (2)	Run base tests	2024-11-21T10:21:29.1653319Z -- 	... 59 more
Base IT (2)	Run base tests	2024-11-21T10:21:29.1654673Z -- Caused by: java.lang.RuntimeException: java.net.UnknownHostException: proxy.kc.127.0.0.1.nip.io: Temporary failure in name resolution
Base IT (2)	Run base tests	2024-11-21T10:21:29.1656206Z -- 	at io.undertow.Undertow.start(Undertow.java:254)
Base IT (2)	Run base tests	2024-11-21T10:21:29.1657848Z -- 	at org.keycloak.testsuite.arquillian.undertow.lb.SimpleUndertowLoadBalancer.start(SimpleUndertowLoadBalancer.java:112)
Base IT (2)	Run base tests	2024-11-21T10:21:29.1659290Z -- 	... 60 more
Base IT (2)	Run base tests	2024-11-21T10:21:29.1660500Z -- Caused by: java.net.UnknownHostException: proxy.kc.127.0.0.1.nip.io: Temporary failure in name resolution
Base IT (2)	Run base tests	2024-11-21T10:21:29.1662133Z -- 	at java.base/java.net.Inet6AddressImpl.lookupAllHostAddr(Native Method)
Base IT (2)	Run base tests	2024-11-21T10:21:29.1663570Z -- 	at java.base/java.net.Inet6AddressImpl.lookupAllHostAddr(Inet6AddressImpl.java:52)
Base IT (2)	Run base tests	2024-11-21T10:21:29.1665097Z -- 	at java.base/java.net.InetAddress$PlatformResolver.lookupByName(InetAddress.java:1211)
Base IT (2)	Run base tests	2024-11-21T10:21:29.1666644Z -- 	at java.base/java.net.InetAddress.getAddressesFromNameService(InetAddress.java:1828)
Base IT (2)	Run base tests	2024-11-21T10:21:29.1668147Z -- 	at java.base/java.net.InetAddress$NameServiceAddresses.get(InetAddress.java:1139)
Base IT (2)	Run base tests	2024-11-21T10:21:29.1669510Z -- 	at java.base/java.net.InetAddress.getAllByName0(InetAddress.java:1818)
Base IT (2)	Run base tests	2024-11-21T10:21:29.1670782Z -- 	at java.base/java.net.InetAddress.getAllByName(InetAddress.java:1688)
Base IT (2)	Run base tests	2024-11-21T10:21:29.1672060Z -- 	at java.base/java.net.InetAddress.getByName(InetAddress.java:1568)
Base IT (2)	Run base tests	2024-11-21T10:21:29.1673089Z -- 	at io.undertow.Undertow.start(Undertow.java:196)
Base IT (2)	Run base tests	2024-11-21T10:21:29.1673799Z -- 	... 61 more
Base IT (2)	Run base tests	2024-11-21T10:21:29.1674215Z -- 
Base IT (2)	Run base tests	2024-11-21T10:21:29.1675510Z -- [ERROR] org.keycloak.testsuite.broker.KcOidcBrokerFrontendUrlTest.testLogInAsUserInIDP  Time elapsed: 0.067 s  <<< ERROR!
Base IT (2)	Run base tests	2024-11-21T10:21:29.1677871Z -- java.lang.RuntimeException: java.lang.RuntimeException: java.lang.RuntimeException: java.net.UnknownHostException: proxy.kc.127.0.0.1.nip.io
Base IT (2)	Run base tests	2024-11-21T10:21:29.1679726Z -- 	at org.keycloak.testsuite.util.ReverseProxy$1.evaluate(ReverseProxy.java:42)
Base IT (2)	Run base tests	2024-11-21T10:21:29.1681081Z -- 	at org.jboss.arquillian.junit.Arquillian$7$1.invoke(Arquillian.java:273)
Base IT (2)	Run base tests	2024-11-21T10:21:29.1683577Z -- 	at org.jboss.arquillian.container.test.impl.execution.ClientBeforeAfterLifecycleEventExecuter.execute(ClientBeforeAfterLifecycleEventExecuter.java:88)
Base IT (2)	Run base tests	2024-11-21T10:21:29.1686788Z -- 	at org.jboss.arquillian.container.test.impl.execution.ClientBeforeAfterLifecycleEventExecuter.on(ClientBeforeAfterLifecycleEventExecuter.java:66)
Base IT (2)	Run base tests	2024-11-21T10:21:29.1690004Z -- 	at java.base/jdk.internal.reflect.DirectMethodHandleAccessor.invoke(DirectMethodHandleAccessor.java:103)
Base IT (2)	Run base tests	2024-11-21T10:21:29.1691697Z -- 	at java.base/java.lang.reflect.Method.invoke(Method.java:580)
Base IT (2)	Run base tests	2024-11-21T10:21:29.1692955Z -- 	at org.jboss.arquillian.core.impl.ObserverImpl.invoke(ObserverImpl.java:86)
Base IT (2)	Run base tests	2024-11-21T10:21:29.1694531Z -- 	at org.jboss.arquillian.core.impl.EventContextImpl.invokeObservers(EventContextImpl.java:103)
Base IT (2)	Run base tests	2024-11-21T10:21:29.1696196Z -- 	at org.jboss.arquillian.core.impl.EventContextImpl.proceed(EventContextImpl.java:90)
Base IT (2)	Run base tests	2024-11-21T10:21:29.1698228Z -- 	at org.jboss.arquillian.container.test.impl.client.ContainerEventController.createContext(ContainerEventController.java:128)
Base IT (2)	Run base tests	2024-11-21T10:21:29.1700775Z -- 	at org.jboss.arquillian.container.test.impl.client.ContainerEventController.createBeforeContext(ContainerEventController.java:114)
Base IT (2)	Run base tests	2024-11-21T10:21:29.1703030Z -- 	at java.base/jdk.internal.reflect.DirectMethodHandleAccessor.invoke(DirectMethodHandleAccessor.java:103)
Base IT (2)	Run base tests	2024-11-21T10:21:29.1704568Z -- 	at java.base/java.lang.reflect.Method.invoke(Method.java:580)
Base IT (2)	Run base tests	2024-11-21T10:21:29.1705802Z -- 	at org.jboss.arquillian.core.impl.ObserverImpl.invoke(ObserverImpl.java:86)
Base IT (2)	Run base tests	2024-11-21T10:21:29.1707268Z -- 	at org.jboss.arquillian.core.impl.EventContextImpl.proceed(EventContextImpl.java:95)
Base IT (2)	Run base tests	2024-11-21T10:21:29.1708996Z -- 	at org.jboss.arquillian.test.impl.TestContextHandler.createTestContext(TestContextHandler.java:116)
Base IT (2)	Run base tests	2024-11-21T10:21:29.1710903Z -- 	at java.base/jdk.internal.reflect.DirectMethodHandleAccessor.invoke(DirectMethodHandleAccessor.java:103)
Base IT (2)	Run base tests	2024-11-21T10:21:29.1712391Z -- 	at java.base/java.lang.reflect.Method.invoke(Method.java:580)
Base IT (2)	Run base tests	2024-11-21T10:21:29.1713628Z -- 	at org.jboss.arquillian.core.impl.ObserverImpl.invoke(ObserverImpl.java:86)
Base IT (2)	Run base tests	2024-11-21T10:21:29.1715094Z -- 	at org.jboss.arquillian.core.impl.EventContextImpl.proceed(EventContextImpl.java:95)
Base IT (2)	Run base tests	2024-11-21T10:21:29.1716832Z -- 	at org.jboss.arquillian.test.impl.TestContextHandler.createClassContext(TestContextHandler.java:83)
Base IT (2)	Run base tests	2024-11-21T10:21:29.1746127Z -- 	at java.base/jdk.internal.reflect.DirectMethodHandleAccessor.invoke(DirectMethodHandleAccessor.java:103)
Base IT (2)	Run base tests	2024-11-21T10:21:29.1747784Z -- 	at java.base/java.lang.reflect.Method.invoke(Method.java:580)
Base IT (2)	Run base tests	2024-11-21T10:21:29.1749045Z -- 	at org.jboss.arquillian.core.impl.ObserverImpl.invoke(ObserverImpl.java:86)
Base IT (2)	Run base tests	2024-11-21T10:21:29.1750536Z -- 	at org.jboss.arquillian.core.impl.EventContextImpl.proceed(EventContextImpl.java:95)
Base IT (2)	Run base tests	2024-11-21T10:21:29.1752243Z -- 	at org.jboss.arquillian.test.impl.TestContextHandler.createSuiteContext(TestContextHandler.java:69)
Base IT (2)	Run base tests	2024-11-21T10:21:29.1754119Z -- 	at java.base/jdk.internal.reflect.DirectMethodHandleAccessor.invoke(DirectMethodHandleAccessor.java:103)
Base IT (2)	Run base tests	2024-11-21T10:21:29.1755701Z -- 	at java.base/java.lang.reflect.Method.invoke(Method.java:580)
Base IT (2)	Run base tests	2024-11-21T10:21:29.1757070Z -- 	at org.jboss.arquillian.core.impl.ObserverImpl.invoke(ObserverImpl.java:86)
Base IT (2)	Run base tests	2024-11-21T10:21:29.1758680Z -- 	at org.jboss.arquillian.core.impl.EventContextImpl.proceed(EventContextImpl.java:95)
Base IT (2)	Run base tests	2024-11-21T10:21:29.1760333Z -- 	at org.jboss.arquillian.core.impl.ManagerImpl.fire(ManagerImpl.java:133)
Base IT (2)	Run base tests	2024-11-21T10:21:29.1761829Z -- 	at org.jboss.arquillian.core.impl.ManagerImpl.fire(ManagerImpl.java:105)
Base IT (2)	Run base tests	2024-11-21T10:21:29.1763706Z -- 	at org.jboss.arquillian.test.impl.EventTestRunnerAdaptor.fireCustomLifecycle(EventTestRunnerAdaptor.java:159)
Base IT (2)	Run base tests	2024-11-21T10:21:29.1765448Z -- 	at org.jboss.arquillian.junit.Arquillian$7.evaluate(Arquillian.java:267)
Base IT (2)	Run base tests	2024-11-21T10:21:29.1766866Z -- 	at org.junit.runners.BlockJUnit4ClassRunner$1.evaluate(BlockJUnit4ClassRunner.java:100)
Base IT (2)	Run base tests	2024-11-21T10:21:29.1768206Z -- 	at org.junit.runners.ParentRunner.runLeaf(ParentRunner.java:366)
Base IT (2)	Run base tests	2024-11-21T10:21:29.1770197Z -- 	at org.junit.runners.BlockJUnit4ClassRunner.runChild(BlockJUnit4ClassRunner.java:103)
Base IT (2)	Run base tests	2024-11-21T10:21:29.1772046Z -- 	at org.junit.runners.BlockJUnit4ClassRunner.runChild(BlockJUnit4ClassRunner.java:63)
Base IT (2)	Run base tests	2024-11-21T10:21:29.1773398Z -- 	at org.junit.runners.ParentRunner$4.run(ParentRunner.java:331)
Base IT (2)	Run base tests	2024-11-21T10:21:29.1774518Z -- 	at org.junit.runners.ParentRunner$1.schedule(ParentRunner.java:79)
Base IT (2)	Run base tests	2024-11-21T10:21:29.1775705Z -- 	at org.junit.runners.ParentRunner.runChildren(ParentRunner.java:329)
Base IT (2)	Run base tests	2024-11-21T10:21:29.1776889Z -- 	at org.junit.runners.ParentRunner.access$100(ParentRunner.java:66)
Base IT (2)	Run base tests	2024-11-21T10:21:29.1778050Z -- 	at org.junit.runners.ParentRunner$2.evaluate(ParentRunner.java:293)
Base IT (2)	Run base tests	2024-11-21T10:21:29.1779441Z -- 	at org.jboss.arquillian.junit.Arquillian$2.evaluate(Arquillian.java:160)
Base IT (2)	Run base tests	2024-11-21T10:21:29.1780728Z -- 	at org.jboss.arquillian.junit.Arquillian.multiExecute(Arquillian.java:344)
Base IT (2)	Run base tests	2024-11-21T10:21:29.1782045Z -- 	at org.jboss.arquillian.junit.Arquillian.access$200(Arquillian.java:48)
Base IT (2)	Run base tests	2024-11-21T10:21:29.1783316Z -- 	at org.jboss.arquillian.junit.Arquillian$3.evaluate(Arquillian.java:171)
Base IT (2)	Run base tests	2024-11-21T10:21:29.1784593Z -- 	at org.junit.rules.ExternalResource$1.evaluate(ExternalResource.java:54)
Base IT (2)	Run base tests	2024-11-21T10:21:29.1785701Z -- 	at org.junit.rules.RunRules.evaluate(RunRules.java:20)
Base IT (2)	Run base tests	2024-11-21T10:21:29.1786872Z -- 	at org.junit.runners.ParentRunner$3.evaluate(ParentRunner.java:306)
Base IT (2)	Run base tests	2024-11-21T10:21:29.1788100Z -- 	at org.junit.runners.ParentRunner.run(ParentRunner.java:413)
Base IT (2)	Run base tests	2024-11-21T10:21:29.1789306Z -- 	at org.jboss.arquillian.junit.Arquillian.run(Arquillian.java:109)
Base IT (2)	Run base tests	2024-11-21T10:21:29.1790747Z -- 	at org.apache.maven.surefire.junit4.JUnit4Provider.execute(JUnit4Provider.java:377)
Base IT (2)	Run base tests	2024-11-21T10:21:29.1792437Z -- 	at org.apache.maven.surefire.junit4.JUnit4Provider.executeWithRerun(JUnit4Provider.java:302)
Base IT (2)	Run base tests	2024-11-21T10:21:29.1794158Z -- 	at org.apache.maven.surefire.junit4.JUnit4Provider.executeTestSet(JUnit4Provider.java:248)
Base IT (2)	Run base tests	2024-11-21T10:21:29.1795833Z -- 	at org.apache.maven.surefire.junit4.JUnit4Provider.invoke(JUnit4Provider.java:167)
Base IT (2)	Run base tests	2024-11-21T10:21:29.1797420Z -- 	at org.apache.maven.surefire.booter.ForkedBooter.runSuitesInProcess(ForkedBooter.java:456)
Base IT (2)	Run base tests	2024-11-21T10:21:29.1798965Z -- 	at org.apache.maven.surefire.booter.ForkedBooter.execute(ForkedBooter.java:169)
Base IT (2)	Run base tests	2024-11-21T10:21:29.1800361Z -- 	at org.apache.maven.surefire.booter.ForkedBooter.run(ForkedBooter.java:595)
Base IT (2)	Run base tests	2024-11-21T10:21:29.1801729Z -- 	at org.apache.maven.surefire.booter.ForkedBooter.main(ForkedBooter.java:581)
Base IT (2)	Run base tests	2024-11-21T10:21:29.1803488Z -- Caused by: java.lang.RuntimeException: java.lang.RuntimeException: java.net.UnknownHostException: proxy.kc.127.0.0.1.nip.io
Base IT (2)	Run base tests	2024-11-21T10:21:29.1805654Z -- 	at org.keycloak.testsuite.arquillian.undertow.lb.SimpleUndertowLoadBalancer.start(SimpleUndertowLoadBalancer.java:121)
Base IT (2)	Run base tests	2024-11-21T10:21:29.1807432Z -- 	at org.keycloak.testsuite.util.ReverseProxy$1.evaluate(ReverseProxy.java:38)
Base IT (2)	Run base tests	2024-11-21T10:21:29.1808386Z -- 	... 59 more
Base IT (2)	Run base tests	2024-11-21T10:21:29.1809383Z -- Caused by: java.lang.RuntimeException: java.net.UnknownHostException: proxy.kc.127.0.0.1.nip.io
Base IT (2)	Run base tests	2024-11-21T10:21:29.1810601Z -- 	at io.undertow.Undertow.start(Undertow.java:254)
Base IT (2)	Run base tests	2024-11-21T10:21:29.1812395Z -- 	at org.keycloak.testsuite.arquillian.undertow.lb.SimpleUndertowLoadBalancer.start(SimpleUndertowLoadBalancer.java:112)
Base IT (2)	Run base tests	2024-11-21T10:21:29.1813900Z -- 	... 60 more
Base IT (2)	Run base tests	2024-11-21T10:21:29.1814680Z -- Caused by: java.net.UnknownHostException: proxy.kc.127.0.0.1.nip.io
Base IT (2)	Run base tests	2024-11-21T10:21:29.1815874Z -- 	at java.base/java.net.InetAddress$CachedLookup.get(InetAddress.java:988)
Base IT (2)	Run base tests	2024-11-21T10:21:29.1817128Z -- 	at java.base/java.net.InetAddress.getAllByName0(InetAddress.java:1818)
Base IT (2)	Run base tests	2024-11-21T10:21:29.1818342Z -- 	at java.base/java.net.InetAddress.getAllByName(InetAddress.java:1688)
Base IT (2)	Run base tests	2024-11-21T10:21:29.1819523Z -- 	at java.base/java.net.InetAddress.getByName(InetAddress.java:1568)
Base IT (2)	Run base tests	2024-11-21T10:21:29.1820519Z -- 	at io.undertow.Undertow.start(Undertow.java:196)
Base IT (2)	Run base tests	2024-11-21T10:21:29.1821674Z -- 	... 61 more
Base IT (2)	Run base tests	2024-11-21T10:21:29.1822081Z -- 
Base IT (2)	Run base tests	2024-11-21T10:21:29.1823364Z -- [ERROR] org.keycloak.testsuite.broker.KcOidcBrokerFrontendUrlTest.testLogInAsUserInIDP  Time elapsed: 0.057 s  <<< ERROR!
Base IT (2)	Run base tests	2024-11-21T10:21:29.1825699Z -- java.lang.RuntimeException: java.lang.RuntimeException: java.lang.RuntimeException: java.net.UnknownHostException: proxy.kc.127.0.0.1.nip.io
Base IT (2)	Run base tests	2024-11-21T10:21:29.1827529Z -- 	at org.keycloak.testsuite.util.ReverseProxy$1.evaluate(ReverseProxy.java:42)
Base IT (2)	Run base tests	2024-11-21T10:21:29.1829161Z -- 	at org.jboss.arquillian.junit.Arquillian$7$1.invoke(Arquillian.java:273)
Base IT (2)	Run base tests	2024-11-21T10:21:29.1831327Z -- 	at org.jboss.arquillian.container.test.impl.execution.ClientBeforeAfterLifecycleEventExecuter.execute(ClientBeforeAfterLifecycleEventExecuter.java:88)
Base IT (2)	Run base tests	2024-11-21T10:21:29.1834263Z -- 	at org.jboss.arquillian.container.test.impl.execution.ClientBeforeAfterLifecycleEventExecuter.on(ClientBeforeAfterLifecycleEventExecuter.java:66)
Base IT (2)	Run base tests	2024-11-21T10:21:29.1836645Z -- 	at java.base/jdk.internal.reflect.DirectMethodHandleAccessor.invoke(DirectMethodHandleAccessor.java:103)
Base IT (2)	Run base tests	2024-11-21T10:21:29.1838144Z -- 	at java.base/java.lang.reflect.Method.invoke(Method.java:580)
Base IT (2)	Run base tests	2024-11-21T10:21:29.1839368Z -- 	at org.jboss.arquillian.core.impl.ObserverImpl.invoke(ObserverImpl.java:86)
Base IT (2)	Run base tests	2024-11-21T10:21:29.1840921Z -- 	at org.jboss.arquillian.core.impl.EventContextImpl.invokeObservers(EventContextImpl.java:103)
Base IT (2)	Run base tests	2024-11-21T10:21:29.1842536Z -- 	at org.jboss.arquillian.core.impl.EventContextImpl.proceed(EventContextImpl.java:90)
Base IT (2)	Run base tests	2024-11-21T10:21:29.1844542Z -- 	at org.jboss.arquillian.container.test.impl.client.ContainerEventController.createContext(ContainerEventController.java:128)
Base IT (2)	Run base tests	2024-11-21T10:21:29.1847013Z -- 	at org.jboss.arquillian.container.test.impl.client.ContainerEventController.createBeforeContext(ContainerEventController.java:114)
Base IT (2)	Run base tests	2024-11-21T10:21:29.1849223Z -- 	at java.base/jdk.internal.reflect.DirectMethodHandleAccessor.invoke(DirectMethodHandleAccessor.java:103)
Base IT (2)	Run base tests	2024-11-21T10:21:29.1850694Z -- 	at java.base/java.lang.reflect.Method.invoke(Method.java:580)
Base IT (2)	Run base tests	2024-11-21T10:21:29.1852231Z -- 	at org.jboss.arquillian.core.impl.ObserverImpl.invoke(ObserverImpl.java:86)
Base IT (2)	Run base tests	2024-11-21T10:21:29.1853746Z -- 	at org.jboss.arquillian.core.impl.EventContextImpl.proceed(EventContextImpl.java:95)
Base IT (2)	Run base tests	2024-11-21T10:21:29.1855446Z -- 	at org.jboss.arquillian.test.impl.TestContextHandler.createTestContext(TestContextHandler.java:116)
Base IT (2)	Run base tests	2024-11-21T10:21:29.1857318Z -- 	at java.base/jdk.internal.reflect.DirectMethodHandleAccessor.invoke(DirectMethodHandleAccessor.java:103)
Base IT (2)	Run base tests	2024-11-21T10:21:29.1858773Z -- 	at java.base/java.lang.reflect.Method.invoke(Method.java:580)
Base IT (2)	Run base tests	2024-11-21T10:21:29.1860147Z -- 	at org.jboss.arquillian.core.impl.ObserverImpl.invoke(ObserverImpl.java:86)
Base IT (2)	Run base tests	2024-11-21T10:21:29.1861720Z -- 	at org.jboss.arquillian.core.impl.EventContextImpl.proceed(EventContextImpl.java:95)
Base IT (2)	Run base tests	2024-11-21T10:21:29.1863507Z -- 	at org.jboss.arquillian.test.impl.TestContextHandler.createClassContext(TestContextHandler.java:83)
Base IT (2)	Run base tests	2024-11-21T10:21:29.1865478Z -- 	at java.base/jdk.internal.reflect.DirectMethodHandleAccessor.invoke(DirectMethodHandleAccessor.java:103)
Base IT (2)	Run base tests	2024-11-21T10:21:29.1866991Z -- 	at java.base/java.lang.reflect.Method.invoke(Method.java:580)
Base IT (2)	Run base tests	2024-11-21T10:21:29.1868270Z -- 	at org.jboss.arquillian.core.impl.ObserverImpl.invoke(ObserverImpl.java:86)
Base IT (2)	Run base tests	2024-11-21T10:21:29.1869806Z -- 	at org.jboss.arquillian.core.impl.EventContextImpl.proceed(EventContextImpl.java:95)
Base IT (2)	Run base tests	2024-11-21T10:21:29.1871552Z -- 	at org.jboss.arquillian.test.impl.TestContextHandler.createSuiteContext(TestContextHandler.java:69)
Base IT (2)	Run base tests	2024-11-21T10:21:29.1873584Z -- 	at java.base/jdk.internal.reflect.DirectMethodHandleAccessor.invoke(DirectMethodHandleAccessor.java:103)
Base IT (2)	Run base tests	2024-11-21T10:21:29.1875235Z -- 	at java.base/java.lang.reflect.Method.invoke(Method.java:580)
Base IT (2)	Run base tests	2024-11-21T10:21:29.1876571Z -- 	at org.jboss.arquillian.core.impl.ObserverImpl.invoke(ObserverImpl.java:86)
Base IT (2)	Run base tests	2024-11-21T10:21:29.1878092Z -- 	at org.jboss.arquillian.core.impl.EventContextImpl.proceed(EventContextImpl.java:95)
Base IT (2)	Run base tests	2024-11-21T10:21:29.1880126Z -- 	at org.jboss.arquillian.core.impl.ManagerImpl.fire(ManagerImpl.java:133)
Base IT (2)	Run base tests	2024-11-21T10:21:29.1881521Z -- 	at org.jboss.arquillian.core.impl.ManagerImpl.fire(ManagerImpl.java:105)
Base IT (2)	Run base tests	2024-11-21T10:21:29.1883314Z -- 	at org.jboss.arquillian.test.impl.EventTestRunnerAdaptor.fireCustomLifecycle(EventTestRunnerAdaptor.java:159)
Base IT (2)	Run base tests	2024-11-21T10:21:29.1885053Z -- 	at org.jboss.arquillian.junit.Arquillian$7.evaluate(Arquillian.java:267)
Base IT (2)	Run base tests	2024-11-21T10:21:29.1886516Z -- 	at org.junit.runners.BlockJUnit4ClassRunner$1.evaluate(BlockJUnit4ClassRunner.java:100)
Base IT (2)	Run base tests	2024-11-21T10:21:29.1887913Z -- 	at org.junit.runners.ParentRunner.runLeaf(ParentRunner.java:366)
Base IT (2)	Run base tests	2024-11-21T10:21:29.1889335Z -- 	at org.junit.runners.BlockJUnit4ClassRunner.runChild(BlockJUnit4ClassRunner.java:103)
Base IT (2)	Run base tests	2024-11-21T10:21:29.1890948Z -- 	at org.junit.runners.BlockJUnit4ClassRunner.runChild(BlockJUnit4ClassRunner.java:63)
Base IT (2)	Run base tests	2024-11-21T10:21:29.1892543Z -- 	at org.junit.runners.ParentRunner$4.run(ParentRunner.java:331)
Base IT (2)	Run base tests	2024-11-21T10:21:29.1893727Z -- 	at org.junit.runners.ParentRunner$1.schedule(ParentRunner.java:79)
Base IT (2)	Run base tests	2024-11-21T10:21:29.1894993Z -- 	at org.junit.runners.ParentRunner.runChildren(ParentRunner.java:329)
Base IT (2)	Run base tests	2024-11-21T10:21:29.1896324Z -- 	at org.junit.runners.ParentRunner.access$100(ParentRunner.java:66)
Base IT (2)	Run base tests	2024-11-21T10:21:29.1897631Z -- 	at org.junit.runners.ParentRunner$2.evaluate(ParentRunner.java:293)
Base IT (2)	Run base tests	2024-11-21T10:21:29.1898997Z -- 	at org.jboss.arquillian.junit.Arquillian$2.evaluate(Arquillian.java:160)
Base IT (2)	Run base tests	2024-11-21T10:21:29.1900434Z -- 	at org.jboss.arquillian.junit.Arquillian.multiExecute(Arquillian.java:344)
Base IT (2)	Run base tests	2024-11-21T10:21:29.1901891Z -- 	at org.jboss.arquillian.junit.Arquillian.access$200(Arquillian.java:48)
Base IT (2)	Run base tests	2024-11-21T10:21:29.1903312Z -- 	at org.jboss.arquillian.junit.Arquillian$3.evaluate(Arquillian.java:171)
Base IT (2)	Run base tests	2024-11-21T10:21:29.1904727Z -- 	at org.junit.rules.ExternalResource$1.evaluate(ExternalResource.java:54)
Base IT (2)	Run base tests	2024-11-21T10:21:29.1905956Z -- 	at org.junit.rules.RunRules.evaluate(RunRules.java:20)
Base IT (2)	Run base tests	2024-11-21T10:21:29.1907176Z -- 	at org.junit.runners.ParentRunner$3.evaluate(ParentRunner.java:306)
Base IT (2)	Run base tests	2024-11-21T10:21:29.1908427Z -- 	at org.junit.runners.ParentRunner.run(ParentRunner.java:413)
Base IT (2)	Run base tests	2024-11-21T10:21:29.1909667Z -- 	at org.jboss.arquillian.junit.Arquillian.run(Arquillian.java:109)
Base IT (2)	Run base tests	2024-11-21T10:21:29.1911106Z -- 	at org.apache.maven.surefire.junit4.JUnit4Provider.execute(JUnit4Provider.java:377)
Base IT (2)	Run base tests	2024-11-21T10:21:29.1912840Z -- 	at org.apache.maven.surefire.junit4.JUnit4Provider.executeWithRerun(JUnit4Provider.java:302)
Base IT (2)	Run base tests	2024-11-21T10:21:29.1914653Z -- 	at org.apache.maven.surefire.junit4.JUnit4Provider.executeTestSet(JUnit4Provider.java:248)
Base IT (2)	Run base tests	2024-11-21T10:21:29.1916305Z -- 	at org.apache.maven.surefire.junit4.JUnit4Provider.invoke(JUnit4Provider.java:167)
Base IT (2)	Run base tests	2024-11-21T10:21:29.1917977Z -- 	at org.apache.maven.surefire.booter.ForkedBooter.runSuitesInProcess(ForkedBooter.java:456)
Base IT (2)	Run base tests	2024-11-21T10:21:29.1919645Z -- 	at org.apache.maven.surefire.booter.ForkedBooter.execute(ForkedBooter.java:169)
Base IT (2)	Run base tests	2024-11-21T10:21:29.1921173Z -- 	at org.apache.maven.surefire.booter.ForkedBooter.run(ForkedBooter.java:595)
Base IT (2)	Run base tests	2024-11-21T10:21:29.1922619Z -- 	at org.apache.maven.surefire.booter.ForkedBooter.main(ForkedBooter.java:581)
Base IT (2)	Run base tests	2024-11-21T10:21:29.1924445Z -- Caused by: java.lang.RuntimeException: java.lang.RuntimeException: java.net.UnknownHostException: proxy.kc.127.0.0.1.nip.io
Base IT (2)	Run base tests	2024-11-21T10:21:29.1926705Z -- 	at org.keycloak.testsuite.arquillian.undertow.lb.SimpleUndertowLoadBalancer.start(SimpleUndertowLoadBalancer.java:121)
Base IT (2)	Run base tests	2024-11-21T10:21:29.1928576Z -- 	at org.keycloak.testsuite.util.ReverseProxy$1.evaluate(ReverseProxy.java:38)
Base IT (2)	Run base tests	2024-11-21T10:21:29.1929558Z -- 	... 59 more
Base IT (2)	Run base tests	2024-11-21T10:21:29.1930604Z -- Caused by: java.lang.RuntimeException: java.net.UnknownHostException: proxy.kc.127.0.0.1.nip.io
Base IT (2)	Run base tests	2024-11-21T10:21:29.1932245Z -- 	at io.undertow.Undertow.start(Undertow.java:254)
Base IT (2)	Run base tests	2024-11-21T10:21:29.1933908Z -- 	at org.keycloak.testsuite.arquillian.undertow.lb.SimpleUndertowLoadBalancer.start(SimpleUndertowLoadBalancer.java:112)
Base IT (2)	Run base tests	2024-11-21T10:21:29.1936112Z -- 	... 60 more
Base IT (2)	Run base tests	2024-11-21T10:21:29.1936942Z -- Caused by: java.net.UnknownHostException: proxy.kc.127.0.0.1.nip.io
Base IT (2)	Run base tests	2024-11-21T10:21:29.1938213Z -- 	at java.base/java.net.InetAddress$CachedLookup.get(InetAddress.java:988)
Base IT (2)	Run base tests	2024-11-21T10:21:29.1939496Z -- 	at java.base/java.net.InetAddress.getAllByName0(InetAddress.java:1818)
Base IT (2)	Run base tests	2024-11-21T10:21:29.1940772Z -- 	at java.base/java.net.InetAddress.getAllByName(InetAddress.java:1688)
Base IT (2)	Run base tests	2024-11-21T10:21:29.1942020Z -- 	at java.base/java.net.InetAddress.getByName(InetAddress.java:1568)
Base IT (2)	Run base tests	2024-11-21T10:21:29.1943076Z -- 	at io.undertow.Undertow.start(Undertow.java:196)
Base IT (2)	Run base tests	2024-11-21T10:21:29.1943801Z -- 	... 61 more
Base IT (2)	Run base tests	2024-11-21T10:21:29.1944224Z -- 
Base IT (2)	Run base tests	2024-11-21T10:21:29.1944960Z [INFO] Running org.keycloak.testsuite.broker.KcOidcBrokerHiddenIdpHintTest
Base IT (2)	Run base tests	2024-11-21T10:21:31.0408855Z [INFO] Tests run: 1, Failures: 0, Errors: 0, Skipped: 0, Time elapsed: 1.9 s - in org.keycloak.testsuite.broker.KcOidcBrokerHiddenIdpHintTest
Base IT (2)	Run base tests	2024-11-21T10:21:31.0411004Z [INFO] Running org.keycloak.testsuite.broker.KcOidcBrokerIdpHintTest
Base IT (2)	Run base tests	2024-11-21T10:21:35.4054728Z [INFO] Tests run: 3, Failures: 0, Errors: 0, Skipped: 0, Time elapsed: 4.355 s - in org.keycloak.testsuite.broker.KcOidcBrokerIdpHintTest
Base IT (2)	Run base tests	2024-11-21T10:21:35.4056563Z [INFO] Running org.keycloak.testsuite.broker.KcOidcBrokerIdpPublicKeyMissingUseTest
Base IT (2)	Run base tests	2024-11-21T10:21:38.9747722Z [INFO] Tests run: 2, Failures: 0, Errors: 0, Skipped: 0, Time elapsed: 3.554 s - in org.keycloak.testsuite.broker.KcOidcBrokerIdpPublicKeyMissingUseTest
Base IT (2)	Run base tests	2024-11-21T10:21:38.9750388Z [INFO] Running org.keycloak.testsuite.broker.KcOidcBrokerJWEEcdhEsA128KwP256A128CbcHs256Test
Base IT (2)	Run base tests	2024-11-21T10:21:42.8369933Z [INFO] Tests run: 3, Failures: 0, Errors: 0, Skipped: 0, Time elapsed: 3.852 s - in org.keycloak.testsuite.broker.KcOidcBrokerJWEEcdhEsA128KwP256A128CbcHs256Test
Base IT (2)	Run base tests	2024-11-21T10:21:42.8373661Z [INFO] Running org.keycloak.testsuite.broker.KcOidcBrokerJWEEcdhEsA128KwP256A128GcmTest
Base IT (2)	Run base tests	2024-11-21T10:21:46.5535588Z [INFO] Tests run: 3, Failures: 0, Errors: 0, Skipped: 0, Time elapsed: 3.7 s - in org.keycloak.testsuite.broker.KcOidcBrokerJWEEcdhEsA128KwP256A128GcmTest
Base IT (2)	Run base tests	2024-11-21T10:21:46.5537602Z [INFO] Running org.keycloak.testsuite.broker.KcOidcBrokerJWEEcdhEsA192KwP384A192CbcHs384Test
Base IT (2)	Run base tests	2024-11-21T10:21:50.4870423Z [INFO] Tests run: 3, Failures: 0, Errors: 0, Skipped: 0, Time elapsed: 3.924 s - in org.keycloak.testsuite.broker.KcOidcBrokerJWEEcdhEsA192KwP384A192CbcHs384Test
Base IT (2)	Run base tests	2024-11-21T10:21:50.4873045Z [INFO] Running org.keycloak.testsuite.broker.KcOidcBrokerJWEEcdhEsA192KwP384A192GcmTest
Base IT (2)	Run base tests	2024-11-21T10:21:54.5749159Z [INFO] Tests run: 3, Failures: 0, Errors: 0, Skipped: 0, Time elapsed: 4.072 s - in org.keycloak.testsuite.broker.KcOidcBrokerJWEEcdhEsA192KwP384A192GcmTest
Base IT (2)	Run base tests	2024-11-21T10:21:54.5754563Z [INFO] Running org.keycloak.testsuite.broker.KcOidcBrokerJWEEcdhEsA256KwP521A256CbcHs512Test
Base IT (2)	Run base tests	2024-11-21T10:21:58.6327226Z [INFO] Tests run: 3, Failures: 0, Errors: 0, Skipped: 0, Time elapsed: 4.048 s - in org.keycloak.testsuite.broker.KcOidcBrokerJWEEcdhEsA256KwP521A256CbcHs512Test
Base IT (2)	Run base tests	2024-11-21T10:21:58.6334571Z [INFO] Running org.keycloak.testsuite.broker.KcOidcBrokerJWEEcdhEsA256KwP521A256GcmTest
Base IT (2)	Run base tests	2024-11-21T10:22:02.7314035Z [INFO] Tests run: 3, Failures: 0, Errors: 0, Skipped: 0, Time elapsed: 4.082 s - in org.keycloak.testsuite.broker.KcOidcBrokerJWEEcdhEsA256KwP521A256GcmTest
Base IT (2)	Run base tests	2024-11-21T10:22:02.7318212Z [INFO] Running org.keycloak.testsuite.broker.KcOidcBrokerJWEEcdhEsP384A192CbcHs384Test
Base IT (2)	Run base tests	2024-11-21T10:22:06.8614518Z [INFO] Tests run: 3, Failures: 0, Errors: 0, Skipped: 0, Time elapsed: 4.114 s - in org.keycloak.testsuite.broker.KcOidcBrokerJWEEcdhEsP384A192CbcHs384Test
Base IT (2)	Run base tests	2024-11-21T10:22:06.8617567Z [INFO] Running org.keycloak.testsuite.broker.KcOidcBrokerJWEEcdhEsP384A192GcmTest
Base IT (2)	Run base tests	2024-11-21T10:22:10.7977315Z [INFO] Tests run: 3, Failures: 0, Errors: 0, Skipped: 0, Time elapsed: 3.921 s - in org.keycloak.testsuite.broker.KcOidcBrokerJWEEcdhEsP384A192GcmTest
Base IT (2)	Run base tests	2024-11-21T10:22:10.7979541Z [INFO] Running org.keycloak.testsuite.broker.KcOidcBrokerJWETest
Base IT (2)	Run base tests	2024-11-21T10:22:16.7507073Z [INFO] Tests run: 3, Failures: 0, Errors: 0, Skipped: 0, Time elapsed: 5.937 s - in org.keycloak.testsuite.broker.KcOidcBrokerJWETest
Base IT (2)	Run base tests	2024-11-21T10:22:16.7515442Z [INFO] Running org.keycloak.testsuite.broker.KcOidcBrokerJWEUserInfoJustEncryptedTest
Base IT (2)	Run base tests	2024-11-21T10:22:21.6422658Z [INFO] Tests run: 3, Failures: 0, Errors: 0, Skipped: 0, Time elapsed: 4.881 s - in org.keycloak.testsuite.broker.KcOidcBrokerJWEUserInfoJustEncryptedTest
Base IT (2)	Run base tests	2024-11-21T10:22:21.6424956Z [INFO] Running org.keycloak.testsuite.broker.KcOidcBrokerLdapTest
Base IT (2)	Run base tests	2024-11-21T10:22:27.7224872Z [INFO] Tests run: 1, Failures: 0, Errors: 0, Skipped: 0, Time elapsed: 6.069 s - in org.keycloak.testsuite.broker.KcOidcBrokerLdapTest
Base IT (2)	Run base tests	2024-11-21T10:22:27.7227011Z [INFO] Running org.keycloak.testsuite.broker.KcOidcBrokerLoginHintTest
Base IT (2)	Run base tests	2024-11-21T10:22:33.5954511Z [INFO] Tests run: 3, Failures: 0, Errors: 0, Skipped: 0, Time elapsed: 5.86 s - in org.keycloak.testsuite.broker.KcOidcBrokerLoginHintTest
Base IT (2)	Run base tests	2024-11-21T10:22:33.5956762Z [INFO] Running org.keycloak.testsuite.broker.KcOidcBrokerLogoutFrontChannelTest
Base IT (2)	Run base tests	2024-11-21T10:22:35.5171097Z [INFO] Tests run: 1, Failures: 0, Errors: 0, Skipped: 0, Time elapsed: 1.906 s - in org.keycloak.testsuite.broker.KcOidcBrokerLogoutFrontChannelTest
Base IT (2)	Run base tests	2024-11-21T10:22:35.5173648Z [INFO] Running org.keycloak.testsuite.broker.KcOidcBrokerLogoutTest
Base IT (2)	Run base tests	2024-11-21T10:22:48.7009895Z [INFO] Tests run: 8, Failures: 0, Errors: 0, Skipped: 0, Time elapsed: 13.167 s - in org.keycloak.testsuite.broker.KcOidcBrokerLogoutTest
Base IT (2)	Run base tests	2024-11-21T10:22:48.7020472Z [INFO] Running org.keycloak.testsuite.broker.KcOidcBrokerNoLoginHintTest
Base IT (2)	Run base tests	2024-11-21T10:22:52.4858928Z [INFO] Tests run: 2, Failures: 0, Errors: 0, Skipped: 0, Time elapsed: 3.768 s - in org.keycloak.testsuite.broker.KcOidcBrokerNoLoginHintTest
Base IT (2)	Run base tests	2024-11-21T10:22:52.4860662Z [INFO] Running org.keycloak.testsuite.broker.KcOidcBrokerNonceParameterTest
Base IT (2)	Run base tests	2024-11-21T10:22:57.8236746Z [INFO] Tests run: 3, Failures: 0, Errors: 0, Skipped: 0, Time elapsed: 5.322 s - in org.keycloak.testsuite.broker.KcOidcBrokerNonceParameterTest
Base IT (2)	Run base tests	2024-11-21T10:22:57.8238465Z [INFO] Running org.keycloak.testsuite.broker.KcOidcBrokerParameterForwardTest
Base IT (2)	Run base tests	2024-11-21T10:23:01.4901165Z [INFO] Tests run: 2, Failures: 0, Errors: 0, Skipped: 0, Time elapsed: 3.648 s - in org.keycloak.testsuite.broker.KcOidcBrokerParameterForwardTest
Base IT (2)	Run base tests	2024-11-21T10:23:01.4902827Z [INFO] Running org.keycloak.testsuite.broker.KcOidcBrokerPassMaxAgeTest
Base IT (2)	Run base tests	2024-11-21T10:23:07.5193253Z [WARNING] Tests run: 3, Failures: 0, Errors: 0, Skipped: 1, Time elapsed: 5.901 s - in org.keycloak.testsuite.broker.KcOidcBrokerPassMaxAgeTest
Base IT (2)	Run base tests	2024-11-21T10:23:07.5195387Z [INFO] Running org.keycloak.testsuite.broker.KcOidcBrokerPkceTest
Base IT (2)	Run base tests	2024-11-21T10:23:10.8139985Z [INFO] Tests run: 2, Failures: 0, Errors: 0, Skipped: 0, Time elapsed: 3.278 s - in org.keycloak.testsuite.broker.KcOidcBrokerPkceTest
Base IT (2)	Run base tests	2024-11-21T10:23:10.8141884Z [INFO] Running org.keycloak.testsuite.broker.KcOidcBrokerPrivateKeyJwtClientIdRequiredTest
Base IT (2)	Run base tests	2024-11-21T10:23:14.9815955Z [INFO] Tests run: 2, Failures: 0, Errors: 0, Skipped: 0, Time elapsed: 4.152 s - in org.keycloak.testsuite.broker.KcOidcBrokerPrivateKeyJwtClientIdRequiredTest
Base IT (2)	Run base tests	2024-11-21T10:23:14.9820138Z [INFO] Running org.keycloak.testsuite.broker.KcOidcBrokerPrivateKeyJwtCustomAudienceTest
Base IT (2)	Run base tests	2024-11-21T10:23:18.1868361Z [INFO] Tests run: 2, Failures: 0, Errors: 0, Skipped: 0, Time elapsed: 3.192 s - in org.keycloak.testsuite.broker.KcOidcBrokerPrivateKeyJwtCustomAudienceTest
Base IT (2)	Run base tests	2024-11-21T10:23:18.1870106Z [INFO] Running org.keycloak.testsuite.broker.KcOidcBrokerPrivateKeyJwtCustomSignAlgTest
Base IT (2)	Run base tests	2024-11-21T10:23:21.9131638Z [INFO] Tests run: 2, Failures: 0, Errors: 0, Skipped: 0, Time elapsed: 3.711 s - in org.keycloak.testsuite.broker.KcOidcBrokerPrivateKeyJwtCustomSignAlgTest
Base IT (2)	Run base tests	2024-11-21T10:23:21.9133758Z [INFO] Running org.keycloak.testsuite.broker.KcOidcBrokerPrivateKeyJwtMissingUseTest
Base IT (2)	Run base tests	2024-11-21T10:23:24.9813837Z [INFO] Tests run: 2, Failures: 0, Errors: 0, Skipped: 0, Time elapsed: 3.058 s - in org.keycloak.testsuite.broker.KcOidcBrokerPrivateKeyJwtMissingUseTest
Base IT (2)	Run base tests	2024-11-21T10:23:24.9828400Z [INFO] Running org.keycloak.testsuite.broker.KcOidcBrokerPrivateKeyJwtTest
Base IT (2)	Run base tests	2024-11-21T10:23:28.8946269Z [INFO] Tests run: 2, Failures: 0, Errors: 0, Skipped: 0, Time elapsed: 3.903 s - in org.keycloak.testsuite.broker.KcOidcBrokerPrivateKeyJwtTest
Base IT (2)	Run base tests	2024-11-21T10:23:28.8948069Z [INFO] Running org.keycloak.testsuite.broker.KcOidcBrokerPrivateKeyJwtUnsupportedKeyTest
Base IT (2)	Run base tests	2024-11-21T10:23:32.3461003Z [INFO] Tests run: 2, Failures: 0, Errors: 0, Skipped: 0, Time elapsed: 3.436 s - in org.keycloak.testsuite.broker.KcOidcBrokerPrivateKeyJwtUnsupportedKeyTest
Base IT (2)	Run base tests	2024-11-21T10:23:32.3470256Z [INFO] Running org.keycloak.testsuite.broker.KcOidcBrokerPrivateKeyJwtWithX509HeadersTest
Base IT (2)	Run base tests	2024-11-21T10:23:35.7939287Z [INFO] Tests run: 2, Failures: 0, Errors: 0, Skipped: 0, Time elapsed: 3.438 s - in org.keycloak.testsuite.broker.KcOidcBrokerPrivateKeyJwtWithX509HeadersTest
Base IT (2)	Run base tests	2024-11-21T10:23:35.7941406Z [INFO] Running org.keycloak.testsuite.broker.KcOidcBrokerPromptNoneRedirectTest
Base IT (2)	Run base tests	2024-11-21T10:23:35.8040262Z [WARNING] Tests run: 1, Failures: 0, Errors: 0, Skipped: 1, Time elapsed: 0.001 s - in org.keycloak.testsuite.broker.KcOidcBrokerPromptNoneRedirectTest
Base IT (2)	Run base tests	2024-11-21T10:23:35.8042156Z [INFO] Running org.keycloak.testsuite.broker.KcOidcBrokerPromptParameterTest
Base IT (2)	Run base tests	2024-11-21T10:23:38.9005521Z [INFO] Tests run: 2, Failures: 0, Errors: 0, Skipped: 0, Time elapsed: 3.082 s - in org.keycloak.testsuite.broker.KcOidcBrokerPromptParameterTest
Base IT (2)	Run base tests	2024-11-21T10:23:38.9007869Z [INFO] Running org.keycloak.testsuite.broker.KcOidcBrokerStateParameterTest
Base IT (2)	Run base tests	2024-11-21T10:23:43.7354638Z [INFO] Tests run: 3, Failures: 0, Errors: 0, Skipped: 0, Time elapsed: 4.819 s - in org.keycloak.testsuite.broker.KcOidcBrokerStateParameterTest
Base IT (2)	Run base tests	2024-11-21T10:23:43.7358952Z [INFO] Running org.keycloak.testsuite.broker.KcOidcBrokerSubMatchIntrospectionTest
Base IT (2)	Run base tests	2024-11-21T10:23:46.8781050Z [INFO] Tests run: 2, Failures: 0, Errors: 0, Skipped: 0, Time elapsed: 3.127 s - in org.keycloak.testsuite.broker.KcOidcBrokerSubMatchIntrospectionTest
Base IT (2)	Run base tests	2024-11-21T10:23:46.8782866Z [INFO] Running org.keycloak.testsuite.broker.KcOidcBrokerTest
Base IT (2)	Run base tests	2024-11-21T10:24:54.3453776Z [INFO] Tests run: 35, Failures: 0, Errors: 0, Skipped: 0, Time elapsed: 67.455 s - in org.keycloak.testsuite.broker.KcOidcBrokerTest
Base IT (2)	Run base tests	2024-11-21T10:24:54.3469089Z [INFO] Running org.keycloak.testsuite.broker.KcOidcBrokerTokenExchangeTest
Base IT (2)	Run base tests	2024-11-21T10:25:36.2298346Z [INFO] Tests run: 2, Failures: 0, Errors: 0, Skipped: 0, Time elapsed: 41.866 s - in org.keycloak.testsuite.broker.KcOidcBrokerTokenExchangeTest
Base IT (2)	Run base tests	2024-11-21T10:25:36.2344276Z [INFO] Running org.keycloak.testsuite.broker.KcOidcBrokerTransientSessionsTest
Base IT (2)	Run base tests	2024-11-21T10:26:38.3658120Z [WARNING] Tests run: 30, Failures: 0, Errors: 0, Skipped: 7, Time elapsed: 62.114 s - in org.keycloak.testsuite.broker.KcOidcBrokerTransientSessionsTest
Base IT (2)	Run base tests	2024-11-21T10:26:38.3669575Z [INFO] Running org.keycloak.testsuite.broker.KcOidcBrokerUiLocalesDisabledTest
Base IT (2)	Run base tests	2024-11-21T10:26:42.4231941Z [INFO] Tests run: 2, Failures: 0, Errors: 0, Skipped: 0, Time elapsed: 4.046 s - in org.keycloak.testsuite.broker.KcOidcBrokerUiLocalesDisabledTest
Base IT (2)	Run base tests	2024-11-21T10:26:42.4234341Z [INFO] Running org.keycloak.testsuite.broker.KcOidcBrokerUiLocalesEnabledTest
Base IT (2)	Run base tests	2024-11-21T10:26:45.6870397Z [INFO] Tests run: 2, Failures: 0, Errors: 0, Skipped: 0, Time elapsed: 3.253 s - in org.keycloak.testsuite.broker.KcOidcBrokerUiLocalesEnabledTest
Base IT (2)	Run base tests	2024-11-21T10:26:45.6872738Z [INFO] Running org.keycloak.testsuite.broker.KcOidcBrokerUiLocalesWithIdpHintTest
Base IT (2)	Run base tests	2024-11-21T10:26:49.4995211Z [INFO] Tests run: 2, Failures: 0, Errors: 0, Skipped: 0, Time elapsed: 3.799 s - in org.keycloak.testsuite.broker.KcOidcBrokerUiLocalesWithIdpHintTest
Base IT (2)	Run base tests	2024-11-21T10:26:49.5003781Z [INFO] Running org.keycloak.testsuite.broker.KcOidcBrokerVaultTest
Base IT (2)	Run base tests	2024-11-21T10:27:15.0483256Z [INFO] Tests run: 2, Failures: 0, Errors: 0, Skipped: 0, Time elapsed: 25.532 s - in org.keycloak.testsuite.broker.KcOidcBrokerVaultTest
Base IT (2)	Run base tests	2024-11-21T10:27:15.0485468Z [INFO] Running org.keycloak.testsuite.broker.KcOidcBrokerWithConsentTest
Base IT (2)	Run base tests	2024-11-21T10:27:22.3216204Z [INFO] Tests run: 3, Failures: 0, Errors: 0, Skipped: 0, Time elapsed: 7.262 s - in org.keycloak.testsuite.broker.KcOidcBrokerWithConsentTest
Base IT (2)	Run base tests	2024-11-21T10:27:22.3217986Z [INFO] Running org.keycloak.testsuite.broker.KcOidcDefaultIdpTest
Base IT (2)	Run base tests	2024-11-21T10:27:28.6573825Z [INFO] Tests run: 3, Failures: 0, Errors: 0, Skipped: 0, Time elapsed: 6.32 s - in org.keycloak.testsuite.broker.KcOidcDefaultIdpTest
Base IT (2)	Run base tests	2024-11-21T10:27:28.6583955Z [INFO] Running org.keycloak.testsuite.broker.KcOidcFirstBrokerLoginDetectExistingUserTest
Base IT (2)	Run base tests	2024-11-21T10:27:32.8342398Z [INFO] Tests run: 2, Failures: 0, Errors: 0, Skipped: 0, Time elapsed: 4.16 s - in org.keycloak.testsuite.broker.KcOidcFirstBrokerLoginDetectExistingUserTest
Base IT (2)	Run base tests	2024-11-21T10:27:32.8351946Z [INFO] Running org.keycloak.testsuite.broker.KcOidcFirstBrokerLoginNewAuthTest
Base IT (2)	Run base tests	2024-11-21T10:27:59.2786201Z [INFO] Tests run: 5, Failures: 0, Errors: 0, Skipped: 0, Time elapsed: 26.427 s - in org.keycloak.testsuite.broker.KcOidcFirstBrokerLoginNewAuthTest
Base IT (2)	Run base tests	2024-11-21T10:27:59.2788496Z [INFO] Running org.keycloak.testsuite.broker.KcOidcFirstBrokerLoginTest
Base IT (2)	Run base tests	2024-11-21T10:31:31.8348549Z [INFO] Tests run: 57, Failures: 0, Errors: 0, Skipped: 0, Time elapsed: 212.542 s - in org.keycloak.testsuite.broker.KcOidcFirstBrokerLoginTest
Base IT (2)	Run base tests	2024-11-21T10:31:31.8369541Z [INFO] Running org.keycloak.testsuite.broker.KcOidcMultipleTabsBrokerTest
Base IT (2)	Run base tests	2024-11-21T10:31:37.5963922Z [INFO] Tests run: 3, Failures: 0, Errors: 0, Skipped: 0, Time elapsed: 5.744 s - in org.keycloak.testsuite.broker.KcOidcMultipleTabsBrokerTest
Base IT (2)	Run base tests	2024-11-21T10:31:37.5973334Z [INFO] Running org.keycloak.testsuite.broker.KcOidcUsernameTemplateMapperTest
Base IT (2)	Run base tests	2024-11-21T10:31:43.2375469Z [INFO] Tests run: 3, Failures: 0, Errors: 0, Skipped: 0, Time elapsed: 5.631 s - in org.keycloak.testsuite.broker.KcOidcUsernameTemplateMapperTest
Base IT (2)	Run base tests	2024-11-21T10:31:43.2377047Z [INFO] Running org.keycloak.testsuite.broker.KcSamlAdvancedAttributeToGroupMapperTest
Base IT (2)	Run base tests	2024-11-21T10:31:46.0686039Z [INFO] Tests run: 2, Failures: 0, Errors: 0, Skipped: 0, Time elapsed: 2.816 s - in org.keycloak.testsuite.broker.KcSamlAdvancedAttributeToGroupMapperTest
Base IT (2)	Run base tests	2024-11-21T10:31:46.0688293Z [INFO] Running org.keycloak.testsuite.broker.KcSamlAdvancedAttributeToRoleMapperTest
Base IT (2)	Run base tests	2024-11-21T10:32:12.7013125Z [INFO] Tests run: 16, Failures: 0, Errors: 0, Skipped: 0, Time elapsed: 26.616 s - in org.keycloak.testsuite.broker.KcSamlAdvancedAttributeToRoleMapperTest
Base IT (2)	Run base tests	2024-11-21T10:32:12.7019709Z [INFO] Running org.keycloak.testsuite.broker.KcSamlAttributeConsumingServiceIndexTest
Base IT (2)	Run base tests	2024-11-21T10:32:19.4873377Z [INFO] Tests run: 4, Failures: 0, Errors: 0, Skipped: 0, Time elapsed: 6.769 s - in org.keycloak.testsuite.broker.KcSamlAttributeConsumingServiceIndexTest
Base IT (2)	Run base tests	2024-11-21T10:32:19.4876261Z [INFO] Running org.keycloak.testsuite.broker.KcSamlBrokerAllowedClockSkewTest
Base IT (2)	Run base tests	2024-11-21T10:32:23.0420853Z [INFO] Tests run: 2, Failures: 0, Errors: 0, Skipped: 0, Time elapsed: 3.544 s - in org.keycloak.testsuite.broker.KcSamlBrokerAllowedClockSkewTest
Base IT (2)	Run base tests	2024-11-21T10:32:23.0423429Z [INFO] Running org.keycloak.testsuite.broker.KcSamlBrokerArtifactBindingTest
Base IT (2)	Run base tests	2024-11-21T10:32:25.0233271Z [INFO] Tests run: 1, Failures: 0, Errors: 0, Skipped: 0, Time elapsed: 1.965 s - in org.keycloak.testsuite.broker.KcSamlBrokerArtifactBindingTest
Base IT (2)	Run base tests	2024-11-21T10:32:25.0235571Z [INFO] Running org.keycloak.testsuite.broker.KcSamlBrokerDestinationTest
Base IT (2)	Run base tests	2024-11-21T10:32:30.4825282Z [INFO] Tests run: 3, Failures: 0, Errors: 0, Skipped: 0, Time elapsed: 5.448 s - in org.keycloak.testsuite.broker.KcSamlBrokerDestinationTest
Base IT (2)	Run base tests	2024-11-21T10:32:30.4830223Z [INFO] Running org.keycloak.testsuite.broker.KcSamlBrokerFrontendUrlTest
Base IT (2)	Run base tests	2024-11-21T10:32:35.8363515Z [WARNING] Tests run: 4, Failures: 0, Errors: 0, Skipped: 1, Time elapsed: 5.344 s - in org.keycloak.testsuite.broker.KcSamlBrokerFrontendUrlTest
Base IT (2)	Run base tests	2024-11-21T10:32:35.8365813Z [INFO] Running org.keycloak.testsuite.broker.KcSamlBrokerLoginHintWithOptionDisabledTest
Base IT (2)	Run base tests	2024-11-21T10:32:38.8517623Z [INFO] Tests run: 2, Failures: 0, Errors: 0, Skipped: 0, Time elapsed: 3.001 s - in org.keycloak.testsuite.broker.KcSamlBrokerLoginHintWithOptionDisabledTest
Base IT (2)	Run base tests	2024-11-21T10:32:38.8524503Z [INFO] Running org.keycloak.testsuite.broker.KcSamlBrokerLoginHintWithOptionEnabledTest
Base IT (2)	Run base tests	2024-11-21T10:32:43.2888655Z [INFO] Tests run: 3, Failures: 0, Errors: 0, Skipped: 0, Time elapsed: 4.426 s - in org.keycloak.testsuite.broker.KcSamlBrokerLoginHintWithOptionEnabledTest
Base IT (2)	Run base tests	2024-11-21T10:32:43.2890723Z [INFO] Running org.keycloak.testsuite.broker.KcSamlBrokerSessionNotOnOrAfterTest
Base IT (2)	Run base tests	2024-11-21T10:32:48.6756593Z [INFO] Tests run: 3, Failures: 0, Errors: 0, Skipped: 0, Time elapsed: 5.377 s - in org.keycloak.testsuite.broker.KcSamlBrokerSessionNotOnOrAfterTest
Base IT (2)	Run base tests	2024-11-21T10:32:48.6758220Z [INFO] Running org.keycloak.testsuite.broker.KcSamlBrokerTest
Base IT (2)	Run base tests	2024-11-21T10:33:37.6292455Z [INFO] Tests run: 27, Failures: 0, Errors: 0, Skipped: 0, Time elapsed: 48.937 s - in org.keycloak.testsuite.broker.KcSamlBrokerTest
Base IT (2)	Run base tests	2024-11-21T10:33:37.6308108Z [INFO] Running org.keycloak.testsuite.broker.KcSamlCustomEntityIdBrokerTest
Base IT (2)	Run base tests	2024-11-21T10:33:43.8463021Z [INFO] Tests run: 4, Failures: 0, Errors: 0, Skipped: 0, Time elapsed: 6.206 s - in org.keycloak.testsuite.broker.KcSamlCustomEntityIdBrokerTest
Base IT (2)	Run base tests	2024-11-21T10:33:43.8477917Z [INFO] Running org.keycloak.testsuite.broker.KcSamlDefaultIdpTest
Base IT (2)	Run base tests	2024-11-21T10:33:48.3856991Z [INFO] Tests run: 3, Failures: 0, Errors: 0, Skipped: 0, Time elapsed: 4.528 s - in org.keycloak.testsuite.broker.KcSamlDefaultIdpTest
Base IT (2)	Run base tests	2024-11-21T10:33:48.3858763Z [INFO] Running org.keycloak.testsuite.broker.KcSamlEncryptedAssertionTest
Base IT (2)	Run base tests	2024-11-21T10:33:58.4524198Z [INFO] Tests run: 6, Failures: 0, Errors: 0, Skipped: 0, Time elapsed: 10.051 s - in org.keycloak.testsuite.broker.KcSamlEncryptedAssertionTest
Base IT (2)	Run base tests	2024-11-21T10:33:58.4527595Z [INFO] Running org.keycloak.testsuite.broker.KcSamlEncryptedIdTest
Base IT (2)	Run base tests	2024-11-21T10:34:09.4315720Z [INFO] Tests run: 6, Failures: 0, Errors: 0, Skipped: 0, Time elapsed: 10.963 s - in org.keycloak.testsuite.broker.KcSamlEncryptedIdTest
Base IT (2)	Run base tests	2024-11-21T10:34:09.4324910Z [INFO] Running org.keycloak.testsuite.broker.KcSamlFirstBrokerLoginTest
Base IT (2)	Run base tests	2024-11-21T10:36:44.0111015Z [INFO] Tests run: 35, Failures: 0, Errors: 0, Skipped: 0, Time elapsed: 154.568 s - in org.keycloak.testsuite.broker.KcSamlFirstBrokerLoginTest
Base IT (2)	Run base tests	2024-11-21T10:36:44.0123418Z [INFO] Running org.keycloak.testsuite.broker.KcSamlForceAuthnBrokerTest
Base IT (2)	Run base tests	2024-11-21T10:36:50.5516238Z [INFO] Tests run: 4, Failures: 0, Errors: 0, Skipped: 0, Time elapsed: 6.529 s - in org.keycloak.testsuite.broker.KcSamlForceAuthnBrokerTest
Base IT (2)	Run base tests	2024-11-21T10:36:50.5532511Z [INFO] Running org.keycloak.testsuite.broker.KcSamlIdPInitiatedSsoTest
Base IT (2)	Run base tests	2024-11-21T10:36:53.0139402Z [INFO] Tests run: 6, Failures: 0, Errors: 0, Skipped: 0, Time elapsed: 2.452 s - in org.keycloak.testsuite.broker.KcSamlIdPInitiatedSsoTest
Base IT (2)	Run base tests	2024-11-21T10:36:53.0141397Z [INFO] Running org.keycloak.testsuite.broker.KcSamlLogoutTest
Base IT (2)	Run base tests	2024-11-21T10:36:56.1374340Z [INFO] Tests run: 2, Failures: 0, Errors: 0, Skipped: 0, Time elapsed: 3.112 s - in org.keycloak.testsuite.broker.KcSamlLogoutTest
Base IT (2)	Run base tests	2024-11-21T10:36:56.1377249Z [INFO] Running org.keycloak.testsuite.broker.KcSamlMetadataSignedBrokerTest
Base IT (2)	Run base tests	2024-11-21T10:37:07.2711009Z [INFO] Tests run: 5, Failures: 0, Errors: 0, Skipped: 0, Time elapsed: 11.118 s - in org.keycloak.testsuite.broker.KcSamlMetadataSignedBrokerTest
Base IT (2)	Run base tests	2024-11-21T10:37:07.2713983Z [INFO] Running org.keycloak.testsuite.broker.KcSamlMultipleAttributeToRoleMappersTest
Base IT (2)	Run base tests	2024-11-21T10:37:19.7122516Z [INFO] Tests run: 8, Failures: 0, Errors: 0, Skipped: 0, Time elapsed: 12.425 s - in org.keycloak.testsuite.broker.KcSamlMultipleAttributeToRoleMappersTest
Base IT (2)	Run base tests	2024-11-21T10:37:19.7125996Z [INFO] Running org.keycloak.testsuite.broker.KcSamlMultipleTabsBrokerTest
Base IT (2)	Run base tests	2024-11-21T10:37:24.0437330Z [INFO] Tests run: 2, Failures: 0, Errors: 0, Skipped: 0, Time elapsed: 4.321 s - in org.keycloak.testsuite.broker.KcSamlMultipleTabsBrokerTest
Base IT (2)	Run base tests	2024-11-21T10:37:24.0439727Z [INFO] Running org.keycloak.testsuite.broker.KcSamlRequestedAuthnContextBrokerTest
Base IT (2)	Run base tests	2024-11-21T10:37:34.1507856Z [INFO] Tests run: 7, Failures: 0, Errors: 0, Skipped: 0, Time elapsed: 10.097 s - in org.keycloak.testsuite.broker.KcSamlRequestedAuthnContextBrokerTest
Base IT (2)	Run base tests	2024-11-21T10:37:34.1510243Z [INFO] Running org.keycloak.testsuite.broker.KcSamlSignedBrokerTest
Base IT (2)	Run base tests	2024-11-21T10:38:08.0110791Z [INFO] Tests run: 20, Failures: 0, Errors: 0, Skipped: 0, Time elapsed: 33.85 s - in org.keycloak.testsuite.broker.KcSamlSignedBrokerTest
Base IT (2)	Run base tests	2024-11-21T10:38:08.0121724Z [INFO] Running org.keycloak.testsuite.broker.KcSamlSignedDocumentOnlyBrokerTest
Base IT (2)	Run base tests	2024-11-21T10:38:11.4402880Z [INFO] Tests run: 2, Failures: 0, Errors: 0, Skipped: 0, Time elapsed: 3.413 s - in org.keycloak.testsuite.broker.KcSamlSignedDocumentOnlyBrokerTest
Base IT (2)	Run base tests	2024-11-21T10:38:11.4406891Z [INFO] Running org.keycloak.testsuite.broker.KcSamlSpDescriptorTest
Base IT (2)	Run base tests	2024-11-21T10:38:31.6080791Z [INFO] Tests run: 13, Failures: 0, Errors: 0, Skipped: 0, Time elapsed: 20.156 s - in org.keycloak.testsuite.broker.KcSamlSpDescriptorTest
Base IT (2)	Run base tests	2024-11-21T10:38:31.6083785Z [INFO] Running org.keycloak.testsuite.broker.KcSamlUsernameTemplateMapperTest
Base IT (2)	Run base tests	2024-11-21T10:38:36.8108427Z [INFO] Tests run: 3, Failures: 0, Errors: 0, Skipped: 0, Time elapsed: 5.191 s - in org.keycloak.testsuite.broker.KcSamlUsernameTemplateMapperTest
Base IT (2)	Run base tests	2024-11-21T10:38:36.8110490Z [INFO] Running org.keycloak.testsuite.broker.KcSamlXPathAttributeMapperTest
Base IT (2)	Run base tests	2024-11-21T10:38:38.5750197Z [INFO] Tests run: 1, Failures: 0, Errors: 0, Skipped: 0, Time elapsed: 1.749 s - in org.keycloak.testsuite.broker.KcSamlXPathAttributeMapperTest
Base IT (2)	Run base tests	2024-11-21T10:38:38.5752243Z [INFO] Running org.keycloak.testsuite.broker.OidcAccessTokenOnlyClaimsUserAttributeMapperTest
Base IT (2)	Run base tests	2024-11-21T10:38:56.2661514Z [INFO] Tests run: 10, Failures: 0, Errors: 0, Skipped: 0, Time elapsed: 17.617 s - in org.keycloak.testsuite.broker.OidcAccessTokenOnlyClaimsUserAttributeMapperTest
Base IT (2)	Run base tests	2024-11-21T10:38:56.2664253Z [INFO] Running org.keycloak.testsuite.broker.OidcAdvancedClaimToGroupMapperTest
Base IT (2)	Run base tests	2024-11-21T10:39:22.1558914Z [INFO] Tests run: 17, Failures: 0, Errors: 0, Skipped: 0, Time elapsed: 25.873 s - in org.keycloak.testsuite.broker.OidcAdvancedClaimToGroupMapperTest
Base IT (2)	Run base tests	2024-11-21T10:39:22.1566333Z [INFO] Running org.keycloak.testsuite.broker.OidcAdvancedClaimToRoleMapperTest
Base IT (2)	Run base tests	2024-11-21T10:39:47.0328392Z [INFO] Tests run: 15, Failures: 0, Errors: 0, Skipped: 0, Time elapsed: 24.866 s - in org.keycloak.testsuite.broker.OidcAdvancedClaimToRoleMapperTest
Base IT (2)	Run base tests	2024-11-21T10:39:47.0333061Z [INFO] Running org.keycloak.testsuite.broker.OidcClaimToRoleMapperTest
Base IT (2)	Run base tests	2024-11-21T10:40:06.1471813Z [INFO] Tests run: 12, Failures: 0, Errors: 0, Skipped: 0, Time elapsed: 19.098 s - in org.keycloak.testsuite.broker.OidcClaimToRoleMapperTest
Base IT (2)	Run base tests	2024-11-21T10:40:06.1476941Z [INFO] Running org.keycloak.testsuite.broker.OidcClaimToUserSessionNoteMapperTest
Base IT (2)	Run base tests	2024-11-21T10:40:11.6731088Z [INFO] Tests run: 3, Failures: 0, Errors: 0, Skipped: 0, Time elapsed: 5.516 s - in org.keycloak.testsuite.broker.OidcClaimToUserSessionNoteMapperTest
Base IT (2)	Run base tests	2024-11-21T10:40:11.6733513Z [INFO] Running org.keycloak.testsuite.broker.OidcHardcodedGroupMapperTest
Base IT (2)	Run base tests	2024-11-21T10:40:38.5515555Z [INFO] Tests run: 17, Failures: 0, Errors: 0, Skipped: 0, Time elapsed: 26.862 s - in org.keycloak.testsuite.broker.OidcHardcodedGroupMapperTest
Base IT (2)	Run base tests	2024-11-21T10:40:38.5521942Z [INFO] Running org.keycloak.testsuite.broker.OidcMultipleClaimToRoleMappersTest
Base IT (2)	Run base tests	2024-11-21T10:40:59.3706399Z [INFO] Tests run: 12, Failures: 0, Errors: 0, Skipped: 0, Time elapsed: 20.802 s - in org.keycloak.testsuite.broker.OidcMultipleClaimToRoleMappersTest
Base IT (2)	Run base tests	2024-11-21T10:40:59.3712957Z [INFO] Running org.keycloak.testsuite.broker.OidcUserAttributeMapperTest
Base IT (2)	Run base tests	2024-11-21T10:41:15.7287280Z [INFO] Tests run: 10, Failures: 0, Errors: 0, Skipped: 0, Time elapsed: 16.347 s - in org.keycloak.testsuite.broker.OidcUserAttributeMapperTest
Base IT (2)	Run base tests	2024-11-21T10:41:15.7290944Z [INFO] Running org.keycloak.testsuite.broker.OidcUserInfoClaimToRoleMapperTest
Base IT (2)	Run base tests	2024-11-21T10:41:27.4453214Z [INFO] Tests run: 7, Failures: 0, Errors: 0, Skipped: 0, Time elapsed: 11.704 s - in org.keycloak.testsuite.broker.OidcUserInfoClaimToRoleMapperTest
Base IT (2)	Run base tests	2024-11-21T10:41:27.4456051Z [INFO] Running org.keycloak.testsuite.broker.SamlUserAttributeMapperTest
Base IT (2)	Run base tests	2024-11-21T10:41:45.3243440Z [INFO] Tests run: 10, Failures: 0, Errors: 0, Skipped: 0, Time elapsed: 17.866 s - in org.keycloak.testsuite.broker.SamlUserAttributeMapperTest
Base IT (2)	Run base tests	2024-11-21T10:41:45.3246494Z [INFO] Running org.keycloak.testsuite.broker.SocialLoginTest
Base IT (2)	Run base tests	2024-11-21T10:42:17.2667651Z [WARNING] Tests run: 1, Failures: 0, Errors: 0, Skipped: 1, Time elapsed: 31.927 s - in org.keycloak.testsuite.broker.SocialLoginTest
Base IT (2)	Run base tests	2024-11-21T10:42:17.2674873Z [INFO] Running org.keycloak.testsuite.broker.UsernameTemplateMapperTest
Base IT (2)	Run base tests	2024-11-21T10:42:23.7434494Z [INFO] Tests run: 1, Failures: 0, Errors: 0, Skipped: 0, Time elapsed: 6.462 s - in org.keycloak.testsuite.broker.UsernameTemplateMapperTest
Base IT (2)	Run base tests	2024-11-21T10:42:24.0967021Z -- [INFO] 
Base IT (2)	Run base tests	2024-11-21T10:42:24.0967942Z -- [INFO] Results:
Base IT (2)	Run base tests	2024-11-21T10:42:24.0968465Z -- [INFO] 
Base IT (2)	Run base tests	2024-11-21T10:42:24.0968950Z -- [ERROR] Errors: 
Base IT (2)	Run base tests	2024-11-21T10:42:24.0976243Z -- [ERROR] org.keycloak.testsuite.broker.KcOidcBrokerFrontendUrlTest.testLogInAsUserInIDP
Base IT (2)	Run base tests	2024-11-21T10:42:24.0979301Z -- [ERROR]   Run 1: KcOidcBrokerFrontendUrlTest.testLogInAsUserInIDP » Runtime java.lang.RuntimeException: java.lang.RuntimeException: java.net.UnknownHostException: proxy.kc.127.0.0.1.nip.io: Temporary failure in name resolution
Base IT (2)	Run base tests	2024-11-21T10:42:24.0983133Z -- [ERROR]   Run 2: KcOidcBrokerFrontendUrlTest.testLogInAsUserInIDP » Runtime java.lang.RuntimeException: java.lang.RuntimeException: java.net.UnknownHostException: proxy.kc.127.0.0.1.nip.io
Base IT (2)	Run base tests	2024-11-21T10:42:24.0986545Z -- [ERROR]   Run 3: KcOidcBrokerFrontendUrlTest.testLogInAsUserInIDP » Runtime java.lang.RuntimeException: java.lang.RuntimeException: java.net.UnknownHostException: proxy.kc.127.0.0.1.nip.io
Base IT (2)	Run base tests	2024-11-21T10:42:24.0988478Z -- [INFO] 
Base IT (2)	Run base tests	2024-11-21T10:42:24.0988930Z -- [INFO] 
Base IT (2)	Run base tests	2024-11-21T10:42:24.0989611Z -- [ERROR] Tests run: 623, Failures: 0, Errors: 1, Skipped: 13
Base IT (2)	Run base tests	2024-11-21T10:42:24.0990404Z -- [INFO] 
Base IT (2)	Run base tests	2024-11-21T10:42:24.0997952Z -- [INFO] ------------------------------------------------------------------------
Base IT (2)	Run base tests	2024-11-21T10:42:24.0998826Z -- [INFO] BUILD FAILURE
Base IT (2)	Run base tests	2024-11-21T10:42:24.0999633Z -- [INFO] ------------------------------------------------------------------------
Base IT (2)	Run base tests	2024-11-21T10:42:24.1000467Z -- [INFO] Total time:  24:56 min
Base IT (2)	Run base tests	2024-11-21T10:42:24.1001137Z -- [INFO] Finished at: 2024-11-21T10:42:24Z
Base IT (2)	Run base tests	2024-11-21T10:42:24.1001892Z -- [INFO] ------------------------------------------------------------------------
Base IT (2)	Run base tests	2024-11-21T10:42:24.1009692Z -- [ERROR] Failed to execute goal org.apache.maven.plugins:maven-surefire-plugin:3.0.0-M7:test (default-test) on project integration-arquillian-tests-base: 
Base IT (2)	Run base tests	2024-11-21T10:42:24.1010981Z -- [ERROR] 
Base IT (2)	Run base tests	2024-11-21T10:42:24.1012644Z -- [ERROR] Please refer to /home/runner/work/keycloak/keycloak/testsuite/integration-arquillian/tests/base/target/surefire-reports for the individual test results.
Base IT (2)	Run base tests	2024-11-21T10:42:24.1014032Z -- [ERROR] Please refer to dump files (if any exist) [date].dump, [date]-jvmRun[N].dump and [date].dumpstream.
Base IT (2)	Run base tests	2024-11-21T10:42:24.1014695Z -- [ERROR] -> [Help 1]
Base IT (2)	Run base tests	2024-11-21T10:42:24.1014977Z -- [ERROR] 
Base IT (2)	Run base tests	2024-11-21T10:42:24.1015459Z -- [ERROR] To see the full stack trace of the errors, re-run Maven with the -e switch.
Base IT (2)	Run base tests	2024-11-21T10:42:24.1016180Z -- [ERROR] Re-run Maven using the -X switch to enable full debug logging.
Base IT (2)	Run base tests	2024-11-21T10:42:24.1016672Z -- [ERROR] 
Base IT (2)	Run base tests	2024-11-21T10:42:24.1017280Z -- [ERROR] For more information about the errors and possible solutions, please read the following articles:
Base IT (2)	Run base tests	2024-11-21T10:42:24.1018196Z -- [ERROR] [Help 1] http://cwiki.apache.org/confluence/display/MAVEN/MojoFailureException
Base IT (2)	Run base tests	2024-11-21T10:42:24.1378248Z ##[error]Process completed with exit code 1.
Status Check - Keycloak CI	Run /./.github/actions/status-check	2024-11-21T10:53:45.7791924Z Prepare all required actions
Status Check - Keycloak CI	Run /./.github/actions/status-check	2024-11-21T10:53:45.7889857Z ##[group]Run ./.github/actions/status-check
Status Check - Keycloak CI	Run /./.github/actions/status-check	2024-11-21T10:53:45.7890328Z with:
Status Check - Keycloak CI	Run /./.github/actions/status-check	2024-11-21T10:53:45.7895479Z   jobs: {
Status Check - Keycloak CI	Run /./.github/actions/status-check	  "conditional": {
Status Check - Keycloak CI	Run /./.github/actions/status-check	    "result": "success",
Status Check - Keycloak CI	Run /./.github/actions/status-check	    "outputs": {
Status Check - Keycloak CI	Run /./.github/actions/status-check	      "ci": "true",
Status Check - Keycloak CI	Run /./.github/actions/status-check	      "ci-aurora": "false",
Status Check - Keycloak CI	Run /./.github/actions/status-check	      "ci-quarkus": "false",
Status Check - Keycloak CI	Run /./.github/actions/status-check	      "ci-sssd": "false",
Status Check - Keycloak CI	Run /./.github/actions/status-check	      "ci-store": "false",
Status Check - Keycloak CI	Run /./.github/actions/status-check	      "ci-webauthn": "true"
Status Check - Keycloak CI	Run /./.github/actions/status-check	    }
Status Check - Keycloak CI	Run /./.github/actions/status-check	  },
Status Check - Keycloak CI	Run /./.github/actions/status-check	  "build": {
Status Check - Keycloak CI	Run /./.github/actions/status-check	    "result": "success",
Status Check - Keycloak CI	Run /./.github/actions/status-check	    "outputs": {}
Status Check - Keycloak CI	Run /./.github/actions/status-check	  },
Status Check - Keycloak CI	Run /./.github/actions/status-check	  "unit-tests": {
Status Check - Keycloak CI	Run /./.github/actions/status-check	    "result": "success",
Status Check - Keycloak CI	Run /./.github/actions/status-check	    "outputs": {}
Status Check - Keycloak CI	Run /./.github/actions/status-check	  },
Status Check - Keycloak CI	Run /./.github/actions/status-check	  "base-integration-tests": {
Status Check - Keycloak CI	Run /./.github/actions/status-check	    "result": "failure",
Status Check - Keycloak CI	Run /./.github/actions/status-check	    "outputs": {}
Status Check - Keycloak CI	Run /./.github/actions/status-check	  },
Status Check - Keycloak CI	Run /./.github/actions/status-check	  "adapter-integration-tests": {
Status Check - Keycloak CI	Run /./.github/actions/status-check	    "result": "success",
Status Check - Keycloak CI	Run /./.github/actions/status-check	    "outputs": {}
Status Check - Keycloak CI	Run /./.github/actions/status-check	  },
Status Check - Keycloak CI	Run /./.github/actions/status-check	  "adapter-integration-tests-strict-cookies": {
Status Check - Keycloak CI	Run /./.github/actions/status-check	    "result": "success",
Status Check - Keycloak CI	Run /./.github/actions/status-check	    "outputs": {}
Status Check - Keycloak CI	Run /./.github/actions/status-check	  },
Status Check - Keycloak CI	Run /./.github/actions/status-check	  "quarkus-unit-tests": {
Status Check - Keycloak CI	Run /./.github/actions/status-check	    "result": "skipped",
Status Check - Keycloak CI	Run /./.github/actions/status-check	    "outputs": {}
Status Check - Keycloak CI	Run /./.github/actions/status-check	  },
Status Check - Keycloak CI	Run /./.github/actions/status-check	  "quarkus-integration-tests": {
Status Check - Keycloak CI	Run /./.github/actions/status-check	    "result": "success",
Status Check - Keycloak CI	Run /./.github/actions/status-check	    "outputs": {}
Status Check - Keycloak CI	Run /./.github/actions/status-check	  },
Status Check - Keycloak CI	Run /./.github/actions/status-check	  "jdk-integration-tests": {
Status Check - Keycloak CI	Run /./.github/actions/status-check	    "result": "success",
Status Check - Keycloak CI	Run /./.github/actions/status-check	    "outputs": {}
Status Check - Keycloak CI	Run /./.github/actions/status-check	  },
Status Check - Keycloak CI	Run /./.github/actions/status-check	  "store-integration-tests": {
Status Check - Keycloak CI	Run /./.github/actions/status-check	    "result": "success",
Status Check - Keycloak CI	Run /./.github/actions/status-check	    "outputs": {}
Status Check - Keycloak CI	Run /./.github/actions/status-check	  },
Status Check - Keycloak CI	Run /./.github/actions/status-check	  "volatile-sessions-tests": {
Status Check - Keycloak CI	Run /./.github/actions/status-check	    "result": "skipped",
Status Check - Keycloak CI	Run /./.github/actions/status-check	    "outputs": {}
Status Check - Keycloak CI	Run /./.github/actions/status-check	  },
Status Check - Keycloak CI	Run /./.github/actions/status-check	  "store-model-tests": {
Status Check - Keycloak CI	Run /./.github/actions/status-check	    "result": "skipped",
Status Check - Keycloak CI	Run /./.github/actions/status-check	    "outputs": {}
Status Check - Keycloak CI	Run /./.github/actions/status-check	  },
Status Check - Keycloak CI	Run /./.github/actions/status-check	  "clustering-integration-tests": {
Status Check - Keycloak CI	Run /./.github/actions/status-check	    "result": "success",
Status Check - Keycloak CI	Run /./.github/actions/status-check	    "outputs": {}
Status Check - Keycloak CI	Run /./.github/actions/status-check	  },
Status Check - Keycloak CI	Run /./.github/actions/status-check	  "fips-unit-tests": {
Status Check - Keycloak CI	Run /./.github/actions/status-check	    "result": "success",
Status Check - Keycloak CI	Run /./.github/actions/status-check	    "outputs": {}
Status Check - Keycloak CI	Run /./.github/actions/status-check	  },
Status Check - Keycloak CI	Run /./.github/actions/status-check	  "fips-integration-tests": {
Status Check - Keycloak CI	Run /./.github/actions/status-check	    "result": "success",
Status Check - Keycloak CI	Run /./.github/actions/status-check	    "outputs": {}
Status Check - Keycloak CI	Run /./.github/actions/status-check	  },
Status Check - Keycloak CI	Run /./.github/actions/status-check	  "forms-integration-tests": {
Status Check - Keycloak CI	Run /./.github/actions/status-check	    "result": "success",
Status Check - Keycloak CI	Run /./.github/actions/status-check	    "outputs": {}
Status Check - Keycloak CI	Run /./.github/actions/status-check	  },
Status Check - Keycloak CI	Run /./.github/actions/status-check	  "webauthn-integration-tests": {
Status Check - Keycloak CI	Run /./.github/actions/status-check	    "result": "success",
Status Check - Keycloak CI	Run /./.github/actions/status-check	    "outputs": {}
Status Check - Keycloak CI	Run /./.github/actions/status-check	  },
Status Check - Keycloak CI	Run /./.github/actions/status-check	  "sssd-unit-tests": {
Status Check - Keycloak CI	Run /./.github/actions/status-check	    "result": "skipped",
Status Check - Keycloak CI	Run /./.github/actions/status-check	    "outputs": {}
Status Check - Keycloak CI	Run /./.github/actions/status-check	  },
Status Check - Keycloak CI	Run /./.github/actions/status-check	  "migration-tests": {
Status Check - Keycloak CI	Run /./.github/actions/status-check	    "result": "success",
Status Check - Keycloak CI	Run /./.github/actions/status-check	    "outputs": {}
Status Check - Keycloak CI	Run /./.github/actions/status-check	  },
Status Check - Keycloak CI	Run /./.github/actions/status-check	  "external-infinispan-tests": {
Status Check - Keycloak CI	Run /./.github/actions/status-check	    "result": "skipped",
Status Check - Keycloak CI	Run /./.github/actions/status-check	    "outputs": {}
Status Check - Keycloak CI	Run /./.github/actions/status-check	  },
Status Check - Keycloak CI	Run /./.github/actions/status-check	  "test-framework": {
Status Check - Keycloak CI	Run /./.github/actions/status-check	    "result": "success",
Status Check - Keycloak CI	Run /./.github/actions/status-check	    "outputs": {}
Status Check - Keycloak CI	Run /./.github/actions/status-check	  },
Status Check - Keycloak CI	Run /./.github/actions/status-check	  "base-new-integration-tests": {
Status Check - Keycloak CI	Run /./.github/actions/status-check	    "result": "success",
Status Check - Keycloak CI	Run /./.github/actions/status-check	    "outputs": {}
Status Check - Keycloak CI	Run /./.github/actions/status-check	  }
Status Check - Keycloak CI	Run /./.github/actions/status-check	}
Status Check - Keycloak CI	Run /./.github/actions/status-check	2024-11-21T10:53:45.7901332Z env:
Status Check - Keycloak CI	Run /./.github/actions/status-check	2024-11-21T10:53:45.7901833Z   MAVEN_ARGS: -B -nsu -Daether.connector.http.connectionMaxTtl=25
Status Check - Keycloak CI	Run /./.github/actions/status-check	2024-11-21T10:53:45.7902391Z   SUREFIRE_RERUN_FAILING_COUNT: 2
Status Check - Keycloak CI	Run /./.github/actions/status-check	2024-11-21T10:53:45.7902845Z   SUREFIRE_RETRY: -Dsurefire.rerunFailingTestsCount=2
Status Check - Keycloak CI	Run /./.github/actions/status-check	2024-11-21T10:53:45.7903385Z ##[endgroup]
Status Check - Keycloak CI	Run /./.github/actions/status-check	2024-11-21T10:53:45.8178128Z ##[group]Run JOBS='{
Status Check - Keycloak CI	Run /./.github/actions/status-check	2024-11-21T10:53:45.8178732Z [36;1mJOBS='{[0m
Status Check - Keycloak CI	Run /./.github/actions/status-check	2024-11-21T10:53:45.8179059Z [36;1m  "conditional": {[0m
Status Check - Keycloak CI	Run /./.github/actions/status-check	2024-11-21T10:53:45.8179467Z [36;1m    "result": "success",[0m
Status Check - Keycloak CI	Run /./.github/actions/status-check	2024-11-21T10:53:45.8179949Z [36;1m    "outputs": {[0m
Status Check - Keycloak CI	Run /./.github/actions/status-check	2024-11-21T10:53:45.8180286Z [36;1m      "ci": "true",[0m
Status Check - Keycloak CI	Run /./.github/actions/status-check	2024-11-21T10:53:45.8180711Z [36;1m      "ci-aurora": "false",[0m
Status Check - Keycloak CI	Run /./.github/actions/status-check	2024-11-21T10:53:45.8181192Z [36;1m      "ci-quarkus": "false",[0m
Status Check - Keycloak CI	Run /./.github/actions/status-check	2024-11-21T10:53:45.8181585Z [36;1m      "ci-sssd": "false",[0m
Status Check - Keycloak CI	Run /./.github/actions/status-check	2024-11-21T10:53:45.8181986Z [36;1m      "ci-store": "false",[0m
Status Check - Keycloak CI	Run /./.github/actions/status-check	2024-11-21T10:53:45.8182465Z [36;1m      "ci-webauthn": "true"[0m
Status Check - Keycloak CI	Run /./.github/actions/status-check	2024-11-21T10:53:45.8182838Z [36;1m    }[0m
Status Check - Keycloak CI	Run /./.github/actions/status-check	2024-11-21T10:53:45.8183167Z [36;1m  },[0m
Status Check - Keycloak CI	Run /./.github/actions/status-check	2024-11-21T10:53:45.8183541Z [36;1m  "build": {[0m
Status Check - Keycloak CI	Run /./.github/actions/status-check	2024-11-21T10:53:45.8183880Z [36;1m    "result": "success",[0m
Status Check - Keycloak CI	Run /./.github/actions/status-check	2024-11-21T10:53:45.8184268Z [36;1m    "outputs": {}[0m
Status Check - Keycloak CI	Run /./.github/actions/status-check	2024-11-21T10:53:45.8184675Z [36;1m  },[0m
Status Check - Keycloak CI	Run /./.github/actions/status-check	2024-11-21T10:53:45.8184974Z [36;1m  "unit-tests": {[0m
Status Check - Keycloak CI	Run /./.github/actions/status-check	2024-11-21T10:53:45.8185344Z [36;1m    "result": "success",[0m
Status Check - Keycloak CI	Run /./.github/actions/status-check	2024-11-21T10:53:45.8185816Z [36;1m    "outputs": {}[0m
Status Check - Keycloak CI	Run /./.github/actions/status-check	2024-11-21T10:53:45.8186126Z [36;1m  },[0m
Status Check - Keycloak CI	Run /./.github/actions/status-check	2024-11-21T10:53:45.8186465Z [36;1m  "base-integration-tests": {[0m
Status Check - Keycloak CI	Run /./.github/actions/status-check	2024-11-21T10:53:45.8186974Z [36;1m    "result": "failure",[0m
Status Check - Keycloak CI	Run /./.github/actions/status-check	2024-11-21T10:53:45.8187624Z [36;1m    "outputs": {}[0m
Status Check - Keycloak CI	Run /./.github/actions/status-check	2024-11-21T10:53:45.8187980Z [36;1m  },[0m
Status Check - Keycloak CI	Run /./.github/actions/status-check	2024-11-21T10:53:45.8188422Z [36;1m  "adapter-integration-tests": {[0m
Status Check - Keycloak CI	Run /./.github/actions/status-check	2024-11-21T10:53:45.8188844Z [36;1m    "result": "success",[0m
Status Check - Keycloak CI	Run /./.github/actions/status-check	2024-11-21T10:53:45.8189232Z [36;1m    "outputs": {}[0m
Status Check - Keycloak CI	Run /./.github/actions/status-check	2024-11-21T10:53:45.8189660Z [36;1m  },[0m
Status Check - Keycloak CI	Run /./.github/actions/status-check	2024-11-21T10:53:45.8190048Z [36;1m  "adapter-integration-tests-strict-cookies": {[0m
Status Check - Keycloak CI	Run /./.github/actions/status-check	2024-11-21T10:53:45.8190840Z [36;1m    "result": "success",[0m
Status Check - Keycloak CI	Run /./.github/actions/status-check	2024-11-21T10:53:45.8191324Z [36;1m    "outputs": {}[0m
Status Check - Keycloak CI	Run /./.github/actions/status-check	2024-11-21T10:53:45.8191644Z [36;1m  },[0m
Status Check - Keycloak CI	Run /./.github/actions/status-check	2024-11-21T10:53:45.8191998Z [36;1m  "quarkus-unit-tests": {[0m
Status Check - Keycloak CI	Run /./.github/actions/status-check	2024-11-21T10:53:45.8192476Z [36;1m    "result": "skipped",[0m
Status Check - Keycloak CI	Run /./.github/actions/status-check	2024-11-21T10:53:45.8193077Z [36;1m    "outputs": {}[0m
Status Check - Keycloak CI	Run /./.github/actions/status-check	2024-11-21T10:53:45.8193394Z [36;1m  },[0m
Status Check - Keycloak CI	Run /./.github/actions/status-check	2024-11-21T10:53:45.8193816Z [36;1m  "quarkus-integration-tests": {[0m
Status Check - Keycloak CI	Run /./.github/actions/status-check	2024-11-21T10:53:45.8194266Z [36;1m    "result": "success",[0m
Status Check - Keycloak CI	Run /./.github/actions/status-check	2024-11-21T10:53:45.8194627Z [36;1m    "outputs": {}[0m
Status Check - Keycloak CI	Run /./.github/actions/status-check	2024-11-21T10:53:45.8195050Z [36;1m  },[0m
Status Check - Keycloak CI	Run /./.github/actions/status-check	2024-11-21T10:53:45.8195401Z [36;1m  "jdk-integration-tests": {[0m
Status Check - Keycloak CI	Run /./.github/actions/status-check	2024-11-21T10:53:45.8195806Z [36;1m    "result": "success",[0m
Status Check - Keycloak CI	Run /./.github/actions/status-check	2024-11-21T10:53:45.8196259Z [36;1m    "outputs": {}[0m
Status Check - Keycloak CI	Run /./.github/actions/status-check	2024-11-21T10:53:45.8196629Z [36;1m  },[0m
Status Check - Keycloak CI	Run /./.github/actions/status-check	2024-11-21T10:53:45.8196936Z [36;1m  "store-integration-tests": {[0m
Status Check - Keycloak CI	Run /./.github/actions/status-check	2024-11-21T10:53:45.8197425Z [36;1m    "result": "success",[0m
Status Check - Keycloak CI	Run /./.github/actions/status-check	2024-11-21T10:53:45.8197835Z [36;1m    "outputs": {}[0m
Status Check - Keycloak CI	Run /./.github/actions/status-check	2024-11-21T10:53:45.8198180Z [36;1m  },[0m
Status Check - Keycloak CI	Run /./.github/actions/status-check	2024-11-21T10:53:45.8198551Z [36;1m  "volatile-sessions-tests": {[0m
Status Check - Keycloak CI	Run /./.github/actions/status-check	2024-11-21T10:53:45.8198986Z [36;1m    "result": "skipped",[0m
Status Check - Keycloak CI	Run /./.github/actions/status-check	2024-11-21T10:53:45.8199370Z [36;1m    "outputs": {}[0m
Status Check - Keycloak CI	Run /./.github/actions/status-check	2024-11-21T10:53:45.8199762Z [36;1m  },[0m
Status Check - Keycloak CI	Run /./.github/actions/status-check	2024-11-21T10:53:45.8200082Z [36;1m  "store-model-tests": {[0m
Status Check - Keycloak CI	Run /./.github/actions/status-check	2024-11-21T10:53:45.8200477Z [36;1m    "result": "skipped",[0m
Status Check - Keycloak CI	Run /./.github/actions/status-check	2024-11-21T10:53:45.8200903Z [36;1m    "outputs": {}[0m
Status Check - Keycloak CI	Run /./.github/actions/status-check	2024-11-21T10:53:45.8201247Z [36;1m  },[0m
Status Check - Keycloak CI	Run /./.github/actions/status-check	2024-11-21T10:53:45.8201612Z [36;1m  "clustering-integration-tests": {[0m
Status Check - Keycloak CI	Run /./.github/actions/status-check	2024-11-21T10:53:45.8202095Z [36;1m    "result": "success",[0m
Status Check - Keycloak CI	Run /./.github/actions/status-check	2024-11-21T10:53:45.8202476Z [36;1m    "outputs": {}[0m
Status Check - Keycloak CI	Run /./.github/actions/status-check	2024-11-21T10:53:45.8202819Z [36;1m  },[0m
Status Check - Keycloak CI	Run /./.github/actions/status-check	2024-11-21T10:53:45.8203184Z [36;1m  "fips-unit-tests": {[0m
Status Check - Keycloak CI	Run /./.github/actions/status-check	2024-11-21T10:53:45.8203570Z [36;1m    "result": "success",[0m
Status Check - Keycloak CI	Run /./.github/actions/status-check	2024-11-21T10:53:45.8203971Z [36;1m    "outputs": {}[0m
Status Check - Keycloak CI	Run /./.github/actions/status-check	2024-11-21T10:53:45.8204349Z [36;1m  },[0m
Status Check - Keycloak CI	Run /./.github/actions/status-check	2024-11-21T10:53:45.8204684Z [36;1m  "fips-integration-tests": {[0m
Status Check - Keycloak CI	Run /./.github/actions/status-check	2024-11-21T10:53:45.8205114Z [36;1m    "result": "success",[0m
Status Check - Keycloak CI	Run /./.github/actions/status-check	2024-11-21T10:53:45.8205520Z [36;1m    "outputs": {}[0m
Status Check - Keycloak CI	Run /./.github/actions/status-check	2024-11-21T10:53:45.8205863Z [36;1m  },[0m
Status Check - Keycloak CI	Run /./.github/actions/status-check	2024-11-21T10:53:45.8206217Z [36;1m  "forms-integration-tests": {[0m
Status Check - Keycloak CI	Run /./.github/actions/status-check	2024-11-21T10:53:45.8206661Z [36;1m    "result": "success",[0m
Status Check - Keycloak CI	Run /./.github/actions/status-check	2024-11-21T10:53:45.8207046Z [36;1m    "outputs": {}[0m
Status Check - Keycloak CI	Run /./.github/actions/status-check	2024-11-21T10:53:45.8207407Z [36;1m  },[0m
Status Check - Keycloak CI	Run /./.github/actions/status-check	2024-11-21T10:53:45.8207784Z [36;1m  "webauthn-integration-tests": {[0m
Status Check - Keycloak CI	Run /./.github/actions/status-check	2024-11-21T10:53:45.8208233Z [36;1m    "result": "success",[0m
Status Check - Keycloak CI	Run /./.github/actions/status-check	2024-11-21T10:53:45.8208629Z [36;1m    "outputs": {}[0m
Status Check - Keycloak CI	Run /./.github/actions/status-check	2024-11-21T10:53:45.8209001Z [36;1m  },[0m
Status Check - Keycloak CI	Run /./.github/actions/status-check	2024-11-21T10:53:45.8209326Z [36;1m  "sssd-unit-tests": {[0m
Status Check - Keycloak CI	Run /./.github/actions/status-check	2024-11-21T10:53:45.8209728Z [36;1m    "result": "skipped",[0m
Status Check - Keycloak CI	Run /./.github/actions/status-check	2024-11-21T10:53:45.8210143Z [36;1m    "outputs": {}[0m
Status Check - Keycloak CI	Run /./.github/actions/status-check	2024-11-21T10:53:45.8210500Z [36;1m  },[0m
Status Check - Keycloak CI	Run /./.github/actions/status-check	2024-11-21T10:53:45.8210819Z [36;1m  "migration-tests": {[0m
Status Check - Keycloak CI	Run /./.github/actions/status-check	2024-11-21T10:53:45.8211238Z [36;1m    "result": "success",[0m
Status Check - Keycloak CI	Run /./.github/actions/status-check	2024-11-21T10:53:45.8211635Z [36;1m    "outputs": {}[0m
Status Check - Keycloak CI	Run /./.github/actions/status-check	2024-11-21T10:53:45.8211978Z [36;1m  },[0m
Status Check - Keycloak CI	Run /./.github/actions/status-check	2024-11-21T10:53:45.8212350Z [36;1m  "external-infinispan-tests": {[0m
Status Check - Keycloak CI	Run /./.github/actions/status-check	2024-11-21T10:53:45.8212796Z [36;1m    "result": "skipped",[0m
Status Check - Keycloak CI	Run /./.github/actions/status-check	2024-11-21T10:53:45.8213177Z [36;1m    "outputs": {}[0m
Status Check - Keycloak CI	Run /./.github/actions/status-check	2024-11-21T10:53:45.8213551Z [36;1m  },[0m
Status Check - Keycloak CI	Run /./.github/actions/status-check	2024-11-21T10:53:45.8213885Z [36;1m  "test-framework": {[0m
Status Check - Keycloak CI	Run /./.github/actions/status-check	2024-11-21T10:53:45.8214265Z [36;1m    "result": "success",[0m
Status Check - Keycloak CI	Run /./.github/actions/status-check	2024-11-21T10:53:45.8214693Z [36;1m    "outputs": {}[0m
Status Check - Keycloak CI	Run /./.github/actions/status-check	2024-11-21T10:53:45.8215241Z [36;1m  },[0m
Status Check - Keycloak CI	Run /./.github/actions/status-check	2024-11-21T10:53:45.8215597Z [36;1m  "base-new-integration-tests": {[0m
Status Check - Keycloak CI	Run /./.github/actions/status-check	2024-11-21T10:53:45.8216088Z [36;1m    "result": "success",[0m
Status Check - Keycloak CI	Run /./.github/actions/status-check	2024-11-21T10:53:45.8216526Z [36;1m    "outputs": {}[0m
Status Check - Keycloak CI	Run /./.github/actions/status-check	2024-11-21T10:53:45.8217045Z [36;1m  }[0m
Status Check - Keycloak CI	Run /./.github/actions/status-check	2024-11-21T10:53:45.8217416Z [36;1m}'[0m
Status Check - Keycloak CI	Run /./.github/actions/status-check	2024-11-21T10:53:45.8217722Z [36;1m[0m
Status Check - Keycloak CI	Run /./.github/actions/status-check	2024-11-21T10:53:45.8218033Z [36;1mecho "Job status:"[0m
Status Check - Keycloak CI	Run /./.github/actions/status-check	2024-11-21T10:53:45.8218800Z [36;1mecho $JOBS | jq -r 'to_entries[] | " - \(.key): \(.value.result)"'[0m
Status Check - Keycloak CI	Run /./.github/actions/status-check	2024-11-21T10:53:45.8219332Z [36;1m[0m
Status Check - Keycloak CI	Run /./.github/actions/status-check	2024-11-21T10:53:45.8219784Z [36;1mfor i in $(echo $JOBS | jq -r 'to_entries[] | .value.result'); do[0m
Status Check - Keycloak CI	Run /./.github/actions/status-check	2024-11-21T10:53:45.8220437Z [36;1m  if [ "$i" != "success" ] && [ "$i" != "skipped" ]; then[0m
Status Check - Keycloak CI	Run /./.github/actions/status-check	2024-11-21T10:53:45.8220927Z [36;1m    echo ""[0m
Status Check - Keycloak CI	Run /./.github/actions/status-check	2024-11-21T10:53:45.8221320Z [36;1m    echo "Status check not okay!"[0m
Status Check - Keycloak CI	Run /./.github/actions/status-check	2024-11-21T10:53:45.8221769Z [36;1m    exit 1[0m
Status Check - Keycloak CI	Run /./.github/actions/status-check	2024-11-21T10:53:45.8222095Z [36;1m  fi[0m
Status Check - Keycloak CI	Run /./.github/actions/status-check	2024-11-21T10:53:45.8222420Z [36;1mdone[0m
Status Check - Keycloak CI	Run /./.github/actions/status-check	2024-11-21T10:53:45.8321470Z shell: /usr/bin/bash --noprofile --norc -e -o pipefail {0}
Status Check - Keycloak CI	Run /./.github/actions/status-check	2024-11-21T10:53:45.8322193Z env:
Status Check - Keycloak CI	Run /./.github/actions/status-check	2024-11-21T10:53:45.8322616Z   MAVEN_ARGS: -B -nsu -Daether.connector.http.connectionMaxTtl=25
Status Check - Keycloak CI	Run /./.github/actions/status-check	2024-11-21T10:53:45.8323188Z   SUREFIRE_RERUN_FAILING_COUNT: 2
Status Check - Keycloak CI	Run /./.github/actions/status-check	2024-11-21T10:53:45.8323745Z   SUREFIRE_RETRY: -Dsurefire.rerunFailingTestsCount=2
Status Check - Keycloak CI	Run /./.github/actions/status-check	2024-11-21T10:53:45.8324213Z ##[endgroup]
Status Check - Keycloak CI	Run /./.github/actions/status-check	2024-11-21T10:53:45.8483281Z Job status:
Status Check - Keycloak CI	Run /./.github/actions/status-check	2024-11-21T10:53:45.8723577Z  - conditional: success
Status Check - Keycloak CI	Run /./.github/actions/status-check	2024-11-21T10:53:45.8724252Z  - build: success
Status Check - Keycloak CI	Run /./.github/actions/status-check	2024-11-21T10:53:45.8725030Z  - unit-tests: success
Status Check - Keycloak CI	Run /./.github/actions/status-check	2024-11-21T10:53:45.8725498Z  - base-integration-tests: failure
Status Check - Keycloak CI	Run /./.github/actions/status-check	2024-11-21T10:53:45.8725936Z  - adapter-integration-tests: success
Status Check - Keycloak CI	Run /./.github/actions/status-check	2024-11-21T10:53:45.8726618Z  - adapter-integration-tests-strict-cookies: success
Status Check - Keycloak CI	Run /./.github/actions/status-check	2024-11-21T10:53:45.8727146Z  - quarkus-unit-tests: skipped
Status Check - Keycloak CI	Run /./.github/actions/status-check	2024-11-21T10:53:45.8727563Z  - quarkus-integration-tests: success
Status Check - Keycloak CI	Run /./.github/actions/status-check	2024-11-21T10:53:45.8728090Z  - jdk-integration-tests: success
Status Check - Keycloak CI	Run /./.github/actions/status-check	2024-11-21T10:53:45.8728546Z  - store-integration-tests: success
Status Check - Keycloak CI	Run /./.github/actions/status-check	2024-11-21T10:53:45.8728977Z  - volatile-sessions-tests: skipped
Status Check - Keycloak CI	Run /./.github/actions/status-check	2024-11-21T10:53:45.8729497Z  - store-model-tests: skipped
Status Check - Keycloak CI	Run /./.github/actions/status-check	2024-11-21T10:53:45.8729954Z  - clustering-integration-tests: success
Status Check - Keycloak CI	Run /./.github/actions/status-check	2024-11-21T10:53:45.8730403Z  - fips-unit-tests: success
Status Check - Keycloak CI	Run /./.github/actions/status-check	2024-11-21T10:53:45.8730891Z  - fips-integration-tests: success
Status Check - Keycloak CI	Run /./.github/actions/status-check	2024-11-21T10:53:45.8731356Z  - forms-integration-tests: success
Status Check - Keycloak CI	Run /./.github/actions/status-check	2024-11-21T10:53:45.8731814Z  - webauthn-integration-tests: success
Status Check - Keycloak CI	Run /./.github/actions/status-check	2024-11-21T10:53:45.8732693Z  - sssd-unit-tests: skipped
Status Check - Keycloak CI	Run /./.github/actions/status-check	2024-11-21T10:53:45.8733374Z  - migration-tests: success
Status Check - Keycloak CI	Run /./.github/actions/status-check	2024-11-21T10:53:45.8734030Z  - external-infinispan-tests: skipped
Status Check - Keycloak CI	Run /./.github/actions/status-check	2024-11-21T10:53:45.8734858Z  - test-framework: success
Status Check - Keycloak CI	Run /./.github/actions/status-check	2024-11-21T10:53:45.8735574Z  - base-new-integration-tests: success
Status Check - Keycloak CI	Run /./.github/actions/status-check	2024-11-21T10:53:45.8941513Z 
Status Check - Keycloak CI	Run /./.github/actions/status-check	2024-11-21T10:53:45.8942219Z Status check not okay!
Status Check - Keycloak CI	Run /./.github/actions/status-check	2024-11-21T10:53:45.8959958Z ##[error]Process completed with exit code 1.
