Base IT (4)	Run base tests	2024-03-18T22:40:09.0052740Z ##[group]Run TESTS=`testsuite/integration-arquillian/tests/base/testsuites/base-suite.sh 4`
Base IT (4)	Run base tests	2024-03-18T22:40:09.0053824Z [36;1mTESTS=`testsuite/integration-arquillian/tests/base/testsuites/base-suite.sh 4`[0m
Base IT (4)	Run base tests	2024-03-18T22:40:09.0054754Z [36;1mecho "Tests: $TESTS"[0m
Base IT (4)	Run base tests	2024-03-18T22:40:09.0056004Z [36;1m./mvnw test -Dsurefire.rerunFailingTestsCount=2 -Pauth-server-quarkus "-Dwebdriver.chrome.driver=$CHROMEWEBDRIVER/chromedriver" -Dtest=$TESTS -pl testsuite/integration-arquillian/tests/base 2>&1 | misc/log/trimmer.sh[0m
Base IT (4)	Run base tests	2024-03-18T22:40:09.0170928Z shell: /usr/bin/bash --noprofile --norc -e -o pipefail {0}
Base IT (4)	Run base tests	2024-03-18T22:40:09.0171538Z env:
Base IT (4)	Run base tests	2024-03-18T22:40:09.0172004Z   MAVEN_ARGS: -B -nsu -Daether.connector.http.connectionMaxTtl=25
Base IT (4)	Run base tests	2024-03-18T22:40:09.0172684Z   SUREFIRE_RERUN_FAILING_COUNT: 2
Base IT (4)	Run base tests	2024-03-18T22:40:09.0173182Z   SUREFIRE_RETRY: -Dsurefire.rerunFailingTestsCount=2
Base IT (4)	Run base tests	2024-03-18T22:40:09.0173849Z   JAVA_HOME: /opt/hostedtoolcache/Java_Temurin-Hotspot_jdk/17.0.10-7/x64
Base IT (4)	Run base tests	2024-03-18T22:40:09.0174652Z   JAVA_HOME_17_X64: /opt/hostedtoolcache/Java_Temurin-Hotspot_jdk/17.0.10-7/x64
Base IT (4)	Run base tests	2024-03-18T22:40:09.0175373Z ##[endgroup]
Base IT (4)	Run base tests	2024-03-18T22:40:09.3011570Z Tests: org.keycloak.testsuite.account.**,org.keycloak.testsuite.cli.**,org.keycloak.testsuite.client.**,org.keycloak.testsuite.composites.**,org.keycloak.testsuite.cookies.**,org.keycloak.testsuite.docker.**,org.keycloak.testsuite.domainextension.**,org.keycloak.testsuite.error.**,org.keycloak.testsuite.events.**,org.keycloak.testsuite.exportimport.**,org.keycloak.testsuite.feature.**,org.keycloak.testsuite.keys.**,org.keycloak.testsuite.login.**,org.keycloak.testsuite.metrics.**,org.keycloak.testsuite.migration.**,org.keycloak.testsuite.providers.**,org.keycloak.testsuite.user.**,org.keycloak.testsuite.util.**,org.keycloak.testsuite.vault.**,org.keycloak.testsuite.x509.**
Base IT (4)	Run base tests	2024-03-18T22:40:11.7407402Z -- [INFO] Loading cache configuration from /home/runner/work/keycloak/keycloak/.mvn/maven-build-cache-config.xml
Base IT (4)	Run base tests	2024-03-18T22:40:11.7526637Z -- [INFO] Scanning for projects...
Base IT (4)	Run base tests	2024-03-18T22:40:13.3897905Z -- [INFO] 
Base IT (4)	Run base tests	2024-03-18T22:40:13.3914778Z -- [INFO] ------< org.keycloak.testsuite:integration-arquillian-tests-base >------
Base IT (4)	Run base tests	2024-03-18T22:40:13.3931797Z -- [INFO] Building Base TestSuite 999.0.0-SNAPSHOT
Base IT (4)	Run base tests	2024-03-18T22:40:13.3940799Z -- [INFO]   from pom.xml
Base IT (4)	Run base tests	2024-03-18T22:40:13.3949684Z -- [INFO] --------------------------------[ jar ]---------------------------------
Base IT (4)	Run base tests	2024-03-18T22:40:13.4206514Z -- [INFO] Artifact org.jboss.shrinkwrap.resolver:shrinkwrap-resolver-parent:pom:3.2.1 is present in the local repository, but cached from a remote repository ID that is unavailable in current build context, verifying that is downloadable from [jboss-public-repository (https://repository.jboss.org/nexus/content/groups/public/, default, releases), central (https://repo.maven.apache.org/maven2, default, releases)]
Base IT (4)	Run base tests	2024-03-18T22:40:13.4235758Z -- [INFO] Artifact org.jboss.shrinkwrap.resolver:shrinkwrap-resolver-parent:pom:3.2.1 is present in the local repository, but cached from a remote repository ID that is unavailable in current build context, verifying that is downloadable from [jboss-public-repository (https://repository.jboss.org/nexus/content/groups/public/, default, releases), central (https://repo.maven.apache.org/maven2, default, releases)]
Base IT (4)	Run base tests	2024-03-18T22:40:14.5041022Z -- [INFO] Downloading from jboss-public-repository: https://repository.jboss.org/nexus/content/groups/public/org/jboss/shrinkwrap/resolver/shrinkwrap-resolver-parent/3.2.1/shrinkwrap-resolver-parent-3.2.1.pom
Base IT (4)	Run base tests	2024-03-18T22:40:15.7145064Z -- [INFO] Downloaded from jboss-public-repository: https://repository.jboss.org/nexus/content/groups/public/org/jboss/shrinkwrap/resolver/shrinkwrap-resolver-parent/3.2.1/shrinkwrap-resolver-parent-3.2.1.pom (0 B at 0 B/s)
Base IT (4)	Run base tests	2024-03-18T22:40:16.2244999Z -- [WARNING] Parameter 'overWriteIfNewer' is unknown for plugin 'maven-resources-plugin:3.0.1:copy-resources (example-realms)'
Base IT (4)	Run base tests	2024-03-18T22:40:16.7924263Z -- [INFO] Artifact org.jboss:jboss-parent:pom:34 is present in the local repository, but cached from a remote repository ID that is unavailable in current build context, verifying that is downloadable from [central (https://repo.maven.apache.org/maven2, default, releases)]
Base IT (4)	Run base tests	2024-03-18T22:40:16.7954259Z -- [INFO] Artifact org.jboss:jboss-parent:pom:34 is present in the local repository, but cached from a remote repository ID that is unavailable in current build context, verifying that is downloadable from [central (https://repo.maven.apache.org/maven2, default, releases)]
Base IT (4)	Run base tests	2024-03-18T22:40:16.7957579Z -- [INFO] Downloading from central: https://repo.maven.apache.org/maven2/org/jboss/jboss-parent/34/jboss-parent-34.pom
Base IT (4)	Run base tests	2024-03-18T22:40:17.0469699Z -- [INFO] Downloaded from central: https://repo.maven.apache.org/maven2/org/jboss/jboss-parent/34/jboss-parent-34.pom (0 B at 0 B/s)
Base IT (4)	Run base tests	2024-03-18T22:40:17.4388496Z -- [INFO] Artifact org.jboss.arquillian:arquillian-build:pom:1.8.0.Final is present in the local repository, but cached from a remote repository ID that is unavailable in current build context, verifying that is downloadable from [central (https://repo.maven.apache.org/maven2, default, releases)]
Base IT (4)	Run base tests	2024-03-18T22:40:17.4432246Z -- [INFO] Artifact org.jboss.arquillian:arquillian-build:pom:1.8.0.Final is present in the local repository, but cached from a remote repository ID that is unavailable in current build context, verifying that is downloadable from [central (https://repo.maven.apache.org/maven2, default, releases)]
Base IT (4)	Run base tests	2024-03-18T22:40:17.4444667Z -- [INFO] Downloading from central: https://repo.maven.apache.org/maven2/org/jboss/arquillian/arquillian-build/1.8.0.Final/arquillian-build-1.8.0.Final.pom
Base IT (4)	Run base tests	2024-03-18T22:40:17.4500217Z -- [INFO] Downloaded from central: https://repo.maven.apache.org/maven2/org/jboss/arquillian/arquillian-build/1.8.0.Final/arquillian-build-1.8.0.Final.pom (0 B at 0 B/s)
Base IT (4)	Run base tests	2024-03-18T22:40:17.4656630Z -- [INFO] Artifact org.jboss.arquillian:arquillian-parent:pom:1.8.0.Final is present in the local repository, but cached from a remote repository ID that is unavailable in current build context, verifying that is downloadable from [central (https://repo.maven.apache.org/maven2, default, releases)]
Base IT (4)	Run base tests	2024-03-18T22:40:17.4708133Z -- [INFO] Artifact org.jboss.arquillian:arquillian-parent:pom:1.8.0.Final is present in the local repository, but cached from a remote repository ID that is unavailable in current build context, verifying that is downloadable from [central (https://repo.maven.apache.org/maven2, default, releases)]
Base IT (4)	Run base tests	2024-03-18T22:40:17.4719750Z -- [INFO] Downloading from central: https://repo.maven.apache.org/maven2/org/jboss/arquillian/arquillian-parent/1.8.0.Final/arquillian-parent-1.8.0.Final.pom
Base IT (4)	Run base tests	2024-03-18T22:40:17.4795817Z -- [INFO] Downloaded from central: https://repo.maven.apache.org/maven2/org/jboss/arquillian/arquillian-parent/1.8.0.Final/arquillian-parent-1.8.0.Final.pom (0 B at 0 B/s)
Base IT (4)	Run base tests	2024-03-18T22:40:17.4821074Z -- [INFO] Artifact org.jboss:jboss-parent:pom:41 is present in the local repository, but cached from a remote repository ID that is unavailable in current build context, verifying that is downloadable from [central (https://repo.maven.apache.org/maven2, default, releases)]
Base IT (4)	Run base tests	2024-03-18T22:40:17.4829420Z -- [INFO] Artifact org.jboss:jboss-parent:pom:41 is present in the local repository, but cached from a remote repository ID that is unavailable in current build context, verifying that is downloadable from [central (https://repo.maven.apache.org/maven2, default, releases)]
Base IT (4)	Run base tests	2024-03-18T22:40:17.4840870Z -- [INFO] Downloading from central: https://repo.maven.apache.org/maven2/org/jboss/jboss-parent/41/jboss-parent-41.pom
Base IT (4)	Run base tests	2024-03-18T22:40:17.4913658Z -- [INFO] Downloaded from central: https://repo.maven.apache.org/maven2/org/jboss/jboss-parent/41/jboss-parent-41.pom (0 B at 0 B/s)
Base IT (4)	Run base tests	2024-03-18T22:40:17.4964893Z -- [INFO] Artifact org.jboss.arquillian.container:arquillian-container-spi:pom:1.8.0.Final is present in the local repository, but cached from a remote repository ID that is unavailable in current build context, verifying that is downloadable from [central (https://repo.maven.apache.org/maven2, default, releases)]
Base IT (4)	Run base tests	2024-03-18T22:40:17.4984013Z -- [INFO] Artifact org.jboss.arquillian.container:arquillian-container-spi:pom:1.8.0.Final is present in the local repository, but cached from a remote repository ID that is unavailable in current build context, verifying that is downloadable from [central (https://repo.maven.apache.org/maven2, default, releases)]
Base IT (4)	Run base tests	2024-03-18T22:40:17.5000680Z -- [INFO] Downloading from central: https://repo.maven.apache.org/maven2/org/jboss/arquillian/container/arquillian-container-spi/1.8.0.Final/arquillian-container-spi-1.8.0.Final.pom
Base IT (4)	Run base tests	2024-03-18T22:40:17.5086560Z -- [INFO] Downloaded from central: https://repo.maven.apache.org/maven2/org/jboss/arquillian/container/arquillian-container-spi/1.8.0.Final/arquillian-container-spi-1.8.0.Final.pom (0 B at 0 B/s)
Base IT (4)	Run base tests	2024-03-18T22:40:17.5108868Z -- [INFO] Artifact org.jboss.arquillian.core:arquillian-core-spi:pom:1.8.0.Final is present in the local repository, but cached from a remote repository ID that is unavailable in current build context, verifying that is downloadable from [central (https://repo.maven.apache.org/maven2, default, releases)]
Base IT (4)	Run base tests	2024-03-18T22:40:17.5118857Z -- [INFO] Artifact org.jboss.arquillian.core:arquillian-core-spi:pom:1.8.0.Final is present in the local repository, but cached from a remote repository ID that is unavailable in current build context, verifying that is downloadable from [central (https://repo.maven.apache.org/maven2, default, releases)]
Base IT (4)	Run base tests	2024-03-18T22:40:17.5123295Z -- [INFO] Downloading from central: https://repo.maven.apache.org/maven2/org/jboss/arquillian/core/arquillian-core-spi/1.8.0.Final/arquillian-core-spi-1.8.0.Final.pom
Base IT (4)	Run base tests	2024-03-18T22:40:17.5186986Z -- [INFO] Downloaded from central: https://repo.maven.apache.org/maven2/org/jboss/arquillian/core/arquillian-core-spi/1.8.0.Final/arquillian-core-spi-1.8.0.Final.pom (0 B at 0 B/s)
Base IT (4)	Run base tests	2024-03-18T22:40:17.5221350Z -- [INFO] Artifact org.jboss.arquillian.core:arquillian-core-api:pom:1.8.0.Final is present in the local repository, but cached from a remote repository ID that is unavailable in current build context, verifying that is downloadable from [central (https://repo.maven.apache.org/maven2, default, releases)]
Base IT (4)	Run base tests	2024-03-18T22:40:17.5233832Z -- [INFO] Artifact org.jboss.arquillian.core:arquillian-core-api:pom:1.8.0.Final is present in the local repository, but cached from a remote repository ID that is unavailable in current build context, verifying that is downloadable from [central (https://repo.maven.apache.org/maven2, default, releases)]
Base IT (4)	Run base tests	2024-03-18T22:40:17.5251731Z -- [INFO] Downloading from central: https://repo.maven.apache.org/maven2/org/jboss/arquillian/core/arquillian-core-api/1.8.0.Final/arquillian-core-api-1.8.0.Final.pom
Base IT (4)	Run base tests	2024-03-18T22:40:17.5311679Z -- [INFO] Downloaded from central: https://repo.maven.apache.org/maven2/org/jboss/arquillian/core/arquillian-core-api/1.8.0.Final/arquillian-core-api-1.8.0.Final.pom (0 B at 0 B/s)
Base IT (4)	Run base tests	2024-03-18T22:40:17.5358958Z -- [INFO] Artifact org.jboss.arquillian.config:arquillian-config-api:pom:1.8.0.Final is present in the local repository, but cached from a remote repository ID that is unavailable in current build context, verifying that is downloadable from [central (https://repo.maven.apache.org/maven2, default, releases)]
Base IT (4)	Run base tests	2024-03-18T22:40:17.5374309Z -- [INFO] Artifact org.jboss.arquillian.config:arquillian-config-api:pom:1.8.0.Final is present in the local repository, but cached from a remote repository ID that is unavailable in current build context, verifying that is downloadable from [central (https://repo.maven.apache.org/maven2, default, releases)]
Base IT (4)	Run base tests	2024-03-18T22:40:17.5397505Z -- [INFO] Downloading from central: https://repo.maven.apache.org/maven2/org/jboss/arquillian/config/arquillian-config-api/1.8.0.Final/arquillian-config-api-1.8.0.Final.pom
Base IT (4)	Run base tests	2024-03-18T22:40:17.5469057Z -- [INFO] Downloaded from central: https://repo.maven.apache.org/maven2/org/jboss/arquillian/config/arquillian-config-api/1.8.0.Final/arquillian-config-api-1.8.0.Final.pom (0 B at 0 B/s)
Base IT (4)	Run base tests	2024-03-18T22:40:17.5507635Z -- [INFO] Artifact org.jboss.shrinkwrap.descriptors:shrinkwrap-descriptors-api-base:pom:2.0.0 is present in the local repository, but cached from a remote repository ID that is unavailable in current build context, verifying that is downloadable from [central (https://repo.maven.apache.org/maven2, default, releases)]
Base IT (4)	Run base tests	2024-03-18T22:40:17.5521452Z -- [INFO] Artifact org.jboss.shrinkwrap.descriptors:shrinkwrap-descriptors-api-base:pom:2.0.0 is present in the local repository, but cached from a remote repository ID that is unavailable in current build context, verifying that is downloadable from [central (https://repo.maven.apache.org/maven2, default, releases)]
Base IT (4)	Run base tests	2024-03-18T22:40:17.5539853Z -- [INFO] Downloading from central: https://repo.maven.apache.org/maven2/org/jboss/shrinkwrap/descriptors/shrinkwrap-descriptors-api-base/2.0.0/shrinkwrap-descriptors-api-base-2.0.0.pom
Base IT (4)	Run base tests	2024-03-18T22:40:17.5612114Z -- [INFO] Downloaded from central: https://repo.maven.apache.org/maven2/org/jboss/shrinkwrap/descriptors/shrinkwrap-descriptors-api-base/2.0.0/shrinkwrap-descriptors-api-base-2.0.0.pom (0 B at 0 B/s)
Base IT (4)	Run base tests	2024-03-18T22:40:17.5636981Z -- [INFO] Artifact org.jboss.shrinkwrap.descriptors:shrinkwrap-descriptors-parent:pom:2.0.0 is present in the local repository, but cached from a remote repository ID that is unavailable in current build context, verifying that is downloadable from [central (https://repo.maven.apache.org/maven2, default, releases)]
Base IT (4)	Run base tests	2024-03-18T22:40:17.5652763Z -- [INFO] Artifact org.jboss.shrinkwrap.descriptors:shrinkwrap-descriptors-parent:pom:2.0.0 is present in the local repository, but cached from a remote repository ID that is unavailable in current build context, verifying that is downloadable from [central (https://repo.maven.apache.org/maven2, default, releases)]
Base IT (4)	Run base tests	2024-03-18T22:40:17.5672725Z -- [INFO] Downloading from central: https://repo.maven.apache.org/maven2/org/jboss/shrinkwrap/descriptors/shrinkwrap-descriptors-parent/2.0.0/shrinkwrap-descriptors-parent-2.0.0.pom
Base IT (4)	Run base tests	2024-03-18T22:40:17.5828568Z -- [INFO] Downloaded from central: https://repo.maven.apache.org/maven2/org/jboss/shrinkwrap/descriptors/shrinkwrap-descriptors-parent/2.0.0/shrinkwrap-descriptors-parent-2.0.0.pom (0 B at 0 B/s)
Base IT (4)	Run base tests	2024-03-18T22:40:17.5846259Z -- [INFO] Artifact org.jboss:jboss-parent:pom:16 is present in the local repository, but cached from a remote repository ID that is unavailable in current build context, verifying that is downloadable from [central (https://repo.maven.apache.org/maven2, default, releases), jboss-public-repository (https://repository.jboss.org/nexus/content/groups/public, default, releases+snapshots)]
Base IT (4)	Run base tests	2024-03-18T22:40:17.5852828Z -- [INFO] Artifact org.jboss:jboss-parent:pom:16 is present in the local repository, but cached from a remote repository ID that is unavailable in current build context, verifying that is downloadable from [central (https://repo.maven.apache.org/maven2, default, releases), jboss-public-repository (https://repository.jboss.org/nexus/content/groups/public, default, releases+snapshots)]
Base IT (4)	Run base tests	2024-03-18T22:40:17.5858899Z -- [INFO] Downloading from central: https://repo.maven.apache.org/maven2/org/jboss/jboss-parent/16/jboss-parent-16.pom
Base IT (4)	Run base tests	2024-03-18T22:40:17.5918384Z -- [INFO] Downloaded from central: https://repo.maven.apache.org/maven2/org/jboss/jboss-parent/16/jboss-parent-16.pom (0 B at 0 B/s)
Base IT (4)	Run base tests	2024-03-18T22:40:17.5939688Z -- [INFO] Artifact org.jboss.arquillian.config:arquillian-config-impl-base:pom:1.8.0.Final is present in the local repository, but cached from a remote repository ID that is unavailable in current build context, verifying that is downloadable from [central (https://repo.maven.apache.org/maven2, default, releases)]
Base IT (4)	Run base tests	2024-03-18T22:40:17.5945080Z -- [INFO] Artifact org.jboss.arquillian.config:arquillian-config-impl-base:pom:1.8.0.Final is present in the local repository, but cached from a remote repository ID that is unavailable in current build context, verifying that is downloadable from [central (https://repo.maven.apache.org/maven2, default, releases)]
Base IT (4)	Run base tests	2024-03-18T22:40:17.5950144Z -- [INFO] Downloading from central: https://repo.maven.apache.org/maven2/org/jboss/arquillian/config/arquillian-config-impl-base/1.8.0.Final/arquillian-config-impl-base-1.8.0.Final.pom
Base IT (4)	Run base tests	2024-03-18T22:40:17.6021117Z -- [INFO] Downloaded from central: https://repo.maven.apache.org/maven2/org/jboss/arquillian/config/arquillian-config-impl-base/1.8.0.Final/arquillian-config-impl-base-1.8.0.Final.pom (0 B at 0 B/s)
Base IT (4)	Run base tests	2024-03-18T22:40:17.6040892Z -- [INFO] Artifact org.jboss.arquillian.config:arquillian-config-spi:pom:1.8.0.Final is present in the local repository, but cached from a remote repository ID that is unavailable in current build context, verifying that is downloadable from [central (https://repo.maven.apache.org/maven2, default, releases)]
Base IT (4)	Run base tests	2024-03-18T22:40:17.6046389Z -- [INFO] Artifact org.jboss.arquillian.config:arquillian-config-spi:pom:1.8.0.Final is present in the local repository, but cached from a remote repository ID that is unavailable in current build context, verifying that is downloadable from [central (https://repo.maven.apache.org/maven2, default, releases)]
Base IT (4)	Run base tests	2024-03-18T22:40:17.6057519Z -- [INFO] Downloading from central: https://repo.maven.apache.org/maven2/org/jboss/arquillian/config/arquillian-config-spi/1.8.0.Final/arquillian-config-spi-1.8.0.Final.pom
Base IT (4)	Run base tests	2024-03-18T22:40:17.6106877Z -- [INFO] Downloaded from central: https://repo.maven.apache.org/maven2/org/jboss/arquillian/config/arquillian-config-spi/1.8.0.Final/arquillian-config-spi-1.8.0.Final.pom (0 B at 0 B/s)
Base IT (4)	Run base tests	2024-03-18T22:40:17.6147199Z -- [INFO] Artifact org.jboss.shrinkwrap.descriptors:shrinkwrap-descriptors-spi:pom:2.0.0 is present in the local repository, but cached from a remote repository ID that is unavailable in current build context, verifying that is downloadable from [central (https://repo.maven.apache.org/maven2, default, releases)]
Base IT (4)	Run base tests	2024-03-18T22:40:17.6156387Z -- [INFO] Artifact org.jboss.shrinkwrap.descriptors:shrinkwrap-descriptors-spi:pom:2.0.0 is present in the local repository, but cached from a remote repository ID that is unavailable in current build context, verifying that is downloadable from [central (https://repo.maven.apache.org/maven2, default, releases)]
Base IT (4)	Run base tests	2024-03-18T22:40:17.6164897Z -- [INFO] Downloading from central: https://repo.maven.apache.org/maven2/org/jboss/shrinkwrap/descriptors/shrinkwrap-descriptors-spi/2.0.0/shrinkwrap-descriptors-spi-2.0.0.pom
Base IT (4)	Run base tests	2024-03-18T22:40:17.6357162Z -- [INFO] Downloaded from central: https://repo.maven.apache.org/maven2/org/jboss/shrinkwrap/descriptors/shrinkwrap-descriptors-spi/2.0.0/shrinkwrap-descriptors-spi-2.0.0.pom (0 B at 0 B/s)
Base IT (4)	Run base tests	2024-03-18T22:40:17.6405869Z -- [INFO] Artifact org.jboss.arquillian.container:arquillian-container-test-api:pom:1.8.0.Final is present in the local repository, but cached from a remote repository ID that is unavailable in current build context, verifying that is downloadable from [central (https://repo.maven.apache.org/maven2, default, releases)]
Base IT (4)	Run base tests	2024-03-18T22:40:17.6414858Z -- [INFO] Artifact org.jboss.arquillian.container:arquillian-container-test-api:pom:1.8.0.Final is present in the local repository, but cached from a remote repository ID that is unavailable in current build context, verifying that is downloadable from [central (https://repo.maven.apache.org/maven2, default, releases)]
Base IT (4)	Run base tests	2024-03-18T22:40:17.6419335Z -- [INFO] Downloading from central: https://repo.maven.apache.org/maven2/org/jboss/arquillian/container/arquillian-container-test-api/1.8.0.Final/arquillian-container-test-api-1.8.0.Final.pom
Base IT (4)	Run base tests	2024-03-18T22:40:17.6470967Z -- [INFO] Downloaded from central: https://repo.maven.apache.org/maven2/org/jboss/arquillian/container/arquillian-container-test-api/1.8.0.Final/arquillian-container-test-api-1.8.0.Final.pom (0 B at 0 B/s)
Base IT (4)	Run base tests	2024-03-18T22:40:17.6494242Z -- [INFO] Artifact org.jboss.arquillian.container:arquillian-container-test-spi:pom:1.8.0.Final is present in the local repository, but cached from a remote repository ID that is unavailable in current build context, verifying that is downloadable from [central (https://repo.maven.apache.org/maven2, default, releases)]
Base IT (4)	Run base tests	2024-03-18T22:40:17.6506796Z -- [INFO] Artifact org.jboss.arquillian.container:arquillian-container-test-spi:pom:1.8.0.Final is present in the local repository, but cached from a remote repository ID that is unavailable in current build context, verifying that is downloadable from [central (https://repo.maven.apache.org/maven2, default, releases)]
Base IT (4)	Run base tests	2024-03-18T22:40:17.6511446Z -- [INFO] Downloading from central: https://repo.maven.apache.org/maven2/org/jboss/arquillian/container/arquillian-container-test-spi/1.8.0.Final/arquillian-container-test-spi-1.8.0.Final.pom
Base IT (4)	Run base tests	2024-03-18T22:40:17.6554867Z -- [INFO] Downloaded from central: https://repo.maven.apache.org/maven2/org/jboss/arquillian/container/arquillian-container-test-spi/1.8.0.Final/arquillian-container-test-spi-1.8.0.Final.pom (0 B at 0 B/s)
Base IT (4)	Run base tests	2024-03-18T22:40:17.6587703Z -- [INFO] Artifact org.jboss.arquillian.test:arquillian-test-spi:pom:1.8.0.Final is present in the local repository, but cached from a remote repository ID that is unavailable in current build context, verifying that is downloadable from [central (https://repo.maven.apache.org/maven2, default, releases)]
Base IT (4)	Run base tests	2024-03-18T22:40:17.6596328Z -- [INFO] Artifact org.jboss.arquillian.test:arquillian-test-spi:pom:1.8.0.Final is present in the local repository, but cached from a remote repository ID that is unavailable in current build context, verifying that is downloadable from [central (https://repo.maven.apache.org/maven2, default, releases)]
Base IT (4)	Run base tests	2024-03-18T22:40:17.6600378Z -- [INFO] Downloading from central: https://repo.maven.apache.org/maven2/org/jboss/arquillian/test/arquillian-test-spi/1.8.0.Final/arquillian-test-spi-1.8.0.Final.pom
Base IT (4)	Run base tests	2024-03-18T22:40:17.6650252Z -- [INFO] Downloaded from central: https://repo.maven.apache.org/maven2/org/jboss/arquillian/test/arquillian-test-spi/1.8.0.Final/arquillian-test-spi-1.8.0.Final.pom (0 B at 0 B/s)
Base IT (4)	Run base tests	2024-03-18T22:40:17.6676224Z -- [INFO] Artifact org.jboss.arquillian.test:arquillian-test-api:pom:1.8.0.Final is present in the local repository, but cached from a remote repository ID that is unavailable in current build context, verifying that is downloadable from [central (https://repo.maven.apache.org/maven2, default, releases)]
Base IT (4)	Run base tests	2024-03-18T22:40:17.6692187Z -- [INFO] Artifact org.jboss.arquillian.test:arquillian-test-api:pom:1.8.0.Final is present in the local repository, but cached from a remote repository ID that is unavailable in current build context, verifying that is downloadable from [central (https://repo.maven.apache.org/maven2, default, releases)]
Base IT (4)	Run base tests	2024-03-18T22:40:17.6696275Z -- [INFO] Downloading from central: https://repo.maven.apache.org/maven2/org/jboss/arquillian/test/arquillian-test-api/1.8.0.Final/arquillian-test-api-1.8.0.Final.pom
Base IT (4)	Run base tests	2024-03-18T22:40:17.6837200Z -- [INFO] Downloaded from central: https://repo.maven.apache.org/maven2/org/jboss/arquillian/test/arquillian-test-api/1.8.0.Final/arquillian-test-api-1.8.0.Final.pom (0 B at 0 B/s)
Base IT (4)	Run base tests	2024-03-18T22:40:17.6855552Z -- [INFO] Artifact org.jboss.arquillian.container:arquillian-container-test-impl-base:pom:1.8.0.Final is present in the local repository, but cached from a remote repository ID that is unavailable in current build context, verifying that is downloadable from [central (https://repo.maven.apache.org/maven2, default, releases)]
Base IT (4)	Run base tests	2024-03-18T22:40:17.6881999Z -- [INFO] Artifact org.jboss.arquillian.container:arquillian-container-test-impl-base:pom:1.8.0.Final is present in the local repository, but cached from a remote repository ID that is unavailable in current build context, verifying that is downloadable from [central (https://repo.maven.apache.org/maven2, default, releases)]
Base IT (4)	Run base tests	2024-03-18T22:40:17.6886733Z -- [INFO] Downloading from central: https://repo.maven.apache.org/maven2/org/jboss/arquillian/container/arquillian-container-test-impl-base/1.8.0.Final/arquillian-container-test-impl-base-1.8.0.Final.pom
Base IT (4)	Run base tests	2024-03-18T22:40:17.6961333Z -- [INFO] Downloaded from central: https://repo.maven.apache.org/maven2/org/jboss/arquillian/container/arquillian-container-test-impl-base/1.8.0.Final/arquillian-container-test-impl-base-1.8.0.Final.pom (0 B at 0 B/s)
Base IT (4)	Run base tests	2024-03-18T22:40:17.9422536Z -- [INFO] Downloading from central: https://repo.maven.apache.org/maven2/com/apicatalog/titanium-json-ld/1.3.3/titanium-json-ld-1.3.3.pom
Base IT (4)	Run base tests	2024-03-18T22:40:17.9656216Z -- [INFO] Downloaded from central: https://repo.maven.apache.org/maven2/com/apicatalog/titanium-json-ld/1.3.3/titanium-json-ld-1.3.3.pom (1.4 kB at 55 kB/s)
Base IT (4)	Run base tests	2024-03-18T22:40:17.9687763Z -- [INFO] Downloading from central: https://repo.maven.apache.org/maven2/io/setl/rdf-urdna/1.1/rdf-urdna-1.1.pom
Base IT (4)	Run base tests	2024-03-18T22:40:17.9826155Z -- [INFO] Downloaded from central: https://repo.maven.apache.org/maven2/io/setl/rdf-urdna/1.1/rdf-urdna-1.1.pom (1.7 kB at 192 kB/s)
Base IT (4)	Run base tests	2024-03-18T22:40:18.7134794Z -- [INFO] Downloading from central: https://repo.maven.apache.org/maven2/com/apicatalog/titanium-json-ld/1.3.3/titanium-json-ld-1.3.3.jar
Base IT (4)	Run base tests	2024-03-18T22:40:18.7591970Z -- [INFO] Downloaded from central: https://repo.maven.apache.org/maven2/com/apicatalog/titanium-json-ld/1.3.3/titanium-json-ld-1.3.3.jar (291 kB at 6.3 MB/s)
Base IT (4)	Run base tests	2024-03-18T22:40:18.7605253Z -- [INFO] Downloading from central: https://repo.maven.apache.org/maven2/io/setl/rdf-urdna/1.1/rdf-urdna-1.1.jar
Base IT (4)	Run base tests	2024-03-18T22:40:18.7706837Z -- [INFO] Downloaded from central: https://repo.maven.apache.org/maven2/io/setl/rdf-urdna/1.1/rdf-urdna-1.1.jar (20 kB at 1.7 MB/s)
Base IT (4)	Run base tests	2024-03-18T22:40:18.7939619Z -- [INFO] 
Base IT (4)	Run base tests	2024-03-18T22:40:18.7944028Z -- [INFO] --- enforcer:3.0.0-M3:enforce (enforce-java-version) @ integration-arquillian-tests-base ---
Base IT (4)	Run base tests	2024-03-18T22:40:18.9180002Z -- [INFO] 
Base IT (4)	Run base tests	2024-03-18T22:40:18.9181845Z -- [INFO] --- enforcer:3.0.0-M3:enforce (enforce-maven-version) @ integration-arquillian-tests-base ---
Base IT (4)	Run base tests	2024-03-18T22:40:18.9200418Z -- [INFO] 
Base IT (4)	Run base tests	2024-03-18T22:40:18.9202510Z -- [INFO] --- enforcer:3.0.0-M3:enforce (enforce-maven) @ integration-arquillian-tests-base ---
Base IT (4)	Run base tests	2024-03-18T22:40:18.9302722Z -- [INFO] 
Base IT (4)	Run base tests	2024-03-18T22:40:18.9304274Z -- [INFO] --- buildnumber:1.4:create (get-scm-revision) @ integration-arquillian-tests-base ---
Base IT (4)	Run base tests	2024-03-18T22:40:19.0872518Z -- [INFO] Executing: /bin/sh -c cd '/home/runner/work/keycloak/keycloak/testsuite/integration-arquillian/tests/base' && 'git' 'rev-parse' '--verify' 'HEAD'
Base IT (4)	Run base tests	2024-03-18T22:40:19.0875456Z -- [INFO] Working directory: /home/runner/work/keycloak/keycloak/testsuite/integration-arquillian/tests/base
Base IT (4)	Run base tests	2024-03-18T22:40:19.1311819Z -- [INFO] Storing buildNumber: 092d02aea905699c8ce362609e3cc67b78276d1c at timestamp: 1710801619070
Base IT (4)	Run base tests	2024-03-18T22:40:19.1395327Z -- [WARNING] Cannot get the branch information from the git repository: 
Base IT (4)	Run base tests	2024-03-18T22:40:19.1396614Z -- Detecting the current branch failed: fatal: ref HEAD is not a symbolic ref
Base IT (4)	Run base tests	2024-03-18T22:40:19.1397495Z -- 
Base IT (4)	Run base tests	2024-03-18T22:40:19.1398984Z -- [INFO] Executing: /bin/sh -c cd '/home/runner/work/keycloak/keycloak/testsuite/integration-arquillian/tests/base' && 'git' 'rev-parse' '--verify' 'HEAD'
Base IT (4)	Run base tests	2024-03-18T22:40:19.1401130Z -- [INFO] Working directory: /home/runner/work/keycloak/keycloak/testsuite/integration-arquillian/tests/base
Base IT (4)	Run base tests	2024-03-18T22:40:19.1440057Z -- [INFO] Storing buildScmBranch: UNKNOWN
Base IT (4)	Run base tests	2024-03-18T22:40:19.1441207Z -- [INFO] 
Base IT (4)	Run base tests	2024-03-18T22:40:19.1442549Z -- [INFO] --- resources:3.0.1:copy-resources (copy-truststore) @ integration-arquillian-tests-base ---
Base IT (4)	Run base tests	2024-03-18T22:40:19.2000275Z -- [INFO] Using 'UTF-8' encoding to copy filtered resources.
Base IT (4)	Run base tests	2024-03-18T22:40:19.2130770Z -- [INFO] Copying 3 resources
Base IT (4)	Run base tests	2024-03-18T22:40:19.2205611Z -- [INFO] 
Base IT (4)	Run base tests	2024-03-18T22:40:19.2207326Z -- [INFO] --- resources:3.0.1:copy-resources (copy-common-dependencies) @ integration-arquillian-tests-base ---
Base IT (4)	Run base tests	2024-03-18T22:40:19.2226876Z -- [INFO] Using 'UTF-8' encoding to copy filtered resources.
Base IT (4)	Run base tests	2024-03-18T22:40:19.2336740Z -- [INFO] Copying 12 resources
Base IT (4)	Run base tests	2024-03-18T22:40:19.2367552Z -- [INFO] 
Base IT (4)	Run base tests	2024-03-18T22:40:19.2369255Z -- [INFO] --- resources:3.0.1:resources (default-resources) @ integration-arquillian-tests-base ---
Base IT (4)	Run base tests	2024-03-18T22:40:19.2397460Z -- [INFO] Using 'UTF-8' encoding to copy filtered resources.
Base IT (4)	Run base tests	2024-03-18T22:40:19.2400507Z -- [INFO] Copying 2 resources
Base IT (4)	Run base tests	2024-03-18T22:40:19.2424607Z -- [INFO] 
Base IT (4)	Run base tests	2024-03-18T22:40:19.2426133Z -- [INFO] --- resources:3.0.1:copy-resources (copy-admin-user-json-file) @ integration-arquillian-tests-base ---
Base IT (4)	Run base tests	2024-03-18T22:40:19.2446568Z -- [INFO] Using 'UTF-8' encoding to copy filtered resources.
Base IT (4)	Run base tests	2024-03-18T22:40:19.2538568Z -- [INFO] Copying 1 resource
Base IT (4)	Run base tests	2024-03-18T22:40:19.2599308Z -- [INFO] 
Base IT (4)	Run base tests	2024-03-18T22:40:19.2600853Z -- [INFO] --- xml:1.0.1:transform (arquillian-default-protocol) @ integration-arquillian-tests-base ---
Base IT (4)	Run base tests	2024-03-18T22:40:20.6277167Z -- [INFO] Transforming file: /home/runner/work/keycloak/keycloak/testsuite/integration-arquillian/tests/base/src/test/resources/arquillian.xml
Base IT (4)	Run base tests	2024-03-18T22:40:20.8314220Z -- [INFO] Transformed 1 file(s).
Base IT (4)	Run base tests	2024-03-18T22:40:20.8318072Z -- [INFO] 
Base IT (4)	Run base tests	2024-03-18T22:40:20.8319471Z -- [INFO] --- compiler:3.8.1:compile (default-compile) @ integration-arquillian-tests-base ---
Base IT (4)	Run base tests	2024-03-18T22:40:20.9413142Z -- [INFO] Changes detected - recompiling the module!
Base IT (4)	Run base tests	2024-03-18T22:40:20.9445829Z -- [INFO] Compiling 377 source files to /home/runner/work/keycloak/keycloak/testsuite/integration-arquillian/tests/base/target/classes
Base IT (4)	Run base tests	2024-03-18T22:40:26.0703310Z -- [WARNING] /home/runner/work/keycloak/keycloak/testsuite/integration-arquillian/tests/base/src/main/java/org/keycloak/testsuite/util/WaitUtils.java:[152,63] ACCOUNT2 in org.keycloak.common.Profile.Feature has been deprecated
Base IT (4)	Run base tests	2024-03-18T22:40:26.0707730Z -- [WARNING] /home/runner/work/keycloak/keycloak/testsuite/integration-arquillian/tests/base/src/main/java/org/keycloak/testsuite/updaters/ServerResourceUpdater.java:[89,20] unchecked cast
Base IT (4)	Run base tests	2024-03-18T22:40:26.0709960Z --   required: T
Base IT (4)	Run base tests	2024-03-18T22:40:26.0710888Z --   found:    org.keycloak.testsuite.updaters.ServerResourceUpdater<T,Res,Rep>
Base IT (4)	Run base tests	2024-03-18T22:40:26.0771501Z -- [WARNING] /home/runner/work/keycloak/keycloak/testsuite/integration-arquillian/tests/base/src/main/java/org/keycloak/testsuite/updaters/ServerResourceUpdater.java:[103,20] unchecked cast
Base IT (4)	Run base tests	2024-03-18T22:40:26.0774300Z --   required: T
Base IT (4)	Run base tests	2024-03-18T22:40:26.0775427Z --   found:    org.keycloak.testsuite.updaters.ServerResourceUpdater<T,Res,Rep>
Base IT (4)	Run base tests	2024-03-18T22:40:26.0778312Z -- [WARNING] /home/runner/work/keycloak/keycloak/testsuite/integration-arquillian/tests/base/src/main/java/org/keycloak/testsuite/updaters/ServerResourceUpdater.java:[140,52] unchecked conversion
Base IT (4)	Run base tests	2024-03-18T22:40:26.0780704Z --   required: java.util.Set<V>
Base IT (4)	Run base tests	2024-03-18T22:40:26.0781444Z --   found:    java.util.Set
Base IT (4)	Run base tests	2024-03-18T22:40:26.0783916Z -- [WARNING] /home/runner/work/keycloak/keycloak/testsuite/integration-arquillian/tests/base/src/main/java/org/keycloak/testsuite/updaters/ServerResourceUpdater.java:[141,51] unchecked conversion
Base IT (4)	Run base tests	2024-03-18T22:40:26.0786707Z --   required: java.util.Set<V>
Base IT (4)	Run base tests	2024-03-18T22:40:26.0787600Z --   found:    java.util.Set
Base IT (4)	Run base tests	2024-03-18T22:40:26.0790701Z -- [WARNING] /home/runner/work/keycloak/keycloak/testsuite/integration-arquillian/tests/base/src/main/java/org/keycloak/testsuite/page/AbstractPatternFlyAlert.java:[69,84] unchecked method invocation: method until in class org.openqa.selenium.support.ui.FluentWait is applied to given types
Base IT (4)	Run base tests	2024-03-18T22:40:26.0794165Z --   required: java.util.function.Function<? super T,V>
Base IT (4)	Run base tests	2024-03-18T22:40:26.0795338Z --   found:    org.openqa.selenium.support.ui.ExpectedCondition
Base IT (4)	Run base tests	2024-03-18T22:40:26.0798015Z -- [WARNING] /home/runner/work/keycloak/keycloak/testsuite/integration-arquillian/tests/base/src/main/java/org/keycloak/testsuite/page/AbstractPatternFlyAlert.java:[69,85] unchecked conversion
Base IT (4)	Run base tests	2024-03-18T22:40:26.0800557Z --   required: java.util.function.Function<? super T,V>
Base IT (4)	Run base tests	2024-03-18T22:40:26.0801768Z --   found:    org.openqa.selenium.support.ui.ExpectedCondition
Base IT (4)	Run base tests	2024-03-18T22:40:26.0804991Z -- [WARNING] /home/runner/work/keycloak/keycloak/testsuite/integration-arquillian/tests/base/src/main/java/org/keycloak/testsuite/arquillian/ModelTestExecutor.java:[51,33] TestResult() in org.jboss.arquillian.test.spi.TestResult has been deprecated
Base IT (4)	Run base tests	2024-03-18T22:40:26.0811415Z -- [WARNING] /home/runner/work/keycloak/keycloak/testsuite/integration-arquillian/tests/base/src/main/java/org/keycloak/testsuite/arquillian/ModelTestExecutor.java:[59,23] setStatus(org.jboss.arquillian.test.spi.TestResult.Status) in org.jboss.arquillian.test.spi.TestResult has been deprecated
Base IT (4)	Run base tests	2024-03-18T22:40:26.0817618Z -- [WARNING] /home/runner/work/keycloak/keycloak/testsuite/integration-arquillian/tests/base/src/main/java/org/keycloak/testsuite/arquillian/ModelTestExecutor.java:[61,23] setStatus(org.jboss.arquillian.test.spi.TestResult.Status) in org.jboss.arquillian.test.spi.TestResult has been deprecated
Base IT (4)	Run base tests	2024-03-18T22:40:26.0853884Z -- [WARNING] /home/runner/work/keycloak/keycloak/testsuite/integration-arquillian/tests/base/src/main/java/org/keycloak/testsuite/arquillian/ModelTestExecutor.java:[70,109] unchecked cast
Base IT (4)	Run base tests	2024-03-18T22:40:26.0857094Z --   required: org.jboss.arquillian.core.api.InstanceProducer<org.jboss.arquillian.test.spi.TestResult>
Base IT (4)	Run base tests	2024-03-18T22:40:26.0858682Z --   found:    java.lang.Object
Base IT (4)	Run base tests	2024-03-18T22:40:26.0861137Z -- [WARNING] /home/runner/work/keycloak/keycloak/testsuite/integration-arquillian/tests/base/src/main/java/org/keycloak/testsuite/util/javascript/XMLHttpRequest.java:[75,67] unchecked cast
Base IT (4)	Run base tests	2024-03-18T22:40:26.0863770Z --   required: java.util.Map<java.lang.String,java.lang.Object>
Base IT (4)	Run base tests	2024-03-18T22:40:26.0864860Z --   found:    java.lang.Object
Base IT (4)	Run base tests	2024-03-18T22:40:26.0868057Z -- [WARNING] /home/runner/work/keycloak/keycloak/testsuite/integration-arquillian/tests/base/src/main/java/org/keycloak/testsuite/updaters/Creator.java:[63,16] unchecked call to Creator(java.lang.String,T,java.lang.Runnable) as a member of the raw type org.keycloak.testsuite.updaters.Creator
Base IT (4)	Run base tests	2024-03-18T22:40:26.0872853Z -- [WARNING] /home/runner/work/keycloak/keycloak/testsuite/integration-arquillian/tests/base/src/main/java/org/keycloak/testsuite/updaters/Creator.java:[63,16] unchecked conversion
Base IT (4)	Run base tests	2024-03-18T22:40:26.0875771Z --   required: org.keycloak.testsuite.updaters.Creator<org.keycloak.admin.client.resource.RealmResource>
Base IT (4)	Run base tests	2024-03-18T22:40:26.0877324Z --   found:    org.keycloak.testsuite.updaters.Creator
Base IT (4)	Run base tests	2024-03-18T22:40:26.0880800Z -- [WARNING] /home/runner/work/keycloak/keycloak/testsuite/integration-arquillian/tests/base/src/main/java/org/keycloak/testsuite/updaters/Creator.java:[72,20] unchecked call to Creator(java.lang.String,T,java.lang.Runnable) as a member of the raw type org.keycloak.testsuite.updaters.Creator
Base IT (4)	Run base tests	2024-03-18T22:40:26.0885499Z -- [WARNING] /home/runner/work/keycloak/keycloak/testsuite/integration-arquillian/tests/base/src/main/java/org/keycloak/testsuite/updaters/Creator.java:[72,20] unchecked conversion
Base IT (4)	Run base tests	2024-03-18T22:40:26.0888796Z --   required: org.keycloak.testsuite.updaters.Creator<org.keycloak.admin.client.resource.GroupResource>
Base IT (4)	Run base tests	2024-03-18T22:40:26.0890286Z --   found:    org.keycloak.testsuite.updaters.Creator
Base IT (4)	Run base tests	2024-03-18T22:40:26.0895026Z -- [WARNING] /home/runner/work/keycloak/keycloak/testsuite/integration-arquillian/tests/base/src/main/java/org/keycloak/testsuite/updaters/Creator.java:[82,20] unchecked call to Creator(java.lang.String,T,java.lang.Runnable) as a member of the raw type org.keycloak.testsuite.updaters.Creator
Base IT (4)	Run base tests	2024-03-18T22:40:26.0899567Z -- [WARNING] /home/runner/work/keycloak/keycloak/testsuite/integration-arquillian/tests/base/src/main/java/org/keycloak/testsuite/updaters/Creator.java:[82,20] unchecked conversion
Base IT (4)	Run base tests	2024-03-18T22:40:26.0902242Z --   required: org.keycloak.testsuite.updaters.Creator<org.keycloak.admin.client.resource.ClientResource>
Base IT (4)	Run base tests	2024-03-18T22:40:26.0903590Z --   found:    org.keycloak.testsuite.updaters.Creator
Base IT (4)	Run base tests	2024-03-18T22:40:26.0906670Z -- [WARNING] /home/runner/work/keycloak/keycloak/testsuite/integration-arquillian/tests/base/src/main/java/org/keycloak/testsuite/updaters/Creator.java:[92,20] unchecked call to Creator(java.lang.String,T,java.lang.Runnable) as a member of the raw type org.keycloak.testsuite.updaters.Creator
Base IT (4)	Run base tests	2024-03-18T22:40:26.0910879Z -- [WARNING] /home/runner/work/keycloak/keycloak/testsuite/integration-arquillian/tests/base/src/main/java/org/keycloak/testsuite/updaters/Creator.java:[92,20] unchecked conversion
Base IT (4)	Run base tests	2024-03-18T22:40:26.0913916Z --   required: org.keycloak.testsuite.updaters.Creator<org.keycloak.admin.client.resource.UserResource>
Base IT (4)	Run base tests	2024-03-18T22:40:26.0915576Z --   found:    org.keycloak.testsuite.updaters.Creator
Base IT (4)	Run base tests	2024-03-18T22:40:26.0918806Z -- [WARNING] /home/runner/work/keycloak/keycloak/testsuite/integration-arquillian/tests/base/src/main/java/org/keycloak/testsuite/updaters/Creator.java:[102,20] unchecked call to Creator(java.lang.String,T,java.lang.Runnable) as a member of the raw type org.keycloak.testsuite.updaters.Creator
Base IT (4)	Run base tests	2024-03-18T22:40:26.0927033Z -- [WARNING] /home/runner/work/keycloak/keycloak/testsuite/integration-arquillian/tests/base/src/main/java/org/keycloak/testsuite/updaters/Creator.java:[102,20] unchecked conversion
Base IT (4)	Run base tests	2024-03-18T22:40:26.0930024Z --   required: org.keycloak.testsuite.updaters.Creator<org.keycloak.admin.client.resource.ComponentResource>
Base IT (4)	Run base tests	2024-03-18T22:40:26.0931471Z --   found:    org.keycloak.testsuite.updaters.Creator
Base IT (4)	Run base tests	2024-03-18T22:40:26.0934843Z -- [WARNING] /home/runner/work/keycloak/keycloak/testsuite/integration-arquillian/tests/base/src/main/java/org/keycloak/testsuite/updaters/Creator.java:[122,20] unchecked call to Creator(java.lang.String,T,java.lang.Runnable) as a member of the raw type org.keycloak.testsuite.updaters.Creator
Base IT (4)	Run base tests	2024-03-18T22:40:26.0939226Z -- [WARNING] /home/runner/work/keycloak/keycloak/testsuite/integration-arquillian/tests/base/src/main/java/org/keycloak/testsuite/updaters/Creator.java:[122,20] unchecked conversion
Base IT (4)	Run base tests	2024-03-18T22:40:26.0942063Z --   required: org.keycloak.testsuite.updaters.Creator<org.keycloak.admin.client.resource.IdentityProviderResource>
Base IT (4)	Run base tests	2024-03-18T22:40:26.0943598Z --   found:    org.keycloak.testsuite.updaters.Creator
Base IT (4)	Run base tests	2024-03-18T22:40:26.0946978Z -- [WARNING] /home/runner/work/keycloak/keycloak/testsuite/integration-arquillian/tests/base/src/main/java/org/keycloak/testsuite/updaters/Creator.java:[134,20] unchecked call to Creator(java.lang.String,T,java.lang.Runnable) as a member of the raw type org.keycloak.testsuite.updaters.Creator
Base IT (4)	Run base tests	2024-03-18T22:40:26.0951482Z -- [WARNING] /home/runner/work/keycloak/keycloak/testsuite/integration-arquillian/tests/base/src/main/java/org/keycloak/testsuite/updaters/Creator.java:[134,20] unchecked conversion
Base IT (4)	Run base tests	2024-03-18T22:40:26.0954340Z --   required: org.keycloak.testsuite.updaters.Creator<org.keycloak.admin.client.resource.IdentityProviderResource>
Base IT (4)	Run base tests	2024-03-18T22:40:26.0955850Z --   found:    org.keycloak.testsuite.updaters.Creator
Base IT (4)	Run base tests	2024-03-18T22:40:26.0958852Z -- [WARNING] /home/runner/work/keycloak/keycloak/testsuite/integration-arquillian/tests/base/src/main/java/org/keycloak/testsuite/arquillian/containers/SecurityActions.java:[221,39] isAccessible() in java.lang.reflect.AccessibleObject has been deprecated
Base IT (4)	Run base tests	2024-03-18T22:40:26.0963811Z -- [WARNING] /home/runner/work/keycloak/keycloak/testsuite/integration-arquillian/tests/base/src/main/java/org/keycloak/testsuite/arquillian/containers/SecurityActions.java:[245,40] isAccessible() in java.lang.reflect.AccessibleObject has been deprecated
Base IT (4)	Run base tests	2024-03-18T22:40:26.0986781Z -- [WARNING] /home/runner/work/keycloak/keycloak/testsuite/integration-arquillian/tests/base/src/main/java/org/keycloak/testsuite/arquillian/CrossDCTestEnricher.java:[430,46] unchecked method invocation: method isAnnotationPresent in class java.lang.Class is applied to given types
Base IT (4)	Run base tests	2024-03-18T22:40:26.0990139Z --   required: java.lang.Class<? extends java.lang.annotation.Annotation>
Base IT (4)	Run base tests	2024-03-18T22:40:26.0991104Z --   found:    java.lang.Class
Base IT (4)	Run base tests	2024-03-18T22:40:26.0993446Z -- [WARNING] /home/runner/work/keycloak/keycloak/testsuite/integration-arquillian/tests/base/src/main/java/org/keycloak/testsuite/arquillian/CrossDCTestEnricher.java:[430,47] unchecked conversion
Base IT (4)	Run base tests	2024-03-18T22:40:26.0995992Z --   required: java.lang.Class<? extends java.lang.annotation.Annotation>
Base IT (4)	Run base tests	2024-03-18T22:40:26.0996950Z --   found:    java.lang.Class
Base IT (4)	Run base tests	2024-03-18T22:40:26.0999461Z -- [WARNING] /home/runner/work/keycloak/keycloak/testsuite/integration-arquillian/tests/base/src/main/java/org/keycloak/testsuite/util/matchers/SamlStatusResponseTypeMatcher.java:[26,31] unchecked conversion
Base IT (4)	Run base tests	2024-03-18T22:40:26.1002778Z --   required: java.util.List<org.hamcrest.Matcher<java.net.URI>>
Base IT (4)	Run base tests	2024-03-18T22:40:26.1003681Z --   found:    java.util.ArrayList
Base IT (4)	Run base tests	2024-03-18T22:40:26.1006970Z -- [WARNING] /home/runner/work/keycloak/keycloak/testsuite/integration-arquillian/tests/base/src/main/java/org/keycloak/testsuite/arquillian/KeycloakArquillianExtension.java:[65,61] org.keycloak.testsuite.arquillian.DeploymentArchiveProcessor in org.keycloak.testsuite.arquillian has been deprecated
Base IT (4)	Run base tests	2024-03-18T22:40:26.1010336Z -- [INFO] 
Base IT (4)	Run base tests	2024-03-18T22:40:26.1011352Z -- [INFO] --- resources:3.0.1:copy-resources (example-realms) @ integration-arquillian-tests-base ---
Base IT (4)	Run base tests	2024-03-18T22:40:26.1012477Z -- [INFO] Skipping the execution.
Base IT (4)	Run base tests	2024-03-18T22:40:26.1013072Z -- [INFO] 
Base IT (4)	Run base tests	2024-03-18T22:40:26.1014071Z -- [INFO] --- dependency:3.1.2:unpack (unpack-undertow-server) @ integration-arquillian-tests-base ---
Base IT (4)	Run base tests	2024-03-18T22:40:26.3425952Z -- [INFO] Skipping plugin execution
Base IT (4)	Run base tests	2024-03-18T22:40:26.3427245Z -- [INFO] 
Base IT (4)	Run base tests	2024-03-18T22:40:26.3428593Z -- [INFO] --- dependency:3.1.2:unpack (unpack-quarkus-server) @ integration-arquillian-tests-base ---
Base IT (4)	Run base tests	2024-03-18T22:40:26.3438410Z -- [INFO] Configured Artifact: org.keycloak.testsuite:integration-arquillian-servers-auth-server-quarkus:999.0.0-SNAPSHOT:zip
Base IT (4)	Run base tests	2024-03-18T22:40:26.3588621Z -- [INFO] Unpacking /home/runner/.m2/repository/org/keycloak/testsuite/integration-arquillian-servers-auth-server-quarkus/999.0.0-SNAPSHOT/integration-arquillian-servers-auth-server-quarkus-999.0.0-SNAPSHOT.zip to /home/runner/work/keycloak/keycloak/testsuite/integration-arquillian/tests/base/target/containers with includes "" and excludes ""
Base IT (4)	Run base tests	2024-03-18T22:40:28.3349307Z -- [INFO] 
Base IT (4)	Run base tests	2024-03-18T22:40:28.3350879Z -- [INFO] --- dependency:3.1.2:unpack (unpack-app-server) @ integration-arquillian-tests-base ---
Base IT (4)	Run base tests	2024-03-18T22:40:28.3358049Z -- [INFO] Skipping plugin execution
Base IT (4)	Run base tests	2024-03-18T22:40:28.3359090Z -- [INFO] 
Base IT (4)	Run base tests	2024-03-18T22:40:28.3360312Z -- [INFO] --- dependency:3.1.2:copy (example-wars) @ integration-arquillian-tests-base ---
Base IT (4)	Run base tests	2024-03-18T22:40:28.3379421Z -- [INFO] Configured Artifact: org.keycloak.testsuite:hello-world-authz-service:999.0.0-SNAPSHOT:war
Base IT (4)	Run base tests	2024-03-18T22:40:28.3487021Z -- [INFO] Configured Artifact: org.keycloak.testsuite:servlet-authz-app:999.0.0-SNAPSHOT:war
Base IT (4)	Run base tests	2024-03-18T22:40:28.3581403Z -- [INFO] Configured Artifact: org.keycloak.testsuite:servlet-policy-enforcer:999.0.0-SNAPSHOT:war
Base IT (4)	Run base tests	2024-03-18T22:40:28.3673615Z -- [INFO] Configured Artifact: org.keycloak.testsuite:integration-arquillian-test-apps-cors-angular-product:999.0.0-SNAPSHOT:war
Base IT (4)	Run base tests	2024-03-18T22:40:28.3771139Z -- [INFO] Configured Artifact: org.keycloak.testsuite:integration-arquillian-test-apps-cors-database-service:999.0.0-SNAPSHOT:war
Base IT (4)	Run base tests	2024-03-18T22:40:28.3868764Z -- [INFO] Copying hello-world-authz-service-999.0.0-SNAPSHOT.war to /home/runner/work/keycloak/keycloak/testsuite/integration-arquillian/tests/base/target/examples/hello-world-authz-service-999.0.0-SNAPSHOT.war
Base IT (4)	Run base tests	2024-03-18T22:40:28.3892939Z -- [INFO] Copying servlet-authz-app-999.0.0-SNAPSHOT.war to /home/runner/work/keycloak/keycloak/testsuite/integration-arquillian/tests/base/target/examples/servlet-authz-app-999.0.0-SNAPSHOT.war
Base IT (4)	Run base tests	2024-03-18T22:40:28.3896781Z -- [INFO] Copying servlet-policy-enforcer-999.0.0-SNAPSHOT.war to /home/runner/work/keycloak/keycloak/testsuite/integration-arquillian/tests/base/target/examples/servlet-policy-enforcer-999.0.0-SNAPSHOT.war
Base IT (4)	Run base tests	2024-03-18T22:40:28.3901377Z -- [INFO] Copying integration-arquillian-test-apps-cors-angular-product-999.0.0-SNAPSHOT.war to /home/runner/work/keycloak/keycloak/testsuite/integration-arquillian/tests/base/target/examples/integration-arquillian-test-apps-cors-angular-product-999.0.0-SNAPSHOT.war
Base IT (4)	Run base tests	2024-03-18T22:40:28.3908440Z -- [INFO] Copying integration-arquillian-test-apps-cors-database-service-999.0.0-SNAPSHOT.war to /home/runner/work/keycloak/keycloak/testsuite/integration-arquillian/tests/base/target/examples/integration-arquillian-test-apps-cors-database-service-999.0.0-SNAPSHOT.war
Base IT (4)	Run base tests	2024-03-18T22:40:28.3912029Z -- [INFO] 
Base IT (4)	Run base tests	2024-03-18T22:40:28.3913777Z -- [INFO] --- dependency:3.1.2:unpack (test-apps-realms) @ integration-arquillian-tests-base ---
Base IT (4)	Run base tests	2024-03-18T22:40:28.3920138Z -- [INFO] Configured Artifact: org.keycloak.testsuite:integration-arquillian-test-apps-dist:999.0.0-SNAPSHOT:zip
Base IT (4)	Run base tests	2024-03-18T22:40:28.4018556Z -- [INFO] Unpacking /home/runner/.m2/repository/org/keycloak/testsuite/integration-arquillian-test-apps-dist/999.0.0-SNAPSHOT/integration-arquillian-test-apps-dist-999.0.0-SNAPSHOT.zip to /home/runner/work/keycloak/keycloak/testsuite/integration-arquillian/tests/base/target/examples with includes "**/*realm.json,**/*authz-service.json,**/testsaml.json,**/*-keycloak.json" and excludes ""
Base IT (4)	Run base tests	2024-03-18T22:40:28.4207601Z -- [INFO] 
Base IT (4)	Run base tests	2024-03-18T22:40:28.4209604Z -- [INFO] --- dependency:3.1.2:unpack (unpack-client-cli-dist) @ integration-arquillian-tests-base ---
Base IT (4)	Run base tests	2024-03-18T22:40:28.4216177Z -- [INFO] Configured Artifact: org.keycloak:keycloak-client-cli-dist:999.0.0-SNAPSHOT:zip
Base IT (4)	Run base tests	2024-03-18T22:40:28.4298890Z -- [INFO] Unpacking /home/runner/.m2/repository/org/keycloak/keycloak-client-cli-dist/999.0.0-SNAPSHOT/keycloak-client-cli-dist-999.0.0-SNAPSHOT.zip to /home/runner/work/keycloak/keycloak/testsuite/integration-arquillian/tests/base/target/containers with includes "" and excludes ""
Base IT (4)	Run base tests	2024-03-18T22:40:28.6610790Z -- [INFO] 
Base IT (4)	Run base tests	2024-03-18T22:40:28.6612712Z -- [INFO] --- dependency:3.1.2:copy-dependencies (copy-testsuite-providers-to-base-testsuite) @ integration-arquillian-tests-base ---
Base IT (4)	Run base tests	2024-03-18T22:40:28.6690159Z -- [INFO] Copying integration-arquillian-testsuite-providers-999.0.0-SNAPSHOT.jar to /home/runner/work/keycloak/keycloak/testsuite/integration-arquillian/tests/base/target/lib/integration-arquillian-testsuite-providers-999.0.0-SNAPSHOT.jar
Base IT (4)	Run base tests	2024-03-18T22:40:28.6695089Z -- [INFO] 
Base IT (4)	Run base tests	2024-03-18T22:40:28.6696392Z -- [INFO] --- resources:3.0.1:testResources (default-testResources) @ integration-arquillian-tests-base ---
Base IT (4)	Run base tests	2024-03-18T22:40:28.6722184Z -- [INFO] Using 'UTF-8' encoding to copy filtered resources.
Base IT (4)	Run base tests	2024-03-18T22:40:28.6814318Z -- [INFO] Copying 41 resources
Base IT (4)	Run base tests	2024-03-18T22:40:29.0062314Z -- [INFO] Copying 358 resources
Base IT (4)	Run base tests	2024-03-18T22:40:29.0863599Z -- [INFO] 
Base IT (4)	Run base tests	2024-03-18T22:40:29.0864924Z -- [INFO] --- antrun:1.8:run (clean-second-cache-server-arquillian-bug-workaround) @ integration-arquillian-tests-base ---
Base IT (4)	Run base tests	2024-03-18T22:40:29.1100451Z -- [INFO] Skipping Antrun execution
Base IT (4)	Run base tests	2024-03-18T22:40:29.1101601Z -- [INFO] 
Base IT (4)	Run base tests	2024-03-18T22:40:29.1103019Z -- [INFO] --- compiler:3.8.1:testCompile (default-testCompile) @ integration-arquillian-tests-base ---
Base IT (4)	Run base tests	2024-03-18T22:40:29.1578045Z -- [INFO] Changes detected - recompiling the module!
Base IT (4)	Run base tests	2024-03-18T22:40:29.1649464Z -- [INFO] Compiling 763 source files to /home/runner/work/keycloak/keycloak/testsuite/integration-arquillian/tests/base/target/test-classes
Base IT (4)	Run base tests	2024-03-18T22:40:43.5104649Z -- [WARNING] /home/runner/work/keycloak/keycloak/testsuite/integration-arquillian/tests/base/src/test/java/org/keycloak/testsuite/util/AssertAdminEvents.java:[221,97] unchecked cast
Base IT (4)	Run base tests	2024-03-18T22:40:43.5108019Z --   required: java.util.List<org.keycloak.representations.idm.RoleRepresentation>
Base IT (4)	Run base tests	2024-03-18T22:40:43.5109166Z --   found:    java.lang.Object
Base IT (4)	Run base tests	2024-03-18T22:40:43.5112521Z -- [WARNING] /home/runner/work/keycloak/keycloak/testsuite/integration-arquillian/tests/base/src/test/java/org/keycloak/testsuite/broker/BrokerRunOnServerUtil.java:[145,45] removeExpired(org.keycloak.models.RealmModel) in org.keycloak.sessions.AuthenticationSessionProvider has been deprecated
Base IT (4)	Run base tests	2024-03-18T22:40:43.5118181Z -- [WARNING] /home/runner/work/keycloak/keycloak/testsuite/integration-arquillian/tests/base/src/test/java/org/keycloak/testsuite/authz/AuthorizationAPITest.java:[81,21] defaultRoles(java.lang.String...) in org.keycloak.testsuite.util.ClientBuilder has been deprecated
Base IT (4)	Run base tests	2024-03-18T22:40:43.5123368Z -- [WARNING] /home/runner/work/keycloak/keycloak/testsuite/integration-arquillian/tests/base/src/test/java/org/keycloak/testsuite/authz/AuthorizationAPITest.java:[87,21] defaultRoles(java.lang.String...) in org.keycloak.testsuite.util.ClientBuilder has been deprecated
Base IT (4)	Run base tests	2024-03-18T22:40:43.5129198Z -- [WARNING] /home/runner/work/keycloak/keycloak/testsuite/integration-arquillian/tests/base/src/test/java/org/keycloak/testsuite/model/ClientModelTest.java:[97,15] updateClient() in org.keycloak.models.ClientModel has been deprecated
Base IT (4)	Run base tests	2024-03-18T22:40:43.5133600Z -- [WARNING] /home/runner/work/keycloak/keycloak/testsuite/integration-arquillian/tests/base/src/test/java/org/keycloak/testsuite/client/ClientSecretRotationTest.java:[760,59] unchecked conversion
Base IT (4)	Run base tests	2024-03-18T22:40:43.5136167Z --   required: java.util.Map<java.lang.String,java.lang.String>
Base IT (4)	Run base tests	2024-03-18T22:40:43.5137073Z --   found:    java.util.Map
Base IT (4)	Run base tests	2024-03-18T22:40:43.5140049Z -- [WARNING] /home/runner/work/keycloak/keycloak/testsuite/integration-arquillian/tests/base/src/test/java/org/keycloak/testsuite/client/policies/AbstractClientPoliciesTest.java:[575,42] org.apache.http.impl.client.DefaultHttpClient in org.apache.http.impl.client has been deprecated
Base IT (4)	Run base tests	2024-03-18T22:40:43.5144765Z -- [WARNING] /home/runner/work/keycloak/keycloak/testsuite/integration-arquillian/tests/base/src/test/java/org/keycloak/testsuite/client/policies/AbstractClientPoliciesTest.java:[697,59] unchecked conversion
Base IT (4)	Run base tests	2024-03-18T22:40:43.5147165Z --   required: java.util.Map<java.lang.String,java.lang.String>
Base IT (4)	Run base tests	2024-03-18T22:40:43.5147956Z --   found:    java.util.Map
Base IT (4)	Run base tests	2024-03-18T22:40:43.5150314Z -- [WARNING] /home/runner/work/keycloak/keycloak/testsuite/integration-arquillian/tests/base/src/test/java/org/keycloak/testsuite/client/policies/AbstractClientPoliciesTest.java:[755,55] unchecked conversion
Base IT (4)	Run base tests	2024-03-18T22:40:43.5152809Z --   required: java.util.Map<java.lang.String,java.lang.String>
Base IT (4)	Run base tests	2024-03-18T22:40:43.5153699Z --   found:    java.util.Map
Base IT (4)	Run base tests	2024-03-18T22:40:43.5156042Z -- [WARNING] /home/runner/work/keycloak/keycloak/testsuite/integration-arquillian/tests/base/src/test/java/org/keycloak/testsuite/client/policies/AbstractClientPoliciesTest.java:[1090,104] unchecked cast
Base IT (4)	Run base tests	2024-03-18T22:40:43.5158396Z --   required: java.util.Collection<java.lang.String>
Base IT (4)	Run base tests	2024-03-18T22:40:43.5159186Z --   found:    java.util.List
Base IT (4)	Run base tests	2024-03-18T22:40:43.5162690Z -- [WARNING] /home/runner/work/keycloak/keycloak/testsuite/integration-arquillian/tests/base/src/test/java/org/keycloak/testsuite/adapter/authz/example/AbstractServletPolicyEnforcerTest.java:[327,21] setUri(java.lang.String) in org.keycloak.representations.idm.authorization.ResourceRepresentation has been deprecated
Base IT (4)	Run base tests	2024-03-18T22:40:43.5169315Z -- [WARNING] /home/runner/work/keycloak/keycloak/testsuite/integration-arquillian/tests/base/src/test/java/org/keycloak/testsuite/adapter/authz/example/AbstractServletPolicyEnforcerTest.java:[334,32] getUri() in org.keycloak.representations.idm.authorization.ResourceRepresentation has been deprecated
Base IT (4)	Run base tests	2024-03-18T22:40:43.5175312Z -- [WARNING] /home/runner/work/keycloak/keycloak/testsuite/integration-arquillian/tests/base/src/test/java/org/keycloak/testsuite/adapter/authz/example/AbstractServletPolicyEnforcerTest.java:[340,32] getUri() in org.keycloak.representations.idm.authorization.ResourceRepresentation has been deprecated
Base IT (4)	Run base tests	2024-03-18T22:40:43.5181114Z -- [WARNING] /home/runner/work/keycloak/keycloak/testsuite/integration-arquillian/tests/base/src/test/java/org/keycloak/testsuite/adapter/authz/example/AbstractServletPolicyEnforcerTest.java:[346,32] getUri() in org.keycloak.representations.idm.authorization.ResourceRepresentation has been deprecated
Base IT (4)	Run base tests	2024-03-18T22:40:43.5187260Z -- [WARNING] /home/runner/work/keycloak/keycloak/testsuite/integration-arquillian/tests/base/src/test/java/org/keycloak/testsuite/adapter/authz/example/AbstractServletPolicyEnforcerTest.java:[366,21] setUri(java.lang.String) in org.keycloak.representations.idm.authorization.ResourceRepresentation has been deprecated
Base IT (4)	Run base tests	2024-03-18T22:40:43.5192853Z -- [WARNING] /home/runner/work/keycloak/keycloak/testsuite/integration-arquillian/tests/base/src/test/java/org/keycloak/testsuite/migration/AbstractMigrationTest.java:[853,43] getExpiration() in org.keycloak.representations.JsonWebToken has been deprecated
Base IT (4)	Run base tests	2024-03-18T22:40:43.5197625Z -- [WARNING] /home/runner/work/keycloak/keycloak/testsuite/integration-arquillian/tests/base/src/test/java/org/keycloak/testsuite/saml/BrokerTest.java:[338,63] unchecked conversion
Base IT (4)	Run base tests	2024-03-18T22:40:43.5200322Z --   required: org.keycloak.saml.BaseSAML2BindingBuilder<org.keycloak.saml.BaseSAML2BindingBuilder>
Base IT (4)	Run base tests	2024-03-18T22:40:43.5201630Z --   found:    org.keycloak.saml.BaseSAML2BindingBuilder
Base IT (4)	Run base tests	2024-03-18T22:40:43.5205922Z -- [WARNING] /home/runner/work/keycloak/keycloak/testsuite/integration-arquillian/tests/base/src/test/java/org/keycloak/testsuite/authz/admin/ClaimInformationPointProviderTest.java:[176,30] unchecked call to create(java.util.Map<java.lang.String,java.lang.Object>) as a member of the raw type org.keycloak.adapters.authorization.cip.spi.ClaimInformationPointProviderFactory
Base IT (4)	Run base tests	2024-03-18T22:40:43.5212216Z -- [WARNING] /home/runner/work/keycloak/keycloak/testsuite/integration-arquillian/tests/base/src/test/java/org/keycloak/testsuite/authz/admin/ClaimInformationPointProviderTest.java:[346,20] javax.security.cert.X509Certificate in javax.security.cert has been deprecated
Base IT (4)	Run base tests	2024-03-18T22:40:43.5217694Z -- [WARNING] /home/runner/work/keycloak/keycloak/testsuite/integration-arquillian/tests/base/src/test/java/org/keycloak/testsuite/authz/admin/ClaimInformationPointProviderTest.java:[347,28] javax.security.cert.X509Certificate in javax.security.cert has been deprecated
Base IT (4)	Run base tests	2024-03-18T22:40:43.5224162Z -- [WARNING] /home/runner/work/keycloak/keycloak/testsuite/integration-arquillian/tests/base/src/test/java/org/keycloak/testsuite/admin/UserFederationLdapConnectionTest.java:[82,25] testLDAPConnection(java.lang.String,java.lang.String,java.lang.String,java.lang.String,java.lang.String,java.lang.String) in org.keycloak.admin.client.resource.RealmResource has been deprecated
Base IT (4)	Run base tests	2024-03-18T22:40:43.5230727Z -- [WARNING] /home/runner/work/keycloak/keycloak/testsuite/integration-arquillian/tests/base/src/test/java/org/keycloak/testsuite/authz/admin/AbstractAuthorizationTest.java:[134,25] defaultRoles(java.lang.String...) in org.keycloak.testsuite.util.ClientBuilder has been deprecated
Base IT (4)	Run base tests	2024-03-18T22:40:43.5236045Z -- [WARNING] /home/runner/work/keycloak/keycloak/testsuite/integration-arquillian/tests/base/src/test/java/org/keycloak/testsuite/util/UserBuilder.java:[159,12] setTotp(java.lang.Boolean) in org.keycloak.representations.idm.UserRepresentation has been deprecated
Base IT (4)	Run base tests	2024-03-18T22:40:43.5241109Z -- [WARNING] /home/runner/work/keycloak/keycloak/testsuite/integration-arquillian/tests/base/src/test/java/org/keycloak/testsuite/util/UserBuilder.java:[176,12] setTotp(java.lang.Boolean) in org.keycloak.representations.idm.UserRepresentation has been deprecated
Base IT (4)	Run base tests	2024-03-18T22:40:43.5247051Z -- [WARNING] /home/runner/work/keycloak/keycloak/testsuite/integration-arquillian/tests/base/src/test/java/org/keycloak/testsuite/admin/PermissionsTest.java:[378,35] testLDAPConnection(java.lang.String,java.lang.String,java.lang.String,java.lang.String,java.lang.String,java.lang.String) in org.keycloak.admin.client.resource.RealmResource has been deprecated
Base IT (4)	Run base tests	2024-03-18T22:40:43.5254051Z -- [WARNING] /home/runner/work/keycloak/keycloak/testsuite/integration-arquillian/tests/base/src/test/java/org/keycloak/testsuite/admin/PermissionsTest.java:[663,83] unchecked method invocation: method createMapper in interface org.keycloak.admin.client.resource.ProtocolMappersResource is applied to given types
Base IT (4)	Run base tests	2024-03-18T22:40:43.5257825Z --   required: java.util.List<org.keycloak.representations.idm.ProtocolMapperRepresentation>
Base IT (4)	Run base tests	2024-03-18T22:40:43.5258997Z --   found:    java.util.List
Base IT (4)	Run base tests	2024-03-18T22:40:43.5265549Z -- [WARNING] /home/runner/work/keycloak/keycloak/testsuite/integration-arquillian/tests/base/src/test/java/org/keycloak/testsuite/admin/PermissionsTest.java:[663,95] unchecked conversion
Base IT (4)	Run base tests	2024-03-18T22:40:43.5286485Z --   required: java.util.List<org.keycloak.representations.idm.ProtocolMapperRepresentation>
Base IT (4)	Run base tests	2024-03-18T22:40:43.5288178Z --   found:    java.util.List
Base IT (4)	Run base tests	2024-03-18T22:40:43.5292843Z -- [WARNING] /home/runner/work/keycloak/keycloak/testsuite/integration-arquillian/tests/base/src/test/java/org/keycloak/testsuite/admin/PermissionsTest.java:[1799,64] getRealmLocalizationTexts(java.lang.String,java.lang.Boolean) in org.keycloak.admin.client.resource.RealmLocalizationResource has been deprecated
Base IT (4)	Run base tests	2024-03-18T22:40:43.5298789Z -- [WARNING] /home/runner/work/keycloak/keycloak/testsuite/integration-arquillian/tests/base/src/test/java/org/keycloak/testsuite/oauth/OfflineTokenTest.java:[259,37] getExpiration() in org.keycloak.representations.JsonWebToken has been deprecated
Base IT (4)	Run base tests	2024-03-18T22:40:43.5303634Z -- [WARNING] /home/runner/work/keycloak/keycloak/testsuite/integration-arquillian/tests/base/src/test/java/org/keycloak/testsuite/oauth/OfflineTokenTest.java:[359,44] getExpiration() in org.keycloak.representations.JsonWebToken has been deprecated
Base IT (4)	Run base tests	2024-03-18T22:40:43.5308437Z -- [WARNING] /home/runner/work/keycloak/keycloak/testsuite/integration-arquillian/tests/base/src/test/java/org/keycloak/testsuite/oauth/OfflineTokenTest.java:[394,44] getExpiration() in org.keycloak.representations.JsonWebToken has been deprecated
Base IT (4)	Run base tests	2024-03-18T22:40:43.5313215Z -- [WARNING] /home/runner/work/keycloak/keycloak/testsuite/integration-arquillian/tests/base/src/test/java/org/keycloak/testsuite/oauth/OfflineTokenTest.java:[443,44] getExpiration() in org.keycloak.representations.JsonWebToken has been deprecated
Base IT (4)	Run base tests	2024-03-18T22:40:43.5317934Z -- [WARNING] /home/runner/work/keycloak/keycloak/testsuite/integration-arquillian/tests/base/src/test/java/org/keycloak/testsuite/oauth/OfflineTokenTest.java:[679,37] getExpiration() in org.keycloak.representations.JsonWebToken has been deprecated
Base IT (4)	Run base tests	2024-03-18T22:40:43.5322632Z -- [WARNING] /home/runner/work/keycloak/keycloak/testsuite/integration-arquillian/tests/base/src/test/java/org/keycloak/testsuite/oauth/OfflineTokenTest.java:[716,38] getExpiration() in org.keycloak.representations.JsonWebToken has been deprecated
Base IT (4)	Run base tests	2024-03-18T22:40:43.5327328Z -- [WARNING] /home/runner/work/keycloak/keycloak/testsuite/integration-arquillian/tests/base/src/test/java/org/keycloak/testsuite/oauth/OfflineTokenTest.java:[979,44] getExpiration() in org.keycloak.representations.JsonWebToken has been deprecated
Base IT (4)	Run base tests	2024-03-18T22:40:43.5332328Z -- [WARNING] /home/runner/work/keycloak/keycloak/testsuite/integration-arquillian/tests/base/src/test/java/org/keycloak/testsuite/oauth/OfflineTokenTest.java:[1051,44] getExpiration() in org.keycloak.representations.JsonWebToken has been deprecated
Base IT (4)	Run base tests	2024-03-18T22:40:43.5337330Z -- [WARNING] /home/runner/work/keycloak/keycloak/testsuite/integration-arquillian/tests/base/src/test/java/org/keycloak/testsuite/authz/AuthzClientCredentialsTest.java:[335,25] defaultRoles(java.lang.String...) in org.keycloak.testsuite.util.ClientBuilder has been deprecated
Base IT (4)	Run base tests	2024-03-18T22:40:43.5342654Z -- [WARNING] /home/runner/work/keycloak/keycloak/testsuite/integration-arquillian/tests/base/src/test/java/org/keycloak/testsuite/cluster/AbstractInvalidationClusterTest.java:[179,41] unchecked method invocation: method sort in class java.util.Collections is applied to given types
Base IT (4)	Run base tests	2024-03-18T22:40:43.5345537Z --   required: java.util.List<T>
Base IT (4)	Run base tests	2024-03-18T22:40:43.5346121Z --   found:    java.util.List
Base IT (4)	Run base tests	2024-03-18T22:40:43.5348493Z -- [WARNING] /home/runner/work/keycloak/keycloak/testsuite/integration-arquillian/tests/base/src/test/java/org/keycloak/testsuite/cluster/AbstractInvalidationClusterTest.java:[179,42] unchecked conversion
Base IT (4)	Run base tests	2024-03-18T22:40:43.5350848Z --   required: java.util.List<T>
Base IT (4)	Run base tests	2024-03-18T22:40:43.5351429Z --   found:    java.util.List
Base IT (4)	Run base tests	2024-03-18T22:40:43.5354707Z -- [WARNING] /home/runner/work/keycloak/keycloak/testsuite/integration-arquillian/tests/base/src/test/java/org/keycloak/testsuite/saml/RoleMapperTest.java:[74,34] unchecked method invocation: method setDefaultClientScopes in class org.keycloak.testsuite.updaters.ClientAttributeUpdater is applied to given types
Base IT (4)	Run base tests	2024-03-18T22:40:43.5358345Z --   required: java.util.List<java.lang.String>
Base IT (4)	Run base tests	2024-03-18T22:40:43.5359036Z --   found:    java.util.List
Base IT (4)	Run base tests	2024-03-18T22:40:43.5361346Z -- [WARNING] /home/runner/work/keycloak/keycloak/testsuite/integration-arquillian/tests/base/src/test/java/org/keycloak/testsuite/saml/RoleMapperTest.java:[74,46] unchecked conversion
Base IT (4)	Run base tests	2024-03-18T22:40:43.5363419Z --   required: java.util.List<java.lang.String>
Base IT (4)	Run base tests	2024-03-18T22:40:43.5364091Z --   found:    java.util.List
Base IT (4)	Run base tests	2024-03-18T22:40:43.5366959Z -- [WARNING] /home/runner/work/keycloak/keycloak/testsuite/integration-arquillian/tests/base/src/test/java/org/keycloak/testsuite/adapter/servlet/SAMLServletAdapterTest.java:[1816,69] getSameSiteLegacyName() in org.keycloak.cookie.CookieType has been deprecated
Base IT (4)	Run base tests	2024-03-18T22:40:43.5372193Z -- [WARNING] /home/runner/work/keycloak/keycloak/testsuite/integration-arquillian/tests/base/src/test/java/org/keycloak/testsuite/adapter/servlet/SAMLServletAdapterTest.java:[1818,72] getSameSiteLegacyName() in org.keycloak.cookie.CookieType has been deprecated
Base IT (4)	Run base tests	2024-03-18T22:40:43.5377151Z -- [WARNING] /home/runner/work/keycloak/keycloak/testsuite/integration-arquillian/tests/base/src/test/java/org/keycloak/testsuite/oidc/OIDCAdvancedRequestParamsTest.java:[208,31] getAuthTime() in org.keycloak.representations.IDToken has been deprecated
Base IT (4)	Run base tests	2024-03-18T22:40:43.5382008Z -- [WARNING] /home/runner/work/keycloak/keycloak/testsuite/integration-arquillian/tests/base/src/test/java/org/keycloak/testsuite/oidc/OIDCAdvancedRequestParamsTest.java:[228,38] getAuthTime() in org.keycloak.representations.IDToken has been deprecated
Base IT (4)	Run base tests	2024-03-18T22:40:43.5386686Z -- [WARNING] /home/runner/work/keycloak/keycloak/testsuite/integration-arquillian/tests/base/src/test/java/org/keycloak/testsuite/oidc/OIDCAdvancedRequestParamsTest.java:[241,31] getAuthTime() in org.keycloak.representations.IDToken has been deprecated
Base IT (4)	Run base tests	2024-03-18T22:40:43.5391826Z -- [WARNING] /home/runner/work/keycloak/keycloak/testsuite/integration-arquillian/tests/base/src/test/java/org/keycloak/testsuite/oidc/OIDCAdvancedRequestParamsTest.java:[258,38] getAuthTime() in org.keycloak.representations.IDToken has been deprecated
Base IT (4)	Run base tests	2024-03-18T22:40:43.5396578Z -- [WARNING] /home/runner/work/keycloak/keycloak/testsuite/integration-arquillian/tests/base/src/test/java/org/keycloak/testsuite/oidc/OIDCAdvancedRequestParamsTest.java:[296,31] getAuthTime() in org.keycloak.representations.IDToken has been deprecated
Base IT (4)	Run base tests	2024-03-18T22:40:43.5401367Z -- [WARNING] /home/runner/work/keycloak/keycloak/testsuite/integration-arquillian/tests/base/src/test/java/org/keycloak/testsuite/oidc/OIDCAdvancedRequestParamsTest.java:[307,32] getAuthTime() in org.keycloak.representations.IDToken has been deprecated
Base IT (4)	Run base tests	2024-03-18T22:40:43.5406106Z -- [WARNING] /home/runner/work/keycloak/keycloak/testsuite/integration-arquillian/tests/base/src/test/java/org/keycloak/testsuite/oidc/OIDCAdvancedRequestParamsTest.java:[386,39] getAuthTime() in org.keycloak.representations.IDToken has been deprecated
Base IT (4)	Run base tests	2024-03-18T22:40:43.5411231Z -- [WARNING] /home/runner/work/keycloak/keycloak/testsuite/integration-arquillian/tests/base/src/test/java/org/keycloak/testsuite/oidc/OIDCAdvancedRequestParamsTest.java:[386,65] getAuthTime() in org.keycloak.representations.IDToken has been deprecated
Base IT (4)	Run base tests	2024-03-18T22:40:43.5415908Z -- [WARNING] /home/runner/work/keycloak/keycloak/testsuite/integration-arquillian/tests/base/src/test/java/org/keycloak/testsuite/oidc/OIDCAdvancedRequestParamsTest.java:[402,87] getAuthTime() in org.keycloak.representations.IDToken has been deprecated
Base IT (4)	Run base tests	2024-03-18T22:40:43.5420500Z -- [WARNING] /home/runner/work/keycloak/keycloak/testsuite/integration-arquillian/tests/base/src/test/java/org/keycloak/testsuite/oidc/OIDCAdvancedRequestParamsTest.java:[402,137] getAuthTime() in org.keycloak.representations.IDToken has been deprecated
Base IT (4)	Run base tests	2024-03-18T22:40:43.5424944Z -- [WARNING] /home/runner/work/keycloak/keycloak/testsuite/integration-arquillian/tests/base/src/test/java/org/keycloak/testsuite/oidc/OIDCAdvancedRequestParamsTest.java:[403,27] getAuthTime() in org.keycloak.representations.IDToken has been deprecated
Base IT (4)	Run base tests	2024-03-18T22:40:43.5429665Z -- [WARNING] /home/runner/work/keycloak/keycloak/testsuite/integration-arquillian/tests/base/src/test/java/org/keycloak/testsuite/oidc/OIDCAdvancedRequestParamsTest.java:[403,60] getAuthTime() in org.keycloak.representations.IDToken has been deprecated
Base IT (4)	Run base tests	2024-03-18T22:40:43.5435307Z -- [WARNING] /home/runner/work/keycloak/keycloak/testsuite/integration-arquillian/tests/base/src/test/java/org/keycloak/testsuite/oidc/OIDCAdvancedRequestParamsTest.java:[1445,58] getKeysForUse(org.keycloak.jose.jwk.JSONWebKeySet,org.keycloak.jose.jwk.JWK.Use) in org.keycloak.util.JWKSUtils has been deprecated
Base IT (4)	Run base tests	2024-03-18T22:40:43.5441140Z -- [WARNING] /home/runner/work/keycloak/keycloak/testsuite/integration-arquillian/tests/base/src/test/java/org/keycloak/testsuite/oidc/OIDCAdvancedRequestParamsTest.java:[1532,58] getKeysForUse(org.keycloak.jose.jwk.JSONWebKeySet,org.keycloak.jose.jwk.JWK.Use) in org.keycloak.util.JWKSUtils has been deprecated
Base IT (4)	Run base tests	2024-03-18T22:40:43.5445839Z -- [WARNING] /home/runner/work/keycloak/keycloak/testsuite/integration-arquillian/tests/base/src/test/java/org/keycloak/testsuite/crossdc/AbstractAdminCrossDCTest.java:[97,50] unchecked cast
Base IT (4)	Run base tests	2024-03-18T22:40:43.5447877Z --   required: T
Base IT (4)	Run base tests	2024-03-18T22:40:43.5448645Z --   found:    java.lang.Comparable
Base IT (4)	Run base tests	2024-03-18T22:40:43.5450895Z -- [WARNING] /home/runner/work/keycloak/keycloak/testsuite/integration-arquillian/tests/base/src/test/java/org/keycloak/testsuite/crossdc/AbstractAdminCrossDCTest.java:[101,54] unchecked cast
Base IT (4)	Run base tests	2024-03-18T22:40:43.5452924Z --   required: T
Base IT (4)	Run base tests	2024-03-18T22:40:43.5453402Z --   found:    java.lang.Comparable
Base IT (4)	Run base tests	2024-03-18T22:40:43.5456869Z -- [WARNING] /home/runner/work/keycloak/keycloak/testsuite/integration-arquillian/tests/base/src/test/java/org/keycloak/testsuite/adapter/authz/example/AbstractServletAuthzAdapterTest.java:[57,21] setUri(java.lang.String) in org.keycloak.representations.idm.authorization.ResourceRepresentation has been deprecated
Base IT (4)	Run base tests	2024-03-18T22:40:43.5462499Z -- [WARNING] /home/runner/work/keycloak/keycloak/testsuite/integration-arquillian/tests/base/src/test/java/org/keycloak/testsuite/crossdc/InvalidationCrossDCTest.java:[199,59] getUri() in org.keycloak.representations.idm.authorization.ResourceRepresentation has been deprecated
Base IT (4)	Run base tests	2024-03-18T22:40:43.5467675Z -- [WARNING] /home/runner/work/keycloak/keycloak/testsuite/integration-arquillian/tests/base/src/test/java/org/keycloak/testsuite/crossdc/InvalidationCrossDCTest.java:[200,59] getUri() in org.keycloak.representations.idm.authorization.ResourceRepresentation has been deprecated
Base IT (4)	Run base tests	2024-03-18T22:40:43.5472840Z -- [WARNING] /home/runner/work/keycloak/keycloak/testsuite/integration-arquillian/tests/base/src/test/java/org/keycloak/testsuite/crossdc/InvalidationCrossDCTest.java:[203,15] setUri(java.lang.String) in org.keycloak.representations.idm.authorization.ResourceRepresentation has been deprecated
Base IT (4)	Run base tests	2024-03-18T22:40:43.5478044Z -- [WARNING] /home/runner/work/keycloak/keycloak/testsuite/integration-arquillian/tests/base/src/test/java/org/keycloak/testsuite/crossdc/InvalidationCrossDCTest.java:[208,65] getUri() in org.keycloak.representations.idm.authorization.ResourceRepresentation has been deprecated
Base IT (4)	Run base tests	2024-03-18T22:40:43.5483049Z -- [WARNING] /home/runner/work/keycloak/keycloak/testsuite/integration-arquillian/tests/base/src/test/java/org/keycloak/testsuite/crossdc/InvalidationCrossDCTest.java:[214,70] getUri() in org.keycloak.representations.idm.authorization.ResourceRepresentation has been deprecated
Base IT (4)	Run base tests	2024-03-18T22:40:43.5488558Z -- [WARNING] /home/runner/work/keycloak/keycloak/testsuite/integration-arquillian/tests/base/src/test/java/org/keycloak/testsuite/authz/admin/GenericPolicyManagementTest.java:[147,25] unchecked call to ArrayList(java.util.Collection<? extends E>) as a member of the raw type java.util.ArrayList
Base IT (4)	Run base tests	2024-03-18T22:40:43.5493499Z -- [WARNING] /home/runner/work/keycloak/keycloak/testsuite/integration-arquillian/tests/base/src/test/java/org/keycloak/testsuite/adapter/authz/example/ServletAuthzCIPAdapterTest.java:[83,40] unchecked conversion
Base IT (4)	Run base tests	2024-03-18T22:40:43.5496534Z --   required: java.util.Map<java.lang.String,java.lang.String>
Base IT (4)	Run base tests	2024-03-18T22:40:43.5497670Z --   found:    java.util.HashMap
Base IT (4)	Run base tests	2024-03-18T22:40:43.5500252Z -- [WARNING] /home/runner/work/keycloak/keycloak/testsuite/integration-arquillian/tests/base/src/test/java/org/keycloak/testsuite/adapter/authz/example/ServletAuthzCIPAdapterTest.java:[92,35] unchecked conversion
Base IT (4)	Run base tests	2024-03-18T22:40:43.5502792Z --   required: java.util.Map<java.lang.String,java.lang.String>
Base IT (4)	Run base tests	2024-03-18T22:40:43.5503666Z --   found:    java.util.Map
Base IT (4)	Run base tests	2024-03-18T22:40:43.5506944Z -- [WARNING] /home/runner/work/keycloak/keycloak/testsuite/integration-arquillian/tests/base/src/test/java/org/keycloak/testsuite/authz/admin/ResourceManagementTest.java:[59,44] getUri() in org.keycloak.representations.idm.authorization.ResourceRepresentation has been deprecated
Base IT (4)	Run base tests	2024-03-18T22:40:43.5512754Z -- [WARNING] /home/runner/work/keycloak/keycloak/testsuite/integration-arquillian/tests/base/src/test/java/org/keycloak/testsuite/authz/admin/ResourceManagementTest.java:[268,17] setUri(java.lang.String) in org.keycloak.representations.idm.authorization.ResourceRepresentation has been deprecated
Base IT (4)	Run base tests	2024-03-18T22:40:43.5518549Z -- [WARNING] /home/runner/work/keycloak/keycloak/testsuite/integration-arquillian/tests/base/src/test/java/org/keycloak/testsuite/authz/admin/ResourceManagementTest.java:[280,41] getUri() in org.keycloak.representations.idm.authorization.ResourceRepresentation has been deprecated
Base IT (4)	Run base tests	2024-03-18T22:40:43.5524189Z -- [WARNING] /home/runner/work/keycloak/keycloak/testsuite/integration-arquillian/tests/base/src/test/java/org/keycloak/testsuite/authz/admin/ResourceManagementTest.java:[382,20] setUri(java.lang.String) in org.keycloak.representations.idm.authorization.ResourceRepresentation has been deprecated
Base IT (4)	Run base tests	2024-03-18T22:40:43.5529679Z -- [WARNING] /home/runner/work/keycloak/keycloak/testsuite/integration-arquillian/tests/base/src/test/java/org/keycloak/testsuite/authz/AbstractResourceServerTest.java:[78,25] defaultRoles(java.lang.String...) in org.keycloak.testsuite.util.ClientBuilder has been deprecated
Base IT (4)	Run base tests	2024-03-18T22:40:43.5535145Z -- [WARNING] /home/runner/work/keycloak/keycloak/testsuite/integration-arquillian/tests/base/src/test/java/org/keycloak/testsuite/oauth/AbstractClientAuthSignedJWTTest.java:[715,42] org.apache.http.impl.client.DefaultHttpClient in org.apache.http.impl.client has been deprecated
Base IT (4)	Run base tests	2024-03-18T22:40:43.5540499Z -- [WARNING] /home/runner/work/keycloak/keycloak/testsuite/integration-arquillian/tests/base/src/test/java/org/keycloak/testsuite/oauth/AbstractClientAuthSignedJWTTest.java:[810,53] issuedAt(int) in org.keycloak.representations.JsonWebToken has been deprecated
Base IT (4)	Run base tests	2024-03-18T22:40:43.5545716Z -- [WARNING] /home/runner/work/keycloak/keycloak/testsuite/integration-arquillian/tests/base/src/test/java/org/keycloak/testsuite/oauth/AbstractClientAuthSignedJWTTest.java:[811,55] expiration(int) in org.keycloak.representations.JsonWebToken has been deprecated
Base IT (4)	Run base tests	2024-03-18T22:40:43.5550932Z -- [WARNING] /home/runner/work/keycloak/keycloak/testsuite/integration-arquillian/tests/base/src/test/java/org/keycloak/testsuite/oauth/AbstractClientAuthSignedJWTTest.java:[812,54] notBefore(int) in org.keycloak.representations.JsonWebToken has been deprecated
Base IT (4)	Run base tests	2024-03-18T22:40:43.5555517Z -- [WARNING] /home/runner/work/keycloak/keycloak/testsuite/integration-arquillian/tests/base/src/test/java/org/keycloak/testsuite/oauth/AbstractClientAuthSignedJWTTest.java:[938,17] issuedAt(int) in org.keycloak.representations.JsonWebToken has been deprecated
Base IT (4)	Run base tests	2024-03-18T22:40:43.5560125Z -- [WARNING] /home/runner/work/keycloak/keycloak/testsuite/integration-arquillian/tests/base/src/test/java/org/keycloak/testsuite/oauth/AbstractClientAuthSignedJWTTest.java:[939,17] expiration(int) in org.keycloak.representations.JsonWebToken has been deprecated
Base IT (4)	Run base tests	2024-03-18T22:40:43.5564677Z -- [WARNING] /home/runner/work/keycloak/keycloak/testsuite/integration-arquillian/tests/base/src/test/java/org/keycloak/testsuite/oauth/AbstractClientAuthSignedJWTTest.java:[940,17] notBefore(int) in org.keycloak.representations.JsonWebToken has been deprecated
Base IT (4)	Run base tests	2024-03-18T22:40:43.5570832Z -- [WARNING] /home/runner/work/keycloak/keycloak/testsuite/integration-arquillian/tests/base/src/test/java/org/keycloak/testsuite/adapter/AbstractAdapterClusteredTest.java:[102,23] ProxyHandler(io.undertow.server.handlers.proxy.ProxyClient,int,io.undertow.server.HttpHandler) in io.undertow.server.handlers.proxy.ProxyHandler has been deprecated
Base IT (4)	Run base tests	2024-03-18T22:40:43.5576591Z -- [WARNING] /home/runner/work/keycloak/keycloak/testsuite/integration-arquillian/tests/base/src/test/java/org/keycloak/testsuite/admin/group/AbstractGroupTest.java:[77,49] org.keycloak.RSATokenVerifier in org.keycloak has been deprecated
Base IT (4)	Run base tests	2024-03-18T22:40:43.5581385Z -- [WARNING] /home/runner/work/keycloak/keycloak/testsuite/integration-arquillian/tests/base/src/test/java/org/keycloak/testsuite/federation/storage/ClientStorageTest.java:[481,44] getExpiration() in org.keycloak.representations.JsonWebToken has been deprecated
Base IT (4)	Run base tests	2024-03-18T22:40:43.5586775Z -- [WARNING] /home/runner/work/keycloak/keycloak/testsuite/integration-arquillian/tests/base/src/test/java/org/keycloak/testsuite/composites/CompositeRoleTest.java:[119,17] defaultRoles(java.lang.String...) in org.keycloak.testsuite.util.ClientBuilder has been deprecated
Base IT (4)	Run base tests	2024-03-18T22:40:43.5591965Z -- [WARNING] /home/runner/work/keycloak/keycloak/testsuite/integration-arquillian/tests/base/src/test/java/org/keycloak/testsuite/composites/CompositeRoleTest.java:[139,17] defaultRoles(java.lang.String...) in org.keycloak.testsuite.util.ClientBuilder has been deprecated
Base IT (4)	Run base tests	2024-03-18T22:40:43.5597373Z -- [WARNING] /home/runner/work/keycloak/keycloak/testsuite/integration-arquillian/tests/base/src/test/java/org/keycloak/testsuite/forms/LevelOfAssuranceFlowTest.java:[598,91] STORE_IN_USER_SESSION in org.keycloak.authentication.authenticators.conditional.ConditionalLoaAuthenticator has been deprecated
Base IT (4)	Run base tests	2024-03-18T22:40:43.5603076Z -- [WARNING] /home/runner/work/keycloak/keycloak/testsuite/integration-arquillian/tests/base/src/test/java/org/keycloak/testsuite/forms/LevelOfAssuranceFlowTest.java:[610,91] STORE_IN_USER_SESSION in org.keycloak.authentication.authenticators.conditional.ConditionalLoaAuthenticator has been deprecated
Base IT (4)	Run base tests	2024-03-18T22:40:43.5609133Z -- [WARNING] /home/runner/work/keycloak/keycloak/testsuite/integration-arquillian/tests/base/src/test/java/org/keycloak/testsuite/forms/LevelOfAssuranceFlowTest.java:[622,91] STORE_IN_USER_SESSION in org.keycloak.authentication.authenticators.conditional.ConditionalLoaAuthenticator has been deprecated
Base IT (4)	Run base tests	2024-03-18T22:40:43.5614856Z -- [WARNING] /home/runner/work/keycloak/keycloak/testsuite/integration-arquillian/tests/base/src/test/java/org/keycloak/testsuite/authz/admin/AbstractPolicyManagementTest.java:[74,25] defaultRoles(java.lang.String...) in org.keycloak.testsuite.util.ClientBuilder has been deprecated
Base IT (4)	Run base tests	2024-03-18T22:40:43.5620258Z -- [WARNING] /home/runner/work/keycloak/keycloak/testsuite/integration-arquillian/tests/base/src/test/java/org/keycloak/testsuite/cluster/AuthenticationSessionFailoverClusterTest.java:[117,90] getSameSiteLegacyName() in org.keycloak.cookie.CookieType has been deprecated
Base IT (4)	Run base tests	2024-03-18T22:40:43.5625445Z -- [WARNING] /home/runner/work/keycloak/keycloak/testsuite/integration-arquillian/tests/base/src/test/java/org/keycloak/testsuite/federation/kerberos/AbstractKerberosTest.java:[214,16] unchecked call to put(K,V) as a member of the raw type java.util.Hashtable
Base IT (4)	Run base tests	2024-03-18T22:40:43.5630491Z -- [WARNING] /home/runner/work/keycloak/keycloak/testsuite/integration-arquillian/tests/base/src/test/java/org/keycloak/testsuite/federation/kerberos/AbstractKerberosTest.java:[215,16] unchecked call to put(K,V) as a member of the raw type java.util.Hashtable
Base IT (4)	Run base tests	2024-03-18T22:40:43.5635558Z -- [WARNING] /home/runner/work/keycloak/keycloak/testsuite/integration-arquillian/tests/base/src/test/java/org/keycloak/testsuite/federation/kerberos/AbstractKerberosTest.java:[218,20] unchecked call to put(K,V) as a member of the raw type java.util.Hashtable
Base IT (4)	Run base tests	2024-03-18T22:40:43.5640923Z -- [WARNING] /home/runner/work/keycloak/keycloak/testsuite/integration-arquillian/tests/base/src/test/java/org/keycloak/testsuite/federation/kerberos/AbstractKerberosTest.java:[219,20] unchecked call to put(K,V) as a member of the raw type java.util.Hashtable
Base IT (4)	Run base tests	2024-03-18T22:40:43.5646721Z -- [WARNING] /home/runner/work/keycloak/keycloak/testsuite/integration-arquillian/tests/base/src/test/java/org/keycloak/testsuite/migration/cluster/SerializableTestClass.java:[26,2] org.infinispan.commons.marshall.SerializeWith in org.infinispan.commons.marshall has been deprecated and marked for removal
Base IT (4)	Run base tests	2024-03-18T22:40:43.5652648Z -- [WARNING] /home/runner/work/keycloak/keycloak/testsuite/integration-arquillian/tests/base/src/test/java/org/keycloak/testsuite/migration/cluster/SerializableTestClass.java:[26,2] org.infinispan.commons.marshall.SerializeWith in org.infinispan.commons.marshall has been deprecated and marked for removal
Base IT (4)	Run base tests	2024-03-18T22:40:43.5658531Z -- [WARNING] /home/runner/work/keycloak/keycloak/testsuite/integration-arquillian/tests/base/src/test/java/org/keycloak/testsuite/migration/cluster/SerializableTestClass.java:[26,2] org.infinispan.commons.marshall.SerializeWith in org.infinispan.commons.marshall has been deprecated and marked for removal
Base IT (4)	Run base tests	2024-03-18T22:40:43.5664538Z -- [WARNING] /home/runner/work/keycloak/keycloak/testsuite/integration-arquillian/tests/base/src/test/java/org/keycloak/testsuite/migration/cluster/SerializableTestClass.java:[28,53] org.infinispan.commons.marshall.Externalizer in org.infinispan.commons.marshall has been deprecated and marked for removal
Base IT (4)	Run base tests	2024-03-18T22:40:43.5670377Z -- [WARNING] /home/runner/work/keycloak/keycloak/testsuite/integration-arquillian/tests/base/src/test/java/org/keycloak/testsuite/migration/cluster/SerializableTestClass.java:[28,53] org.infinispan.commons.marshall.Externalizer in org.infinispan.commons.marshall has been deprecated and marked for removal
Base IT (4)	Run base tests	2024-03-18T22:40:43.5676375Z -- [WARNING] /home/runner/work/keycloak/keycloak/testsuite/integration-arquillian/tests/base/src/test/java/org/keycloak/testsuite/migration/cluster/SerializableTestClass.java:[28,53] org.infinispan.commons.marshall.Externalizer in org.infinispan.commons.marshall has been deprecated and marked for removal
Base IT (4)	Run base tests	2024-03-18T22:40:43.5681645Z -- [INFO] /home/runner/work/keycloak/keycloak/testsuite/integration-arquillian/tests/base/src/test/java/org/keycloak/testsuite/federation/storage/UserStorageTest.java: Some input files additionally use or override a deprecated API.
Base IT (4)	Run base tests	2024-03-18T22:40:43.5688553Z -- [INFO] /home/runner/work/keycloak/keycloak/testsuite/integration-arquillian/tests/base/src/test/java/org/keycloak/testsuite/migration/cluster/SerializableTestClass.java: /home/runner/work/keycloak/keycloak/testsuite/integration-arquillian/tests/base/src/test/java/org/keycloak/testsuite/migration/cluster/SerializableTestClass.java has additional uses or overrides of a deprecated API that is marked for removal.
Base IT (4)	Run base tests	2024-03-18T22:40:43.5694981Z -- [INFO] /home/runner/work/keycloak/keycloak/testsuite/integration-arquillian/tests/base/src/test/java/org/keycloak/testsuite/oidc/AuthenticationMethodReferenceTest.java: Some input files additionally use unchecked or unsafe operations.
Base IT (4)	Run base tests	2024-03-18T22:40:43.5697375Z -- [INFO] 
Base IT (4)	Run base tests	2024-03-18T22:40:43.5698468Z -- [INFO] --- shrinkwrap-resolver:3.2.1:propagate-execution-context (default) @ integration-arquillian-tests-base ---
Base IT (4)	Run base tests	2024-03-18T22:40:43.6107358Z -- [INFO] 
Base IT (4)	Run base tests	2024-03-18T22:40:43.6108984Z -- [INFO] --- docker:0.40.3:start (start-db-container) @ integration-arquillian-tests-base ---
Base IT (4)	Run base tests	2024-03-18T22:40:43.8692457Z -- [INFO] 
Base IT (4)	Run base tests	2024-03-18T22:40:43.8693968Z -- [INFO] --- surefire:3.0.0-M7:test (default-test) @ integration-arquillian-tests-base ---
Base IT (4)	Run base tests	2024-03-18T22:40:44.0496262Z -- [INFO] Using auto detected provider org.apache.maven.surefire.junit4.JUnit4Provider
Base IT (4)	Run base tests	2024-03-18T22:40:44.1545753Z -- [INFO] Downloading from jboss-public-repository: https://repository.jboss.org/nexus/content/groups/public/org/apache/maven/surefire/surefire-junit4/3.0.0-M7/surefire-junit4-3.0.0-M7.jar
Base IT (4)	Run base tests	2024-03-18T22:40:44.4215951Z -- [INFO] Downloading from central: https://repo.maven.apache.org/maven2/org/apache/maven/surefire/surefire-junit4/3.0.0-M7/surefire-junit4-3.0.0-M7.jar
Base IT (4)	Run base tests	2024-03-18T22:40:44.4374767Z -- [INFO] Downloaded from central: https://repo.maven.apache.org/maven2/org/apache/maven/surefire/surefire-junit4/3.0.0-M7/surefire-junit4-3.0.0-M7.jar (18 kB at 1.2 MB/s)
Base IT (4)	Run base tests	2024-03-18T22:40:44.4391142Z -- [INFO] Downloading from jboss-public-repository: https://repository.jboss.org/nexus/content/groups/public/org/apache/maven/surefire/surefire-junit4/3.0.0-M7/surefire-junit4-3.0.0-M7.pom
Base IT (4)	Run base tests	2024-03-18T22:40:44.5150548Z -- [INFO] Downloading from central: https://repo.maven.apache.org/maven2/org/apache/maven/surefire/surefire-junit4/3.0.0-M7/surefire-junit4-3.0.0-M7.pom
Base IT (4)	Run base tests	2024-03-18T22:40:44.5210798Z -- [INFO] Downloaded from central: https://repo.maven.apache.org/maven2/org/apache/maven/surefire/surefire-junit4/3.0.0-M7/surefire-junit4-3.0.0-M7.pom (2.9 kB at 486 kB/s)
Base IT (4)	Run base tests	2024-03-18T22:40:44.5225631Z -- [INFO] Downloading from jboss-public-repository: https://repository.jboss.org/nexus/content/groups/public/org/apache/maven/surefire/surefire-providers/3.0.0-M7/surefire-providers-3.0.0-M7.pom
Base IT (4)	Run base tests	2024-03-18T22:40:44.5899920Z -- [INFO] Downloading from central: https://repo.maven.apache.org/maven2/org/apache/maven/surefire/surefire-providers/3.0.0-M7/surefire-providers-3.0.0-M7.pom
Base IT (4)	Run base tests	2024-03-18T22:40:44.5958543Z -- [INFO] Downloaded from central: https://repo.maven.apache.org/maven2/org/apache/maven/surefire/surefire-providers/3.0.0-M7/surefire-providers-3.0.0-M7.pom (2.5 kB at 423 kB/s)
Base IT (4)	Run base tests	2024-03-18T22:40:44.6047068Z -- [INFO] Downloading from jboss-public-repository: https://repository.jboss.org/nexus/content/groups/public/junit/junit/4.0/junit-4.0.pom
Base IT (4)	Run base tests	2024-03-18T22:40:44.7198965Z -- [INFO] Downloading from central: https://repo.maven.apache.org/maven2/junit/junit/4.0/junit-4.0.pom
Base IT (4)	Run base tests	2024-03-18T22:40:44.7245399Z -- [INFO] Downloaded from central: https://repo.maven.apache.org/maven2/junit/junit/4.0/junit-4.0.pom (210 B at 42 kB/s)
Base IT (4)	Run base tests	2024-03-18T22:40:44.7263706Z -- [INFO] Downloading from jboss-public-repository: https://repository.jboss.org/nexus/content/groups/public/org/apache/maven/surefire/common-junit4/3.0.0-M7/common-junit4-3.0.0-M7.pom
Base IT (4)	Run base tests	2024-03-18T22:40:44.8371979Z -- [INFO] Downloading from central: https://repo.maven.apache.org/maven2/org/apache/maven/surefire/common-junit4/3.0.0-M7/common-junit4-3.0.0-M7.pom
Base IT (4)	Run base tests	2024-03-18T22:40:44.8465234Z -- [INFO] Downloaded from central: https://repo.maven.apache.org/maven2/org/apache/maven/surefire/common-junit4/3.0.0-M7/common-junit4-3.0.0-M7.pom (3.0 kB at 333 kB/s)
Base IT (4)	Run base tests	2024-03-18T22:40:44.8528047Z -- [INFO] Downloading from jboss-public-repository: https://repository.jboss.org/nexus/content/groups/public/org/apache/maven/surefire/common-junit3/3.0.0-M7/common-junit3-3.0.0-M7.pom
Base IT (4)	Run base tests	2024-03-18T22:40:44.9306409Z -- [INFO] Downloading from central: https://repo.maven.apache.org/maven2/org/apache/maven/surefire/common-junit3/3.0.0-M7/common-junit3-3.0.0-M7.pom
Base IT (4)	Run base tests	2024-03-18T22:40:44.9354648Z -- [INFO] Downloaded from central: https://repo.maven.apache.org/maven2/org/apache/maven/surefire/common-junit3/3.0.0-M7/common-junit3-3.0.0-M7.pom (2.7 kB at 530 kB/s)
Base IT (4)	Run base tests	2024-03-18T22:40:44.9421221Z -- [INFO] Downloading from jboss-public-repository: https://repository.jboss.org/nexus/content/groups/public/org/apache/maven/surefire/common-java5/3.0.0-M7/common-java5-3.0.0-M7.pom
Base IT (4)	Run base tests	2024-03-18T22:40:45.0413687Z -- [INFO] Downloading from central: https://repo.maven.apache.org/maven2/org/apache/maven/surefire/common-java5/3.0.0-M7/common-java5-3.0.0-M7.pom
Base IT (4)	Run base tests	2024-03-18T22:40:45.0482978Z -- [INFO] Downloaded from central: https://repo.maven.apache.org/maven2/org/apache/maven/surefire/common-java5/3.0.0-M7/common-java5-3.0.0-M7.pom (2.7 kB at 385 kB/s)
Base IT (4)	Run base tests	2024-03-18T22:40:45.0553307Z -- [INFO] Downloading from jboss-public-repository: https://repository.jboss.org/nexus/content/groups/public/org/hamcrest/hamcrest-library/1.3/hamcrest-library-1.3.pom
Base IT (4)	Run base tests	2024-03-18T22:40:45.1366315Z -- [INFO] Downloading from central: https://repo.maven.apache.org/maven2/org/hamcrest/hamcrest-library/1.3/hamcrest-library-1.3.pom
Base IT (4)	Run base tests	2024-03-18T22:40:45.1409487Z -- [INFO] Downloaded from central: https://repo.maven.apache.org/maven2/org/hamcrest/hamcrest-library/1.3/hamcrest-library-1.3.pom (820 B at 205 kB/s)
Base IT (4)	Run base tests	2024-03-18T22:40:45.1463157Z -- [INFO] Downloading from jboss-public-repository: https://repository.jboss.org/nexus/content/groups/public/org/junit/junit-bom/5.8.0/junit-bom-5.8.0.pom
Base IT (4)	Run base tests	2024-03-18T22:40:45.2330657Z -- [INFO] Downloading from central: https://repo.maven.apache.org/maven2/org/junit/junit-bom/5.8.0/junit-bom-5.8.0.pom
Base IT (4)	Run base tests	2024-03-18T22:40:45.2383463Z -- [INFO] Downloaded from central: https://repo.maven.apache.org/maven2/org/junit/junit-bom/5.8.0/junit-bom-5.8.0.pom (5.6 kB at 1.1 MB/s)
Base IT (4)	Run base tests	2024-03-18T22:40:45.2425035Z -- [INFO] Downloading from jboss-public-repository: https://repository.jboss.org/nexus/content/groups/public/org/apache/maven/surefire/common-junit3/3.0.0-M7/common-junit3-3.0.0-M7.jar
Base IT (4)	Run base tests	2024-03-18T22:40:45.2428554Z -- [INFO] Downloading from jboss-public-repository: https://repository.jboss.org/nexus/content/groups/public/org/apache/maven/surefire/common-junit4/3.0.0-M7/common-junit4-3.0.0-M7.jar
Base IT (4)	Run base tests	2024-03-18T22:40:45.2431944Z -- [INFO] Downloading from jboss-public-repository: https://repository.jboss.org/nexus/content/groups/public/org/apache/maven/surefire/common-java5/3.0.0-M7/common-java5-3.0.0-M7.jar
Base IT (4)	Run base tests	2024-03-18T22:40:45.3350542Z -- [INFO] Downloading from central: https://repo.maven.apache.org/maven2/org/apache/maven/surefire/common-java5/3.0.0-M7/common-java5-3.0.0-M7.jar
Base IT (4)	Run base tests	2024-03-18T22:40:45.3399022Z -- [INFO] Downloaded from central: https://repo.maven.apache.org/maven2/org/apache/maven/surefire/common-java5/3.0.0-M7/common-java5-3.0.0-M7.jar (17 kB at 3.5 MB/s)
Base IT (4)	Run base tests	2024-03-18T22:40:45.4128754Z -- [INFO] Downloading from central: https://repo.maven.apache.org/maven2/org/apache/maven/surefire/common-junit4/3.0.0-M7/common-junit4-3.0.0-M7.jar
Base IT (4)	Run base tests	2024-03-18T22:40:45.4197106Z -- [INFO] Downloaded from central: https://repo.maven.apache.org/maven2/org/apache/maven/surefire/common-junit4/3.0.0-M7/common-junit4-3.0.0-M7.jar (26 kB at 3.7 MB/s)
Base IT (4)	Run base tests	2024-03-18T22:40:45.4222614Z -- [INFO] Downloading from central: https://repo.maven.apache.org/maven2/org/apache/maven/surefire/common-junit3/3.0.0-M7/common-junit3-3.0.0-M7.jar
Base IT (4)	Run base tests	2024-03-18T22:40:45.4258348Z -- [INFO] Downloaded from central: https://repo.maven.apache.org/maven2/org/apache/maven/surefire/common-junit3/3.0.0-M7/common-junit3-3.0.0-M7.jar (12 kB at 2.9 MB/s)
Base IT (4)	Run base tests	2024-03-18T22:40:45.4354366Z -- [INFO] 
Base IT (4)	Run base tests	2024-03-18T22:40:45.4355290Z -- [INFO] -------------------------------------------------------
Base IT (4)	Run base tests	2024-03-18T22:40:45.4356181Z -- [INFO]  T E S T S
Base IT (4)	Run base tests	2024-03-18T22:40:45.4356968Z -- [INFO] -------------------------------------------------------
Base IT (4)	Run base tests	2024-03-18T22:40:46.8117542Z -- 22:40:46,798 INFO  [org.keycloak.testsuite.util.NonIDERunListener] Setting keycloak.logging.level to off. Keycloak server logging will be disabled
Base IT (4)	Run base tests	2024-03-18T22:40:46.8125176Z [INFO] Running org.keycloak.testsuite.account.AccountRestServiceCorsTest
Base IT (4)	Run base tests	2024-03-18T22:41:15.5693518Z [INFO] Tests run: 8, Failures: 0, Errors: 0, Skipped: 0, Time elapsed: 28.687 s - in org.keycloak.testsuite.account.AccountRestServiceCorsTest
Base IT (4)	Run base tests	2024-03-18T22:41:15.5722341Z [INFO] Running org.keycloak.testsuite.account.AccountRestServiceLightweightTokenTest
Base IT (4)	Run base tests	2024-03-18T22:41:49.3173206Z [INFO] Tests run: 48, Failures: 0, Errors: 0, Skipped: 0, Time elapsed: 33.709 s - in org.keycloak.testsuite.account.AccountRestServiceLightweightTokenTest
Base IT (4)	Run base tests	2024-03-18T22:41:49.3200097Z [INFO] Running org.keycloak.testsuite.account.AccountRestServiceReadOnlyAttributesTest
Base IT (4)	Run base tests	2024-03-18T22:41:57.6705502Z [INFO] Tests run: 2, Failures: 0, Errors: 0, Skipped: 0, Time elapsed: 8.337 s - in org.keycloak.testsuite.account.AccountRestServiceReadOnlyAttributesTest
Base IT (4)	Run base tests	2024-03-18T22:41:57.6708880Z [INFO] Running org.keycloak.testsuite.account.AccountRestServiceTest
Base IT (4)	Run base tests	2024-03-18T22:42:26.8698277Z [INFO] Tests run: 48, Failures: 0, Errors: 0, Skipped: 0, Time elapsed: 29.179 s - in org.keycloak.testsuite.account.AccountRestServiceTest
Base IT (4)	Run base tests	2024-03-18T22:42:26.8717607Z [INFO] Running org.keycloak.testsuite.account.AccountRestServiceWithUserProfileTest
Base IT (4)	Run base tests	2024-03-18T22:42:35.9972587Z [INFO] Tests run: 8, Failures: 0, Errors: 0, Skipped: 0, Time elapsed: 9.091 s - in org.keycloak.testsuite.account.AccountRestServiceWithUserProfileTest
Base IT (4)	Run base tests	2024-03-18T22:42:35.9980592Z [INFO] Running org.keycloak.testsuite.account.LinkedAccountsRestServiceTest
Base IT (4)	Run base tests	2024-03-18T22:42:41.6972494Z [INFO] Tests run: 3, Failures: 0, Errors: 0, Skipped: 0, Time elapsed: 5.685 s - in org.keycloak.testsuite.account.LinkedAccountsRestServiceTest
Base IT (4)	Run base tests	2024-03-18T22:42:41.6976467Z [INFO] Running org.keycloak.testsuite.account.ResourcesRestServiceTest
Base IT (4)	Run base tests	2024-03-18T22:43:17.0579324Z [INFO] Tests run: 17, Failures: 0, Errors: 0, Skipped: 0, Time elapsed: 35.345 s - in org.keycloak.testsuite.account.ResourcesRestServiceTest
Base IT (4)	Run base tests	2024-03-18T22:43:17.0603154Z [INFO] Running org.keycloak.testsuite.account.SessionRestServiceTest
Base IT (4)	Run base tests	2024-03-18T22:43:28.8433758Z [WARNING] Tests run: 9, Failures: 0, Errors: 0, Skipped: 1, Time elapsed: 11.76 s - in org.keycloak.testsuite.account.SessionRestServiceTest
Base IT (4)	Run base tests	2024-03-18T22:43:28.8438506Z [INFO] Running org.keycloak.testsuite.account.custom.CustomAuthFlowCookieTest
Base IT (4)	Run base tests	2024-03-18T22:43:31.8865950Z [INFO] Tests run: 2, Failures: 0, Errors: 0, Skipped: 0, Time elapsed: 3.026 s - in org.keycloak.testsuite.account.custom.CustomAuthFlowCookieTest
Base IT (4)	Run base tests	2024-03-18T22:43:31.8868532Z [INFO] Running org.keycloak.testsuite.account.custom.CustomAuthFlowOTPTest
Base IT (4)	Run base tests	2024-03-18T22:44:01.9745666Z [INFO] Tests run: 16, Failures: 0, Errors: 0, Skipped: 0, Time elapsed: 30.071 s - in org.keycloak.testsuite.account.custom.CustomAuthFlowOTPTest
Base IT (4)	Run base tests	2024-03-18T22:44:01.9753896Z [INFO] Running org.keycloak.testsuite.cli.admin.KcAdmCreateTest
Base IT (4)	Run base tests	2024-03-18T22:44:15.9033389Z [INFO] Tests run: 3, Failures: 0, Errors: 0, Skipped: 0, Time elapsed: 13.902 s - in org.keycloak.testsuite.cli.admin.KcAdmCreateTest
Base IT (4)	Run base tests	2024-03-18T22:44:15.9044757Z [INFO] Running org.keycloak.testsuite.cli.admin.KcAdmSessionTest
Base IT (4)	Run base tests	2024-03-18T22:45:07.3194329Z [INFO] Tests run: 2, Failures: 0, Errors: 0, Skipped: 0, Time elapsed: 51.401 s - in org.keycloak.testsuite.cli.admin.KcAdmSessionTest
Base IT (4)	Run base tests	2024-03-18T22:45:07.3202525Z [INFO] Running org.keycloak.testsuite.cli.admin.KcAdmTest
Base IT (4)	Run base tests	2024-03-18T22:46:54.2920752Z [INFO] Tests run: 28, Failures: 0, Errors: 0, Skipped: 0, Time elapsed: 106.961 s - in org.keycloak.testsuite.cli.admin.KcAdmTest
Base IT (4)	Run base tests	2024-03-18T22:46:54.2937201Z [INFO] Running org.keycloak.testsuite.cli.admin.KcAdmTruststoreTest
Base IT (4)	Run base tests	2024-03-18T22:47:09.3464624Z [INFO] Tests run: 1, Failures: 0, Errors: 0, Skipped: 0, Time elapsed: 15.039 s - in org.keycloak.testsuite.cli.admin.KcAdmTruststoreTest
Base IT (4)	Run base tests	2024-03-18T22:47:09.3466693Z [INFO] Running org.keycloak.testsuite.cli.admin.KcAdmUpdateTest
Base IT (4)	Run base tests	2024-03-18T22:47:23.4389408Z [INFO] Tests run: 2, Failures: 0, Errors: 0, Skipped: 0, Time elapsed: 14.078 s - in org.keycloak.testsuite.cli.admin.KcAdmUpdateTest
Base IT (4)	Run base tests	2024-03-18T22:47:23.4399646Z [INFO] Running org.keycloak.testsuite.cli.registration.KcRegConfigTest
Base IT (4)	Run base tests	2024-03-18T22:47:32.7194132Z [INFO] Tests run: 2, Failures: 0, Errors: 0, Skipped: 0, Time elapsed: 9.265 s - in org.keycloak.testsuite.cli.registration.KcRegConfigTest
Base IT (4)	Run base tests	2024-03-18T22:47:32.7196592Z [INFO] Running org.keycloak.testsuite.cli.registration.KcRegCreateTest
Base IT (4)	Run base tests	2024-03-18T22:47:53.3650328Z [INFO] Tests run: 3, Failures: 0, Errors: 0, Skipped: 0, Time elapsed: 20.616 s - in org.keycloak.testsuite.cli.registration.KcRegCreateTest
Base IT (4)	Run base tests	2024-03-18T22:47:53.3652723Z [INFO] Running org.keycloak.testsuite.cli.registration.KcRegTest
Base IT (4)	Run base tests	2024-03-18T22:49:28.5372352Z [INFO] Tests run: 24, Failures: 0, Errors: 0, Skipped: 0, Time elapsed: 95.156 s - in org.keycloak.testsuite.cli.registration.KcRegTest
Base IT (4)	Run base tests	2024-03-18T22:49:28.5393347Z [INFO] Running org.keycloak.testsuite.cli.registration.KcRegTruststoreTest
Base IT (4)	Run base tests	2024-03-18T22:49:45.1037928Z [INFO] Tests run: 2, Failures: 0, Errors: 0, Skipped: 0, Time elapsed: 16.547 s - in org.keycloak.testsuite.cli.registration.KcRegTruststoreTest
Base IT (4)	Run base tests	2024-03-18T22:49:45.1043415Z [INFO] Running org.keycloak.testsuite.cli.registration.KcRegUpdateTest
Base IT (4)	Run base tests	2024-03-18T22:49:57.8598077Z [INFO] Tests run: 1, Failures: 0, Errors: 0, Skipped: 0, Time elapsed: 12.745 s - in org.keycloak.testsuite.cli.registration.KcRegUpdateTest
Base IT (4)	Run base tests	2024-03-18T22:49:57.8602302Z [INFO] Running org.keycloak.testsuite.cli.registration.KcRegUpdateTokenTest
Base IT (4)	Run base tests	2024-03-18T22:50:06.9246455Z [INFO] Tests run: 1, Failures: 0, Errors: 0, Skipped: 0, Time elapsed: 9.055 s - in org.keycloak.testsuite.cli.registration.KcRegUpdateTokenTest
Base IT (4)	Run base tests	2024-03-18T22:50:06.9250048Z [INFO] Running org.keycloak.testsuite.client.AdapterInstallationConfigTest
Base IT (4)	Run base tests	2024-03-18T22:50:13.5522782Z [INFO] Tests run: 5, Failures: 0, Errors: 0, Skipped: 0, Time elapsed: 6.614 s - in org.keycloak.testsuite.client.AdapterInstallationConfigTest
Base IT (4)	Run base tests	2024-03-18T22:50:13.5526615Z [INFO] Running org.keycloak.testsuite.client.CIBATest
Base IT (4)	Run base tests	2024-03-18T22:50:34.4308076Z [WARNING] Tests run: 59, Failures: 0, Errors: 0, Skipped: 1, Time elapsed: 20.865 s - in org.keycloak.testsuite.client.CIBATest
Base IT (4)	Run base tests	2024-03-18T22:50:34.4339792Z [INFO] Running org.keycloak.testsuite.client.ClientRedirectTest
Base IT (4)	Run base tests	2024-03-18T22:51:18.5123167Z --------- org.keycloak.testsuite.client.ClientRedirectTest output start ---------
Base IT (4)	Run base tests	2024-03-18T22:51:18.5145512Z ClientRedirectTest ++ 22:50:34,419 INFO  [org.keycloak.testsuite.arquillian.AppServerTestEnricher] 
Base IT (4)	Run base tests	2024-03-18T22:51:18.5146926Z ClientRedirectTest ++ 
Base IT (4)	Run base tests	2024-03-18T22:51:18.5148012Z ClientRedirectTest ++ TEST CONTEXT: org.keycloak.testsuite.client.ClientRedirectTest
Base IT (4)	Run base tests	2024-03-18T22:51:18.5149235Z ClientRedirectTest ++ 
Base IT (4)	Run base tests	2024-03-18T22:51:18.5150729Z ClientRedirectTest ++ 22:50:34,419 INFO  [org.keycloak.testsuite.client.ClientRedirectTest] [ClientRedirectTest] testClientRedirectEndpoint() STARTED
Base IT (4)	Run base tests	2024-03-18T22:51:18.5153129Z ClientRedirectTest ++ Mar 18, 2024 10:50:34 PM org.jboss.arquillian.drone.webdriver.factory.HtmlUnitDriverFactory setClientOptions
Base IT (4)	Run base tests	2024-03-18T22:51:18.5155332Z ClientRedirectTest ++ INFO: Setting HtmlDriver web client options: {htmlunitCssEnabled=false, htmlunitHistoryPageCacheLimit=1}
Base IT (4)	Run base tests	2024-03-18T22:51:18.5157738Z ClientRedirectTest ++ 22:50:34,429 INFO  [org.keycloak.testsuite.drone.KeycloakDronePostSetup] Configuring driver settings. implicitWait=2000, pageLoadTimeout=10000
Base IT (4)	Run base tests	2024-03-18T22:51:18.5160019Z ClientRedirectTest ++ 22:50:34,503 DEBUG [org.keycloak.testsuite.client.ClientRedirectTest] loading test realms
Base IT (4)	Run base tests	2024-03-18T22:51:18.5161967Z ClientRedirectTest ++ 22:50:34,503 DEBUG [org.keycloak.testsuite.client.ClientRedirectTest] Adding test realm for import from testrealm.json
Base IT (4)	Run base tests	2024-03-18T22:51:18.5163956Z ClientRedirectTest ++ 22:50:34,503 INFO  [org.keycloak.testsuite.client.ClientRedirectTest] importing test realms
Base IT (4)	Run base tests	2024-03-18T22:51:18.5166142Z ClientRedirectTest ++ 22:50:34,504 DEBUG [org.keycloak.testsuite.client.ClientRedirectTest] --importing realm: test
Base IT (4)	Run base tests	2024-03-18T22:51:18.5167852Z ClientRedirectTest ++ 22:50:48,673 INFO  [org.keycloak.testsuite.util.URLUtils] starting navigation
Base IT (4)	Run base tests	2024-03-18T22:51:18.5169817Z ClientRedirectTest ++ 22:50:48,673 INFO  [org.keycloak.testsuite.util.URLUtils] current URL:  http://example.org/launchpad
Base IT (4)	Run base tests	2024-03-18T22:51:18.5171927Z ClientRedirectTest ++ 22:50:48,673 INFO  [org.keycloak.testsuite.util.URLUtils] navigating to https://localhost:8543/auth/realms/test/testing/blank
Base IT (4)	Run base tests	2024-03-18T22:51:18.5174196Z ClientRedirectTest ++ 22:50:48,679 INFO  [org.keycloak.testsuite.util.URLUtils] new current URL:  https://localhost:8543/auth/realms/test/testing/blank
Base IT (4)	Run base tests	2024-03-18T22:51:18.5176119Z ClientRedirectTest ++ 22:50:48,679 INFO  [org.keycloak.testsuite.util.URLUtils] navigation complete
Base IT (4)	Run base tests	2024-03-18T22:51:18.5178125Z ClientRedirectTest ++ 22:50:48,679 INFO  [org.keycloak.testsuite.client.ClientRedirectTest] deleting cookies in 'test' realm
Base IT (4)	Run base tests	2024-03-18T22:51:18.5180013Z ClientRedirectTest ++ 22:50:48,679 INFO  [org.keycloak.testsuite.client.ClientRedirectTest] calling all TestCleanup
Base IT (4)	Run base tests	2024-03-18T22:51:18.5182092Z ClientRedirectTest ++ 22:50:48,687 ERROR [org.keycloak.testsuite.client.ClientRedirectTest] [ClientRedirectTest] testClientRedirectEndpoint() FAILED
Base IT (4)	Run base tests	2024-03-18T22:51:18.5184827Z ClientRedirectTest ++ 22:50:48,687 INFO  [org.keycloak.testsuite.client.ClientRedirectTest] [ClientRedirectTest] testClientRedirectEndpoint() FINISHED
Base IT (4)	Run base tests	2024-03-18T22:51:18.5186572Z ClientRedirectTest ++ 
Base IT (4)	Run base tests	2024-03-18T22:51:18.5187065Z ClientRedirectTest ++ 
Base IT (4)	Run base tests	2024-03-18T22:51:18.5188359Z ClientRedirectTest ++ 22:50:48,687 INFO  [org.keycloak.testsuite.client.ClientRedirectTest] [ClientRedirectTest] testRedirectStatusCode() STARTED
Base IT (4)	Run base tests	2024-03-18T22:51:18.5190310Z ClientRedirectTest ++ 22:50:49,056 INFO  [org.keycloak.testsuite.util.URLUtils] starting navigation
Base IT (4)	Run base tests	2024-03-18T22:51:18.5194939Z ClientRedirectTest ++ 22:50:49,056 INFO  [org.keycloak.testsuite.util.URLUtils] current URL:  https://localhost:8543/auth/realms/master/app/auth?state=5392a3db-6d44-416d-8f6b-52e68a964cf4&session_state=1b9e4228-0812-488a-b825-51fa36bbe1ad&iss=https%3A%2F%2Flocalhost%3A8543%2Fauth%2Frealms%2Ftest&code=fb42d0ed-889c-461b-af90-67f2866dd4b9.1b9e4228-0812-488a-b825-51fa36bbe1ad.730cd077-c738-4a03-a3bf-9ab90e7e8b4b
Base IT (4)	Run base tests	2024-03-18T22:51:18.5199369Z ClientRedirectTest ++ 22:50:49,056 INFO  [org.keycloak.testsuite.util.URLUtils] navigating to https://localhost:8543/auth/realms/test/testing/blank
Base IT (4)	Run base tests	2024-03-18T22:51:18.5201676Z ClientRedirectTest ++ 22:50:49,062 INFO  [org.keycloak.testsuite.util.URLUtils] new current URL:  https://localhost:8543/auth/realms/test/testing/blank
Base IT (4)	Run base tests	2024-03-18T22:51:18.5203599Z ClientRedirectTest ++ 22:50:49,062 INFO  [org.keycloak.testsuite.util.URLUtils] navigation complete
Base IT (4)	Run base tests	2024-03-18T22:51:18.5205594Z ClientRedirectTest ++ 22:50:49,062 INFO  [org.keycloak.testsuite.client.ClientRedirectTest] deleting cookies in 'test' realm
Base IT (4)	Run base tests	2024-03-18T22:51:18.5207512Z ClientRedirectTest ++ 22:50:49,063 INFO  [org.keycloak.testsuite.client.ClientRedirectTest] calling all TestCleanup
Base IT (4)	Run base tests	2024-03-18T22:51:18.5209836Z ClientRedirectTest ++ 22:50:49,067 INFO  [org.keycloak.testsuite.client.ClientRedirectTest] [ClientRedirectTest] testRedirectStatusCode() FINISHED
Base IT (4)	Run base tests	2024-03-18T22:51:18.5211328Z ClientRedirectTest ++ 
Base IT (4)	Run base tests	2024-03-18T22:51:18.5211916Z ClientRedirectTest ++ 
Base IT (4)	Run base tests	2024-03-18T22:51:18.5213404Z ClientRedirectTest ++ 22:50:49,067 INFO  [org.keycloak.testsuite.client.ClientRedirectTest] [ClientRedirectTest] testRedirectToDisabledClientRedirectURI() STARTED
Base IT (4)	Run base tests	2024-03-18T22:51:18.5215959Z ClientRedirectTest ++ 22:50:49,144 DEBUG [org.keycloak.testsuite.client.ClientRedirectTest] Creating disabled-client with redirect uri "*"
Base IT (4)	Run base tests	2024-03-18T22:51:18.5308111Z ClientRedirectTest ++ 22:50:49,150 DEBUG [org.keycloak.testsuite.client.ClientRedirectTest] log in
Base IT (4)	Run base tests	2024-03-18T22:51:18.5342595Z ClientRedirectTest ++ 22:50:49,466 DEBUG [org.keycloak.testsuite.client.ClientRedirectTest] log out using: https://localhost:8543/auth/realms/test/protocol/openid-connect/logout?post_logout_redirect_uri=http%3A%2F%2Fexample.org%2Fredirected&id_token_hint=***
Base IT (4)	Run base tests	2024-03-18T22:51:18.5346952Z ClientRedirectTest ++ 2024-03-18 22:50:49,468 WARN  [org.keycloak.events] (executor-thread-7) type="LOGOUT_ERROR", realmId="test", clientId="test-app", userId="null", ipAddress="127.0.0.1", error="invalid_redirect_uri", redirect_uri="http://example.org/redirected"
Base IT (4)	Run base tests	2024-03-18T22:51:18.5388927Z ClientRedirectTest ++ 22:50:49,505 DEBUG [org.keycloak.testsuite.client.ClientRedirectTest] Current URL: https://localhost:8543/auth/realms/test/protocol/openid-connect/logout?post_logout_redirect_uri=http%3A%2F%2Fexample.org%2Fredirected&id_token_hint=***
Base IT (4)	Run base tests	2024-03-18T22:51:18.5391636Z ClientRedirectTest ++ 22:50:49,505 DEBUG [org.keycloak.testsuite.client.ClientRedirectTest] check logout_error
Base IT (4)	Run base tests	2024-03-18T22:51:18.5393569Z ClientRedirectTest ++ 22:50:49,513 DEBUG [org.keycloak.testsuite.client.ClientRedirectTest] removing disabled-client
Base IT (4)	Run base tests	2024-03-18T22:51:18.5395190Z ClientRedirectTest ++ 22:50:49,519 INFO  [org.keycloak.testsuite.util.URLUtils] starting navigation
Base IT (4)	Run base tests	2024-03-18T22:51:18.5420672Z ClientRedirectTest ++ 22:50:49,519 INFO  [org.keycloak.testsuite.util.URLUtils] current URL:  https://localhost:8543/auth/realms/test/protocol/openid-connect/logout?post_logout_redirect_uri=http%3A%2F%2Fexample.org%2Fredirected&id_token_hint=***
Base IT (4)	Run base tests	2024-03-18T22:51:18.5422983Z ClientRedirectTest ++ 22:50:49,519 INFO  [org.keycloak.testsuite.util.URLUtils] navigating to https://localhost:8543/auth/realms/test/testing/blank
Base IT (4)	Run base tests	2024-03-18T22:51:18.5424229Z ClientRedirectTest ++ 22:50:49,525 INFO  [org.keycloak.testsuite.util.URLUtils] new current URL:  https://localhost:8543/auth/realms/test/testing/blank
Base IT (4)	Run base tests	2024-03-18T22:51:18.5425296Z ClientRedirectTest ++ 22:50:49,525 INFO  [org.keycloak.testsuite.util.URLUtils] navigation complete
Base IT (4)	Run base tests	2024-03-18T22:51:18.5426392Z ClientRedirectTest ++ 22:50:49,525 INFO  [org.keycloak.testsuite.client.ClientRedirectTest] deleting cookies in 'test' realm
Base IT (4)	Run base tests	2024-03-18T22:51:18.5427441Z ClientRedirectTest ++ 22:50:49,525 INFO  [org.keycloak.testsuite.client.ClientRedirectTest] calling all TestCleanup
Base IT (4)	Run base tests	2024-03-18T22:51:18.5428651Z ClientRedirectTest ++ 22:50:49,528 INFO  [org.keycloak.testsuite.client.ClientRedirectTest] [ClientRedirectTest] testRedirectToDisabledClientRedirectURI() FINISHED
Base IT (4)	Run base tests	2024-03-18T22:51:18.5429543Z ClientRedirectTest ++ 
Base IT (4)	Run base tests	2024-03-18T22:51:18.5429828Z ClientRedirectTest ++ 
Base IT (4)	Run base tests	2024-03-18T22:51:18.5430541Z ClientRedirectTest ++ 22:50:49,528 INFO  [org.keycloak.testsuite.arquillian.AuthServerTestEnricher] removing test realms after test class
Base IT (4)	Run base tests	2024-03-18T22:51:18.5431685Z ClientRedirectTest ++ 22:50:49,689 INFO  [org.keycloak.testsuite.arquillian.AuthServerTestEnricher] removed realms: test, 
Base IT (4)	Run base tests	2024-03-18T22:51:18.5432681Z ClientRedirectTest ++ 22:50:49,697 INFO  [org.keycloak.testsuite.arquillian.AppServerTestEnricher] 
Base IT (4)	Run base tests	2024-03-18T22:51:18.5433320Z ClientRedirectTest ++ 
Base IT (4)	Run base tests	2024-03-18T22:51:18.5433828Z ClientRedirectTest ++ TEST CONTEXT: org.keycloak.testsuite.client.ClientRedirectTest
Base IT (4)	Run base tests	2024-03-18T22:51:18.5434385Z ClientRedirectTest ++ 
Base IT (4)	Run base tests	2024-03-18T22:51:18.5435148Z ClientRedirectTest ++ 22:50:49,697 INFO  [org.keycloak.testsuite.client.ClientRedirectTest] [ClientRedirectTest] testClientRedirectEndpoint() STARTED
Base IT (4)	Run base tests	2024-03-18T22:51:18.5436400Z ClientRedirectTest ++ Mar 18, 2024 10:50:49 PM org.jboss.arquillian.drone.webdriver.factory.HtmlUnitDriverFactory setClientOptions
Base IT (4)	Run base tests	2024-03-18T22:51:18.5437745Z ClientRedirectTest ++ INFO: Setting HtmlDriver web client options: {htmlunitCssEnabled=false, htmlunitHistoryPageCacheLimit=1}
Base IT (4)	Run base tests	2024-03-18T22:51:18.5439017Z ClientRedirectTest ++ 22:50:49,704 INFO  [org.keycloak.testsuite.drone.KeycloakDronePostSetup] Configuring driver settings. implicitWait=2000, pageLoadTimeout=10000
Base IT (4)	Run base tests	2024-03-18T22:51:18.5440210Z ClientRedirectTest ++ 22:50:49,779 DEBUG [org.keycloak.testsuite.client.ClientRedirectTest] loading test realms
Base IT (4)	Run base tests	2024-03-18T22:51:18.5441311Z ClientRedirectTest ++ 22:50:49,779 DEBUG [org.keycloak.testsuite.client.ClientRedirectTest] Adding test realm for import from testrealm.json
Base IT (4)	Run base tests	2024-03-18T22:51:18.5442408Z ClientRedirectTest ++ 22:50:49,779 INFO  [org.keycloak.testsuite.client.ClientRedirectTest] importing test realms
Base IT (4)	Run base tests	2024-03-18T22:51:18.5443497Z ClientRedirectTest ++ 22:50:49,779 DEBUG [org.keycloak.testsuite.client.ClientRedirectTest] --importing realm: test
Base IT (4)	Run base tests	2024-03-18T22:51:18.5444571Z ClientRedirectTest ++ 22:51:03,752 INFO  [org.keycloak.testsuite.util.URLUtils] starting navigation
Base IT (4)	Run base tests	2024-03-18T22:51:18.5445533Z ClientRedirectTest ++ 22:51:03,752 INFO  [org.keycloak.testsuite.util.URLUtils] current URL:  http://example.org/launchpad
Base IT (4)	Run base tests	2024-03-18T22:51:18.5446679Z ClientRedirectTest ++ 22:51:03,752 INFO  [org.keycloak.testsuite.util.URLUtils] navigating to https://localhost:8543/auth/realms/test/testing/blank
Base IT (4)	Run base tests	2024-03-18T22:51:18.5447961Z ClientRedirectTest ++ 22:51:03,758 INFO  [org.keycloak.testsuite.util.URLUtils] new current URL:  https://localhost:8543/auth/realms/test/testing/blank
Base IT (4)	Run base tests	2024-03-18T22:51:18.5449355Z ClientRedirectTest ++ 22:51:03,758 INFO  [org.keycloak.testsuite.util.URLUtils] navigation complete
Base IT (4)	Run base tests	2024-03-18T22:51:18.5450437Z ClientRedirectTest ++ 22:51:03,758 INFO  [org.keycloak.testsuite.client.ClientRedirectTest] deleting cookies in 'test' realm
Base IT (4)	Run base tests	2024-03-18T22:51:18.5451683Z ClientRedirectTest ++ 22:51:03,758 INFO  [org.keycloak.testsuite.client.ClientRedirectTest] calling all TestCleanup
Base IT (4)	Run base tests	2024-03-18T22:51:18.5452968Z ClientRedirectTest ++ 22:51:03,762 ERROR [org.keycloak.testsuite.client.ClientRedirectTest] [ClientRedirectTest] testClientRedirectEndpoint() FAILED
Base IT (4)	Run base tests	2024-03-18T22:51:18.5454244Z ClientRedirectTest ++ 22:51:03,762 INFO  [org.keycloak.testsuite.client.ClientRedirectTest] [ClientRedirectTest] testClientRedirectEndpoint() FINISHED
Base IT (4)	Run base tests	2024-03-18T22:51:18.5455070Z ClientRedirectTest ++ 
Base IT (4)	Run base tests	2024-03-18T22:51:18.5455489Z ClientRedirectTest ++ 
Base IT (4)	Run base tests	2024-03-18T22:51:18.5456222Z ClientRedirectTest ++ 22:51:03,763 INFO  [org.keycloak.testsuite.arquillian.AuthServerTestEnricher] removing test realms after test class
Base IT (4)	Run base tests	2024-03-18T22:51:18.5457376Z ClientRedirectTest ++ 22:51:03,922 INFO  [org.keycloak.testsuite.arquillian.AuthServerTestEnricher] removed realms: test, 
Base IT (4)	Run base tests	2024-03-18T22:51:18.5458360Z ClientRedirectTest ++ 22:51:03,928 INFO  [org.keycloak.testsuite.arquillian.AppServerTestEnricher] 
Base IT (4)	Run base tests	2024-03-18T22:51:18.5458981Z ClientRedirectTest ++ 
Base IT (4)	Run base tests	2024-03-18T22:51:18.5459478Z ClientRedirectTest ++ TEST CONTEXT: org.keycloak.testsuite.client.ClientRedirectTest
Base IT (4)	Run base tests	2024-03-18T22:51:18.5460034Z ClientRedirectTest ++ 
Base IT (4)	Run base tests	2024-03-18T22:51:18.5460798Z ClientRedirectTest ++ 22:51:03,928 INFO  [org.keycloak.testsuite.client.ClientRedirectTest] [ClientRedirectTest] testClientRedirectEndpoint() STARTED
Base IT (4)	Run base tests	2024-03-18T22:51:18.5462039Z ClientRedirectTest ++ Mar 18, 2024 10:51:03 PM org.jboss.arquillian.drone.webdriver.factory.HtmlUnitDriverFactory setClientOptions
Base IT (4)	Run base tests	2024-03-18T22:51:18.5463176Z ClientRedirectTest ++ INFO: Setting HtmlDriver web client options: {htmlunitCssEnabled=false, htmlunitHistoryPageCacheLimit=1}
Base IT (4)	Run base tests	2024-03-18T22:51:18.5464436Z ClientRedirectTest ++ 22:51:03,935 INFO  [org.keycloak.testsuite.drone.KeycloakDronePostSetup] Configuring driver settings. implicitWait=2000, pageLoadTimeout=10000
Base IT (4)	Run base tests	2024-03-18T22:51:18.5465631Z ClientRedirectTest ++ 22:51:03,998 DEBUG [org.keycloak.testsuite.client.ClientRedirectTest] loading test realms
Base IT (4)	Run base tests	2024-03-18T22:51:18.5466726Z ClientRedirectTest ++ 22:51:03,998 DEBUG [org.keycloak.testsuite.client.ClientRedirectTest] Adding test realm for import from testrealm.json
Base IT (4)	Run base tests	2024-03-18T22:51:18.5467826Z ClientRedirectTest ++ 22:51:03,998 INFO  [org.keycloak.testsuite.client.ClientRedirectTest] importing test realms
Base IT (4)	Run base tests	2024-03-18T22:51:18.5468913Z ClientRedirectTest ++ 22:51:03,998 DEBUG [org.keycloak.testsuite.client.ClientRedirectTest] --importing realm: test
Base IT (4)	Run base tests	2024-03-18T22:51:18.5469823Z ClientRedirectTest ++ 22:51:18,334 INFO  [org.keycloak.testsuite.util.URLUtils] starting navigation
Base IT (4)	Run base tests	2024-03-18T22:51:18.5470768Z ClientRedirectTest ++ 22:51:18,334 INFO  [org.keycloak.testsuite.util.URLUtils] current URL:  http://example.org/launchpad
Base IT (4)	Run base tests	2024-03-18T22:51:18.5471894Z ClientRedirectTest ++ 22:51:18,334 INFO  [org.keycloak.testsuite.util.URLUtils] navigating to https://localhost:8543/auth/realms/test/testing/blank
Base IT (4)	Run base tests	2024-03-18T22:51:18.5473123Z ClientRedirectTest ++ 22:51:18,339 INFO  [org.keycloak.testsuite.util.URLUtils] new current URL:  https://localhost:8543/auth/realms/test/testing/blank
Base IT (4)	Run base tests	2024-03-18T22:51:18.5474164Z ClientRedirectTest ++ 22:51:18,339 INFO  [org.keycloak.testsuite.util.URLUtils] navigation complete
Base IT (4)	Run base tests	2024-03-18T22:51:18.5475213Z ClientRedirectTest ++ 22:51:18,339 INFO  [org.keycloak.testsuite.client.ClientRedirectTest] deleting cookies in 'test' realm
Base IT (4)	Run base tests	2024-03-18T22:51:18.5476245Z ClientRedirectTest ++ 22:51:18,340 INFO  [org.keycloak.testsuite.client.ClientRedirectTest] calling all TestCleanup
Base IT (4)	Run base tests	2024-03-18T22:51:18.5477519Z ClientRedirectTest ++ 22:51:18,344 ERROR [org.keycloak.testsuite.client.ClientRedirectTest] [ClientRedirectTest] testClientRedirectEndpoint() FAILED
Base IT (4)	Run base tests	2024-03-18T22:51:18.5478861Z ClientRedirectTest ++ 22:51:18,344 INFO  [org.keycloak.testsuite.client.ClientRedirectTest] [ClientRedirectTest] testClientRedirectEndpoint() FINISHED
Base IT (4)	Run base tests	2024-03-18T22:51:18.5479673Z ClientRedirectTest ++ 
Base IT (4)	Run base tests	2024-03-18T22:51:18.5479964Z ClientRedirectTest ++ 
Base IT (4)	Run base tests	2024-03-18T22:51:18.5480831Z ClientRedirectTest ++ 22:51:18,344 INFO  [org.keycloak.testsuite.arquillian.AuthServerTestEnricher] removing test realms after test class
Base IT (4)	Run base tests	2024-03-18T22:51:18.5482074Z ClientRedirectTest ++ 22:51:18,483 INFO  [org.keycloak.testsuite.arquillian.AuthServerTestEnricher] removed realms: test, 
Base IT (4)	Run base tests	2024-03-18T22:51:18.5482688Z 
Base IT (4)	Run base tests	2024-03-18T22:51:18.5483052Z --------- org.keycloak.testsuite.client.ClientRedirectTest output end  ---------
Base IT (4)	Run base tests	2024-03-18T22:51:18.5484103Z [ERROR] Tests run: 5, Failures: 0, Errors: 3, Skipped: 0, Time elapsed: 44.057 s <<< FAILURE! - in org.keycloak.testsuite.client.ClientRedirectTest
Base IT (4)	Run base tests	2024-03-18T22:51:18.5485433Z -- [ERROR] org.keycloak.testsuite.client.ClientRedirectTest.testClientRedirectEndpoint  Time elapsed: 14.254 s  <<< ERROR!
Base IT (4)	Run base tests	2024-03-18T22:51:18.5486257Z -- org.openqa.selenium.TimeoutException: 
Base IT (4)	Run base tests	2024-03-18T22:51:18.5486733Z -- java.net.SocketTimeoutException: Read timed out
Base IT (4)	Run base tests	2024-03-18T22:51:18.5487376Z -- Build info: version: '3.14.0', revision: 'aacccce0', time: '2018-08-02T20:19:58.91Z'
Base IT (4)	Run base tests	2024-03-18T22:51:18.5488606Z -- System info: host: 'fv-az1144-493', ip: '10.1.0.93', os.name: 'Linux', os.arch: 'amd64', os.version: '6.5.0-1016-azure', java.version: '17.0.10'
Base IT (4)	Run base tests	2024-03-18T22:51:18.5489429Z -- Driver info: driver.version: HtmlUnitDriver
Base IT (4)	Run base tests	2024-03-18T22:51:18.5490069Z -- 	at org.openqa.selenium.htmlunit.HtmlUnitDriver.get(HtmlUnitDriver.java:680)
Base IT (4)	Run base tests	2024-03-18T22:51:18.5490909Z -- 	at org.openqa.selenium.htmlunit.HtmlUnitDriver.lambda$8(HtmlUnitDriver.java:655)
Base IT (4)	Run base tests	2024-03-18T22:51:18.5491754Z -- 	at org.openqa.selenium.htmlunit.HtmlUnitDriver.lambda$0(HtmlUnitDriver.java:412)
Base IT (4)	Run base tests	2024-03-18T22:51:18.5492687Z -- 	at java.base/java.lang.Thread.run(Thread.java:840)
Base IT (4)	Run base tests	2024-03-18T22:51:18.5493288Z -- Caused by: java.net.SocketTimeoutException: Read timed out
Base IT (4)	Run base tests	2024-03-18T22:51:18.5493954Z -- 	at java.base/sun.nio.ch.NioSocketImpl.timedRead(NioSocketImpl.java:288)
Base IT (4)	Run base tests	2024-03-18T22:51:18.5494670Z -- 	at java.base/sun.nio.ch.NioSocketImpl.implRead(NioSocketImpl.java:314)
Base IT (4)	Run base tests	2024-03-18T22:51:18.5495370Z -- 	at java.base/sun.nio.ch.NioSocketImpl.read(NioSocketImpl.java:355)
Base IT (4)	Run base tests	2024-03-18T22:51:18.5496051Z -- 	at java.base/sun.nio.ch.NioSocketImpl$1.read(NioSocketImpl.java:808)
Base IT (4)	Run base tests	2024-03-18T22:51:18.5496742Z -- 	at java.base/java.net.Socket$SocketInputStream.read(Socket.java:966)
Base IT (4)	Run base tests	2024-03-18T22:51:18.5497573Z -- 	at org.apache.http.impl.io.SessionInputBufferImpl.streamRead(SessionInputBufferImpl.java:137)
Base IT (4)	Run base tests	2024-03-18T22:51:18.5498548Z -- 	at org.apache.http.impl.io.SessionInputBufferImpl.fillBuffer(SessionInputBufferImpl.java:153)
Base IT (4)	Run base tests	2024-03-18T22:51:18.5499507Z -- 	at org.apache.http.impl.io.SessionInputBufferImpl.readLine(SessionInputBufferImpl.java:280)
Base IT (4)	Run base tests	2024-03-18T22:51:18.5500528Z -- 	at org.apache.http.impl.conn.DefaultHttpResponseParser.parseHead(DefaultHttpResponseParser.java:138)
Base IT (4)	Run base tests	2024-03-18T22:51:18.5501595Z -- 	at org.apache.http.impl.conn.DefaultHttpResponseParser.parseHead(DefaultHttpResponseParser.java:56)
Base IT (4)	Run base tests	2024-03-18T22:51:18.5502566Z -- 	at org.apache.http.impl.io.AbstractMessageParser.parse(AbstractMessageParser.java:259)
Base IT (4)	Run base tests	2024-03-18T22:51:18.5503645Z -- 	at org.apache.http.impl.DefaultBHttpClientConnection.receiveResponseHeader(DefaultBHttpClientConnection.java:163)
Base IT (4)	Run base tests	2024-03-18T22:51:18.5504680Z -- 	at org.apache.http.impl.conn.CPoolProxy.receiveResponseHeader(CPoolProxy.java:157)
Base IT (4)	Run base tests	2024-03-18T22:51:18.5505626Z -- 	at org.apache.http.protocol.HttpRequestExecutor.doReceiveResponse(HttpRequestExecutor.java:273)
Base IT (4)	Run base tests	2024-03-18T22:51:18.5506574Z -- 	at org.apache.http.protocol.HttpRequestExecutor.execute(HttpRequestExecutor.java:125)
Base IT (4)	Run base tests	2024-03-18T22:51:18.5507441Z -- 	at org.apache.http.impl.execchain.MainClientExec.execute(MainClientExec.java:272)
Base IT (4)	Run base tests	2024-03-18T22:51:18.5508266Z -- 	at org.apache.http.impl.execchain.ProtocolExec.execute(ProtocolExec.java:186)
Base IT (4)	Run base tests	2024-03-18T22:51:18.5509244Z -- 	at org.apache.http.impl.execchain.RetryExec.execute(RetryExec.java:89)
Base IT (4)	Run base tests	2024-03-18T22:51:18.5510111Z -- 	at org.apache.http.impl.execchain.RedirectExec.execute(RedirectExec.java:110)
Base IT (4)	Run base tests	2024-03-18T22:51:18.5510991Z -- 	at org.apache.http.impl.client.InternalHttpClient.doExecute(InternalHttpClient.java:185)
Base IT (4)	Run base tests	2024-03-18T22:51:18.5512161Z -- 	at org.apache.http.impl.client.CloseableHttpClient.execute(CloseableHttpClient.java:72)
Base IT (4)	Run base tests	2024-03-18T22:51:18.5513327Z -- 	at com.gargoylesoftware.htmlunit.HttpWebConnection.getResponse(HttpWebConnection.java:194)
Base IT (4)	Run base tests	2024-03-18T22:51:18.5514460Z -- 	at com.gargoylesoftware.htmlunit.WebClient.loadWebResponseFromWebConnection(WebClient.java:1379)
Base IT (4)	Run base tests	2024-03-18T22:51:18.5515518Z -- 	at com.gargoylesoftware.htmlunit.WebClient.loadWebResponseFromWebConnection(WebClient.java:1429)
Base IT (4)	Run base tests	2024-03-18T22:51:18.5516463Z -- 	at com.gargoylesoftware.htmlunit.WebClient.loadWebResponse(WebClient.java:1298)
Base IT (4)	Run base tests	2024-03-18T22:51:18.5517252Z -- 	at com.gargoylesoftware.htmlunit.WebClient.getPage(WebClient.java:392)
Base IT (4)	Run base tests	2024-03-18T22:51:18.5517981Z -- 	at com.gargoylesoftware.htmlunit.WebClient.getPage(WebClient.java:313)
Base IT (4)	Run base tests	2024-03-18T22:51:18.5518736Z -- 	at org.openqa.selenium.htmlunit.HtmlUnitDriver.get(HtmlUnitDriver.java:668)
Base IT (4)	Run base tests	2024-03-18T22:51:18.5519283Z -- 	... 3 more
Base IT (4)	Run base tests	2024-03-18T22:51:18.5519529Z -- 
Base IT (4)	Run base tests	2024-03-18T22:51:18.5520249Z -- [ERROR] org.keycloak.testsuite.client.ClientRedirectTest.testClientRedirectEndpoint  Time elapsed: 14.065 s  <<< ERROR!
Base IT (4)	Run base tests	2024-03-18T22:51:18.5521073Z -- org.openqa.selenium.TimeoutException: 
Base IT (4)	Run base tests	2024-03-18T22:51:18.5521545Z -- java.net.SocketTimeoutException: Read timed out
Base IT (4)	Run base tests	2024-03-18T22:51:18.5522188Z -- Build info: version: '3.14.0', revision: 'aacccce0', time: '2018-08-02T20:19:58.91Z'
Base IT (4)	Run base tests	2024-03-18T22:51:18.5523182Z -- System info: host: 'fv-az1144-493', ip: '10.1.0.93', os.name: 'Linux', os.arch: 'amd64', os.version: '6.5.0-1016-azure', java.version: '17.0.10'
Base IT (4)	Run base tests	2024-03-18T22:51:18.5523980Z -- Driver info: driver.version: HtmlUnitDriver
Base IT (4)	Run base tests	2024-03-18T22:51:18.5524609Z -- 	at org.openqa.selenium.htmlunit.HtmlUnitDriver.get(HtmlUnitDriver.java:680)
Base IT (4)	Run base tests	2024-03-18T22:51:18.5525416Z -- 	at org.openqa.selenium.htmlunit.HtmlUnitDriver.lambda$8(HtmlUnitDriver.java:655)
Base IT (4)	Run base tests	2024-03-18T22:51:18.5526238Z -- 	at org.openqa.selenium.htmlunit.HtmlUnitDriver.lambda$0(HtmlUnitDriver.java:412)
Base IT (4)	Run base tests	2024-03-18T22:51:18.5526905Z -- 	at java.base/java.lang.Thread.run(Thread.java:840)
Base IT (4)	Run base tests	2024-03-18T22:51:18.5527457Z -- Caused by: java.net.SocketTimeoutException: Read timed out
Base IT (4)	Run base tests	2024-03-18T22:51:18.5528116Z -- 	at java.base/sun.nio.ch.NioSocketImpl.timedRead(NioSocketImpl.java:288)
Base IT (4)	Run base tests	2024-03-18T22:51:18.5529123Z -- 	at java.base/sun.nio.ch.NioSocketImpl.implRead(NioSocketImpl.java:314)
Base IT (4)	Run base tests	2024-03-18T22:51:18.5529826Z -- 	at java.base/sun.nio.ch.NioSocketImpl.read(NioSocketImpl.java:355)
Base IT (4)	Run base tests	2024-03-18T22:51:18.5530507Z -- 	at java.base/sun.nio.ch.NioSocketImpl$1.read(NioSocketImpl.java:808)
Base IT (4)	Run base tests	2024-03-18T22:51:18.5531187Z -- 	at java.base/java.net.Socket$SocketInputStream.read(Socket.java:966)
Base IT (4)	Run base tests	2024-03-18T22:51:18.5532032Z -- 	at org.apache.http.impl.io.SessionInputBufferImpl.streamRead(SessionInputBufferImpl.java:137)
Base IT (4)	Run base tests	2024-03-18T22:51:18.5533012Z -- 	at org.apache.http.impl.io.SessionInputBufferImpl.fillBuffer(SessionInputBufferImpl.java:153)
Base IT (4)	Run base tests	2024-03-18T22:51:18.5533975Z -- 	at org.apache.http.impl.io.SessionInputBufferImpl.readLine(SessionInputBufferImpl.java:280)
Base IT (4)	Run base tests	2024-03-18T22:51:18.5534993Z -- 	at org.apache.http.impl.conn.DefaultHttpResponseParser.parseHead(DefaultHttpResponseParser.java:138)
Base IT (4)	Run base tests	2024-03-18T22:51:18.5536059Z -- 	at org.apache.http.impl.conn.DefaultHttpResponseParser.parseHead(DefaultHttpResponseParser.java:56)
Base IT (4)	Run base tests	2024-03-18T22:51:18.5537029Z -- 	at org.apache.http.impl.io.AbstractMessageParser.parse(AbstractMessageParser.java:259)
Base IT (4)	Run base tests	2024-03-18T22:51:18.5538101Z -- 	at org.apache.http.impl.DefaultBHttpClientConnection.receiveResponseHeader(DefaultBHttpClientConnection.java:163)
Base IT (4)	Run base tests	2024-03-18T22:51:18.5539138Z -- 	at org.apache.http.impl.conn.CPoolProxy.receiveResponseHeader(CPoolProxy.java:157)
Base IT (4)	Run base tests	2024-03-18T22:51:18.5540089Z -- 	at org.apache.http.protocol.HttpRequestExecutor.doReceiveResponse(HttpRequestExecutor.java:273)
Base IT (4)	Run base tests	2024-03-18T22:51:18.5541038Z -- 	at org.apache.http.protocol.HttpRequestExecutor.execute(HttpRequestExecutor.java:125)
Base IT (4)	Run base tests	2024-03-18T22:51:18.5542103Z -- 	at org.apache.http.impl.execchain.MainClientExec.execute(MainClientExec.java:272)
Base IT (4)	Run base tests	2024-03-18T22:51:18.5542935Z -- 	at org.apache.http.impl.execchain.ProtocolExec.execute(ProtocolExec.java:186)
Base IT (4)	Run base tests	2024-03-18T22:51:18.5543851Z -- 	at org.apache.http.impl.execchain.RetryExec.execute(RetryExec.java:89)
Base IT (4)	Run base tests	2024-03-18T22:51:18.5544886Z -- 	at org.apache.http.impl.execchain.RedirectExec.execute(RedirectExec.java:110)
Base IT (4)	Run base tests	2024-03-18T22:51:18.5546209Z -- 	at org.apache.http.impl.client.InternalHttpClient.doExecute(InternalHttpClient.java:185)
Base IT (4)	Run base tests	2024-03-18T22:51:18.5547345Z -- 	at org.apache.http.impl.client.CloseableHttpClient.execute(CloseableHttpClient.java:72)
Base IT (4)	Run base tests	2024-03-18T22:51:18.5549164Z -- 	at com.gargoylesoftware.htmlunit.HttpWebConnection.getResponse(HttpWebConnection.java:194)
Base IT (4)	Run base tests	2024-03-18T22:51:18.5550968Z -- 	at com.gargoylesoftware.htmlunit.WebClient.loadWebResponseFromWebConnection(WebClient.java:1379)
Base IT (4)	Run base tests	2024-03-18T22:51:18.5552410Z -- 	at com.gargoylesoftware.htmlunit.WebClient.loadWebResponseFromWebConnection(WebClient.java:1429)
Base IT (4)	Run base tests	2024-03-18T22:51:18.5553374Z -- 	at com.gargoylesoftware.htmlunit.WebClient.loadWebResponse(WebClient.java:1298)
Base IT (4)	Run base tests	2024-03-18T22:51:18.5554162Z -- 	at com.gargoylesoftware.htmlunit.WebClient.getPage(WebClient.java:392)
Base IT (4)	Run base tests	2024-03-18T22:51:18.5554909Z -- 	at com.gargoylesoftware.htmlunit.WebClient.getPage(WebClient.java:313)
Base IT (4)	Run base tests	2024-03-18T22:51:18.5555690Z -- 	at org.openqa.selenium.htmlunit.HtmlUnitDriver.get(HtmlUnitDriver.java:668)
Base IT (4)	Run base tests	2024-03-18T22:51:18.5556230Z -- 	... 3 more
Base IT (4)	Run base tests	2024-03-18T22:51:18.5556470Z -- 
Base IT (4)	Run base tests	2024-03-18T22:51:18.5557188Z -- [ERROR] org.keycloak.testsuite.client.ClientRedirectTest.testClientRedirectEndpoint  Time elapsed: 14.415 s  <<< ERROR!
Base IT (4)	Run base tests	2024-03-18T22:51:18.5558016Z -- org.openqa.selenium.TimeoutException: 
Base IT (4)	Run base tests	2024-03-18T22:51:18.5558487Z -- java.net.SocketTimeoutException: Read timed out
Base IT (4)	Run base tests	2024-03-18T22:51:18.5559125Z -- Build info: version: '3.14.0', revision: 'aacccce0', time: '2018-08-02T20:19:58.91Z'
Base IT (4)	Run base tests	2024-03-18T22:51:18.5560132Z -- System info: host: 'fv-az1144-493', ip: '10.1.0.93', os.name: 'Linux', os.arch: 'amd64', os.version: '6.5.0-1016-azure', java.version: '17.0.10'
Base IT (4)	Run base tests	2024-03-18T22:51:18.5561097Z -- Driver info: driver.version: HtmlUnitDriver
Base IT (4)	Run base tests	2024-03-18T22:51:18.5562078Z -- 	at org.openqa.selenium.htmlunit.HtmlUnitDriver.get(HtmlUnitDriver.java:680)
Base IT (4)	Run base tests	2024-03-18T22:51:18.5563368Z -- 	at org.openqa.selenium.htmlunit.HtmlUnitDriver.lambda$8(HtmlUnitDriver.java:655)
Base IT (4)	Run base tests	2024-03-18T22:51:18.5564802Z -- 	at org.openqa.selenium.htmlunit.HtmlUnitDriver.lambda$0(HtmlUnitDriver.java:412)
Base IT (4)	Run base tests	2024-03-18T22:51:18.5565996Z -- 	at java.base/java.lang.Thread.run(Thread.java:840)
Base IT (4)	Run base tests	2024-03-18T22:51:18.5566949Z -- Caused by: java.net.SocketTimeoutException: Read timed out
Base IT (4)	Run base tests	2024-03-18T22:51:18.5568038Z -- 	at java.base/sun.nio.ch.NioSocketImpl.timedRead(NioSocketImpl.java:288)
Base IT (4)	Run base tests	2024-03-18T22:51:18.5569716Z -- 	at java.base/sun.nio.ch.NioSocketImpl.implRead(NioSocketImpl.java:314)
Base IT (4)	Run base tests	2024-03-18T22:51:18.5570950Z -- 	at java.base/sun.nio.ch.NioSocketImpl.read(NioSocketImpl.java:355)
Base IT (4)	Run base tests	2024-03-18T22:51:18.5572081Z -- 	at java.base/sun.nio.ch.NioSocketImpl$1.read(NioSocketImpl.java:808)
Base IT (4)	Run base tests	2024-03-18T22:51:18.5573161Z -- 	at java.base/java.net.Socket$SocketInputStream.read(Socket.java:966)
Base IT (4)	Run base tests	2024-03-18T22:51:18.5574604Z -- 	at org.apache.http.impl.io.SessionInputBufferImpl.streamRead(SessionInputBufferImpl.java:137)
Base IT (4)	Run base tests	2024-03-18T22:51:18.5576267Z -- 	at org.apache.http.impl.io.SessionInputBufferImpl.fillBuffer(SessionInputBufferImpl.java:153)
Base IT (4)	Run base tests	2024-03-18T22:51:18.5578005Z -- 	at org.apache.http.impl.io.SessionInputBufferImpl.readLine(SessionInputBufferImpl.java:280)
Base IT (4)	Run base tests	2024-03-18T22:51:18.5579829Z -- 	at org.apache.http.impl.conn.DefaultHttpResponseParser.parseHead(DefaultHttpResponseParser.java:138)
Base IT (4)	Run base tests	2024-03-18T22:51:18.5581731Z -- 	at org.apache.http.impl.conn.DefaultHttpResponseParser.parseHead(DefaultHttpResponseParser.java:56)
Base IT (4)	Run base tests	2024-03-18T22:51:18.5583488Z -- 	at org.apache.http.impl.io.AbstractMessageParser.parse(AbstractMessageParser.java:259)
Base IT (4)	Run base tests	2024-03-18T22:51:18.5585411Z -- 	at org.apache.http.impl.DefaultBHttpClientConnection.receiveResponseHeader(DefaultBHttpClientConnection.java:163)
Base IT (4)	Run base tests	2024-03-18T22:51:18.5587589Z -- 	at org.apache.http.impl.conn.CPoolProxy.receiveResponseHeader(CPoolProxy.java:157)
Base IT (4)	Run base tests	2024-03-18T22:51:18.5589509Z -- 	at org.apache.http.protocol.HttpRequestExecutor.doReceiveResponse(HttpRequestExecutor.java:273)
Base IT (4)	Run base tests	2024-03-18T22:51:18.5591202Z -- 	at org.apache.http.protocol.HttpRequestExecutor.execute(HttpRequestExecutor.java:125)
Base IT (4)	Run base tests	2024-03-18T22:51:18.5592660Z -- 	at org.apache.http.impl.execchain.MainClientExec.execute(MainClientExec.java:272)
Base IT (4)	Run base tests	2024-03-18T22:51:18.5594025Z -- 	at org.apache.http.impl.execchain.ProtocolExec.execute(ProtocolExec.java:186)
Base IT (4)	Run base tests	2024-03-18T22:51:18.5594841Z -- 	at org.apache.http.impl.execchain.RetryExec.execute(RetryExec.java:89)
Base IT (4)	Run base tests	2024-03-18T22:51:18.5595623Z -- 	at org.apache.http.impl.execchain.RedirectExec.execute(RedirectExec.java:110)
Base IT (4)	Run base tests	2024-03-18T22:51:18.5596580Z -- 	at org.apache.http.impl.client.InternalHttpClient.doExecute(InternalHttpClient.java:185)
Base IT (4)	Run base tests	2024-03-18T22:51:18.5597559Z -- 	at org.apache.http.impl.client.CloseableHttpClient.execute(CloseableHttpClient.java:72)
Base IT (4)	Run base tests	2024-03-18T22:51:18.5598647Z -- 	at com.gargoylesoftware.htmlunit.HttpWebConnection.getResponse(HttpWebConnection.java:194)
Base IT (4)	Run base tests	2024-03-18T22:51:18.5599771Z -- 	at com.gargoylesoftware.htmlunit.WebClient.loadWebResponseFromWebConnection(WebClient.java:1379)
Base IT (4)	Run base tests	2024-03-18T22:51:18.5600843Z -- 	at com.gargoylesoftware.htmlunit.WebClient.loadWebResponseFromWebConnection(WebClient.java:1429)
Base IT (4)	Run base tests	2024-03-18T22:51:18.5601781Z -- 	at com.gargoylesoftware.htmlunit.WebClient.loadWebResponse(WebClient.java:1298)
Base IT (4)	Run base tests	2024-03-18T22:51:18.5602565Z -- 	at com.gargoylesoftware.htmlunit.WebClient.getPage(WebClient.java:392)
Base IT (4)	Run base tests	2024-03-18T22:51:18.5603305Z -- 	at com.gargoylesoftware.htmlunit.WebClient.getPage(WebClient.java:313)
Base IT (4)	Run base tests	2024-03-18T22:51:18.5604065Z -- 	at org.openqa.selenium.htmlunit.HtmlUnitDriver.get(HtmlUnitDriver.java:668)
Base IT (4)	Run base tests	2024-03-18T22:51:18.5604604Z -- 	... 3 more
Base IT (4)	Run base tests	2024-03-18T22:51:18.5604844Z -- 
Base IT (4)	Run base tests	2024-03-18T22:51:18.5605266Z [INFO] Running org.keycloak.testsuite.client.ClientRegistrationPoliciesTest
Base IT (4)	Run base tests	2024-03-18T22:51:22.2939212Z [INFO] Tests run: 19, Failures: 0, Errors: 0, Skipped: 0, Time elapsed: 3.76 s - in org.keycloak.testsuite.client.ClientRegistrationPoliciesTest
Base IT (4)	Run base tests	2024-03-18T22:51:22.2947780Z [INFO] Running org.keycloak.testsuite.client.ClientRegistrationTest
Base IT (4)	Run base tests	2024-03-18T22:51:39.7497894Z [INFO] Tests run: 35, Failures: 0, Errors: 0, Skipped: 0, Time elapsed: 17.44 s - in org.keycloak.testsuite.client.ClientRegistrationTest
Base IT (4)	Run base tests	2024-03-18T22:51:39.7518740Z [INFO] Running org.keycloak.testsuite.client.ClientSecretRotationTest
Base IT (4)	Run base tests	2024-03-18T22:52:33.7944415Z [INFO] Tests run: 19, Failures: 0, Errors: 0, Skipped: 0, Time elapsed: 54.017 s - in org.keycloak.testsuite.client.ClientSecretRotationTest
Base IT (4)	Run base tests	2024-03-18T22:52:33.7960877Z [INFO] Running org.keycloak.testsuite.client.FAPI1Test
Base IT (4)	Run base tests	2024-03-18T22:52:48.3489061Z [INFO] Tests run: 11, Failures: 0, Errors: 0, Skipped: 0, Time elapsed: 14.519 s - in org.keycloak.testsuite.client.FAPI1Test
Base IT (4)	Run base tests	2024-03-18T22:52:48.3494952Z [INFO] Running org.keycloak.testsuite.client.FAPI2Test
Base IT (4)	Run base tests	2024-03-18T22:52:58.9096692Z [INFO] Tests run: 10, Failures: 0, Errors: 0, Skipped: 0, Time elapsed: 10.545 s - in org.keycloak.testsuite.client.FAPI2Test
Base IT (4)	Run base tests	2024-03-18T22:52:58.9112365Z [INFO] Running org.keycloak.testsuite.client.FAPICIBATest
Base IT (4)	Run base tests	2024-03-18T22:53:06.7731990Z [INFO] Tests run: 7, Failures: 0, Errors: 0, Skipped: 0, Time elapsed: 7.833 s - in org.keycloak.testsuite.client.FAPICIBATest
Base IT (4)	Run base tests	2024-03-18T22:53:06.7736551Z [INFO] Running org.keycloak.testsuite.client.InitialAccessTokenTest
Base IT (4)	Run base tests	2024-03-18T22:53:09.7806196Z [INFO] Tests run: 5, Failures: 0, Errors: 0, Skipped: 0, Time elapsed: 2.99 s - in org.keycloak.testsuite.client.InitialAccessTokenTest
Base IT (4)	Run base tests	2024-03-18T22:53:09.7812879Z [INFO] Running org.keycloak.testsuite.client.MutualTLSClientTest
Base IT (4)	Run base tests	2024-03-18T22:53:18.3011868Z [INFO] Tests run: 11, Failures: 0, Errors: 0, Skipped: 0, Time elapsed: 8.498 s - in org.keycloak.testsuite.client.MutualTLSClientTest
Base IT (4)	Run base tests	2024-03-18T22:53:18.3017722Z [INFO] Running org.keycloak.testsuite.client.OAuth2_1ConfidentialClientTest
Base IT (4)	Run base tests	2024-03-18T22:53:24.3707856Z [INFO] Tests run: 6, Failures: 0, Errors: 0, Skipped: 0, Time elapsed: 6.056 s - in org.keycloak.testsuite.client.OAuth2_1ConfidentialClientTest
Base IT (4)	Run base tests	2024-03-18T22:53:24.3719223Z [INFO] Running org.keycloak.testsuite.client.OAuth2_1PublicClientTest
Base IT (4)	Run base tests	2024-03-18T22:53:30.7254702Z [INFO] Tests run: 5, Failures: 0, Errors: 0, Skipped: 0, Time elapsed: 6.339 s - in org.keycloak.testsuite.client.OAuth2_1PublicClientTest
Base IT (4)	Run base tests	2024-03-18T22:53:30.7261439Z [INFO] Running org.keycloak.testsuite.client.OIDCClientRegistrationTest
Base IT (4)	Run base tests	2024-03-18T22:53:36.4785820Z [INFO] Tests run: 36, Failures: 0, Errors: 0, Skipped: 0, Time elapsed: 5.738 s - in org.keycloak.testsuite.client.OIDCClientRegistrationTest
Base IT (4)	Run base tests	2024-03-18T22:53:36.4801902Z [INFO] Running org.keycloak.testsuite.client.OIDCJwksClientRegistrationTest
Base IT (4)	Run base tests	2024-03-18T22:53:41.5201865Z [INFO] Tests run: 7, Failures: 0, Errors: 0, Skipped: 0, Time elapsed: 5.026 s - in org.keycloak.testsuite.client.OIDCJwksClientRegistrationTest
Base IT (4)	Run base tests	2024-03-18T22:53:41.5213933Z [INFO] Running org.keycloak.testsuite.client.OIDCPairwiseClientRegistrationTest
Base IT (4)	Run base tests	2024-03-18T22:53:47.3991673Z [INFO] Tests run: 17, Failures: 0, Errors: 0, Skipped: 0, Time elapsed: 5.865 s - in org.keycloak.testsuite.client.OIDCPairwiseClientRegistrationTest
Base IT (4)	Run base tests	2024-03-18T22:53:47.3997468Z [INFO] Running org.keycloak.testsuite.client.RegistrationAccessTokenTest
Base IT (4)	Run base tests	2024-03-18T22:53:54.6654720Z [INFO] Tests run: 8, Failures: 0, Errors: 0, Skipped: 0, Time elapsed: 7.251 s - in org.keycloak.testsuite.client.RegistrationAccessTokenTest
Base IT (4)	Run base tests	2024-03-18T22:53:54.6660736Z [INFO] Running org.keycloak.testsuite.client.SAMLClientRegistrationTest
Base IT (4)	Run base tests	2024-03-18T22:53:57.3917446Z [INFO] Tests run: 2, Failures: 0, Errors: 0, Skipped: 0, Time elapsed: 2.715 s - in org.keycloak.testsuite.client.SAMLClientRegistrationTest
Base IT (4)	Run base tests	2024-03-18T22:53:57.3932369Z [INFO] Running org.keycloak.testsuite.client.policies.ClientPoliciesAdminTest
Base IT (4)	Run base tests	2024-03-18T22:54:41.9536030Z [INFO] Tests run: 7, Failures: 0, Errors: 0, Skipped: 0, Time elapsed: 44.548 s - in org.keycloak.testsuite.client.policies.ClientPoliciesAdminTest
Base IT (4)	Run base tests	2024-03-18T22:54:41.9541503Z [INFO] Running org.keycloak.testsuite.client.policies.ClientPoliciesConditionTest
Base IT (4)	Run base tests	2024-03-18T22:55:30.5025867Z [INFO] Tests run: 7, Failures: 0, Errors: 0, Skipped: 0, Time elapsed: 48.535 s - in org.keycloak.testsuite.client.policies.ClientPoliciesConditionTest
Base IT (4)	Run base tests	2024-03-18T22:55:30.5029914Z [INFO] Running org.keycloak.testsuite.client.policies.ClientPoliciesExecutorTest
Base IT (4)	Run base tests	2024-03-18T22:56:30.6779821Z [INFO] Tests run: 13, Failures: 0, Errors: 0, Skipped: 0, Time elapsed: 60.159 s - in org.keycloak.testsuite.client.policies.ClientPoliciesExecutorTest
Base IT (4)	Run base tests	2024-03-18T22:56:30.6785863Z [INFO] Running org.keycloak.testsuite.client.policies.ClientPoliciesExtendedEventTest
Base IT (4)	Run base tests	2024-03-18T22:57:19.3287007Z [INFO] Tests run: 11, Failures: 0, Errors: 0, Skipped: 0, Time elapsed: 48.635 s - in org.keycloak.testsuite.client.policies.ClientPoliciesExtendedEventTest
Base IT (4)	Run base tests	2024-03-18T22:57:19.3300533Z [INFO] Running org.keycloak.testsuite.client.policies.ClientPoliciesFeatureTest
Base IT (4)	Run base tests	2024-03-18T22:57:26.2774221Z [INFO] Tests run: 2, Failures: 0, Errors: 0, Skipped: 0, Time elapsed: 6.936 s - in org.keycloak.testsuite.client.policies.ClientPoliciesFeatureTest
Base IT (4)	Run base tests	2024-03-18T22:57:26.2784068Z [INFO] Running org.keycloak.testsuite.client.policies.ClientPoliciesImportExportTest
Base IT (4)	Run base tests	2024-03-18T22:57:34.5420462Z [INFO] Tests run: 1, Failures: 0, Errors: 0, Skipped: 0, Time elapsed: 8.239 s - in org.keycloak.testsuite.client.policies.ClientPoliciesImportExportTest
Base IT (4)	Run base tests	2024-03-18T22:57:34.5442544Z [INFO] Running org.keycloak.testsuite.client.policies.ClientPoliciesLoadUpdateTest
Base IT (4)	Run base tests	2024-03-18T22:57:40.9755230Z [INFO] Tests run: 12, Failures: 0, Errors: 0, Skipped: 0, Time elapsed: 6.416 s - in org.keycloak.testsuite.client.policies.ClientPoliciesLoadUpdateTest
Base IT (4)	Run base tests	2024-03-18T22:57:40.9760736Z [INFO] Running org.keycloak.testsuite.client.policies.ClientPoliciesTest
Base IT (4)	Run base tests	2024-03-18T22:58:39.2577848Z [INFO] Tests run: 23, Failures: 0, Errors: 0, Skipped: 0, Time elapsed: 58.267 s - in org.keycloak.testsuite.client.policies.ClientPoliciesTest
Base IT (4)	Run base tests	2024-03-18T22:58:39.2595081Z [INFO] Running org.keycloak.testsuite.client.policies.SamlClientPoliciesExecutorTest
Base IT (4)	Run base tests	2024-03-18T22:58:49.7726715Z [INFO] Tests run: 3, Failures: 0, Errors: 0, Skipped: 0, Time elapsed: 10.49 s - in org.keycloak.testsuite.client.policies.SamlClientPoliciesExecutorTest
Base IT (4)	Run base tests	2024-03-18T22:58:49.7729478Z [INFO] Running org.keycloak.testsuite.client.policies.SecureRedirectUrisEnforcerExecutorTest
Base IT (4)	Run base tests	2024-03-18T22:59:00.0686316Z [INFO] Tests run: 10, Failures: 0, Errors: 0, Skipped: 0, Time elapsed: 10.281 s - in org.keycloak.testsuite.client.policies.SecureRedirectUrisEnforcerExecutorTest
Base IT (4)	Run base tests	2024-03-18T22:59:00.0700384Z [INFO] Running org.keycloak.testsuite.composites.CompositeImportRoleTest
Base IT (4)	Run base tests	2024-03-18T22:59:04.7592806Z [INFO] Tests run: 5, Failures: 0, Errors: 0, Skipped: 0, Time elapsed: 4.675 s - in org.keycloak.testsuite.composites.CompositeImportRoleTest
Base IT (4)	Run base tests	2024-03-18T22:59:04.7638562Z [INFO] Running org.keycloak.testsuite.composites.CompositeRoleTest
Base IT (4)	Run base tests	2024-03-18T22:59:09.9990493Z [INFO] Tests run: 6, Failures: 0, Errors: 0, Skipped: 0, Time elapsed: 5.219 s - in org.keycloak.testsuite.composites.CompositeRoleTest
Base IT (4)	Run base tests	2024-03-18T22:59:09.9995423Z [INFO] Running org.keycloak.testsuite.cookies.CookieTest
Base IT (4)	Run base tests	2024-03-18T22:59:15.7478953Z [INFO] Tests run: 3, Failures: 0, Errors: 0, Skipped: 0, Time elapsed: 5.723 s - in org.keycloak.testsuite.cookies.CookieTest
Base IT (4)	Run base tests	2024-03-18T22:59:15.7488889Z [INFO] Running org.keycloak.testsuite.cookies.DefaultCookieProviderTest
Base IT (4)	Run base tests	2024-03-18T22:59:16.3121658Z [INFO] Tests run: 7, Failures: 0, Errors: 0, Skipped: 0, Time elapsed: 0.549 s - in org.keycloak.testsuite.cookies.DefaultCookieProviderTest
Base IT (4)	Run base tests	2024-03-18T22:59:16.3125148Z [INFO] Running org.keycloak.testsuite.docker.DockerClientTest
Base IT (4)	Run base tests	2024-03-18T22:59:16.3286589Z [WARNING] Tests run: 1, Failures: 0, Errors: 0, Skipped: 1, Time elapsed: 0.002 s - in org.keycloak.testsuite.docker.DockerClientTest
Base IT (4)	Run base tests	2024-03-18T22:59:16.3292089Z [INFO] Running org.keycloak.testsuite.domainextension.CustomExtensionTest
Base IT (4)	Run base tests	2024-03-18T22:59:17.5788023Z [INFO] Tests run: 1, Failures: 0, Errors: 0, Skipped: 0, Time elapsed: 1.235 s - in org.keycloak.testsuite.domainextension.CustomExtensionTest
Base IT (4)	Run base tests	2024-03-18T22:59:17.5854113Z [INFO] Running org.keycloak.testsuite.error.EscapeErrorPageTest
Base IT (4)	Run base tests	2024-03-18T22:59:17.9541633Z [INFO] Tests run: 7, Failures: 0, Errors: 0, Skipped: 0, Time elapsed: 0.364 s - in org.keycloak.testsuite.error.EscapeErrorPageTest
Base IT (4)	Run base tests	2024-03-18T22:59:17.9543655Z [INFO] Running org.keycloak.testsuite.error.UncaughtErrorPageTest
Base IT (4)	Run base tests	2024-03-18T22:59:18.9978094Z [INFO] Tests run: 13, Failures: 0, Errors: 0, Skipped: 0, Time elapsed: 1.026 s - in org.keycloak.testsuite.error.UncaughtErrorPageTest
Base IT (4)	Run base tests	2024-03-18T22:59:18.9983278Z [INFO] Running org.keycloak.testsuite.events.AdminEventStoreProviderTest
Base IT (4)	Run base tests	2024-03-18T22:59:21.5543650Z [INFO] Tests run: 7, Failures: 0, Errors: 0, Skipped: 0, Time elapsed: 2.536 s - in org.keycloak.testsuite.events.AdminEventStoreProviderTest
Base IT (4)	Run base tests	2024-03-18T22:59:21.5554130Z [INFO] Running org.keycloak.testsuite.events.EventStoreProviderTest
Base IT (4)	Run base tests	2024-03-18T22:59:26.0824608Z [INFO] Tests run: 7, Failures: 0, Errors: 0, Skipped: 0, Time elapsed: 4.513 s - in org.keycloak.testsuite.events.EventStoreProviderTest
Base IT (4)	Run base tests	2024-03-18T22:59:26.0835952Z [INFO] Running org.keycloak.testsuite.exportimport.ExportImportTest
Base IT (4)	Run base tests	2024-03-18T23:00:59.5078399Z [INFO] Tests run: 10, Failures: 0, Errors: 0, Skipped: 0, Time elapsed: 93.37 s - in org.keycloak.testsuite.exportimport.ExportImportTest
Base IT (4)	Run base tests	2024-03-18T23:00:59.5153762Z [INFO] Running org.keycloak.testsuite.feature.RecoveryAuthnCodesFeatureTest
Base IT (4)	Run base tests	2024-03-18T23:01:03.9675859Z [INFO] Tests run: 2, Failures: 0, Errors: 0, Skipped: 0, Time elapsed: 4.444 s - in org.keycloak.testsuite.feature.RecoveryAuthnCodesFeatureTest
Base IT (4)	Run base tests	2024-03-18T23:01:03.9747542Z [INFO] Running org.keycloak.testsuite.keys.FallbackKeyProviderTest
Base IT (4)	Run base tests	2024-03-18T23:01:14.5954203Z [INFO] Tests run: 2, Failures: 0, Errors: 0, Skipped: 0, Time elapsed: 10.619 s - in org.keycloak.testsuite.keys.FallbackKeyProviderTest
Base IT (4)	Run base tests	2024-03-18T23:01:14.5956688Z [INFO] Running org.keycloak.testsuite.keys.GeneratedEcdsaKeyProviderTest
Base IT (4)	Run base tests	2024-03-18T23:01:19.9614882Z [INFO] Tests run: 8, Failures: 0, Errors: 0, Skipped: 0, Time elapsed: 5.357 s - in org.keycloak.testsuite.keys.GeneratedEcdsaKeyProviderTest
Base IT (4)	Run base tests	2024-03-18T23:01:19.9617532Z [INFO] Running org.keycloak.testsuite.keys.GeneratedHmacKeyProviderTest
Base IT (4)	Run base tests	2024-03-18T23:01:24.3040097Z [INFO] Tests run: 4, Failures: 0, Errors: 0, Skipped: 0, Time elapsed: 4.331 s - in org.keycloak.testsuite.keys.GeneratedHmacKeyProviderTest
Base IT (4)	Run base tests	2024-03-18T23:01:24.3042504Z [INFO] Running org.keycloak.testsuite.keys.GeneratedRsaKeyProviderTest
Base IT (4)	Run base tests	2024-03-18T23:01:34.7900516Z [INFO] Tests run: 10, Failures: 0, Errors: 0, Skipped: 0, Time elapsed: 10.469 s - in org.keycloak.testsuite.keys.GeneratedRsaKeyProviderTest
Base IT (4)	Run base tests	2024-03-18T23:01:34.7953173Z [INFO] Running org.keycloak.testsuite.keys.ImportedRsaKeyProviderTest
Base IT (4)	Run base tests	2024-03-18T23:01:42.1440803Z [INFO] Tests run: 14, Failures: 0, Errors: 0, Skipped: 0, Time elapsed: 7.333 s - in org.keycloak.testsuite.keys.ImportedRsaKeyProviderTest
Base IT (4)	Run base tests	2024-03-18T23:01:42.1460922Z [INFO] Running org.keycloak.testsuite.keys.JavaKeystoreKeyProviderTest
Base IT (4)	Run base tests	2024-03-18T23:01:50.6451094Z [INFO] Tests run: 10, Failures: 0, Errors: 0, Skipped: 0, Time elapsed: 8.49 s - in org.keycloak.testsuite.keys.JavaKeystoreKeyProviderTest
Base IT (4)	Run base tests	2024-03-18T23:01:50.6454954Z [INFO] Running org.keycloak.testsuite.keys.KeyRotationTest
Base IT (4)	Run base tests	2024-03-18T23:01:57.8469620Z [INFO] Tests run: 4, Failures: 0, Errors: 0, Skipped: 0, Time elapsed: 7.189 s - in org.keycloak.testsuite.keys.KeyRotationTest
Base IT (4)	Run base tests	2024-03-18T23:01:57.8479378Z [INFO] Running org.keycloak.testsuite.login.LoginTimeoutValidationTest
Base IT (4)	Run base tests	2024-03-18T23:02:01.7814420Z [INFO] Tests run: 1, Failures: 0, Errors: 0, Skipped: 0, Time elapsed: 3.923 s - in org.keycloak.testsuite.login.LoginTimeoutValidationTest
Base IT (4)	Run base tests	2024-03-18T23:02:01.7884251Z [INFO] Running org.keycloak.testsuite.metrics.MetricsRestServiceTest
Base IT (4)	Run base tests	2024-03-18T23:02:01.7939648Z [WARNING] Tests run: 1, Failures: 0, Errors: 0, Skipped: 1, Time elapsed: 0 s - in org.keycloak.testsuite.metrics.MetricsRestServiceTest
Base IT (4)	Run base tests	2024-03-18T23:02:01.7942648Z [INFO] Running org.keycloak.testsuite.migration.JsonFileImport1301MigrationClientPoliciesTest
Base IT (4)	Run base tests	2024-03-18T23:02:03.3447522Z [INFO] Tests run: 1, Failures: 0, Errors: 0, Skipped: 0, Time elapsed: 1.537 s - in org.keycloak.testsuite.migration.JsonFileImport1301MigrationClientPoliciesTest
Base IT (4)	Run base tests	2024-03-18T23:02:03.3456359Z [INFO] Running org.keycloak.testsuite.migration.JsonFileImport1903MigrationTest
Base IT (4)	Run base tests	2024-03-18T23:02:05.7013146Z [INFO] Tests run: 2, Failures: 0, Errors: 0, Skipped: 0, Time elapsed: 2.344 s - in org.keycloak.testsuite.migration.JsonFileImport1903MigrationTest
Base IT (4)	Run base tests	2024-03-18T23:02:05.7015063Z [INFO] Running org.keycloak.testsuite.migration.JsonFileImport198MigrationTest
Base IT (4)	Run base tests	2024-03-18T23:02:08.1998386Z [INFO] Tests run: 1, Failures: 0, Errors: 0, Skipped: 0, Time elapsed: 2.488 s - in org.keycloak.testsuite.migration.JsonFileImport198MigrationTest
Base IT (4)	Run base tests	2024-03-18T23:02:08.1999893Z [INFO] Running org.keycloak.testsuite.migration.JsonFileImport255MigrationTest
Base IT (4)	Run base tests	2024-03-18T23:02:10.5514612Z [INFO] Tests run: 1, Failures: 0, Errors: 0, Skipped: 0, Time elapsed: 2.338 s - in org.keycloak.testsuite.migration.JsonFileImport255MigrationTest
Base IT (4)	Run base tests	2024-03-18T23:02:10.5516390Z [INFO] Running org.keycloak.testsuite.migration.JsonFileImport343MigrationTest
Base IT (4)	Run base tests	2024-03-18T23:02:12.7786872Z [INFO] Tests run: 1, Failures: 0, Errors: 0, Skipped: 0, Time elapsed: 2.216 s - in org.keycloak.testsuite.migration.JsonFileImport343MigrationTest
Base IT (4)	Run base tests	2024-03-18T23:02:12.7789135Z [INFO] Running org.keycloak.testsuite.migration.JsonFileImport483MigrationTest
Base IT (4)	Run base tests	2024-03-18T23:02:14.9918072Z [INFO] Tests run: 1, Failures: 0, Errors: 0, Skipped: 0, Time elapsed: 2.204 s - in org.keycloak.testsuite.migration.JsonFileImport483MigrationTest
Base IT (4)	Run base tests	2024-03-18T23:02:14.9920517Z [INFO] Running org.keycloak.testsuite.migration.JsonFileImport903MigrationTest
Base IT (4)	Run base tests	2024-03-18T23:02:16.4297102Z [INFO] Tests run: 1, Failures: 0, Errors: 0, Skipped: 0, Time elapsed: 1.425 s - in org.keycloak.testsuite.migration.JsonFileImport903MigrationTest
Base IT (4)	Run base tests	2024-03-18T23:02:16.4299627Z [INFO] Running org.keycloak.testsuite.migration.MigrationTest
Base IT (4)	Run base tests	2024-03-18T23:02:16.4407245Z [WARNING] Tests run: 1, Failures: 0, Errors: 0, Skipped: 1, Time elapsed: 0.001 s - in org.keycloak.testsuite.migration.MigrationTest
Base IT (4)	Run base tests	2024-03-18T23:02:16.4409697Z [INFO] Running org.keycloak.testsuite.migration.cluster.MultiVersionClusterTest
Base IT (4)	Run base tests	2024-03-18T23:02:16.4520982Z [WARNING] Tests run: 1, Failures: 0, Errors: 0, Skipped: 1, Time elapsed: 0.001 s - in org.keycloak.testsuite.migration.cluster.MultiVersionClusterTest
Base IT (4)	Run base tests	2024-03-18T23:02:16.4522757Z [INFO] Running org.keycloak.testsuite.providers.ProvidersOverrideTest
Base IT (4)	Run base tests	2024-03-18T23:02:16.5660077Z [INFO] Tests run: 2, Failures: 0, Errors: 0, Skipped: 0, Time elapsed: 0.099 s - in org.keycloak.testsuite.providers.ProvidersOverrideTest
Base IT (4)	Run base tests	2024-03-18T23:02:16.5662122Z [INFO] Running org.keycloak.testsuite.user.profile.CustomUserProfileTest
Base IT (4)	Run base tests	2024-03-18T23:02:55.6795075Z [INFO] Tests run: 3, Failures: 0, Errors: 0, Skipped: 0, Time elapsed: 39.097 s - in org.keycloak.testsuite.user.profile.CustomUserProfileTest
Base IT (4)	Run base tests	2024-03-18T23:02:55.6796851Z [INFO] Running org.keycloak.testsuite.user.profile.UIRealmResourceTest
Base IT (4)	Run base tests	2024-03-18T23:03:04.9380422Z [INFO] Tests run: 3, Failures: 0, Errors: 0, Skipped: 0, Time elapsed: 9.247 s - in org.keycloak.testsuite.user.profile.UIRealmResourceTest
Base IT (4)	Run base tests	2024-03-18T23:03:04.9382244Z [INFO] Running org.keycloak.testsuite.user.profile.UserProfileTest
Base IT (4)	Run base tests	2024-03-18T23:03:48.3069267Z [INFO] Tests run: 46, Failures: 0, Errors: 0, Skipped: 0, Time elapsed: 43.353 s - in org.keycloak.testsuite.user.profile.UserProfileTest
Base IT (4)	Run base tests	2024-03-18T23:03:48.3097200Z [INFO] Running org.keycloak.testsuite.user.profile.config.UPConfigParserTest
Base IT (4)	Run base tests	2024-03-18T23:03:54.3504320Z [INFO] Tests run: 14, Failures: 0, Errors: 0, Skipped: 0, Time elapsed: 6.027 s - in org.keycloak.testsuite.user.profile.config.UPConfigParserTest
Base IT (4)	Run base tests	2024-03-18T23:03:54.3518285Z [INFO] Running org.keycloak.testsuite.user.profile.config.UPConfigUtilsTest
Base IT (4)	Run base tests	2024-03-18T23:03:54.3667150Z [INFO] Tests run: 3, Failures: 0, Errors: 0, Skipped: 0, Time elapsed: 0.001 s - in org.keycloak.testsuite.user.profile.config.UPConfigUtilsTest
Base IT (4)	Run base tests	2024-03-18T23:03:54.3676647Z [INFO] Running org.keycloak.testsuite.util.AuthenticatorUtilTest
Base IT (4)	Run base tests	2024-03-18T23:03:59.8995432Z [INFO] Tests run: 1, Failures: 0, Errors: 0, Skipped: 0, Time elapsed: 5.518 s - in org.keycloak.testsuite.util.AuthenticatorUtilTest
Base IT (4)	Run base tests	2024-03-18T23:03:59.9004060Z [INFO] Running org.keycloak.testsuite.util.NoCacheAnnotationTest
Base IT (4)	Run base tests	2024-03-18T23:03:59.9647249Z [INFO] Tests run: 1, Failures: 0, Errors: 0, Skipped: 0, Time elapsed: 0.051 s - in org.keycloak.testsuite.util.NoCacheAnnotationTest
Base IT (4)	Run base tests	2024-03-18T23:03:59.9649358Z [INFO] Running org.keycloak.testsuite.util.TextFileCheckerTest
Base IT (4)	Run base tests	2024-03-18T23:03:59.9827149Z [INFO] Tests run: 1, Failures: 0, Errors: 0, Skipped: 0, Time elapsed: 0.004 s - in org.keycloak.testsuite.util.TextFileCheckerTest
Base IT (4)	Run base tests	2024-03-18T23:03:59.9835612Z [INFO] Running org.keycloak.testsuite.vault.KeycloakKeystoreVaultTest
Base IT (4)	Run base tests	2024-03-18T23:04:23.1496392Z [INFO] Tests run: 1, Failures: 0, Errors: 0, Skipped: 0, Time elapsed: 23.15 s - in org.keycloak.testsuite.vault.KeycloakKeystoreVaultTest
Base IT (4)	Run base tests	2024-03-18T23:04:23.1504512Z [INFO] Running org.keycloak.testsuite.vault.KeycloakPlaintextVaultTest
Base IT (4)	Run base tests	2024-03-18T23:04:46.1383347Z [INFO] Tests run: 1, Failures: 0, Errors: 0, Skipped: 0, Time elapsed: 22.974 s - in org.keycloak.testsuite.vault.KeycloakPlaintextVaultTest
Base IT (4)	Run base tests	2024-03-18T23:04:46.1392219Z [INFO] Running org.keycloak.testsuite.x509.X509BrowserCRLTest
Base IT (4)	Run base tests	2024-03-18T23:05:57.4468435Z [INFO] Tests run: 9, Failures: 0, Errors: 0, Skipped: 0, Time elapsed: 71.297 s - in org.keycloak.testsuite.x509.X509BrowserCRLTest
Base IT (4)	Run base tests	2024-03-18T23:05:57.4471716Z [INFO] Running org.keycloak.testsuite.x509.X509BrowserLoginIssuerDnTest
Base IT (4)	Run base tests	2024-03-18T23:06:10.1569157Z [INFO] Tests run: 2, Failures: 0, Errors: 0, Skipped: 0, Time elapsed: 12.7 s - in org.keycloak.testsuite.x509.X509BrowserLoginIssuerDnTest
Base IT (4)	Run base tests	2024-03-18T23:06:10.1571399Z [INFO] Running org.keycloak.testsuite.x509.X509BrowserLoginSubjectAltNameTest
Base IT (4)	Run base tests	2024-03-18T23:06:22.5919781Z [INFO] Tests run: 2, Failures: 0, Errors: 0, Skipped: 0, Time elapsed: 12.421 s - in org.keycloak.testsuite.x509.X509BrowserLoginSubjectAltNameTest
Base IT (4)	Run base tests	2024-03-18T23:06:22.5921612Z [INFO] Running org.keycloak.testsuite.x509.X509BrowserLoginSubjectDnTest
Base IT (4)	Run base tests	2024-03-18T23:06:35.0751955Z [INFO] Tests run: 2, Failures: 0, Errors: 0, Skipped: 0, Time elapsed: 12.469 s - in org.keycloak.testsuite.x509.X509BrowserLoginSubjectDnTest
Base IT (4)	Run base tests	2024-03-18T23:06:35.0761482Z [INFO] Running org.keycloak.testsuite.x509.X509BrowserLoginTest
Base IT (4)	Run base tests	2024-03-18T23:09:00.2390210Z [INFO] Tests run: 23, Failures: 0, Errors: 0, Skipped: 0, Time elapsed: 145.151 s - in org.keycloak.testsuite.x509.X509BrowserLoginTest
Base IT (4)	Run base tests	2024-03-18T23:09:00.2397627Z [INFO] Running org.keycloak.testsuite.x509.X509DirectGrantTest
Base IT (4)	Run base tests	2024-03-18T23:09:51.4749790Z [WARNING] Tests run: 11, Failures: 0, Errors: 0, Skipped: 1, Time elapsed: 51.221 s - in org.keycloak.testsuite.x509.X509DirectGrantTest
Base IT (4)	Run base tests	2024-03-18T23:09:51.4754901Z [INFO] Running org.keycloak.testsuite.x509.X509OCSPResponderFailOpenTest
Base IT (4)	Run base tests	2024-03-18T23:10:01.9653484Z [INFO] Tests run: 2, Failures: 0, Errors: 0, Skipped: 0, Time elapsed: 10.481 s - in org.keycloak.testsuite.x509.X509OCSPResponderFailOpenTest
Base IT (4)	Run base tests	2024-03-18T23:10:01.9655458Z [INFO] Running org.keycloak.testsuite.x509.X509OCSPResponderSpecificCertTest
Base IT (4)	Run base tests	2024-03-18T23:10:13.0469921Z [INFO] Tests run: 2, Failures: 0, Errors: 0, Skipped: 0, Time elapsed: 11.071 s - in org.keycloak.testsuite.x509.X509OCSPResponderSpecificCertTest
Base IT (4)	Run base tests	2024-03-18T23:10:13.0471675Z [INFO] Running org.keycloak.testsuite.x509.X509OCSPResponderTest
Base IT (4)	Run base tests	2024-03-18T23:10:34.3057996Z [INFO] Tests run: 4, Failures: 0, Errors: 0, Skipped: 0, Time elapsed: 21.25 s - in org.keycloak.testsuite.x509.X509OCSPResponderTest
Base IT (4)	Run base tests	2024-03-18T23:10:34.6624265Z -- [INFO] 
Base IT (4)	Run base tests	2024-03-18T23:10:34.6625019Z -- [INFO] Results:
Base IT (4)	Run base tests	2024-03-18T23:10:34.6626190Z -- [INFO] 
Base IT (4)	Run base tests	2024-03-18T23:10:34.6626666Z -- [ERROR] Errors: 
Base IT (4)	Run base tests	2024-03-18T23:10:34.6627706Z -- [ERROR] org.keycloak.testsuite.client.ClientRedirectTest.testClientRedirectEndpoint
Base IT (4)	Run base tests	2024-03-18T23:10:34.6630022Z -- [ERROR]   Run 1: ClientRedirectTest.testClientRedirectEndpoint » Timeout java.net.SocketTimeoutException: Read timed out
Base IT (4)	Run base tests	2024-03-18T23:10:34.6631523Z -- Build info: version: '3.14.0', revision: 'aacccce0', time: '2018-08-02T20:19:58.91Z'
Base IT (4)	Run base tests	2024-03-18T23:10:34.6633296Z -- System info: host: 'fv-az1144-493', ip: '10.1.0.93', os.name: 'Linux', os.arch: 'amd64', os.version: '6.5.0-1016-azure', java.version: '17.0.10'
Base IT (4)	Run base tests	2024-03-18T23:10:34.6634733Z -- Driver info: driver.version: HtmlUnitDriver
Base IT (4)	Run base tests	2024-03-18T23:10:34.6636237Z -- [ERROR]   Run 2: ClientRedirectTest.testClientRedirectEndpoint » Timeout java.net.SocketTimeoutException: Read timed out
Base IT (4)	Run base tests	2024-03-18T23:10:34.6637953Z -- Build info: version: '3.14.0', revision: 'aacccce0', time: '2018-08-02T20:19:58.91Z'
Base IT (4)	Run base tests	2024-03-18T23:10:34.6639722Z -- System info: host: 'fv-az1144-493', ip: '10.1.0.93', os.name: 'Linux', os.arch: 'amd64', os.version: '6.5.0-1016-azure', java.version: '17.0.10'
Base IT (4)	Run base tests	2024-03-18T23:10:34.6641144Z -- Driver info: driver.version: HtmlUnitDriver
Base IT (4)	Run base tests	2024-03-18T23:10:34.6642566Z -- [ERROR]   Run 3: ClientRedirectTest.testClientRedirectEndpoint » Timeout java.net.SocketTimeoutException: Read timed out
Base IT (4)	Run base tests	2024-03-18T23:10:34.6644194Z -- Build info: version: '3.14.0', revision: 'aacccce0', time: '2018-08-02T20:19:58.91Z'
Base IT (4)	Run base tests	2024-03-18T23:10:34.6645963Z -- System info: host: 'fv-az1144-493', ip: '10.1.0.93', os.name: 'Linux', os.arch: 'amd64', os.version: '6.5.0-1016-azure', java.version: '17.0.10'
Base IT (4)	Run base tests	2024-03-18T23:10:34.6647383Z -- Driver info: driver.version: HtmlUnitDriver
Base IT (4)	Run base tests	2024-03-18T23:10:34.6648046Z -- [INFO] 
Base IT (4)	Run base tests	2024-03-18T23:10:34.6649972Z -- [INFO] 
Base IT (4)	Run base tests	2024-03-18T23:10:34.6650644Z -- [ERROR] Tests run: 850, Failures: 0, Errors: 1, Skipped: 7
Base IT (4)	Run base tests	2024-03-18T23:10:34.6651421Z -- [INFO] 
Base IT (4)	Run base tests	2024-03-18T23:10:34.6660178Z -- [INFO] ------------------------------------------------------------------------
Base IT (4)	Run base tests	2024-03-18T23:10:34.6661704Z -- [INFO] BUILD FAILURE
Base IT (4)	Run base tests	2024-03-18T23:10:34.6662170Z -- [INFO] ------------------------------------------------------------------------
Base IT (4)	Run base tests	2024-03-18T23:10:34.6663386Z -- [INFO] Total time:  30:22 min
Base IT (4)	Run base tests	2024-03-18T23:10:34.6664064Z -- [INFO] Finished at: 2024-03-18T23:10:34Z
Base IT (4)	Run base tests	2024-03-18T23:10:34.6664640Z -- [INFO] ------------------------------------------------------------------------
Base IT (4)	Run base tests	2024-03-18T23:10:34.6672010Z -- [ERROR] Failed to execute goal org.apache.maven.plugins:maven-surefire-plugin:3.0.0-M7:test (default-test) on project integration-arquillian-tests-base: 
Base IT (4)	Run base tests	2024-03-18T23:10:34.6674764Z -- [ERROR] 
Base IT (4)	Run base tests	2024-03-18T23:10:34.6676415Z -- [ERROR] Please refer to /home/runner/work/keycloak/keycloak/testsuite/integration-arquillian/tests/base/target/surefire-reports for the individual test results.
Base IT (4)	Run base tests	2024-03-18T23:10:34.6678717Z -- [ERROR] Please refer to dump files (if any exist) [date].dump, [date]-jvmRun[N].dump and [date].dumpstream.
Base IT (4)	Run base tests	2024-03-18T23:10:34.6679798Z -- [ERROR] -> [Help 1]
Base IT (4)	Run base tests	2024-03-18T23:10:34.6680303Z -- [ERROR] 
Base IT (4)	Run base tests	2024-03-18T23:10:34.6681096Z -- [ERROR] To see the full stack trace of the errors, re-run Maven with the -e switch.
Base IT (4)	Run base tests	2024-03-18T23:10:34.6682240Z -- [ERROR] Re-run Maven using the -X switch to enable full debug logging.
Base IT (4)	Run base tests	2024-03-18T23:10:34.6683087Z -- [ERROR] 
Base IT (4)	Run base tests	2024-03-18T23:10:34.6684111Z -- [ERROR] For more information about the errors and possible solutions, please read the following articles:
Base IT (4)	Run base tests	2024-03-18T23:10:34.6685598Z -- [ERROR] [Help 1] http://cwiki.apache.org/confluence/display/MAVEN/MojoFailureException
Base IT (4)	Run base tests	2024-03-18T23:10:34.7180647Z ##[error]Process completed with exit code 1.
Status Check - Keycloak CI	Run /./.github/actions/status-check	2024-03-18T23:34:35.7056145Z Prepare all required actions
Status Check - Keycloak CI	Run /./.github/actions/status-check	2024-03-18T23:34:35.7149473Z ##[group]Run ./.github/actions/status-check
Status Check - Keycloak CI	Run /./.github/actions/status-check	2024-03-18T23:34:35.7150049Z with:
Status Check - Keycloak CI	Run /./.github/actions/status-check	2024-03-18T23:34:35.7154396Z   jobs: {
Status Check - Keycloak CI	Run /./.github/actions/status-check	  "conditional": {
Status Check - Keycloak CI	Run /./.github/actions/status-check	    "result": "success",
Status Check - Keycloak CI	Run /./.github/actions/status-check	    "outputs": {
Status Check - Keycloak CI	Run /./.github/actions/status-check	      "ci": "true",
Status Check - Keycloak CI	Run /./.github/actions/status-check	      "ci-sssd": "false",
Status Check - Keycloak CI	Run /./.github/actions/status-check	      "ci-store": "false",
Status Check - Keycloak CI	Run /./.github/actions/status-check	      "ci-store-matrix": "[\"postgres\",\"mysql\",\"oracle\",\"mssql\",\"mariadb\"]"
Status Check - Keycloak CI	Run /./.github/actions/status-check	    }
Status Check - Keycloak CI	Run /./.github/actions/status-check	  },
Status Check - Keycloak CI	Run /./.github/actions/status-check	  "build": {
Status Check - Keycloak CI	Run /./.github/actions/status-check	    "result": "success",
Status Check - Keycloak CI	Run /./.github/actions/status-check	    "outputs": {}
Status Check - Keycloak CI	Run /./.github/actions/status-check	  },
Status Check - Keycloak CI	Run /./.github/actions/status-check	  "unit-tests": {
Status Check - Keycloak CI	Run /./.github/actions/status-check	    "result": "success",
Status Check - Keycloak CI	Run /./.github/actions/status-check	    "outputs": {}
Status Check - Keycloak CI	Run /./.github/actions/status-check	  },
Status Check - Keycloak CI	Run /./.github/actions/status-check	  "base-integration-tests": {
Status Check - Keycloak CI	Run /./.github/actions/status-check	    "result": "failure",
Status Check - Keycloak CI	Run /./.github/actions/status-check	    "outputs": {}
Status Check - Keycloak CI	Run /./.github/actions/status-check	  },
Status Check - Keycloak CI	Run /./.github/actions/status-check	  "adapter-integration-tests": {
Status Check - Keycloak CI	Run /./.github/actions/status-check	    "result": "success",
Status Check - Keycloak CI	Run /./.github/actions/status-check	    "outputs": {}
Status Check - Keycloak CI	Run /./.github/actions/status-check	  },
Status Check - Keycloak CI	Run /./.github/actions/status-check	  "quarkus-unit-tests": {
Status Check - Keycloak CI	Run /./.github/actions/status-check	    "result": "success",
Status Check - Keycloak CI	Run /./.github/actions/status-check	    "outputs": {}
Status Check - Keycloak CI	Run /./.github/actions/status-check	  },
Status Check - Keycloak CI	Run /./.github/actions/status-check	  "quarkus-integration-tests": {
Status Check - Keycloak CI	Run /./.github/actions/status-check	    "result": "success",
Status Check - Keycloak CI	Run /./.github/actions/status-check	    "outputs": {}
Status Check - Keycloak CI	Run /./.github/actions/status-check	  },
Status Check - Keycloak CI	Run /./.github/actions/status-check	  "jdk-integration-tests": {
Status Check - Keycloak CI	Run /./.github/actions/status-check	    "result": "success",
Status Check - Keycloak CI	Run /./.github/actions/status-check	    "outputs": {}
Status Check - Keycloak CI	Run /./.github/actions/status-check	  },
Status Check - Keycloak CI	Run /./.github/actions/status-check	  "store-integration-tests": {
Status Check - Keycloak CI	Run /./.github/actions/status-check	    "result": "skipped",
Status Check - Keycloak CI	Run /./.github/actions/status-check	    "outputs": {}
Status Check - Keycloak CI	Run /./.github/actions/status-check	  },
Status Check - Keycloak CI	Run /./.github/actions/status-check	  "store-model-tests": {
Status Check - Keycloak CI	Run /./.github/actions/status-check	    "result": "skipped",
Status Check - Keycloak CI	Run /./.github/actions/status-check	    "outputs": {}
Status Check - Keycloak CI	Run /./.github/actions/status-check	  },
Status Check - Keycloak CI	Run /./.github/actions/status-check	  "clustering-integration-tests": {
Status Check - Keycloak CI	Run /./.github/actions/status-check	    "result": "success",
Status Check - Keycloak CI	Run /./.github/actions/status-check	    "outputs": {}
Status Check - Keycloak CI	Run /./.github/actions/status-check	  },
Status Check - Keycloak CI	Run /./.github/actions/status-check	  "fips-unit-tests": {
Status Check - Keycloak CI	Run /./.github/actions/status-check	    "result": "success",
Status Check - Keycloak CI	Run /./.github/actions/status-check	    "outputs": {}
Status Check - Keycloak CI	Run /./.github/actions/status-check	  },
Status Check - Keycloak CI	Run /./.github/actions/status-check	  "fips-integration-tests": {
Status Check - Keycloak CI	Run /./.github/actions/status-check	    "result": "success",
Status Check - Keycloak CI	Run /./.github/actions/status-check	    "outputs": {}
Status Check - Keycloak CI	Run /./.github/actions/status-check	  },
Status Check - Keycloak CI	Run /./.github/actions/status-check	  "account-console-integration-tests": {
Status Check - Keycloak CI	Run /./.github/actions/status-check	    "result": "success",
Status Check - Keycloak CI	Run /./.github/actions/status-check	    "outputs": {}
Status Check - Keycloak CI	Run /./.github/actions/status-check	  },
Status Check - Keycloak CI	Run /./.github/actions/status-check	  "forms-integration-tests": {
Status Check - Keycloak CI	Run /./.github/actions/status-check	    "result": "success",
Status Check - Keycloak CI	Run /./.github/actions/status-check	    "outputs": {}
Status Check - Keycloak CI	Run /./.github/actions/status-check	  },
Status Check - Keycloak CI	Run /./.github/actions/status-check	  "webauthn-integration-tests": {
Status Check - Keycloak CI	Run /./.github/actions/status-check	    "result": "success",
Status Check - Keycloak CI	Run /./.github/actions/status-check	    "outputs": {}
Status Check - Keycloak CI	Run /./.github/actions/status-check	  },
Status Check - Keycloak CI	Run /./.github/actions/status-check	  "sssd-unit-tests": {
Status Check - Keycloak CI	Run /./.github/actions/status-check	    "result": "skipped",
Status Check - Keycloak CI	Run /./.github/actions/status-check	    "outputs": {}
Status Check - Keycloak CI	Run /./.github/actions/status-check	  },
Status Check - Keycloak CI	Run /./.github/actions/status-check	  "migration-tests": {
Status Check - Keycloak CI	Run /./.github/actions/status-check	    "result": "success",
Status Check - Keycloak CI	Run /./.github/actions/status-check	    "outputs": {}
Status Check - Keycloak CI	Run /./.github/actions/status-check	  }
Status Check - Keycloak CI	Run /./.github/actions/status-check	}
Status Check - Keycloak CI	Run /./.github/actions/status-check	2024-03-18T23:34:35.7159698Z env:
Status Check - Keycloak CI	Run /./.github/actions/status-check	2024-03-18T23:34:35.7160173Z   MAVEN_ARGS: -B -nsu -Daether.connector.http.connectionMaxTtl=25
Status Check - Keycloak CI	Run /./.github/actions/status-check	2024-03-18T23:34:35.7160718Z   SUREFIRE_RERUN_FAILING_COUNT: 2
Status Check - Keycloak CI	Run /./.github/actions/status-check	2024-03-18T23:34:35.7161281Z   SUREFIRE_RETRY: -Dsurefire.rerunFailingTestsCount=2
Status Check - Keycloak CI	Run /./.github/actions/status-check	2024-03-18T23:34:35.7161789Z ##[endgroup]
Status Check - Keycloak CI	Run /./.github/actions/status-check	2024-03-18T23:34:35.7422394Z ##[group]Run JOBS='{
Status Check - Keycloak CI	Run /./.github/actions/status-check	2024-03-18T23:34:35.7423106Z [36;1mJOBS='{[0m
Status Check - Keycloak CI	Run /./.github/actions/status-check	2024-03-18T23:34:35.7423435Z [36;1m  "conditional": {[0m
Status Check - Keycloak CI	Run /./.github/actions/status-check	2024-03-18T23:34:35.7423915Z [36;1m    "result": "success",[0m
Status Check - Keycloak CI	Run /./.github/actions/status-check	2024-03-18T23:34:35.7424316Z [36;1m    "outputs": {[0m
Status Check - Keycloak CI	Run /./.github/actions/status-check	2024-03-18T23:34:35.7424648Z [36;1m      "ci": "true",[0m
Status Check - Keycloak CI	Run /./.github/actions/status-check	2024-03-18T23:34:35.7425166Z [36;1m      "ci-sssd": "false",[0m
Status Check - Keycloak CI	Run /./.github/actions/status-check	2024-03-18T23:34:35.7425584Z [36;1m      "ci-store": "false",[0m
Status Check - Keycloak CI	Run /./.github/actions/status-check	2024-03-18T23:34:35.7426196Z [36;1m      "ci-store-matrix": "[\"postgres\",\"mysql\",\"oracle\",\"mssql\",\"mariadb\"]"[0m
Status Check - Keycloak CI	Run /./.github/actions/status-check	2024-03-18T23:34:35.7426874Z [36;1m    }[0m
Status Check - Keycloak CI	Run /./.github/actions/status-check	2024-03-18T23:34:35.7427186Z [36;1m  },[0m
Status Check - Keycloak CI	Run /./.github/actions/status-check	2024-03-18T23:34:35.7427459Z [36;1m  "build": {[0m
Status Check - Keycloak CI	Run /./.github/actions/status-check	2024-03-18T23:34:35.7427889Z [36;1m    "result": "success",[0m
Status Check - Keycloak CI	Run /./.github/actions/status-check	2024-03-18T23:34:35.7428281Z [36;1m    "outputs": {}[0m
Status Check - Keycloak CI	Run /./.github/actions/status-check	2024-03-18T23:34:35.7428617Z [36;1m  },[0m
Status Check - Keycloak CI	Run /./.github/actions/status-check	2024-03-18T23:34:35.7429001Z [36;1m  "unit-tests": {[0m
Status Check - Keycloak CI	Run /./.github/actions/status-check	2024-03-18T23:34:35.7429370Z [36;1m    "result": "success",[0m
Status Check - Keycloak CI	Run /./.github/actions/status-check	2024-03-18T23:34:35.7429774Z [36;1m    "outputs": {}[0m
Status Check - Keycloak CI	Run /./.github/actions/status-check	2024-03-18T23:34:35.7430183Z [36;1m  },[0m
Status Check - Keycloak CI	Run /./.github/actions/status-check	2024-03-18T23:34:35.7430523Z [36;1m  "base-integration-tests": {[0m
Status Check - Keycloak CI	Run /./.github/actions/status-check	2024-03-18T23:34:35.7430924Z [36;1m    "result": "failure",[0m
Status Check - Keycloak CI	Run /./.github/actions/status-check	2024-03-18T23:34:35.7431375Z [36;1m    "outputs": {}[0m
Status Check - Keycloak CI	Run /./.github/actions/status-check	2024-03-18T23:34:35.7431722Z [36;1m  },[0m
Status Check - Keycloak CI	Run /./.github/actions/status-check	2024-03-18T23:34:35.7432049Z [36;1m  "adapter-integration-tests": {[0m
Status Check - Keycloak CI	Run /./.github/actions/status-check	2024-03-18T23:34:35.7432542Z [36;1m    "result": "success",[0m
Status Check - Keycloak CI	Run /./.github/actions/status-check	2024-03-18T23:34:35.7432939Z [36;1m    "outputs": {}[0m
Status Check - Keycloak CI	Run /./.github/actions/status-check	2024-03-18T23:34:35.7433248Z [36;1m  },[0m
Status Check - Keycloak CI	Run /./.github/actions/status-check	2024-03-18T23:34:35.7433645Z [36;1m  "quarkus-unit-tests": {[0m
Status Check - Keycloak CI	Run /./.github/actions/status-check	2024-03-18T23:34:35.7434069Z [36;1m    "result": "success",[0m
Status Check - Keycloak CI	Run /./.github/actions/status-check	2024-03-18T23:34:35.7434457Z [36;1m    "outputs": {}[0m
Status Check - Keycloak CI	Run /./.github/actions/status-check	2024-03-18T23:34:35.7434863Z [36;1m  },[0m
Status Check - Keycloak CI	Run /./.github/actions/status-check	2024-03-18T23:34:35.7435226Z [36;1m  "quarkus-integration-tests": {[0m
Status Check - Keycloak CI	Run /./.github/actions/status-check	2024-03-18T23:34:35.7435854Z [36;1m    "result": "success",[0m
Status Check - Keycloak CI	Run /./.github/actions/status-check	2024-03-18T23:34:35.7436311Z [36;1m    "outputs": {}[0m
Status Check - Keycloak CI	Run /./.github/actions/status-check	2024-03-18T23:34:35.7436680Z [36;1m  },[0m
Status Check - Keycloak CI	Run /./.github/actions/status-check	2024-03-18T23:34:35.7437175Z [36;1m  "jdk-integration-tests": {[0m
Status Check - Keycloak CI	Run /./.github/actions/status-check	2024-03-18T23:34:35.7437683Z [36;1m    "result": "success",[0m
Status Check - Keycloak CI	Run /./.github/actions/status-check	2024-03-18T23:34:35.7438064Z [36;1m    "outputs": {}[0m
Status Check - Keycloak CI	Run /./.github/actions/status-check	2024-03-18T23:34:35.7438402Z [36;1m  },[0m
Status Check - Keycloak CI	Run /./.github/actions/status-check	2024-03-18T23:34:35.7438791Z [36;1m  "store-integration-tests": {[0m
Status Check - Keycloak CI	Run /./.github/actions/status-check	2024-03-18T23:34:35.7439244Z [36;1m    "result": "skipped",[0m
Status Check - Keycloak CI	Run /./.github/actions/status-check	2024-03-18T23:34:35.7439645Z [36;1m    "outputs": {}[0m
Status Check - Keycloak CI	Run /./.github/actions/status-check	2024-03-18T23:34:35.7440102Z [36;1m  },[0m
Status Check - Keycloak CI	Run /./.github/actions/status-check	2024-03-18T23:34:35.7440430Z [36;1m  "store-model-tests": {[0m
Status Check - Keycloak CI	Run /./.github/actions/status-check	2024-03-18T23:34:35.7440831Z [36;1m    "result": "skipped",[0m
Status Check - Keycloak CI	Run /./.github/actions/status-check	2024-03-18T23:34:35.7441237Z [36;1m    "outputs": {}[0m
Status Check - Keycloak CI	Run /./.github/actions/status-check	2024-03-18T23:34:35.7441578Z [36;1m  },[0m
Status Check - Keycloak CI	Run /./.github/actions/status-check	2024-03-18T23:34:35.7441949Z [36;1m  "clustering-integration-tests": {[0m
Status Check - Keycloak CI	Run /./.github/actions/status-check	2024-03-18T23:34:35.7442420Z [36;1m    "result": "success",[0m
Status Check - Keycloak CI	Run /./.github/actions/status-check	2024-03-18T23:34:35.7442812Z [36;1m    "outputs": {}[0m
Status Check - Keycloak CI	Run /./.github/actions/status-check	2024-03-18T23:34:35.7443176Z [36;1m  },[0m
Status Check - Keycloak CI	Run /./.github/actions/status-check	2024-03-18T23:34:35.7443574Z [36;1m  "fips-unit-tests": {[0m
Status Check - Keycloak CI	Run /./.github/actions/status-check	2024-03-18T23:34:35.7443969Z [36;1m    "result": "success",[0m
Status Check - Keycloak CI	Run /./.github/actions/status-check	2024-03-18T23:34:35.7444388Z [36;1m    "outputs": {}[0m
Status Check - Keycloak CI	Run /./.github/actions/status-check	2024-03-18T23:34:35.7444798Z [36;1m  },[0m
Status Check - Keycloak CI	Run /./.github/actions/status-check	2024-03-18T23:34:35.7445101Z [36;1m  "fips-integration-tests": {[0m
Status Check - Keycloak CI	Run /./.github/actions/status-check	2024-03-18T23:34:35.7445531Z [36;1m    "result": "success",[0m
Status Check - Keycloak CI	Run /./.github/actions/status-check	2024-03-18T23:34:35.7445969Z [36;1m    "outputs": {}[0m
Status Check - Keycloak CI	Run /./.github/actions/status-check	2024-03-18T23:34:35.7446293Z [36;1m  },[0m
Status Check - Keycloak CI	Run /./.github/actions/status-check	2024-03-18T23:34:35.7446673Z [36;1m  "account-console-integration-tests": {[0m
Status Check - Keycloak CI	Run /./.github/actions/status-check	2024-03-18T23:34:35.7447205Z [36;1m    "result": "success",[0m
Status Check - Keycloak CI	Run /./.github/actions/status-check	2024-03-18T23:34:35.7447573Z [36;1m    "outputs": {}[0m
Status Check - Keycloak CI	Run /./.github/actions/status-check	2024-03-18T23:34:35.7447915Z [36;1m  },[0m
Status Check - Keycloak CI	Run /./.github/actions/status-check	2024-03-18T23:34:35.7448353Z [36;1m  "forms-integration-tests": {[0m
Status Check - Keycloak CI	Run /./.github/actions/status-check	2024-03-18T23:34:35.7448759Z [36;1m    "result": "success",[0m
Status Check - Keycloak CI	Run /./.github/actions/status-check	2024-03-18T23:34:35.7449137Z [36;1m    "outputs": {}[0m
Status Check - Keycloak CI	Run /./.github/actions/status-check	2024-03-18T23:34:35.7449547Z [36;1m  },[0m
Status Check - Keycloak CI	Run /./.github/actions/status-check	2024-03-18T23:34:35.7449881Z [36;1m  "webauthn-integration-tests": {[0m
Status Check - Keycloak CI	Run /./.github/actions/status-check	2024-03-18T23:34:35.7450316Z [36;1m    "result": "success",[0m
Status Check - Keycloak CI	Run /./.github/actions/status-check	2024-03-18T23:34:35.7450774Z [36;1m    "outputs": {}[0m
Status Check - Keycloak CI	Run /./.github/actions/status-check	2024-03-18T23:34:35.7451082Z [36;1m  },[0m
Status Check - Keycloak CI	Run /./.github/actions/status-check	2024-03-18T23:34:35.7451397Z [36;1m  "sssd-unit-tests": {[0m
Status Check - Keycloak CI	Run /./.github/actions/status-check	2024-03-18T23:34:35.7451857Z [36;1m    "result": "skipped",[0m
Status Check - Keycloak CI	Run /./.github/actions/status-check	2024-03-18T23:34:35.7452202Z [36;1m    "outputs": {}[0m
Status Check - Keycloak CI	Run /./.github/actions/status-check	2024-03-18T23:34:35.7452545Z [36;1m  },[0m
Status Check - Keycloak CI	Run /./.github/actions/status-check	2024-03-18T23:34:35.7452971Z [36;1m  "migration-tests": {[0m
Status Check - Keycloak CI	Run /./.github/actions/status-check	2024-03-18T23:34:35.7453325Z [36;1m    "result": "success",[0m
Status Check - Keycloak CI	Run /./.github/actions/status-check	2024-03-18T23:34:35.7453698Z [36;1m    "outputs": {}[0m
Status Check - Keycloak CI	Run /./.github/actions/status-check	2024-03-18T23:34:35.7454115Z [36;1m  }[0m
Status Check - Keycloak CI	Run /./.github/actions/status-check	2024-03-18T23:34:35.7454377Z [36;1m}'[0m
Status Check - Keycloak CI	Run /./.github/actions/status-check	2024-03-18T23:34:35.7454672Z [36;1m[0m
Status Check - Keycloak CI	Run /./.github/actions/status-check	2024-03-18T23:34:35.7455047Z [36;1mecho "Job status:"[0m
Status Check - Keycloak CI	Run /./.github/actions/status-check	2024-03-18T23:34:35.7455528Z [36;1mecho $JOBS | jq -r 'to_entries[] | " - \(.key): \(.value.result)"'[0m
Status Check - Keycloak CI	Run /./.github/actions/status-check	2024-03-18T23:34:35.7456062Z [36;1m[0m
Status Check - Keycloak CI	Run /./.github/actions/status-check	2024-03-18T23:34:35.7456588Z [36;1mfor i in $(echo $JOBS | jq -r 'to_entries[] | .value.result'); do[0m
Status Check - Keycloak CI	Run /./.github/actions/status-check	2024-03-18T23:34:35.7457198Z [36;1m  if [ "$i" != "success" ] && [ "$i" != "skipped" ]; then[0m
Status Check - Keycloak CI	Run /./.github/actions/status-check	2024-03-18T23:34:35.7457704Z [36;1m    echo ""[0m
Status Check - Keycloak CI	Run /./.github/actions/status-check	2024-03-18T23:34:35.7458171Z [36;1m    echo "Status check not okay!"[0m
Status Check - Keycloak CI	Run /./.github/actions/status-check	2024-03-18T23:34:35.7458553Z [36;1m    exit 1[0m
Status Check - Keycloak CI	Run /./.github/actions/status-check	2024-03-18T23:34:35.7458890Z [36;1m  fi[0m
Status Check - Keycloak CI	Run /./.github/actions/status-check	2024-03-18T23:34:35.7459252Z [36;1mdone[0m
Status Check - Keycloak CI	Run /./.github/actions/status-check	2024-03-18T23:34:35.7498954Z shell: /usr/bin/bash --noprofile --norc -e -o pipefail {0}
Status Check - Keycloak CI	Run /./.github/actions/status-check	2024-03-18T23:34:35.7499542Z env:
Status Check - Keycloak CI	Run /./.github/actions/status-check	2024-03-18T23:34:35.7500004Z   MAVEN_ARGS: -B -nsu -Daether.connector.http.connectionMaxTtl=25
Status Check - Keycloak CI	Run /./.github/actions/status-check	2024-03-18T23:34:35.7500629Z   SUREFIRE_RERUN_FAILING_COUNT: 2
Status Check - Keycloak CI	Run /./.github/actions/status-check	2024-03-18T23:34:35.7501118Z   SUREFIRE_RETRY: -Dsurefire.rerunFailingTestsCount=2
Status Check - Keycloak CI	Run /./.github/actions/status-check	2024-03-18T23:34:35.7501634Z ##[endgroup]
Status Check - Keycloak CI	Run /./.github/actions/status-check	2024-03-18T23:34:35.7621247Z Job status:
Status Check - Keycloak CI	Run /./.github/actions/status-check	2024-03-18T23:34:35.7847342Z  - conditional: success
Status Check - Keycloak CI	Run /./.github/actions/status-check	2024-03-18T23:34:35.7848360Z  - build: success
Status Check - Keycloak CI	Run /./.github/actions/status-check	2024-03-18T23:34:35.7849476Z  - unit-tests: success
Status Check - Keycloak CI	Run /./.github/actions/status-check	2024-03-18T23:34:35.7850371Z  - base-integration-tests: failure
Status Check - Keycloak CI	Run /./.github/actions/status-check	2024-03-18T23:34:35.7851469Z  - adapter-integration-tests: success
Status Check - Keycloak CI	Run /./.github/actions/status-check	2024-03-18T23:34:35.7852373Z  - quarkus-unit-tests: success
Status Check - Keycloak CI	Run /./.github/actions/status-check	2024-03-18T23:34:35.7852929Z  - quarkus-integration-tests: success
Status Check - Keycloak CI	Run /./.github/actions/status-check	2024-03-18T23:34:35.7853608Z  - jdk-integration-tests: success
Status Check - Keycloak CI	Run /./.github/actions/status-check	2024-03-18T23:34:35.7854191Z  - store-integration-tests: skipped
Status Check - Keycloak CI	Run /./.github/actions/status-check	2024-03-18T23:34:35.7854740Z  - store-model-tests: skipped
Status Check - Keycloak CI	Run /./.github/actions/status-check	2024-03-18T23:34:35.7855786Z  - clustering-integration-tests: success
Status Check - Keycloak CI	Run /./.github/actions/status-check	2024-03-18T23:34:35.7856710Z  - fips-unit-tests: success
Status Check - Keycloak CI	Run /./.github/actions/status-check	2024-03-18T23:34:35.7857529Z  - fips-integration-tests: success
Status Check - Keycloak CI	Run /./.github/actions/status-check	2024-03-18T23:34:35.7858484Z  - account-console-integration-tests: success
Status Check - Keycloak CI	Run /./.github/actions/status-check	2024-03-18T23:34:35.7859088Z  - forms-integration-tests: success
Status Check - Keycloak CI	Run /./.github/actions/status-check	2024-03-18T23:34:35.7859579Z  - webauthn-integration-tests: success
Status Check - Keycloak CI	Run /./.github/actions/status-check	2024-03-18T23:34:35.7860155Z  - sssd-unit-tests: skipped
Status Check - Keycloak CI	Run /./.github/actions/status-check	2024-03-18T23:34:35.7860537Z  - migration-tests: success
Status Check - Keycloak CI	Run /./.github/actions/status-check	2024-03-18T23:34:35.8059131Z 
Status Check - Keycloak CI	Run /./.github/actions/status-check	2024-03-18T23:34:35.8059756Z Status check not okay!
Status Check - Keycloak CI	Run /./.github/actions/status-check	2024-03-18T23:34:35.8074136Z ##[error]Process completed with exit code 1.
